

================================================================
== Vivado HLS Report for 'encrypt'
================================================================
* Date:           Sat Apr 10 23:39:38 2021

* Version:        2019.1 (Build 2552052 on Fri May 24 15:28:33 MDT 2019)
* Project:        AES_Solutions
* Solution:       array_partitioning
* Product family: zynq
* Target device:  xc7z020-clg484-1


================================================================
== Performance Estimates
================================================================
+ Timing (ns): 
    * Summary: 
    +--------+-------+----------+------------+
    |  Clock | Target| Estimated| Uncertainty|
    +--------+-------+----------+------------+
    |ap_clk  |  10.00|     8.279|        1.25|
    +--------+-------+----------+------------+

+ Latency (clock cycles): 
    * Summary: 
    +-----+-----+-----+-----+---------+
    |  Latency  |  Interval | Pipeline|
    | min | max | min | max |   Type  |
    +-----+-----+-----+-----+---------+
    |  851|  931|  851|  931|   none  |
    +-----+-----+-----+-----+---------+

    + Detail: 
        * Instance: 
        N/A

        * Loop: 
        +-------------+-----+-----+----------+-----------+-----------+------+----------+
        |             |  Latency  | Iteration|  Initiation Interval  | Trip |          |
        |  Loop Name  | min | max |  Latency |  achieved |   target  | Count| Pipelined|
        +-------------+-----+-----+----------+-----------+-----------+------+----------+
        |- Loop 1     |   40|   40|        10|          -|          -|     4|    no    |
        | + Loop 1.1  |    8|    8|         2|          -|          -|     4|    no    |
        |- Loop 2     |  480|  560|  12 ~ 14 |          -|          -|    40|    no    |
        | + Loop 2.1  |    8|    8|         2|          -|          -|     4|    no    |
        |- Loop 3     |    8|    8|         2|          -|          -|     4|    no    |
        |- Loop 4     |  270|  270|        30|          -|          -|     9|    no    |
        | + Loop 4.1  |   12|   12|         3|          -|          -|     4|    no    |
        | + Loop 4.2  |    8|    8|         2|          -|          -|     4|    no    |
        |- Loop 5     |    8|    8|         2|          -|          -|     4|    no    |
        |- Loop 6     |   32|   32|         2|          -|          -|    16|    no    |
        +-------------+-----+-----+----------+-----------+-----------+------+----------+



================================================================
== Utilization Estimates
================================================================
* Summary: 
+-----------------+---------+-------+--------+-------+-----+
|       Name      | BRAM_18K| DSP48E|   FF   |  LUT  | URAM|
+-----------------+---------+-------+--------+-------+-----+
|DSP              |        -|      -|       -|      -|    -|
|Expression       |        -|      -|       0|   2516|    -|
|FIFO             |        -|      -|       -|      -|    -|
|Instance         |        -|      -|       -|      -|    -|
|Memory           |        6|      -|      16|      6|    0|
|Multiplexer      |        -|      -|       -|   1178|    -|
|Register         |        -|      -|     676|      -|    -|
+-----------------+---------+-------+--------+-------+-----+
|Total            |        6|      0|     692|   3700|    0|
+-----------------+---------+-------+--------+-------+-----+
|Available        |      280|    220|  106400|  53200|    0|
+-----------------+---------+-------+--------+-------+-----+
|Utilization (%)  |        2|      0|   ~0   |      6|    0|
+-----------------+---------+-------+--------+-------+-----+

+ Detail: 
    * Instance: 
    N/A

    * DSP48E: 
    N/A

    * Memory: 
    +-------------------+----------------------+---------+---+----+-----+------+-----+------+-------------+
    |       Memory      |        Module        | BRAM_18K| FF| LUT| URAM| Words| Bits| Banks| W*Bits*Banks|
    +-------------------+----------------------+---------+---+----+-----+------+-----+------+-------------+
    |Rcon0_U            |encrypt_Rcon0         |        0|  8|   4|    0|    30|    8|     1|          240|
    |Sbox_U             |encrypt_Sbox          |        2|  0|   0|    0|   256|    8|     1|         2048|
    |out_enc_statemt_U  |encrypt_out_enc_sbkb  |        0|  8|   2|    0|    16|    8|     1|          128|
    |ret_0_U            |encrypt_ret_0         |        2|  0|   0|    0|    16|   32|     1|          512|
    |ret_1_U            |encrypt_ret_0         |        2|  0|   0|    0|    16|   32|     1|          512|
    +-------------------+----------------------+---------+---+----+-----+------+-----+------+-------------+
    |Total              |                      |        6| 16|   6|    0|   334|   88|     5|         3440|
    +-------------------+----------------------+---------+---+----+-----+------+-----+------+-------------+

    * FIFO: 
    N/A

    * Expression: 
    +---------------------------+----------+-------+---+----+------------+------------+
    |       Variable Name       | Operation| DSP48E| FF| LUT| Bitwidth P0| Bitwidth P1|
    +---------------------------+----------+-------+---+----+------------+------------+
    |add_ln130_fu_3145_p2       |     +    |      0|  0|  39|          32|          32|
    |add_ln140_fu_1347_p2       |     +    |      0|  0|  13|           4|           4|
    |add_ln150_1_fu_1684_p2     |     +    |      0|  0|  13|           2|           4|
    |add_ln150_fu_1451_p2       |     +    |      0|  0|  15|           2|           6|
    |add_ln151_fu_1467_p2       |     +    |      0|  0|  15|           7|           8|
    |add_ln166_1_fu_1996_p2     |     +    |      0|  0|  15|           9|           9|
    |add_ln166_2_fu_2007_p2     |     +    |      0|  0|  15|           9|           9|
    |add_ln166_fu_1930_p2       |     +    |      0|  0|  15|           6|           4|
    |add_ln248_1_fu_1755_p2     |     +    |      0|  0|  14|          10|          10|
    |add_ln248_2_fu_1826_p2     |     +    |      0|  0|  14|          10|          10|
    |add_ln248_3_fu_1897_p2     |     +    |      0|  0|  14|          10|          10|
    |add_ln248_fu_1663_p2       |     +    |      0|  0|  14|          10|          10|
    |add_ln393_fu_2339_p2       |     +    |      0|  0|  39|          32|          32|
    |add_ln417_fu_2354_p2       |     +    |      0|  0|  15|           7|           9|
    |add_ln569_fu_3046_p2       |     +    |      0|  0|  15|           7|           8|
    |i_1_fu_1950_p2             |     +    |      0|  0|  12|           3|           1|
    |i_3_fu_3088_p2             |     +    |      0|  0|  15|           5|           1|
    |i_4_fu_2850_p2             |     +    |      0|  0|  13|           4|           1|
    |i_fu_1337_p2               |     +    |      0|  0|  12|           3|           1|
    |j_1_fu_2075_p2             |     +    |      0|  0|  12|           3|           1|
    |j_2_fu_2044_p2             |     +    |      0|  0|  15|           6|           1|
    |j_3_fu_3022_p2             |     +    |      0|  0|  12|           3|           1|
    |j_4_fu_2309_p2             |     +    |      0|  0|  12|           3|           1|
    |j_5_fu_2820_p2             |     +    |      0|  0|  12|           3|           1|
    |j_fu_1313_p2               |     +    |      0|  0|  12|           3|           1|
    |sub_ln140_fu_1395_p2       |     -    |      0|  0|  14|          10|          10|
    |sub_ln166_fu_1990_p2       |     -    |      0|  0|  15|           9|           9|
    |sub_ln248_10_fu_1583_p2    |     -    |      0|  0|  39|           1|          32|
    |sub_ln248_11_fu_1847_p2    |     -    |      0|  0|  14|           1|          10|
    |sub_ln248_1_fu_1634_p2     |     -    |      0|  0|  15|           1|           6|
    |sub_ln248_2_fu_1613_p2     |     -    |      0|  0|  14|           1|          10|
    |sub_ln248_3_fu_1726_p2     |     -    |      0|  0|  15|           1|           6|
    |sub_ln248_4_fu_1527_p2     |     -    |      0|  0|  39|           1|          32|
    |sub_ln248_5_fu_1797_p2     |     -    |      0|  0|  15|           1|           6|
    |sub_ln248_6_fu_1705_p2     |     -    |      0|  0|  14|           1|          10|
    |sub_ln248_7_fu_1868_p2     |     -    |      0|  0|  15|           1|           6|
    |sub_ln248_8_fu_1555_p2     |     -    |      0|  0|  39|           1|          32|
    |sub_ln248_9_fu_1776_p2     |     -    |      0|  0|  14|           1|          10|
    |sub_ln248_fu_1499_p2       |     -    |      0|  0|  39|           1|          32|
    |icmp_ln109_fu_2121_p2      |   icmp   |      0|  0|   9|           4|           4|
    |icmp_ln129_fu_3082_p2      |   icmp   |      0|  0|  11|           5|           6|
    |icmp_ln130_fu_3131_p2      |   icmp   |      0|  0|  18|          32|          32|
    |icmp_ln136_fu_1307_p2      |   icmp   |      0|  0|   9|           3|           4|
    |icmp_ln138_fu_1331_p2      |   icmp   |      0|  0|   9|           3|           4|
    |icmp_ln143_fu_1435_p2      |   icmp   |      0|  0|  11|           6|           6|
    |icmp_ln148_fu_1445_p2      |   icmp   |      0|  0|   8|           2|           1|
    |icmp_ln165_fu_1944_p2      |   icmp   |      0|  0|   9|           3|           4|
    |icmp_ln380_fu_2303_p2      |   icmp   |      0|  0|   9|           3|           4|
    |icmp_ln385_fu_2390_p2      |   icmp   |      0|  0|  18|          32|           9|
    |icmp_ln389_fu_2440_p2      |   icmp   |      0|  0|  18|          32|           9|
    |icmp_ln397_fu_2502_p2      |   icmp   |      0|  0|  18|          32|           9|
    |icmp_ln401_fu_2552_p2      |   icmp   |      0|  0|  18|          32|           9|
    |icmp_ln409_fu_2614_p2      |   icmp   |      0|  0|  18|          32|           9|
    |icmp_ln413_fu_2664_p2      |   icmp   |      0|  0|  18|          32|           9|
    |icmp_ln421_fu_2726_p2      |   icmp   |      0|  0|  18|          32|           9|
    |icmp_ln425_fu_2770_p2      |   icmp   |      0|  0|  18|          32|           9|
    |icmp_ln433_fu_2814_p2      |   icmp   |      0|  0|   9|           3|           4|
    |icmp_ln562_1_fu_3016_p2    |   icmp   |      0|  0|   9|           3|           4|
    |icmp_ln562_fu_2069_p2      |   icmp   |      0|  0|   9|           3|           4|
    |or_ln140_fu_1405_p2        |    or    |      0|  0|   3|           1|           3|
    |or_ln393_fu_2327_p2        |    or    |      0|  0|   3|           3|           1|
    |or_ln439_fu_2838_p2        |    or    |      0|  0|   3|           3|           1|
    |or_ln569_1_fu_3070_p2      |    or    |      0|  0|   3|           3|           1|
    |or_ln569_fu_2109_p2        |    or    |      0|  0|   3|           3|           1|
    |select_ln130_fu_3119_p3    |  select  |      0|  0|  32|           1|          32|
    |select_ln166_1_fu_2020_p3  |  select  |      0|  0|  32|           1|          32|
    |select_ln166_2_fu_2055_p3  |  select  |      0|  0|  32|           1|          32|
    |select_ln166_3_fu_2036_p3  |  select  |      0|  0|  32|           1|          32|
    |select_ln166_fu_2028_p3    |  select  |      0|  0|  32|           1|          32|
    |select_ln248_1_fu_1648_p3  |  select  |      0|  0|   6|           1|           6|
    |select_ln248_2_fu_1719_p3  |  select  |      0|  0|  10|           1|          10|
    |select_ln248_3_fu_1740_p3  |  select  |      0|  0|   6|           1|           6|
    |select_ln248_4_fu_1790_p3  |  select  |      0|  0|  10|           1|          10|
    |select_ln248_5_fu_1811_p3  |  select  |      0|  0|   6|           1|           6|
    |select_ln248_6_fu_1861_p3  |  select  |      0|  0|  10|           1|          10|
    |select_ln248_7_fu_1882_p3  |  select  |      0|  0|   6|           1|           6|
    |select_ln248_fu_1627_p3    |  select  |      0|  0|  10|           1|          10|
    |select_ln385_fu_2402_p3    |  select  |      0|  0|  32|           1|          32|
    |select_ln389_fu_2452_p3    |  select  |      0|  0|  32|           1|          32|
    |select_ln397_fu_2514_p3    |  select  |      0|  0|  32|           1|          32|
    |select_ln401_fu_2564_p3    |  select  |      0|  0|  32|           1|          32|
    |select_ln409_fu_2626_p3    |  select  |      0|  0|  32|           1|          32|
    |select_ln413_fu_2676_p3    |  select  |      0|  0|  32|           1|          32|
    |select_ln421_fu_2738_p3    |  select  |      0|  0|  32|           1|          32|
    |select_ln425_fu_2782_p3    |  select  |      0|  0|  32|           1|          32|
    |grp_fu_1243_p2             |    xor   |      0|  0|  32|          32|          32|
    |grp_fu_1250_p2             |    xor   |      0|  0|  32|          32|          32|
    |grp_fu_1257_p2             |    xor   |      0|  0|  32|          32|          32|
    |grp_fu_1264_p2             |    xor   |      0|  0|  32|          32|          32|
    |temp_0_0_fu_1908_p2        |    xor   |      0|  0|   8|           8|           8|
    |x_1_fu_2416_p2             |    xor   |      0|  0|  32|          32|          32|
    |x_3_fu_2528_p2             |    xor   |      0|  0|  32|          32|          32|
    |x_5_fu_2640_p2             |    xor   |      0|  0|  32|          32|          32|
    |x_7_fu_2746_p2             |    xor   |      0|  0|  32|          32|          32|
    |xor_ln166_fu_2062_p2       |    xor   |      0|  0|  32|          32|          32|
    |xor_ln386_fu_2396_p2       |    xor   |      0|  0|  32|          32|           9|
    |xor_ln390_fu_2446_p2       |    xor   |      0|  0|  32|          32|           9|
    |xor_ln393_1_fu_2466_p2     |    xor   |      0|  0|  32|          32|          32|
    |xor_ln393_2_fu_2478_p2     |    xor   |      0|  0|  32|          32|          32|
    |xor_ln393_3_fu_2472_p2     |    xor   |      0|  0|  32|          32|          32|
    |xor_ln393_fu_2460_p2       |    xor   |      0|  0|  32|          32|          32|
    |xor_ln398_fu_2508_p2       |    xor   |      0|  0|  32|          32|           9|
    |xor_ln402_fu_2558_p2       |    xor   |      0|  0|  32|          32|           9|
    |xor_ln405_1_fu_2578_p2     |    xor   |      0|  0|  32|          32|          32|
    |xor_ln405_2_fu_2590_p2     |    xor   |      0|  0|  32|          32|          32|
    |xor_ln405_3_fu_2584_p2     |    xor   |      0|  0|  32|          32|          32|
    |xor_ln405_fu_2572_p2       |    xor   |      0|  0|  32|          32|          32|
    |xor_ln410_fu_2620_p2       |    xor   |      0|  0|  32|          32|           9|
    |xor_ln414_fu_2670_p2       |    xor   |      0|  0|  32|          32|           9|
    |xor_ln417_1_fu_2690_p2     |    xor   |      0|  0|  32|          32|          32|
    |xor_ln417_2_fu_2702_p2     |    xor   |      0|  0|  32|          32|          32|
    |xor_ln417_3_fu_2696_p2     |    xor   |      0|  0|  32|          32|          32|
    |xor_ln417_fu_2684_p2       |    xor   |      0|  0|  32|          32|          32|
    |xor_ln422_fu_2732_p2       |    xor   |      0|  0|  32|          32|           9|
    |xor_ln426_fu_2776_p2       |    xor   |      0|  0|  32|          32|           9|
    |xor_ln429_1_fu_2796_p2     |    xor   |      0|  0|  32|          32|          32|
    |xor_ln429_2_fu_2808_p2     |    xor   |      0|  0|  32|          32|          32|
    |xor_ln429_3_fu_2802_p2     |    xor   |      0|  0|  32|          32|          32|
    |xor_ln429_fu_2790_p2       |    xor   |      0|  0|  32|          32|          32|
    +---------------------------+----------+-------+---+----+------------+------------+
    |Total                      |          |      0|  0|2516|        1648|        1902|
    +---------------------------+----------+-------+---+----+------------+------------+

    * Multiplexer: 
    +------------------------+-----+-----------+-----+-----------+
    |          Name          | LUT | Input Size| Bits| Total Bits|
    +------------------------+-----+-----------+-----+-----------+
    |Sbox_address0           |   47|         10|    8|         80|
    |Sbox_address1           |   47|         10|    8|         80|
    |Sbox_address2           |   47|         10|    8|         80|
    |Sbox_address3           |   47|         10|    8|         80|
    |ap_NS_fsm               |  173|         39|    1|         39|
    |i_0_i_reg_1100          |    9|          2|    3|          6|
    |i_2_i_reg_1164          |    9|          2|    3|          6|
    |i_2_reg_1231            |    9|          2|    5|         10|
    |j_0_i14_reg_1198        |    9|          2|    3|          6|
    |j_0_i24_reg_1220        |    9|          2|    3|          6|
    |j_0_i7_reg_1175         |    9|          2|    3|          6|
    |j_0_i_reg_1088          |    9|          2|    3|          6|
    |j_1_i19_reg_1209        |    9|          2|    3|          6|
    |j_1_i_reg_1112          |    9|          2|    6|         12|
    |main_result_o           |    9|          2|   32|         64|
    |n_assign_reg_1186       |    9|          2|    4|          8|
    |reg_1275                |    9|          2|    8|         16|
    |reg_1280                |    9|          2|    8|         16|
    |reg_1285                |    9|          2|    8|         16|
    |reg_1290                |    9|          2|    8|         16|
    |ret_0_address0          |   15|          3|    4|         12|
    |ret_0_address1          |   15|          3|    4|         12|
    |ret_1_address0          |   15|          3|    4|         12|
    |ret_1_address1          |   15|          3|    4|         12|
    |statemt_0_address0      |   53|         12|    4|         48|
    |statemt_0_address1      |   50|         11|    4|         44|
    |statemt_0_d0            |   50|         11|   32|        352|
    |statemt_0_d1            |   50|         11|   32|        352|
    |statemt_1_address0      |   53|         12|    4|         48|
    |statemt_1_address1      |   50|         11|    4|         44|
    |statemt_1_d0            |   50|         11|   32|        352|
    |statemt_1_d1            |   50|         11|   32|        352|
    |temp_0_0_0_reg_1144     |    9|          2|   32|         64|
    |temp_0_1_0_reg_1134     |    9|          2|   32|         64|
    |temp_1335_0_0_reg_1124  |    9|          2|   32|         64|
    |temp_1_1_reg_1154       |    9|          2|   32|         64|
    |word_0_address0         |   41|          8|    8|         64|
    |word_0_address1         |   38|          7|    8|         56|
    |word_0_d0               |   15|          3|   32|         96|
    |word_1_address0         |   38|          7|    8|         56|
    |word_1_address1         |   33|          6|    8|         48|
    |word_1_d0               |   15|          3|   32|         96|
    +------------------------+-----+-----------+-----+-----------+
    |Total                   | 1178|        253|  517|       2871|
    +------------------------+-----+-----------+-----+-----------+

    * Register: 
    +----------------------------+----+----+-----+-----------+
    |            Name            | FF | LUT| Bits| Const Bits|
    +----------------------------+----+----+-----+-----------+
    |add_ln166_2_reg_3400        |   9|   0|    9|          0|
    |ap_CS_fsm                   |  38|   0|   38|          0|
    |i_0_i_reg_1100              |   3|   0|    3|          0|
    |i_1_reg_3385                |   3|   0|    3|          0|
    |i_2_i_reg_1164              |   3|   0|    3|          0|
    |i_2_reg_1231                |   5|   0|    5|          0|
    |i_3_reg_3887                |   5|   0|    5|          0|
    |i_reg_3178                  |   3|   0|    3|          0|
    |j_0_i14_reg_1198            |   3|   0|    3|          0|
    |j_0_i24_reg_1220            |   3|   0|    3|          0|
    |j_0_i7_reg_1175             |   3|   0|    3|          0|
    |j_0_i_reg_1088              |   3|   0|    3|          0|
    |j_1_i19_reg_1209            |   3|   0|    3|          0|
    |j_1_i_reg_1112              |   6|   0|    6|          0|
    |j_1_reg_3423                |   3|   0|    3|          0|
    |j_3_reg_3839                |   3|   0|    3|          0|
    |j_4_reg_3634                |   3|   0|    3|          0|
    |j_5_reg_3714                |   3|   0|    3|          0|
    |j_reg_3165                  |   3|   0|    3|          0|
    |n_assign_reg_1186           |   4|   0|    4|          0|
    |reg_1271                    |   8|   0|    8|          0|
    |reg_1275                    |   8|   0|    8|          0|
    |reg_1280                    |   8|   0|    8|          0|
    |reg_1285                    |   8|   0|    8|          0|
    |reg_1290                    |   8|   0|    8|          0|
    |reg_1295                    |   8|   0|    8|          0|
    |reg_1299                    |   8|   0|    8|          0|
    |reg_1303                    |   8|   0|    8|          0|
    |select_ln166_3_reg_3410     |  32|   0|   32|          0|
    |shl_ln_reg_3170             |   2|   0|    4|          2|
    |statemt_0_addr_10_reg_3864  |   2|   0|    4|          2|
    |statemt_0_addr_11_reg_3874  |   2|   0|    4|          2|
    |statemt_0_addr_1_reg_3458   |   2|   0|    4|          2|
    |statemt_0_addr_reg_3448     |   2|   0|    4|          2|
    |statemt_1_addr_10_reg_3869  |   2|   0|    4|          2|
    |statemt_1_addr_11_reg_3879  |   2|   0|    4|          2|
    |statemt_1_addr_1_reg_3463   |   2|   0|    4|          2|
    |statemt_1_addr_reg_3453     |   2|   0|    4|          2|
    |temp_0_0_0_reg_1144         |  32|   0|   32|          0|
    |temp_0_1_0_reg_1134         |  32|   0|   32|          0|
    |temp_1335_0_0_reg_1124      |  32|   0|   32|          0|
    |temp_1_1_reg_1154           |  32|   0|   32|          0|
    |tmp_11_reg_3267             |   1|   0|    1|          0|
    |tmp_15_reg_3289             |   1|   0|    1|          0|
    |tmp_19_reg_3311             |   1|   0|    1|          0|
    |tmp_7_reg_3245              |   1|   0|    1|          0|
    |trunc_ln166_reg_3390        |   1|   0|    1|          0|
    |trunc_ln248_1_reg_3251      |   4|   0|    4|          0|
    |trunc_ln248_3_reg_3273      |   4|   0|    4|          0|
    |trunc_ln248_5_reg_3295      |   4|   0|    4|          0|
    |trunc_ln248_7_reg_3317      |   4|   0|    4|          0|
    |word_0_load_7_reg_3261      |  32|   0|   32|          0|
    |word_0_load_8_reg_3305      |  32|   0|   32|          0|
    |word_1_load_8_reg_3239      |  32|   0|   32|          0|
    |word_1_load_9_reg_3283      |  32|   0|   32|          0|
    |xor_ln393_2_reg_3691        |  32|   0|   32|          0|
    |xor_ln405_2_reg_3696        |  32|   0|   32|          0|
    |xor_ln417_2_reg_3701        |  32|   0|   32|          0|
    |xor_ln429_2_reg_3706        |  32|   0|   32|          0|
    |zext_ln165_reg_3377         |   6|   0|    9|          3|
    |zext_ln166_reg_3372         |   6|   0|    9|          3|
    |zext_ln248_2_reg_3278       |   6|   0|    6|          0|
    |zext_ln248_4_reg_3300       |   6|   0|    6|          0|
    |zext_ln248_6_reg_3322       |   6|   0|    6|          0|
    |zext_ln384_reg_3639         |   2|   0|   64|         62|
    |zext_ln393_2_reg_3626       |   4|   0|   32|         28|
    |zext_ln393_reg_3655         |   2|   0|   64|         62|
    |zext_ln437_reg_3719         |   2|   0|   64|         62|
    |zext_ln439_reg_3735         |   2|   0|   64|         62|
    |zext_ln_reg_3256            |   6|   0|    6|          0|
    +----------------------------+----+----+-----+-----------+
    |Total                       | 676|   0|  976|        300|
    +----------------------------+----+----+-----+-----------+



================================================================
== Interface
================================================================
* Summary: 
+----------------------+-----+-----+------------+--------------+--------------+
|       RTL Ports      | Dir | Bits|  Protocol  | Source Object|    C Type    |
+----------------------+-----+-----+------------+--------------+--------------+
|ap_clk                |  in |    1| ap_ctrl_hs |    encrypt   | return value |
|ap_rst                |  in |    1| ap_ctrl_hs |    encrypt   | return value |
|ap_start              |  in |    1| ap_ctrl_hs |    encrypt   | return value |
|ap_done               | out |    1| ap_ctrl_hs |    encrypt   | return value |
|ap_idle               | out |    1| ap_ctrl_hs |    encrypt   | return value |
|ap_ready              | out |    1| ap_ctrl_hs |    encrypt   | return value |
|statemt_0_address0    | out |    4|  ap_memory |   statemt_0  |     array    |
|statemt_0_ce0         | out |    1|  ap_memory |   statemt_0  |     array    |
|statemt_0_we0         | out |    1|  ap_memory |   statemt_0  |     array    |
|statemt_0_d0          | out |   32|  ap_memory |   statemt_0  |     array    |
|statemt_0_q0          |  in |   32|  ap_memory |   statemt_0  |     array    |
|statemt_0_address1    | out |    4|  ap_memory |   statemt_0  |     array    |
|statemt_0_ce1         | out |    1|  ap_memory |   statemt_0  |     array    |
|statemt_0_we1         | out |    1|  ap_memory |   statemt_0  |     array    |
|statemt_0_d1          | out |   32|  ap_memory |   statemt_0  |     array    |
|statemt_0_q1          |  in |   32|  ap_memory |   statemt_0  |     array    |
|statemt_1_address0    | out |    4|  ap_memory |   statemt_1  |     array    |
|statemt_1_ce0         | out |    1|  ap_memory |   statemt_1  |     array    |
|statemt_1_we0         | out |    1|  ap_memory |   statemt_1  |     array    |
|statemt_1_d0          | out |   32|  ap_memory |   statemt_1  |     array    |
|statemt_1_q0          |  in |   32|  ap_memory |   statemt_1  |     array    |
|statemt_1_address1    | out |    4|  ap_memory |   statemt_1  |     array    |
|statemt_1_ce1         | out |    1|  ap_memory |   statemt_1  |     array    |
|statemt_1_we1         | out |    1|  ap_memory |   statemt_1  |     array    |
|statemt_1_d1          | out |   32|  ap_memory |   statemt_1  |     array    |
|statemt_1_q1          |  in |   32|  ap_memory |   statemt_1  |     array    |
|key_0_address0        | out |    4|  ap_memory |     key_0    |     array    |
|key_0_ce0             | out |    1|  ap_memory |     key_0    |     array    |
|key_0_q0              |  in |   32|  ap_memory |     key_0    |     array    |
|word_1_address0       | out |    8|  ap_memory |    word_1    |     array    |
|word_1_ce0            | out |    1|  ap_memory |    word_1    |     array    |
|word_1_we0            | out |    1|  ap_memory |    word_1    |     array    |
|word_1_d0             | out |   32|  ap_memory |    word_1    |     array    |
|word_1_q0             |  in |   32|  ap_memory |    word_1    |     array    |
|word_1_address1       | out |    8|  ap_memory |    word_1    |     array    |
|word_1_ce1            | out |    1|  ap_memory |    word_1    |     array    |
|word_1_q1             |  in |   32|  ap_memory |    word_1    |     array    |
|word_0_address0       | out |    8|  ap_memory |    word_0    |     array    |
|word_0_ce0            | out |    1|  ap_memory |    word_0    |     array    |
|word_0_we0            | out |    1|  ap_memory |    word_0    |     array    |
|word_0_d0             | out |   32|  ap_memory |    word_0    |     array    |
|word_0_q0             |  in |   32|  ap_memory |    word_0    |     array    |
|word_0_address1       | out |    8|  ap_memory |    word_0    |     array    |
|word_0_ce1            | out |    1|  ap_memory |    word_0    |     array    |
|word_0_q1             |  in |   32|  ap_memory |    word_0    |     array    |
|round_val             | out |    5|   ap_vld   |   round_val  |    pointer   |
|round_val_ap_vld      | out |    1|   ap_vld   |   round_val  |    pointer   |
|nb                    | out |    4|   ap_vld   |      nb      |    pointer   |
|nb_ap_vld             | out |    1|   ap_vld   |      nb      |    pointer   |
|main_result_i         |  in |   32|   ap_ovld  |  main_result |    pointer   |
|main_result_o         | out |   32|   ap_ovld  |  main_result |    pointer   |
|main_result_o_ap_vld  | out |    1|   ap_ovld  |  main_result |    pointer   |
+----------------------+-----+-----+------------+--------------+--------------+

