

================================================================
== Vivado HLS Report for 'aes_main'
================================================================
* Date:           Sun Apr 11 01:43:24 2021

* Version:        2019.1 (Build 2552052 on Fri May 24 15:28:33 MDT 2019)
* Project:        AES_Solutions
* Solution:       time_optimization
* Product family: zynq
* Target device:  xc7z020-clg484-1


================================================================
== Performance Estimates
================================================================
+ Timing (ns): 
    * Summary: 
    +--------+-------+----------+------------+
    |  Clock | Target| Estimated| Uncertainty|
    +--------+-------+----------+------------+
    |ap_clk  |  10.00|     8.742|        1.25|
    +--------+-------+----------+------------+

+ Latency (clock cycles): 
    * Summary: 
    +------+------+------+------+---------+
    |   Latency   |   Interval  | Pipeline|
    |  min |  max |  min |  max |   Type  |
    +------+------+------+------+---------+
    |  1322|  1402|  1322|  1402|   none  |
    +------+------+------+------+---------+

    + Detail: 
        * Instance: 
        +--------------------+---------+-----+-----+-----+-----+---------+
        |                    |         |  Latency  |  Interval | Pipeline|
        |      Instance      |  Module | min | max | min | max |   Type  |
        +--------------------+---------+-----+-----+-----+-----+---------+
        |grp_decrypt_fu_246  |decrypt  |  460|  460|  460|  460|   none  |
        |grp_encrypt_fu_268  |encrypt  |  851|  931|  851|  931|   none  |
        +--------------------+---------+-----+-----+-----+-----+---------+

        * Loop: 
        N/A



================================================================
== Utilization Estimates
================================================================
* Summary: 
+-----------------+---------+-------+--------+-------+-----+
|       Name      | BRAM_18K| DSP48E|   FF   |  LUT  | URAM|
+-----------------+---------+-------+--------+-------+-----+
|DSP              |        -|      -|       -|      -|    -|
|Expression       |        -|      -|       -|      -|    -|
|FIFO             |        -|      -|       -|      -|    -|
|Instance         |       13|      -|   10710|  59408|    0|
|Memory           |       10|      -|       0|      0|    0|
|Multiplexer      |        -|      -|       -|    953|    -|
|Register         |        -|      -|      46|      -|    -|
+-----------------+---------+-------+--------+-------+-----+
|Total            |       23|      0|   10756|  60361|    0|
+-----------------+---------+-------+--------+-------+-----+
|Available        |      280|    220|  106400|  53200|    0|
+-----------------+---------+-------+--------+-------+-----+
|Utilization (%)  |        8|      0|      10|    113|    0|
+-----------------+---------+-------+--------+-------+-----+

+ Detail: 
    * Instance: 
    +--------------------+---------+---------+-------+-------+-------+-----+
    |      Instance      |  Module | BRAM_18K| DSP48E|   FF  |  LUT  | URAM|
    +--------------------+---------+---------+-------+-------+-------+-----+
    |grp_decrypt_fu_246  |decrypt  |        7|      0|  10018|  55708|    0|
    |grp_encrypt_fu_268  |encrypt  |        6|      0|    692|   3700|    0|
    +--------------------+---------+---------+-------+-------+-------+-----+
    |Total               |         |       13|      0|  10710|  59408|    0|
    +--------------------+---------+---------+-------+-------+-------+-----+

    * DSP48E: 
    N/A

    * Memory: 
    +-------------+--------------------+---------+---+----+-----+------+-----+------+-------------+
    |    Memory   |       Module       | BRAM_18K| FF| LUT| URAM| Words| Bits| Banks| W*Bits*Banks|
    +-------------+--------------------+---------+---+----+-----+------+-----+------+-------------+
    |statemt_0_U  |aes_main_statemt_0  |        2|  0|   0|    0|    16|   32|     1|          512|
    |statemt_1_U  |aes_main_statemt_0  |        2|  0|   0|    0|    16|   32|     1|          512|
    |key_0_U      |aes_main_statemt_0  |        2|  0|   0|    0|    16|   32|     1|          512|
    |word_1_U     |aes_main_word_1     |        2|  0|   0|    0|   240|   32|     1|         7680|
    |word_0_U     |aes_main_word_1     |        2|  0|   0|    0|   240|   32|     1|         7680|
    +-------------+--------------------+---------+---+----+-----+------+-----+------+-------------+
    |Total        |                    |       10|  0|   0|    0|   528|  160|     5|        16896|
    +-------------+--------------------+---------+---+----+-----+------+-----+------+-------------+

    * FIFO: 
    N/A

    * Expression: 
    N/A

    * Multiplexer: 
    +--------------------+----+-----------+-----+-----------+
    |        Name        | LUT| Input Size| Bits| Total Bits|
    +--------------------+----+-----------+-----+-----------+
    |ap_NS_fsm           |  56|         13|    1|         13|
    |key_0_address0      |  50|         11|    4|         44|
    |key_0_address1      |  47|         10|    4|         40|
    |key_0_ce0           |  21|          4|    1|          4|
    |key_0_ce1           |  15|          3|    1|          3|
    |key_0_d0            |  41|          8|   32|        256|
    |key_0_d1            |  44|          9|   32|        288|
    |main_result         |   9|          2|   32|         64|
    |statemt_0_address0  |  38|          7|    4|         28|
    |statemt_0_address1  |  38|          7|    4|         28|
    |statemt_0_ce0       |  21|          4|    1|          4|
    |statemt_0_ce1       |  21|          4|    1|          4|
    |statemt_0_d0        |  38|          7|   32|        224|
    |statemt_0_d1        |  38|          7|   32|        224|
    |statemt_0_we0       |  21|          4|    1|          4|
    |statemt_0_we1       |  21|          4|    1|          4|
    |statemt_1_address0  |  38|          7|    4|         28|
    |statemt_1_address1  |  38|          7|    4|         28|
    |statemt_1_ce0       |  21|          4|    1|          4|
    |statemt_1_ce1       |  21|          4|    1|          4|
    |statemt_1_d0        |  38|          7|   32|        224|
    |statemt_1_d1        |  38|          7|   32|        224|
    |statemt_1_we0       |  21|          4|    1|          4|
    |statemt_1_we1       |  21|          4|    1|          4|
    |word_0_address0     |  15|          3|    8|         24|
    |word_0_address1     |  15|          3|    8|         24|
    |word_0_ce0          |  15|          3|    1|          3|
    |word_0_ce1          |  15|          3|    1|          3|
    |word_0_d0           |  15|          3|   32|         96|
    |word_0_we0          |  15|          3|    1|          3|
    |word_0_we1          |   9|          2|    1|          2|
    |word_1_address0     |  15|          3|    8|         24|
    |word_1_address1     |  15|          3|    8|         24|
    |word_1_ce0          |  15|          3|    1|          3|
    |word_1_ce1          |  15|          3|    1|          3|
    |word_1_d0           |  15|          3|   32|         96|
    |word_1_we0          |  15|          3|    1|          3|
    |word_1_we1          |   9|          2|    1|          2|
    +--------------------+----+-----------+-----+-----------+
    |Total               | 953|        188|  363|       2062|
    +--------------------+----+-----------+-----+-----------+

    * Register: 
    +---------------------------------+----+----+-----+-----------+
    |               Name              | FF | LUT| Bits| Const Bits|
    +---------------------------------+----+----+-----+-----------+
    |ap_CS_fsm                        |  12|   0|   12|          0|
    |grp_decrypt_fu_246_ap_start_reg  |   1|   0|    1|          0|
    |grp_encrypt_fu_268_ap_start_reg  |   1|   0|    1|          0|
    |main_result                      |  32|   0|   32|          0|
    +---------------------------------+----+----+-----+-----------+
    |Total                            |  46|   0|   46|          0|
    +---------------------------------+----+----+-----+-----------+



================================================================
== Interface
================================================================
* Summary: 
+-----------+-----+-----+------------+--------------+--------------+
| RTL Ports | Dir | Bits|  Protocol  | Source Object|    C Type    |
+-----------+-----+-----+------------+--------------+--------------+
|ap_clk     |  in |    1| ap_ctrl_hs |   aes_main   | return value |
|ap_rst     |  in |    1| ap_ctrl_hs |   aes_main   | return value |
|ap_start   |  in |    1| ap_ctrl_hs |   aes_main   | return value |
|ap_done    | out |    1| ap_ctrl_hs |   aes_main   | return value |
|ap_idle    | out |    1| ap_ctrl_hs |   aes_main   | return value |
|ap_ready   | out |    1| ap_ctrl_hs |   aes_main   | return value |
|ap_return  | out |   32| ap_ctrl_hs |   aes_main   | return value |
+-----------+-----+-----+------------+--------------+--------------+

