

================================================================
== Vivado HLS Report for 'AddRoundKey'
================================================================
* Date:           Sat Apr 10 22:35:08 2021

* Version:        2019.1 (Build 2552052 on Fri May 24 15:28:33 MDT 2019)
* Project:        AES_Solutions
* Solution:       unoptimized
* Product family: zynq
* Target device:  xc7z020-clg484-1


================================================================
== Performance Estimates
================================================================
+ Timing (ns): 
    * Summary: 
    +--------+-------+----------+------------+
    |  Clock | Target| Estimated| Uncertainty|
    +--------+-------+----------+------------+
    |ap_clk  |  10.00|     7.537|        1.25|
    +--------+-------+----------+------------+

+ Latency (clock cycles): 
    * Summary: 
    +-----+-----+-----+-----+---------+
    |  Latency  |  Interval | Pipeline|
    | min | max | min | max |   Type  |
    +-----+-----+-----+-----+---------+
    |   17|   17|   17|   17|   none  |
    +-----+-----+-----+-----+---------+

    + Detail: 
        * Instance: 
        N/A

        * Loop: 
        +----------+-----+-----+----------+-----------+-----------+------+----------+
        |          |  Latency  | Iteration|  Initiation Interval  | Trip |          |
        | Loop Name| min | max |  Latency |  achieved |   target  | Count| Pipelined|
        +----------+-----+-----+----------+-----------+-----------+------+----------+
        |- Loop 1  |   16|   16|         4|          -|          -|     4|    no    |
        +----------+-----+-----+----------+-----------+-----------+------+----------+



================================================================
== Utilization Estimates
================================================================
* Summary: 
+-----------------+---------+-------+--------+-------+-----+
|       Name      | BRAM_18K| DSP48E|   FF   |  LUT  | URAM|
+-----------------+---------+-------+--------+-------+-----+
|DSP              |        -|      -|       -|      -|    -|
|Expression       |        -|      -|       0|    178|    -|
|FIFO             |        -|      -|       -|      -|    -|
|Instance         |        -|      -|       -|      -|    -|
|Memory           |        -|      -|       -|      -|    -|
|Multiplexer      |        -|      -|       -|    126|    -|
|Register         |        -|      -|     125|      -|    -|
+-----------------+---------+-------+--------+-------+-----+
|Total            |        0|      0|     125|    304|    0|
+-----------------+---------+-------+--------+-------+-----+
|Available        |      280|    220|  106400|  53200|    0|
+-----------------+---------+-------+--------+-------+-----+
|Utilization (%)  |        0|      0|   ~0   |   ~0  |    0|
+-----------------+---------+-------+--------+-------+-----+

+ Detail: 
    * Instance: 
    N/A

    * DSP48E: 
    N/A

    * Memory: 
    N/A

    * FIFO: 
    N/A

    * Expression: 
    +----------------------+----------+-------+---+----+------------+------------+
    |     Variable Name    | Operation| DSP48E| FF| LUT| Bitwidth P0| Bitwidth P1|
    +----------------------+----------+-------+---+----+------------+------------+
    |add_ln536_fu_181_p2   |     +    |      0|  0|  39|          32|          32|
    |add_ln537_fu_195_p2   |     +    |      0|  0|  14|           7|          10|
    |add_ln538_fu_234_p2   |     +    |      0|  0|  14|           8|          10|
    |add_ln539_fu_244_p2   |     +    |      0|  0|  14|           9|          10|
    |j_fu_175_p2           |     +    |      0|  0|  12|           3|           1|
    |icmp_ln534_fu_169_p2  |   icmp   |      0|  0|   9|           3|           4|
    |or_ln537_fu_223_p2    |    or    |      0|  0|   4|           4|           1|
    |or_ln538_fu_254_p2    |    or    |      0|  0|   4|           4|           2|
    |or_ln539_fu_264_p2    |    or    |      0|  0|   4|           4|           2|
    |grp_fu_137_p2         |    xor   |      0|  0|  32|          32|          32|
    |grp_fu_143_p2         |    xor   |      0|  0|  32|          32|          32|
    +----------------------+----------+-------+---+----+------------+------------+
    |Total                 |          |      0|  0| 178|         138|         136|
    +----------------------+----------+-------+---+----+------------+------------+

    * Multiplexer: 
    +------------------+----+-----------+-----+-----------+
    |       Name       | LUT| Input Size| Bits| Total Bits|
    +------------------+----+-----------+-----+-----------+
    |ap_NS_fsm         |  33|          6|    1|          6|
    |j_0_reg_126       |   9|          2|    3|          6|
    |statemt_address0  |  27|          5|    5|         25|
    |statemt_address1  |  27|          5|    5|         25|
    |word_address0     |  15|          3|    9|         27|
    |word_address1     |  15|          3|    9|         27|
    +------------------+----+-----------+-----+-----------+
    |Total             | 126|         24|   32|        116|
    +------------------+----+-----------+-----+-----------+

    * Register: 
    +--------------------------+----+----+-----+-----------+
    |           Name           | FF | LUT| Bits| Const Bits|
    +--------------------------+----+----+-----+-----------+
    |ap_CS_fsm                 |   5|   0|    5|          0|
    |j_0_reg_126               |   3|   0|    3|          0|
    |j_reg_282                 |   3|   0|    3|          0|
    |reg_149                   |  32|   0|   32|          0|
    |reg_154                   |  32|   0|   32|          0|
    |shl_ln536_reg_274         |  30|   0|   32|          2|
    |shl_ln_reg_303            |   2|   0|    4|          2|
    |statemt_addr_157_reg_314  |   2|   0|    5|          3|
    |statemt_addr_158_reg_329  |   2|   0|    5|          3|
    |statemt_addr_159_reg_334  |   2|   0|    5|          3|
    |statemt_addr_reg_309      |   2|   0|    5|          3|
    |trunc_ln536_reg_287       |  10|   0|   10|          0|
    +--------------------------+----+----+-----+-----------+
    |Total                     | 125|   0|  141|         16|
    +--------------------------+----+----+-----+-----------+



================================================================
== Interface
================================================================
* Summary: 
+------------------+-----+-----+------------+--------------+--------------+
|     RTL Ports    | Dir | Bits|  Protocol  | Source Object|    C Type    |
+------------------+-----+-----+------------+--------------+--------------+
|ap_clk            |  in |    1| ap_ctrl_hs |  AddRoundKey | return value |
|ap_rst            |  in |    1| ap_ctrl_hs |  AddRoundKey | return value |
|ap_start          |  in |    1| ap_ctrl_hs |  AddRoundKey | return value |
|ap_done           | out |    1| ap_ctrl_hs |  AddRoundKey | return value |
|ap_idle           | out |    1| ap_ctrl_hs |  AddRoundKey | return value |
|ap_ready          | out |    1| ap_ctrl_hs |  AddRoundKey | return value |
|statemt_address0  | out |    5|  ap_memory |    statemt   |     array    |
|statemt_ce0       | out |    1|  ap_memory |    statemt   |     array    |
|statemt_we0       | out |    1|  ap_memory |    statemt   |     array    |
|statemt_d0        | out |   32|  ap_memory |    statemt   |     array    |
|statemt_q0        |  in |   32|  ap_memory |    statemt   |     array    |
|statemt_address1  | out |    5|  ap_memory |    statemt   |     array    |
|statemt_ce1       | out |    1|  ap_memory |    statemt   |     array    |
|statemt_we1       | out |    1|  ap_memory |    statemt   |     array    |
|statemt_d1        | out |   32|  ap_memory |    statemt   |     array    |
|statemt_q1        |  in |   32|  ap_memory |    statemt   |     array    |
|n                 |  in |   32|   ap_none  |       n      |    scalar    |
|word_address0     | out |    9|  ap_memory |     word     |     array    |
|word_ce0          | out |    1|  ap_memory |     word     |     array    |
|word_q0           |  in |   32|  ap_memory |     word     |     array    |
|word_address1     | out |    9|  ap_memory |     word     |     array    |
|word_ce1          | out |    1|  ap_memory |     word     |     array    |
|word_q1           |  in |   32|  ap_memory |     word     |     array    |
+------------------+-----+-----+------------+--------------+--------------+

