

================================================================
== Vivado HLS Report for 'aes_main'
================================================================
* Date:           Sat Apr 10 22:35:10 2021

* Version:        2019.1 (Build 2552052 on Fri May 24 15:28:33 MDT 2019)
* Project:        AES_Solutions
* Solution:       unoptimized
* Product family: zynq
* Target device:  xc7z020-clg484-1


================================================================
== Performance Estimates
================================================================
+ Timing (ns): 
    * Summary: 
    +--------+-------+----------+------------+
    |  Clock | Target| Estimated| Uncertainty|
    +--------+-------+----------+------------+
    |ap_clk  |  10.00|     8.706|        1.25|
    +--------+-------+----------+------------+

+ Latency (clock cycles): 
    * Summary: 
    +-----+-----+-----+-----+---------+
    |  Latency  |  Interval | Pipeline|
    | min | max | min | max |   Type  |
    +-----+-----+-----+-----+---------+
    |    ?|    ?|    ?|    ?|   none  |
    +-----+-----+-----+-----+---------+

    + Detail: 
        * Instance: 
        +---------------------------------+----------------------+-----+-----+-----+-----+---------+
        |                                 |                      |  Latency  |  Interval | Pipeline|
        |             Instance            |        Module        | min | max | min | max |   Type  |
        +---------------------------------+----------------------+-----+-----+-----+-----+---------+
        |grp_AddRoundKey_InversMi_fu_356  |AddRoundKey_InversMi  |    ?|    ?|    ?|    ?|   none  |
        |grp_ByteSub_ShiftRow_fu_366      |ByteSub_ShiftRow      |    1|   31|    1|   31|   none  |
        |grp_InversShiftRow_ByteS_fu_375  |InversShiftRow_ByteS  |    1|   31|    1|   31|   none  |
        |grp_MixColumn_AddRoundKe_fu_384  |MixColumn_AddRoundKe  |    ?|    ?|    ?|    ?|   none  |
        |grp_KeySchedule_fu_395           |KeySchedule           |  562|  602|  562|  602|   none  |
        |grp_AddRoundKey_fu_407           |AddRoundKey           |   17|   17|   17|   17|   none  |
        +---------------------------------+----------------------+-----+-----+-----+-----+---------+

        * Loop: 
        +----------+-----+-----+----------+-----------+-----------+------+----------+
        |          |  Latency  | Iteration|  Initiation Interval  | Trip |          |
        | Loop Name| min | max |  Latency |  achieved |   target  | Count| Pipelined|
        +----------+-----+-----+----------+-----------+-----------+------+----------+
        |- Loop 1  |    ?|    ?|         ?|          -|          -|     ?|    no    |
        |- Loop 2  |   48|   48|         3|          -|          -|    16|    no    |
        |- Loop 3  |    ?|    ?|         ?|          -|          -|     ?|    no    |
        |- Loop 4  |   48|   48|         3|          -|          -|    16|    no    |
        +----------+-----+-----+----------+-----------+-----------+------+----------+



================================================================
== Utilization Estimates
================================================================
* Summary: 
+-----------------+---------+-------+--------+-------+-----+
|       Name      | BRAM_18K| DSP48E|   FF   |  LUT  | URAM|
+-----------------+---------+-------+--------+-------+-----+
|DSP              |        -|      -|       -|      -|    -|
|Expression       |        -|      -|       0|    295|    -|
|FIFO             |        -|      -|       -|      -|    -|
|Instance         |        8|      6|    3211|   8652|    0|
|Memory           |        6|      -|      16|      4|    0|
|Multiplexer      |        -|      -|       -|    942|    -|
|Register         |        -|      -|     228|      -|    -|
+-----------------+---------+-------+--------+-------+-----+
|Total            |       14|      6|    3455|   9893|    0|
+-----------------+---------+-------+--------+-------+-----+
|Available        |      280|    220|  106400|  53200|    0|
+-----------------+---------+-------+--------+-------+-----+
|Utilization (%)  |        5|      2|       3|     18|    0|
+-----------------+---------+-------+--------+-------+-----+

+ Detail: 
    * Instance: 
    +---------------------------------+----------------------+---------+-------+------+------+-----+
    |             Instance            |        Module        | BRAM_18K| DSP48E|  FF  |  LUT | URAM|
    +---------------------------------+----------------------+---------+-------+------+------+-----+
    |grp_AddRoundKey_fu_407           |AddRoundKey           |        0|      0|   125|   304|    0|
    |grp_AddRoundKey_InversMi_fu_356  |AddRoundKey_InversMi  |        2|      3|  1115|  2180|    0|
    |grp_ByteSub_ShiftRow_fu_366      |ByteSub_ShiftRow      |        1|      0|   294|  1643|    0|
    |grp_InversShiftRow_ByteS_fu_375  |InversShiftRow_ByteS  |        1|      0|   294|  1643|    0|
    |grp_KeySchedule_fu_395           |KeySchedule           |        2|      0|   426|   948|    0|
    |grp_MixColumn_AddRoundKe_fu_384  |MixColumn_AddRoundKe  |        2|      3|   957|  1934|    0|
    +---------------------------------+----------------------+---------+-------+------+------+-----+
    |Total                            |                      |        8|      6|  3211|  8652|    0|
    +---------------------------------+----------------------+---------+-------+------+------+-----+

    * DSP48E: 
    N/A

    * Memory: 
    +-------------------+----------------------+---------+---+----+-----+------+-----+------+-------------+
    |       Memory      |        Module        | BRAM_18K| FF| LUT| URAM| Words| Bits| Banks| W*Bits*Banks|
    +-------------------+----------------------+---------+---+----+-----+------+-----+------+-------------+
    |key_U              |aes_main_key          |        2|  0|   0|    0|    32|   32|     1|         1024|
    |out_dec_statemt_U  |aes_main_out_dec_hbi  |        0|  8|   2|    0|    16|    8|     1|          128|
    |out_enc_statemt_U  |aes_main_out_enc_g8j  |        0|  8|   2|    0|    16|    8|     1|          128|
    |statemt_U          |aes_main_statemt      |        2|  0|   0|    0|    32|   32|     1|         1024|
    |word_U             |aes_main_word         |        2|  0|   0|    0|   480|   32|     1|        15360|
    +-------------------+----------------------+---------+---+----+-----+------+-----+------+-------------+
    |Total              |                      |        6| 16|   4|    0|   576|  112|     5|        17664|
    +-------------------+----------------------+---------+---+----+-----+------+-----+------+-------------+

    * FIFO: 
    N/A

    * Expression: 
    +----------------------+----------+-------+---+----+------------+------------+
    |     Variable Name    | Operation| DSP48E| FF| LUT| Bitwidth P0| Bitwidth P1|
    +----------------------+----------+-------+---+----+------------+------------+
    |add_ln107_fu_459_p2   |     +    |      0|  0|  15|           4|           5|
    |add_ln124_fu_518_p2   |     +    |      0|  0|  39|          32|          32|
    |add_ln130_fu_577_p2   |     +    |      0|  0|  39|          32|          32|
    |i_1_fu_487_p2         |     +    |      0|  0|  15|           5|           1|
    |i_2_fu_534_p2         |     +    |      0|  0|  39|          32|           2|
    |i_3_fu_552_p2         |     +    |      0|  0|  15|           5|           1|
    |i_fu_475_p2           |     +    |      0|  0|  39|          32|           1|
    |icmp_ln107_fu_469_p2  |   icmp   |      0|  0|  18|          32|          32|
    |icmp_ln113_fu_540_p2  |   icmp   |      0|  0|  18|          32|           1|
    |icmp_ln123_fu_481_p2  |   icmp   |      0|  0|  11|           5|           6|
    |icmp_ln124_fu_509_p2  |   icmp   |      0|  0|  18|          32|          32|
    |icmp_ln129_fu_546_p2  |   icmp   |      0|  0|  11|           5|           6|
    |icmp_ln130_fu_568_p2  |   icmp   |      0|  0|  18|          32|          32|
    +----------------------+----------+-------+---+----+------------+------------+
    |Total                 |          |      0|  0| 295|         280|         183|
    +----------------------+----------+-------+---+----+------------+------------+

    * Multiplexer: 
    +--------------------------+-----+-----------+-----+-----------+
    |           Name           | LUT | Input Size| Bits| Total Bits|
    +--------------------------+-----+-----------+-----+-----------+
    |ap_NS_fsm                 |  165|         37|    1|         37|
    |grp_AddRoundKey_fu_407_n  |   21|          4|   32|        128|
    |i_0_i_reg_313             |    9|          2|   32|         64|
    |i_0_in_i_reg_336          |    9|          2|   32|         64|
    |i_2_i5_reg_345            |    9|          2|    5|         10|
    |i_2_i_reg_325             |    9|          2|    5|         10|
    |key_address0              |   47|         10|    5|         50|
    |key_address1              |   44|          9|    5|         45|
    |key_ce0                   |   15|          3|    1|          3|
    |key_d0                    |   41|          8|   32|        256|
    |key_d1                    |   44|          9|   32|        288|
    |main_result               |    9|          2|   32|         64|
    |round_val                 |    9|          2|    2|          4|
    |statemt_address0          |   62|         15|    5|         75|
    |statemt_address1          |   62|         15|    5|         75|
    |statemt_ce0               |   38|          7|    1|          7|
    |statemt_ce1               |   38|          7|    1|          7|
    |statemt_d0                |   59|         14|   32|        448|
    |statemt_d1                |   59|         14|   32|        448|
    |statemt_we0               |   38|          7|    1|          7|
    |statemt_we1               |   38|          7|    1|          7|
    |word_address0             |   27|          5|    9|         45|
    |word_address1             |   27|          5|    9|         45|
    |word_ce0                  |   27|          5|    1|          5|
    |word_ce1                  |   27|          5|    1|          5|
    |word_we0                  |    9|          2|    1|          2|
    +--------------------------+-----+-----------+-----+-----------+
    |Total                     |  942|        200|  315|       2199|
    +--------------------------+-----+-----------+-----+-----------+

    * Register: 
    +----------------------------------------------+----+----+-----+-----------+
    |                     Name                     | FF | LUT| Bits| Const Bits|
    +----------------------------------------------+----+----+-----+-----------+
    |ap_CS_fsm                                     |  36|   0|   36|          0|
    |grp_AddRoundKey_InversMi_fu_356_ap_start_reg  |   1|   0|    1|          0|
    |grp_AddRoundKey_fu_407_ap_start_reg           |   1|   0|    1|          0|
    |grp_ByteSub_ShiftRow_fu_366_ap_start_reg      |   1|   0|    1|          0|
    |grp_InversShiftRow_ByteS_fu_375_ap_start_reg  |   1|   0|    1|          0|
    |grp_KeySchedule_fu_395_ap_start_reg           |   1|   0|    1|          0|
    |grp_MixColumn_AddRoundKe_fu_384_ap_start_reg  |   1|   0|    1|          0|
    |i_0_i_reg_313                                 |  32|   0|   32|          0|
    |i_0_in_i_reg_336                              |  32|   0|   32|          0|
    |i_1_reg_600                                   |   5|   0|    5|          0|
    |i_2_i5_reg_345                                |   5|   0|    5|          0|
    |i_2_i_reg_325                                 |   5|   0|    5|          0|
    |i_2_reg_625                                   |  32|   0|   32|          0|
    |i_3_reg_637                                   |   5|   0|    5|          0|
    |i_reg_592                                     |  32|   0|   32|          0|
    |icmp_ln124_reg_615                            |   1|   0|    1|          0|
    |icmp_ln130_reg_652                            |   1|   0|    1|          0|
    |main_result                                   |  32|   0|   32|          0|
    |nb                                            |   1|   0|   32|         31|
    |reg_441                                       |   1|   0|   32|         31|
    |round_val                                     |   2|   0|    6|          4|
    +----------------------------------------------+----+----+-----+-----------+
    |Total                                         | 228|   0|  294|         66|
    +----------------------------------------------+----+----+-----+-----------+



================================================================
== Interface
================================================================
* Summary: 
+-----------+-----+-----+------------+--------------+--------------+
| RTL Ports | Dir | Bits|  Protocol  | Source Object|    C Type    |
+-----------+-----+-----+------------+--------------+--------------+
|ap_clk     |  in |    1| ap_ctrl_hs |   aes_main   | return value |
|ap_rst     |  in |    1| ap_ctrl_hs |   aes_main   | return value |
|ap_start   |  in |    1| ap_ctrl_hs |   aes_main   | return value |
|ap_done    | out |    1| ap_ctrl_hs |   aes_main   | return value |
|ap_idle    | out |    1| ap_ctrl_hs |   aes_main   | return value |
|ap_ready   | out |    1| ap_ctrl_hs |   aes_main   | return value |
|ap_return  | out |   32| ap_ctrl_hs |   aes_main   | return value |
+-----------+-----+-----+------------+--------------+--------------+

