

================================================================
== Vivado HLS Report for 'KeySchedule'
================================================================
* Date:           Sat Apr 10 22:35:07 2021

* Version:        2019.1 (Build 2552052 on Fri May 24 15:28:33 MDT 2019)
* Project:        AES_Solutions
* Solution:       unoptimized
* Product family: zynq
* Target device:  xc7z020-clg484-1


================================================================
== Performance Estimates
================================================================
+ Timing (ns): 
    * Summary: 
    +--------+-------+----------+------------+
    |  Clock | Target| Estimated| Uncertainty|
    +--------+-------+----------+------------+
    |ap_clk  |  10.00|     7.501|        1.25|
    +--------+-------+----------+------------+

+ Latency (clock cycles): 
    * Summary: 
    +-----+-----+-----+-----+---------+
    |  Latency  |  Interval | Pipeline|
    | min | max | min | max |   Type  |
    +-----+-----+-----+-----+---------+
    |  562|  602|  562|  602|   none  |
    +-----+-----+-----+-----+---------+

    + Detail: 
        * Instance: 
        N/A

        * Loop: 
        +-------------+-----+-----+----------+-----------+-----------+------+----------+
        |             |  Latency  | Iteration|  Initiation Interval  | Trip |          |
        |  Loop Name  | min | max |  Latency |  achieved |   target  | Count| Pipelined|
        +-------------+-----+-----+----------+-----------+-----------+------+----------+
        |- Loop 1     |   40|   40|        10|          -|          -|     4|    no    |
        | + Loop 1.1  |    8|    8|         2|          -|          -|     4|    no    |
        |- Loop 2     |  520|  560|  13 ~ 14 |          -|          -|    40|    no    |
        | + Loop 2.1  |    8|    8|         2|          -|          -|     4|    no    |
        +-------------+-----+-----+----------+-----------+-----------+------+----------+



================================================================
== Utilization Estimates
================================================================
* Summary: 
+-----------------+---------+-------+--------+-------+-----+
|       Name      | BRAM_18K| DSP48E|   FF   |  LUT  | URAM|
+-----------------+---------+-------+--------+-------+-----+
|DSP              |        -|      -|       -|      -|    -|
|Expression       |        -|      -|       0|    688|    -|
|FIFO             |        -|      -|       -|      -|    -|
|Instance         |        -|      -|       0|     21|    -|
|Memory           |        2|      -|       8|      4|    -|
|Multiplexer      |        -|      -|       -|    235|    -|
|Register         |        -|      -|     418|      -|    -|
+-----------------+---------+-------+--------+-------+-----+
|Total            |        2|      0|     426|    948|    0|
+-----------------+---------+-------+--------+-------+-----+
|Available        |      280|    220|  106400|  53200|    0|
+-----------------+---------+-------+--------+-------+-----+
|Utilization (%)  |    ~0   |      0|   ~0   |      1|    0|
+-----------------+---------+-------+--------+-------+-----+

+ Detail: 
    * Instance: 
    +-------------------------+----------------------+---------+-------+---+----+-----+
    |         Instance        |        Module        | BRAM_18K| DSP48E| FF| LUT| URAM|
    +-------------------------+----------------------+---------+-------+---+----+-----+
    |aes_main_mux_42_3bkb_U1  |aes_main_mux_42_3bkb  |        0|      0|  0|  21|    0|
    +-------------------------+----------------------+---------+-------+---+----+-----+
    |Total                    |                      |        0|      0|  0|  21|    0|
    +-------------------------+----------------------+---------+-------+---+----+-----+

    * DSP48E: 
    N/A

    * Memory: 
    +---------+-------------------+---------+---+----+-----+------+-----+------+-------------+
    |  Memory |       Module      | BRAM_18K| FF| LUT| URAM| Words| Bits| Banks| W*Bits*Banks|
    +---------+-------------------+---------+---+----+-----+------+-----+------+-------------+
    |Rcon0_U  |KeySchedule_Rcon0  |        0|  8|   4|    0|    30|    8|     1|          240|
    |Sbox_U   |KeySchedule_Sbox   |        2|  0|   0|    0|   256|    8|     1|         2048|
    +---------+-------------------+---------+---+----+-----+------+-----+------+-------------+
    |Total    |                   |        2|  8|   4|    0|   286|   16|     2|         2288|
    +---------+-------------------+---------+---+----+-----+------+-----+------+-------------+

    * FIFO: 
    N/A

    * Expression: 
    +--------------------------+----------+-------+---+----+------------+------------+
    |       Variable Name      | Operation| DSP48E| FF| LUT| Bitwidth P0| Bitwidth P1|
    +--------------------------+----------+-------+---+----+------------+------------+
    |add_ln135_fu_380_p2       |     +    |      0|  0|  13|           4|           4|
    |add_ln144_1_fu_755_p2     |     +    |      0|  0|  13|           2|           4|
    |add_ln144_2_fu_488_p2     |     +    |      0|  0|  15|           7|           8|
    |add_ln144_fu_469_p2       |     +    |      0|  0|  15|           2|           6|
    |add_ln145_fu_499_p2       |     +    |      0|  0|  15|           8|           9|
    |add_ln146_fu_510_p2       |     +    |      0|  0|  15|           9|           9|
    |add_ln160_1_fu_994_p2     |     +    |      0|  0|  14|          10|          10|
    |add_ln160_2_fu_1004_p2    |     +    |      0|  0|  14|          10|          10|
    |add_ln160_fu_942_p2       |     +    |      0|  0|  15|           6|           4|
    |add_ln248_1_fu_695_p2     |     +    |      0|  0|  14|          10|          10|
    |add_ln248_2_fu_832_p2     |     +    |      0|  0|  14|          10|          10|
    |add_ln248_3_fu_905_p2     |     +    |      0|  0|  14|          10|          10|
    |add_ln248_fu_605_p2       |     +    |      0|  0|  14|          10|          10|
    |i_4_fu_962_p2             |     +    |      0|  0|  12|           3|           1|
    |i_fu_374_p2               |     +    |      0|  0|  12|           3|           1|
    |j_3_fu_1027_p2            |     +    |      0|  0|  15|           6|           1|
    |j_fu_346_p2               |     +    |      0|  0|  12|           3|           1|
    |sub_ln135_fu_414_p2       |     -    |      0|  0|  13|          11|          11|
    |sub_ln160_fu_988_p2       |     -    |      0|  0|  14|          10|          10|
    |sub_ln248_10_fu_721_p2    |     -    |      0|  0|  39|           1|          32|
    |sub_ln248_11_fu_854_p2    |     -    |      0|  0|  14|           1|          10|
    |sub_ln248_1_fu_574_p2     |     -    |      0|  0|  15|           1|           6|
    |sub_ln248_2_fu_543_p2     |     -    |      0|  0|  14|           1|          10|
    |sub_ln248_3_fu_664_p2     |     -    |      0|  0|  15|           1|           6|
    |sub_ln248_4_fu_615_p2     |     -    |      0|  0|  39|           1|          32|
    |sub_ln248_5_fu_802_p2     |     -    |      0|  0|  15|           1|           6|
    |sub_ln248_6_fu_633_p2     |     -    |      0|  0|  14|           1|          10|
    |sub_ln248_7_fu_875_p2     |     -    |      0|  0|  15|           1|           6|
    |sub_ln248_8_fu_701_p2     |     -    |      0|  0|  39|           1|          32|
    |sub_ln248_9_fu_781_p2     |     -    |      0|  0|  14|           1|          10|
    |sub_ln248_fu_525_p2       |     -    |      0|  0|  39|           1|          32|
    |icmp_ln132_fu_340_p2      |   icmp   |      0|  0|   9|           3|           4|
    |icmp_ln133_fu_368_p2      |   icmp   |      0|  0|   9|           3|           4|
    |icmp_ln138_fu_453_p2      |   icmp   |      0|  0|  11|           6|           6|
    |icmp_ln142_fu_463_p2      |   icmp   |      0|  0|   8|           2|           1|
    |icmp_ln159_fu_956_p2      |   icmp   |      0|  0|   9|           3|           4|
    |or_ln135_fu_424_p2        |    or    |      0|  0|   3|           1|           3|
    |select_ln248_1_fu_590_p3  |  select  |      0|  0|   6|           1|           6|
    |select_ln248_2_fu_647_p3  |  select  |      0|  0|  10|           1|          10|
    |select_ln248_3_fu_680_p3  |  select  |      0|  0|   6|           1|           6|
    |select_ln248_4_fu_795_p3  |  select  |      0|  0|  10|           1|          10|
    |select_ln248_5_fu_817_p3  |  select  |      0|  0|   6|           1|           6|
    |select_ln248_6_fu_868_p3  |  select  |      0|  0|  10|           1|          10|
    |select_ln248_7_fu_890_p3  |  select  |      0|  0|   6|           1|           6|
    |select_ln248_fu_557_p3    |  select  |      0|  0|  10|           1|          10|
    |temp_0_fu_916_p2          |    xor   |      0|  0|   8|           8|           8|
    |xor_ln160_fu_1037_p2      |    xor   |      0|  0|  32|          32|          32|
    +--------------------------+----------+-------+---+----+------------+------------+
    |Total                     |          |      0|  0| 688|         212|         447|
    +--------------------------+----------+-------+---+----+------------+------------+

    * Multiplexer: 
    +------------------+----+-----------+-----+-----------+
    |       Name       | LUT| Input Size| Bits| Total Bits|
    +------------------+----+-----------+-----+-----------+
    |ap_NS_fsm         |  59|         14|    1|         14|
    |i_0_reg_239       |   9|          2|    3|          6|
    |i_2_reg_303       |   9|          2|    3|          6|
    |j_0_reg_227       |   9|          2|    3|          6|
    |j_1_reg_251       |   9|          2|    6|         12|
    |reg_330           |   9|          2|   32|         64|
    |reg_335           |   9|          2|   32|         64|
    |temp_0_0_reg_283  |   9|          2|   32|         64|
    |temp_1_0_reg_273  |   9|          2|   32|         64|
    |temp_2_0_reg_263  |   9|          2|   32|         64|
    |temp_3_reg_293    |   9|          2|   32|         64|
    |word_address0     |  38|          7|    9|         63|
    |word_address1     |  33|          6|    9|         54|
    |word_d0           |  15|          3|   32|         96|
    +------------------+----+-----------+-----+-----------+
    |Total             | 235|         50|  258|        641|
    +------------------+----+-----------+-----+-----------+

    * Register: 
    +------------------------+----+----+-----+-----------+
    |          Name          | FF | LUT| Bits| Const Bits|
    +------------------------+----+----+-----+-----------+
    |add_ln160_2_reg_1220    |  10|   0|   10|          0|
    |add_ln248_1_reg_1135    |  10|   0|   10|          0|
    |add_ln248_reg_1130      |  10|   0|   10|          0|
    |ap_CS_fsm               |  13|   0|   13|          0|
    |i_0_reg_239             |   3|   0|    3|          0|
    |i_2_reg_303             |   3|   0|    3|          0|
    |i_4_reg_1210            |   3|   0|    3|          0|
    |i_reg_1059              |   3|   0|    3|          0|
    |icmp_ln142_reg_1072     |   1|   0|    1|          0|
    |j_0_reg_227             |   3|   0|    3|          0|
    |j_1_reg_251             |   6|   0|    6|          0|
    |j_reg_1046              |   3|   0|    3|          0|
    |reg_330                 |  32|   0|   32|          0|
    |reg_335                 |  32|   0|   32|          0|
    |shl_ln_reg_1051         |   2|   0|    4|          2|
    |temp_0_0_reg_283        |  32|   0|   32|          0|
    |temp_0_1_reg_1098       |  32|   0|   32|          0|
    |temp_1_0_reg_273        |  32|   0|   32|          0|
    |temp_1_1_reg_1103       |  32|   0|   32|          0|
    |temp_2_0_reg_263        |  32|   0|   32|          0|
    |temp_3_reg_293          |  32|   0|   32|          0|
    |tmp_12_reg_1140         |   1|   0|    1|          0|
    |tmp_16_reg_1156         |   1|   0|    1|          0|
    |tmp_3_reg_1118          |   1|   0|    1|          0|
    |tmp_8_reg_1124          |   1|   0|    1|          0|
    |tmp_reg_1225            |  32|   0|   32|          0|
    |trunc_ln248_5_reg_1146  |   4|   0|    4|          0|
    |trunc_ln248_7_reg_1162  |   4|   0|    4|          0|
    |word_addr_5_reg_1082    |   9|   0|    9|          0|
    |word_addr_6_reg_1087    |   9|   0|    9|          0|
    |word_addr_7_reg_1093    |   6|   0|    9|          3|
    |zext_ln159_reg_1202     |   6|   0|   10|          4|
    |zext_ln160_reg_1197     |   6|   0|   10|          4|
    |zext_ln248_4_reg_1151   |   6|   0|    6|          0|
    |zext_ln248_6_reg_1167   |   6|   0|    6|          0|
    +------------------------+----+----+-----+-----------+
    |Total                   | 418|   0|  431|         13|
    +------------------------+----+----+-----+-----------+



================================================================
== Interface
================================================================
* Summary: 
+---------------+-----+-----+------------+--------------+--------------+
|   RTL Ports   | Dir | Bits|  Protocol  | Source Object|    C Type    |
+---------------+-----+-----+------------+--------------+--------------+
|ap_clk         |  in |    1| ap_ctrl_hs |  KeySchedule | return value |
|ap_rst         |  in |    1| ap_ctrl_hs |  KeySchedule | return value |
|ap_start       |  in |    1| ap_ctrl_hs |  KeySchedule | return value |
|ap_done        | out |    1| ap_ctrl_hs |  KeySchedule | return value |
|ap_idle        | out |    1| ap_ctrl_hs |  KeySchedule | return value |
|ap_ready       | out |    1| ap_ctrl_hs |  KeySchedule | return value |
|key_address0   | out |    5|  ap_memory |      key     |     array    |
|key_ce0        | out |    1|  ap_memory |      key     |     array    |
|key_q0         |  in |   32|  ap_memory |      key     |     array    |
|word_address0  | out |    9|  ap_memory |     word     |     array    |
|word_ce0       | out |    1|  ap_memory |     word     |     array    |
|word_we0       | out |    1|  ap_memory |     word     |     array    |
|word_d0        | out |   32|  ap_memory |     word     |     array    |
|word_q0        |  in |   32|  ap_memory |     word     |     array    |
|word_address1  | out |    9|  ap_memory |     word     |     array    |
|word_ce1       | out |    1|  ap_memory |     word     |     array    |
|word_q1        |  in |   32|  ap_memory |     word     |     array    |
+---------------+-----+-----+------------+--------------+--------------+

