

================================================================
== Vivado HLS Report for 'encrypt'
================================================================
* Date:           Sun Apr 11 10:53:57 2021

* Version:        2019.1 (Build 2552052 on Fri May 24 15:28:33 MDT 2019)
* Project:        AES_Solutions
* Solution:       ultra_board
* Product family: zynquplus
* Target device:  xczu7ev-ffvc1156-2-e


================================================================
== Performance Estimates
================================================================
+ Timing (ns): 
    * Summary: 
    +--------+-------+----------+------------+
    |  Clock | Target| Estimated| Uncertainty|
    +--------+-------+----------+------------+
    |ap_clk  |  10.00|     5.750|        1.25|
    +--------+-------+----------+------------+

+ Latency (clock cycles): 
    * Summary: 
    +-----+-----+-----+-----+---------+
    |  Latency  |  Interval | Pipeline|
    | min | max | min | max |   Type  |
    +-----+-----+-----+-----+---------+
    |  287|  287|  287|  287|   none  |
    +-----+-----+-----+-----+---------+

    + Detail: 
        * Instance: 
        N/A

        * Loop: 
        +-------------+-----+-----+----------+-----------+-----------+------+----------+
        |             |  Latency  | Iteration|  Initiation Interval  | Trip |          |
        |  Loop Name  | min | max |  Latency |  achieved |   target  | Count| Pipelined|
        +-------------+-----+-----+----------+-----------+-----------+------+----------+
        |- Loop 1     |  234|  234|        26|          -|          -|     9|    no    |
        | + Loop 1.1  |    8|    8|         2|          -|          -|     4|    no    |
        | + Loop 1.2  |    8|    8|         2|          -|          -|     4|    no    |
        +-------------+-----+-----+----------+-----------+-----------+------+----------+



================================================================
== Utilization Estimates
================================================================
* Summary: 
+-----------------+---------+-------+--------+--------+-----+
|       Name      | BRAM_18K| DSP48E|   FF   |   LUT  | URAM|
+-----------------+---------+-------+--------+--------+-----+
|DSP              |        -|      -|       -|       -|    -|
|Expression       |        -|      -|       0|   12378|    -|
|FIFO             |        -|      -|       -|       -|    -|
|Instance         |        -|      -|       -|       -|    -|
|Memory           |        6|      -|       0|       0|    0|
|Multiplexer      |        -|      -|       -|    2950|    -|
|Register         |        -|      -|    4329|       -|    -|
+-----------------+---------+-------+--------+--------+-----+
|Total            |        6|      0|    4329|   15328|    0|
+-----------------+---------+-------+--------+--------+-----+
|Available        |      624|   1728|  460800|  230400|   96|
+-----------------+---------+-------+--------+--------+-----+
|Utilization (%)  |    ~0   |      0|   ~0   |       6|    0|
+-----------------+---------+-------+--------+--------+-----+

+ Detail: 
    * Instance: 
    N/A

    * DSP48E: 
    N/A

    * Memory: 
    +---------+---------------+---------+---+----+-----+------+-----+------+-------------+
    |  Memory |     Module    | BRAM_18K| FF| LUT| URAM| Words| Bits| Banks| W*Bits*Banks|
    +---------+---------------+---------+---+----+-----+------+-----+------+-------------+
    |Sbox_U   |encrypt_Sbox   |        2|  0|   0|    0|   256|    8|     1|         2048|
    |ret_0_U  |encrypt_ret_0  |        2|  0|   0|    0|    16|   32|     1|          512|
    |ret_1_U  |encrypt_ret_0  |        2|  0|   0|    0|    16|   32|     1|          512|
    +---------+---------------+---------+---+----+-----+------+-----+------+-------------+
    |Total    |               |        6|  0|   0|    0|   288|   72|     3|         3072|
    +---------+---------------+---------+---+----+-----+------+-----+------+-------------+

    * FIFO: 
    N/A

    * Expression: 
    +----------------------------+----------+-------+---+-----+------------+------------+
    |        Variable Name       | Operation| DSP48E| FF| LUT | Bitwidth P0| Bitwidth P1|
    +----------------------------+----------+-------+---+-----+------------+------------+
    |add_ln141_10_fu_8399_p2     |     +    |      0|  0|    9|           2|           2|
    |add_ln141_11_fu_8409_p2     |     +    |      0|  0|   32|           2|           2|
    |add_ln141_12_fu_8415_p2     |     +    |      0|  0|   32|           2|           2|
    |add_ln141_13_fu_8425_p2     |     +    |      0|  0|   11|           3|           3|
    |add_ln141_14_fu_8435_p2     |     +    |      0|  0|   12|           4|           4|
    |add_ln141_15_fu_8445_p2     |     +    |      0|  0|   32|          32|          32|
    |add_ln141_1_fu_8371_p2      |     +    |      0|  0|    9|           2|           2|
    |add_ln141_2_fu_8381_p2      |     +    |      0|  0|   32|          32|          32|
    |add_ln141_3_fu_8130_p2      |     +    |      0|  0|    9|           2|           2|
    |add_ln141_4_fu_8140_p2      |     +    |      0|  0|    9|           2|           2|
    |add_ln141_5_fu_8150_p2      |     +    |      0|  0|   11|           3|           3|
    |add_ln141_6_fu_8390_p2      |     +    |      0|  0|   32|          32|          32|
    |add_ln141_7_fu_8239_p2      |     +    |      0|  0|    9|           2|           2|
    |add_ln141_8_fu_8249_p2      |     +    |      0|  0|    9|           2|           2|
    |add_ln141_9_fu_8259_p2      |     +    |      0|  0|   11|           3|           3|
    |add_ln141_fu_8365_p2        |     +    |      0|  0|   32|          32|          32|
    |add_ln248_10_fu_3273_p2     |     +    |      0|  0|   17|          10|          10|
    |add_ln248_11_fu_3378_p2     |     +    |      0|  0|   17|          10|          10|
    |add_ln248_12_fu_3589_p2     |     +    |      0|  0|   17|          10|          10|
    |add_ln248_13_fu_3694_p2     |     +    |      0|  0|   17|          10|          10|
    |add_ln248_14_fu_3799_p2     |     +    |      0|  0|   17|          10|          10|
    |add_ln248_15_fu_3904_p2     |     +    |      0|  0|   17|          10|          10|
    |add_ln248_16_fu_4095_p2     |     +    |      0|  0|   17|          10|          10|
    |add_ln248_17_fu_4200_p2     |     +    |      0|  0|   17|          10|          10|
    |add_ln248_18_fu_4305_p2     |     +    |      0|  0|   17|          10|          10|
    |add_ln248_19_fu_4410_p2     |     +    |      0|  0|   17|          10|          10|
    |add_ln248_1_fu_2175_p2      |     +    |      0|  0|   17|          10|          10|
    |add_ln248_20_fu_4636_p2     |     +    |      0|  0|   17|          10|          10|
    |add_ln248_21_fu_4741_p2     |     +    |      0|  0|   17|          10|          10|
    |add_ln248_22_fu_4846_p2     |     +    |      0|  0|   17|          10|          10|
    |add_ln248_23_fu_4951_p2     |     +    |      0|  0|   17|          10|          10|
    |add_ln248_24_fu_5162_p2     |     +    |      0|  0|   17|          10|          10|
    |add_ln248_25_fu_5267_p2     |     +    |      0|  0|   17|          10|          10|
    |add_ln248_26_fu_5372_p2     |     +    |      0|  0|   17|          10|          10|
    |add_ln248_27_fu_5477_p2     |     +    |      0|  0|   17|          10|          10|
    |add_ln248_28_fu_5688_p2     |     +    |      0|  0|   17|          10|          10|
    |add_ln248_29_fu_5793_p2     |     +    |      0|  0|   17|          10|          10|
    |add_ln248_2_fu_2250_p2      |     +    |      0|  0|   17|          10|          10|
    |add_ln248_30_fu_5898_p2     |     +    |      0|  0|   17|          10|          10|
    |add_ln248_31_fu_6003_p2     |     +    |      0|  0|   17|          10|          10|
    |add_ln248_32_fu_6194_p2     |     +    |      0|  0|   17|          10|          10|
    |add_ln248_33_fu_6299_p2     |     +    |      0|  0|   17|          10|          10|
    |add_ln248_34_fu_6404_p2     |     +    |      0|  0|   17|          10|          10|
    |add_ln248_35_fu_6509_p2     |     +    |      0|  0|   17|          10|          10|
    |add_ln248_36_fu_6736_p2     |     +    |      0|  0|   17|          10|          10|
    |add_ln248_37_fu_6841_p2     |     +    |      0|  0|   17|          10|          10|
    |add_ln248_38_fu_6946_p2     |     +    |      0|  0|   17|          10|          10|
    |add_ln248_39_fu_7051_p2     |     +    |      0|  0|   17|          10|          10|
    |add_ln248_3_fu_2100_p2      |     +    |      0|  0|   17|          10|          10|
    |add_ln248_4_fu_2525_p2      |     +    |      0|  0|   17|          10|          10|
    |add_ln248_5_fu_2630_p2      |     +    |      0|  0|   17|          10|          10|
    |add_ln248_6_fu_2735_p2      |     +    |      0|  0|   17|          10|          10|
    |add_ln248_7_fu_2840_p2      |     +    |      0|  0|   17|          10|          10|
    |add_ln248_8_fu_3063_p2      |     +    |      0|  0|   17|          10|          10|
    |add_ln248_9_fu_3168_p2      |     +    |      0|  0|   17|          10|          10|
    |add_ln248_fu_2025_p2        |     +    |      0|  0|   17|          10|          10|
    |add_ln393_fu_7378_p2        |     +    |      0|  0|   39|          32|          32|
    |add_ln417_fu_7393_p2        |     +    |      0|  0|   16|           7|           9|
    |i_fu_7893_p2                |     +    |      0|  0|   12|           4|           1|
    |j_1_fu_7348_p2              |     +    |      0|  0|   11|           3|           1|
    |j_fu_7863_p2                |     +    |      0|  0|   11|           3|           1|
    |grp_fu_1842_p2              |     -    |      0|  0|   39|           1|          32|
    |grp_fu_1858_p2              |     -    |      0|  0|   15|           1|           6|
    |grp_fu_1872_p2              |     -    |      0|  0|   39|           1|          32|
    |grp_fu_1888_p2              |     -    |      0|  0|   15|           1|           6|
    |sub_ln248_100_fu_5816_p2    |     -    |      0|  0|   39|           1|          32|
    |sub_ln248_101_fu_5834_p2    |     -    |      0|  0|   17|           1|          10|
    |sub_ln248_102_fu_5921_p2    |     -    |      0|  0|   39|           1|          32|
    |sub_ln248_103_fu_5939_p2    |     -    |      0|  0|   17|           1|          10|
    |sub_ln248_104_fu_6112_p2    |     -    |      0|  0|   39|           1|          32|
    |sub_ln248_105_fu_6130_p2    |     -    |      0|  0|   17|           1|          10|
    |sub_ln248_106_fu_6217_p2    |     -    |      0|  0|   39|           1|          32|
    |sub_ln248_107_fu_6235_p2    |     -    |      0|  0|   17|           1|          10|
    |sub_ln248_108_fu_6322_p2    |     -    |      0|  0|   39|           1|          32|
    |sub_ln248_109_fu_6340_p2    |     -    |      0|  0|   17|           1|          10|
    |sub_ln248_10_fu_2202_p2     |     -    |      0|  0|   17|           1|          10|
    |sub_ln248_110_fu_6427_p2    |     -    |      0|  0|   39|           1|          32|
    |sub_ln248_111_fu_6445_p2    |     -    |      0|  0|   17|           1|          10|
    |sub_ln248_112_fu_6654_p2    |     -    |      0|  0|   39|           1|          32|
    |sub_ln248_113_fu_6672_p2    |     -    |      0|  0|   17|           1|          10|
    |sub_ln248_114_fu_6759_p2    |     -    |      0|  0|   39|           1|          32|
    |sub_ln248_115_fu_6777_p2    |     -    |      0|  0|   17|           1|          10|
    |sub_ln248_116_fu_6864_p2    |     -    |      0|  0|   39|           1|          32|
    |sub_ln248_117_fu_6882_p2    |     -    |      0|  0|   17|           1|          10|
    |sub_ln248_118_fu_6969_p2    |     -    |      0|  0|   39|           1|          32|
    |sub_ln248_119_fu_6987_p2    |     -    |      0|  0|   17|           1|          10|
    |sub_ln248_11_fu_2598_p2     |     -    |      0|  0|   15|           1|           6|
    |sub_ln248_13_fu_2703_p2     |     -    |      0|  0|   15|           1|           6|
    |sub_ln248_14_fu_2052_p2     |     -    |      0|  0|   17|           1|          10|
    |sub_ln248_15_fu_2808_p2     |     -    |      0|  0|   15|           1|           6|
    |sub_ln248_16_fu_2443_p2     |     -    |      0|  0|   39|           1|          32|
    |sub_ln248_17_fu_3031_p2     |     -    |      0|  0|   15|           1|           6|
    |sub_ln248_18_fu_2461_p2     |     -    |      0|  0|   17|           1|          10|
    |sub_ln248_19_fu_3136_p2     |     -    |      0|  0|   15|           1|           6|
    |sub_ln248_20_fu_2548_p2     |     -    |      0|  0|   39|           1|          32|
    |sub_ln248_21_fu_3241_p2     |     -    |      0|  0|   15|           1|           6|
    |sub_ln248_22_fu_2566_p2     |     -    |      0|  0|   17|           1|          10|
    |sub_ln248_23_fu_3346_p2     |     -    |      0|  0|   15|           1|           6|
    |sub_ln248_24_fu_2653_p2     |     -    |      0|  0|   39|           1|          32|
    |sub_ln248_25_fu_3557_p2     |     -    |      0|  0|   15|           1|           6|
    |sub_ln248_26_fu_2671_p2     |     -    |      0|  0|   17|           1|          10|
    |sub_ln248_27_fu_3662_p2     |     -    |      0|  0|   15|           1|           6|
    |sub_ln248_28_fu_2758_p2     |     -    |      0|  0|   39|           1|          32|
    |sub_ln248_29_fu_3767_p2     |     -    |      0|  0|   15|           1|           6|
    |sub_ln248_2_fu_1977_p2      |     -    |      0|  0|   17|           1|          10|
    |sub_ln248_30_fu_2776_p2     |     -    |      0|  0|   17|           1|          10|
    |sub_ln248_31_fu_3872_p2     |     -    |      0|  0|   15|           1|           6|
    |sub_ln248_32_fu_2981_p2     |     -    |      0|  0|   39|           1|          32|
    |sub_ln248_33_fu_4063_p2     |     -    |      0|  0|   15|           1|           6|
    |sub_ln248_34_fu_2999_p2     |     -    |      0|  0|   17|           1|          10|
    |sub_ln248_35_fu_4168_p2     |     -    |      0|  0|   15|           1|           6|
    |sub_ln248_36_fu_3086_p2     |     -    |      0|  0|   39|           1|          32|
    |sub_ln248_37_fu_4273_p2     |     -    |      0|  0|   15|           1|           6|
    |sub_ln248_38_fu_3104_p2     |     -    |      0|  0|   17|           1|          10|
    |sub_ln248_39_fu_4378_p2     |     -    |      0|  0|   15|           1|           6|
    |sub_ln248_40_fu_3191_p2     |     -    |      0|  0|   39|           1|          32|
    |sub_ln248_41_fu_4604_p2     |     -    |      0|  0|   15|           1|           6|
    |sub_ln248_42_fu_3209_p2     |     -    |      0|  0|   17|           1|          10|
    |sub_ln248_43_fu_4709_p2     |     -    |      0|  0|   15|           1|           6|
    |sub_ln248_44_fu_3296_p2     |     -    |      0|  0|   39|           1|          32|
    |sub_ln248_45_fu_4814_p2     |     -    |      0|  0|   15|           1|           6|
    |sub_ln248_46_fu_3314_p2     |     -    |      0|  0|   17|           1|          10|
    |sub_ln248_47_fu_4919_p2     |     -    |      0|  0|   15|           1|           6|
    |sub_ln248_48_fu_3507_p2     |     -    |      0|  0|   39|           1|          32|
    |sub_ln248_49_fu_5130_p2     |     -    |      0|  0|   15|           1|           6|
    |sub_ln248_50_fu_3525_p2     |     -    |      0|  0|   17|           1|          10|
    |sub_ln248_51_fu_5235_p2     |     -    |      0|  0|   15|           1|           6|
    |sub_ln248_52_fu_3612_p2     |     -    |      0|  0|   39|           1|          32|
    |sub_ln248_53_fu_5340_p2     |     -    |      0|  0|   15|           1|           6|
    |sub_ln248_54_fu_3630_p2     |     -    |      0|  0|   17|           1|          10|
    |sub_ln248_55_fu_5445_p2     |     -    |      0|  0|   15|           1|           6|
    |sub_ln248_56_fu_3717_p2     |     -    |      0|  0|   39|           1|          32|
    |sub_ln248_57_fu_5656_p2     |     -    |      0|  0|   15|           1|           6|
    |sub_ln248_58_fu_3735_p2     |     -    |      0|  0|   17|           1|          10|
    |sub_ln248_59_fu_5761_p2     |     -    |      0|  0|   15|           1|           6|
    |sub_ln248_60_fu_3822_p2     |     -    |      0|  0|   39|           1|          32|
    |sub_ln248_61_fu_5866_p2     |     -    |      0|  0|   15|           1|           6|
    |sub_ln248_62_fu_3840_p2     |     -    |      0|  0|   17|           1|          10|
    |sub_ln248_63_fu_5971_p2     |     -    |      0|  0|   15|           1|           6|
    |sub_ln248_64_fu_4013_p2     |     -    |      0|  0|   39|           1|          32|
    |sub_ln248_65_fu_6162_p2     |     -    |      0|  0|   15|           1|           6|
    |sub_ln248_66_fu_4031_p2     |     -    |      0|  0|   17|           1|          10|
    |sub_ln248_67_fu_6267_p2     |     -    |      0|  0|   15|           1|           6|
    |sub_ln248_68_fu_4118_p2     |     -    |      0|  0|   39|           1|          32|
    |sub_ln248_69_fu_6372_p2     |     -    |      0|  0|   15|           1|           6|
    |sub_ln248_6_fu_2127_p2      |     -    |      0|  0|   17|           1|          10|
    |sub_ln248_70_fu_4136_p2     |     -    |      0|  0|   17|           1|          10|
    |sub_ln248_71_fu_6477_p2     |     -    |      0|  0|   15|           1|           6|
    |sub_ln248_72_fu_4223_p2     |     -    |      0|  0|   39|           1|          32|
    |sub_ln248_73_fu_6704_p2     |     -    |      0|  0|   15|           1|           6|
    |sub_ln248_74_fu_4241_p2     |     -    |      0|  0|   17|           1|          10|
    |sub_ln248_75_fu_6809_p2     |     -    |      0|  0|   15|           1|           6|
    |sub_ln248_76_fu_4328_p2     |     -    |      0|  0|   39|           1|          32|
    |sub_ln248_77_fu_6914_p2     |     -    |      0|  0|   15|           1|           6|
    |sub_ln248_78_fu_4346_p2     |     -    |      0|  0|   17|           1|          10|
    |sub_ln248_79_fu_7019_p2     |     -    |      0|  0|   15|           1|           6|
    |sub_ln248_80_fu_4554_p2     |     -    |      0|  0|   39|           1|          32|
    |sub_ln248_81_fu_4572_p2     |     -    |      0|  0|   17|           1|          10|
    |sub_ln248_82_fu_4659_p2     |     -    |      0|  0|   39|           1|          32|
    |sub_ln248_83_fu_4677_p2     |     -    |      0|  0|   17|           1|          10|
    |sub_ln248_84_fu_4764_p2     |     -    |      0|  0|   39|           1|          32|
    |sub_ln248_85_fu_4782_p2     |     -    |      0|  0|   17|           1|          10|
    |sub_ln248_86_fu_4869_p2     |     -    |      0|  0|   39|           1|          32|
    |sub_ln248_87_fu_4887_p2     |     -    |      0|  0|   17|           1|          10|
    |sub_ln248_88_fu_5080_p2     |     -    |      0|  0|   39|           1|          32|
    |sub_ln248_89_fu_5098_p2     |     -    |      0|  0|   17|           1|          10|
    |sub_ln248_90_fu_5185_p2     |     -    |      0|  0|   39|           1|          32|
    |sub_ln248_91_fu_5203_p2     |     -    |      0|  0|   17|           1|          10|
    |sub_ln248_92_fu_5290_p2     |     -    |      0|  0|   39|           1|          32|
    |sub_ln248_93_fu_5308_p2     |     -    |      0|  0|   17|           1|          10|
    |sub_ln248_94_fu_5395_p2     |     -    |      0|  0|   39|           1|          32|
    |sub_ln248_95_fu_5413_p2     |     -    |      0|  0|   17|           1|          10|
    |sub_ln248_96_fu_5606_p2     |     -    |      0|  0|   39|           1|          32|
    |sub_ln248_97_fu_5624_p2     |     -    |      0|  0|   17|           1|          10|
    |sub_ln248_98_fu_5711_p2     |     -    |      0|  0|   39|           1|          32|
    |sub_ln248_99_fu_5729_p2     |     -    |      0|  0|   17|           1|          10|
    |sub_ln248_9_fu_2493_p2      |     -    |      0|  0|   15|           1|           6|
    |icmp_ln112_fu_7160_p2       |   icmp   |      0|  0|    9|           4|           4|
    |icmp_ln141_10_fu_8223_p2    |   icmp   |      0|  0|   20|          32|           8|
    |icmp_ln141_11_fu_8233_p2    |   icmp   |      0|  0|   20|          32|           8|
    |icmp_ln141_12_fu_8325_p2    |   icmp   |      0|  0|   20|          32|           5|
    |icmp_ln141_13_fu_8335_p2    |   icmp   |      0|  0|   20|          32|           7|
    |icmp_ln141_14_fu_8345_p2    |   icmp   |      0|  0|   20|          32|           4|
    |icmp_ln141_15_fu_8355_p2    |   icmp   |      0|  0|   20|          32|           6|
    |icmp_ln141_1_fu_8029_p2     |   icmp   |      0|  0|   20|          32|           6|
    |icmp_ln141_2_fu_8035_p2     |   icmp   |      0|  0|   20|          32|           8|
    |icmp_ln141_3_fu_8041_p2     |   icmp   |      0|  0|   20|          32|           5|
    |icmp_ln141_4_fu_8094_p2     |   icmp   |      0|  0|   20|          32|           2|
    |icmp_ln141_5_fu_8104_p2     |   icmp   |      0|  0|   20|          32|           8|
    |icmp_ln141_6_fu_8114_p2     |   icmp   |      0|  0|   20|          32|           4|
    |icmp_ln141_7_fu_8124_p2     |   icmp   |      0|  0|   20|          32|           8|
    |icmp_ln141_8_fu_8203_p2     |   icmp   |      0|  0|   20|          32|           8|
    |icmp_ln141_9_fu_8213_p2     |   icmp   |      0|  0|   20|          32|           5|
    |icmp_ln141_fu_8023_p2       |   icmp   |      0|  0|   20|          32|           6|
    |icmp_ln380_fu_7342_p2       |   icmp   |      0|  0|    9|           3|           4|
    |icmp_ln385_fu_7429_p2       |   icmp   |      0|  0|   20|          32|           9|
    |icmp_ln389_fu_7479_p2       |   icmp   |      0|  0|   20|          32|           9|
    |icmp_ln397_fu_7542_p2       |   icmp   |      0|  0|   20|          32|           9|
    |icmp_ln401_fu_7592_p2       |   icmp   |      0|  0|   20|          32|           9|
    |icmp_ln409_fu_7655_p2       |   icmp   |      0|  0|   20|          32|           9|
    |icmp_ln413_fu_7705_p2       |   icmp   |      0|  0|   20|          32|           9|
    |icmp_ln421_fu_7768_p2       |   icmp   |      0|  0|   20|          32|           9|
    |icmp_ln425_fu_7812_p2       |   icmp   |      0|  0|   20|          32|           9|
    |icmp_ln433_fu_7857_p2       |   icmp   |      0|  0|    9|           3|           4|
    |or_ln393_fu_7366_p2         |    or    |      0|  0|    3|           3|           1|
    |or_ln439_fu_7881_p2         |    or    |      0|  0|    3|           3|           1|
    |select_ln248_10_fu_2580_p3  |  select  |      0|  0|   10|           1|          10|
    |select_ln248_11_fu_2614_p3  |  select  |      0|  0|    6|           1|           6|
    |select_ln248_12_fu_2685_p3  |  select  |      0|  0|   10|           1|          10|
    |select_ln248_13_fu_2719_p3  |  select  |      0|  0|    6|           1|           6|
    |select_ln248_14_fu_2790_p3  |  select  |      0|  0|   10|           1|          10|
    |select_ln248_15_fu_2824_p3  |  select  |      0|  0|    6|           1|           6|
    |select_ln248_16_fu_3013_p3  |  select  |      0|  0|   10|           1|          10|
    |select_ln248_17_fu_3047_p3  |  select  |      0|  0|    6|           1|           6|
    |select_ln248_18_fu_3118_p3  |  select  |      0|  0|   10|           1|          10|
    |select_ln248_19_fu_3152_p3  |  select  |      0|  0|    6|           1|           6|
    |select_ln248_1_fu_2009_p3   |  select  |      0|  0|    6|           1|           6|
    |select_ln248_20_fu_3223_p3  |  select  |      0|  0|   10|           1|          10|
    |select_ln248_21_fu_3257_p3  |  select  |      0|  0|    6|           1|           6|
    |select_ln248_22_fu_3328_p3  |  select  |      0|  0|   10|           1|          10|
    |select_ln248_23_fu_3362_p3  |  select  |      0|  0|    6|           1|           6|
    |select_ln248_24_fu_3539_p3  |  select  |      0|  0|   10|           1|          10|
    |select_ln248_25_fu_3573_p3  |  select  |      0|  0|    6|           1|           6|
    |select_ln248_26_fu_3644_p3  |  select  |      0|  0|   10|           1|          10|
    |select_ln248_27_fu_3678_p3  |  select  |      0|  0|    6|           1|           6|
    |select_ln248_28_fu_3749_p3  |  select  |      0|  0|   10|           1|          10|
    |select_ln248_29_fu_3783_p3  |  select  |      0|  0|    6|           1|           6|
    |select_ln248_2_fu_2141_p3   |  select  |      0|  0|   10|           1|          10|
    |select_ln248_30_fu_3854_p3  |  select  |      0|  0|   10|           1|          10|
    |select_ln248_31_fu_3888_p3  |  select  |      0|  0|    6|           1|           6|
    |select_ln248_32_fu_4045_p3  |  select  |      0|  0|   10|           1|          10|
    |select_ln248_33_fu_4079_p3  |  select  |      0|  0|    6|           1|           6|
    |select_ln248_34_fu_4150_p3  |  select  |      0|  0|   10|           1|          10|
    |select_ln248_35_fu_4184_p3  |  select  |      0|  0|    6|           1|           6|
    |select_ln248_36_fu_4255_p3  |  select  |      0|  0|   10|           1|          10|
    |select_ln248_37_fu_4289_p3  |  select  |      0|  0|    6|           1|           6|
    |select_ln248_38_fu_4360_p3  |  select  |      0|  0|   10|           1|          10|
    |select_ln248_39_fu_4394_p3  |  select  |      0|  0|    6|           1|           6|
    |select_ln248_3_fu_2159_p3   |  select  |      0|  0|    6|           1|           6|
    |select_ln248_40_fu_4586_p3  |  select  |      0|  0|   10|           1|          10|
    |select_ln248_41_fu_4620_p3  |  select  |      0|  0|    6|           1|           6|
    |select_ln248_42_fu_4691_p3  |  select  |      0|  0|   10|           1|          10|
    |select_ln248_43_fu_4725_p3  |  select  |      0|  0|    6|           1|           6|
    |select_ln248_44_fu_4796_p3  |  select  |      0|  0|   10|           1|          10|
    |select_ln248_45_fu_4830_p3  |  select  |      0|  0|    6|           1|           6|
    |select_ln248_46_fu_4901_p3  |  select  |      0|  0|   10|           1|          10|
    |select_ln248_47_fu_4935_p3  |  select  |      0|  0|    6|           1|           6|
    |select_ln248_48_fu_5112_p3  |  select  |      0|  0|   10|           1|          10|
    |select_ln248_49_fu_5146_p3  |  select  |      0|  0|    6|           1|           6|
    |select_ln248_4_fu_2216_p3   |  select  |      0|  0|   10|           1|          10|
    |select_ln248_50_fu_5217_p3  |  select  |      0|  0|   10|           1|          10|
    |select_ln248_51_fu_5251_p3  |  select  |      0|  0|    6|           1|           6|
    |select_ln248_52_fu_5322_p3  |  select  |      0|  0|   10|           1|          10|
    |select_ln248_53_fu_5356_p3  |  select  |      0|  0|    6|           1|           6|
    |select_ln248_54_fu_5427_p3  |  select  |      0|  0|   10|           1|          10|
    |select_ln248_55_fu_5461_p3  |  select  |      0|  0|    6|           1|           6|
    |select_ln248_56_fu_5638_p3  |  select  |      0|  0|   10|           1|          10|
    |select_ln248_57_fu_5672_p3  |  select  |      0|  0|    6|           1|           6|
    |select_ln248_58_fu_5743_p3  |  select  |      0|  0|   10|           1|          10|
    |select_ln248_59_fu_5777_p3  |  select  |      0|  0|    6|           1|           6|
    |select_ln248_5_fu_2234_p3   |  select  |      0|  0|    6|           1|           6|
    |select_ln248_60_fu_5848_p3  |  select  |      0|  0|   10|           1|          10|
    |select_ln248_61_fu_5882_p3  |  select  |      0|  0|    6|           1|           6|
    |select_ln248_62_fu_5953_p3  |  select  |      0|  0|   10|           1|          10|
    |select_ln248_63_fu_5987_p3  |  select  |      0|  0|    6|           1|           6|
    |select_ln248_64_fu_6144_p3  |  select  |      0|  0|   10|           1|          10|
    |select_ln248_65_fu_6178_p3  |  select  |      0|  0|    6|           1|           6|
    |select_ln248_66_fu_6249_p3  |  select  |      0|  0|   10|           1|          10|
    |select_ln248_67_fu_6283_p3  |  select  |      0|  0|    6|           1|           6|
    |select_ln248_68_fu_6354_p3  |  select  |      0|  0|   10|           1|          10|
    |select_ln248_69_fu_6388_p3  |  select  |      0|  0|    6|           1|           6|
    |select_ln248_6_fu_2066_p3   |  select  |      0|  0|   10|           1|          10|
    |select_ln248_70_fu_6459_p3  |  select  |      0|  0|   10|           1|          10|
    |select_ln248_71_fu_6493_p3  |  select  |      0|  0|    6|           1|           6|
    |select_ln248_72_fu_6686_p3  |  select  |      0|  0|   10|           1|          10|
    |select_ln248_73_fu_6720_p3  |  select  |      0|  0|    6|           1|           6|
    |select_ln248_74_fu_6791_p3  |  select  |      0|  0|   10|           1|          10|
    |select_ln248_75_fu_6825_p3  |  select  |      0|  0|    6|           1|           6|
    |select_ln248_76_fu_6896_p3  |  select  |      0|  0|   10|           1|          10|
    |select_ln248_77_fu_6930_p3  |  select  |      0|  0|    6|           1|           6|
    |select_ln248_78_fu_7001_p3  |  select  |      0|  0|   10|           1|          10|
    |select_ln248_79_fu_7035_p3  |  select  |      0|  0|    6|           1|           6|
    |select_ln248_7_fu_2084_p3   |  select  |      0|  0|    6|           1|           6|
    |select_ln248_8_fu_2475_p3   |  select  |      0|  0|   10|           1|          10|
    |select_ln248_9_fu_2509_p3   |  select  |      0|  0|    6|           1|           6|
    |select_ln248_fu_1991_p3     |  select  |      0|  0|   10|           1|          10|
    |select_ln385_fu_7441_p3     |  select  |      0|  0|   32|           1|          32|
    |select_ln389_fu_7491_p3     |  select  |      0|  0|   32|           1|          32|
    |select_ln397_fu_7554_p3     |  select  |      0|  0|   32|           1|          32|
    |select_ln401_fu_7604_p3     |  select  |      0|  0|   32|           1|          32|
    |select_ln409_fu_7667_p3     |  select  |      0|  0|   32|           1|          32|
    |select_ln413_fu_7717_p3     |  select  |      0|  0|   32|           1|          32|
    |select_ln421_fu_7780_p3     |  select  |      0|  0|   32|           1|          32|
    |select_ln425_fu_7824_p3     |  select  |      0|  0|   32|           1|          32|
    |grp_fu_1894_p2              |    xor   |      0|  0|   32|          32|          32|
    |grp_fu_1900_p2              |    xor   |      0|  0|   32|          32|          32|
    |ret_0_d0                    |    xor   |      0|  0|   32|          32|          32|
    |ret_0_d1                    |    xor   |      0|  0|   32|          32|          32|
    |ret_1_d0                    |    xor   |      0|  0|   32|          32|          32|
    |ret_1_d1                    |    xor   |      0|  0|   32|          32|          32|
    |x_1_fu_7455_p2              |    xor   |      0|  0|   32|          32|          32|
    |x_3_fu_7568_p2              |    xor   |      0|  0|   32|          32|          32|
    |x_5_fu_7681_p2              |    xor   |      0|  0|   32|          32|          32|
    |x_7_fu_7788_p2              |    xor   |      0|  0|   32|          32|          32|
    |xor_ln154_1_fu_3915_p2      |    xor   |      0|  0|    8|           4|           8|
    |xor_ln154_2_fu_4962_p2      |    xor   |      0|  0|    8|           6|           8|
    |xor_ln154_3_fu_6014_p2      |    xor   |      0|  0|    9|           9|           8|
    |xor_ln154_4_fu_7062_p2      |    xor   |      0|  0|    8|           6|           8|
    |xor_ln154_fu_2863_p2        |    xor   |      0|  0|    8|           2|           8|
    |xor_ln173_100_fu_5539_p2    |    xor   |      0|  0|   32|          32|          32|
    |xor_ln173_101_fu_5544_p2    |    xor   |      0|  0|   32|          32|          32|
    |xor_ln173_102_fu_5549_p2    |    xor   |      0|  0|   32|          32|          32|
    |xor_ln173_103_fu_5554_p2    |    xor   |      0|  0|   32|          32|          32|
    |xor_ln173_104_fu_5534_p2    |    xor   |      0|  0|   32|          32|          32|
    |xor_ln173_105_fu_5559_p2    |    xor   |      0|  0|   32|          32|          32|
    |xor_ln173_106_fu_5564_p2    |    xor   |      0|  0|   32|          32|          32|
    |xor_ln173_107_fu_5569_p2    |    xor   |      0|  0|   32|          32|          32|
    |xor_ln173_108_fu_5574_p2    |    xor   |      0|  0|   32|          32|          32|
    |xor_ln173_109_fu_5579_p2    |    xor   |      0|  0|   32|          32|          32|
    |xor_ln173_10_fu_2369_p2     |    xor   |      0|  0|   32|          32|          32|
    |xor_ln173_110_fu_5584_p2    |    xor   |      0|  0|   32|          32|          32|
    |xor_ln173_111_fu_5589_p2    |    xor   |      0|  0|   32|          32|          32|
    |xor_ln173_112_fu_6036_p2    |    xor   |      0|  0|   32|          32|          32|
    |xor_ln173_113_fu_6042_p2    |    xor   |      0|  0|   32|          32|          32|
    |xor_ln173_114_fu_6048_p2    |    xor   |      0|  0|   32|          32|          32|
    |xor_ln173_115_fu_6054_p2    |    xor   |      0|  0|   32|          32|          32|
    |xor_ln173_116_fu_6060_p2    |    xor   |      0|  0|   32|          32|          32|
    |xor_ln173_117_fu_6065_p2    |    xor   |      0|  0|   32|          32|          32|
    |xor_ln173_118_fu_6070_p2    |    xor   |      0|  0|   32|          32|          32|
    |xor_ln173_119_fu_6075_p2    |    xor   |      0|  0|   32|          32|          32|
    |xor_ln173_11_fu_2375_p2     |    xor   |      0|  0|   32|          32|          32|
    |xor_ln173_120_fu_6562_p2    |    xor   |      0|  0|   32|          32|          32|
    |xor_ln173_121_fu_6567_p2    |    xor   |      0|  0|   32|          32|          32|
    |xor_ln173_122_fu_6572_p2    |    xor   |      0|  0|   32|          32|          32|
    |xor_ln173_123_fu_6577_p2    |    xor   |      0|  0|   32|          32|          32|
    |xor_ln173_124_fu_6080_p2    |    xor   |      0|  0|   32|          32|          32|
    |xor_ln173_125_fu_6085_p2    |    xor   |      0|  0|   32|          32|          32|
    |xor_ln173_126_fu_6090_p2    |    xor   |      0|  0|   32|          32|          32|
    |xor_ln173_127_fu_6095_p2    |    xor   |      0|  0|   32|          32|          32|
    |xor_ln173_128_fu_6541_p2    |    xor   |      0|  0|   32|          32|          32|
    |xor_ln173_129_fu_6547_p2    |    xor   |      0|  0|   32|          32|          32|
    |xor_ln173_12_fu_2411_p2     |    xor   |      0|  0|   32|          32|          32|
    |xor_ln173_130_fu_6552_p2    |    xor   |      0|  0|   32|          32|          32|
    |xor_ln173_131_fu_6557_p2    |    xor   |      0|  0|   32|          32|          32|
    |xor_ln173_132_fu_6582_p2    |    xor   |      0|  0|   32|          32|          32|
    |xor_ln173_133_fu_6587_p2    |    xor   |      0|  0|   32|          32|          32|
    |xor_ln173_134_fu_6592_p2    |    xor   |      0|  0|   32|          32|          32|
    |xor_ln173_135_fu_6597_p2    |    xor   |      0|  0|   32|          32|          32|
    |xor_ln173_136_fu_6602_p2    |    xor   |      0|  0|   32|          32|          32|
    |xor_ln173_137_fu_6607_p2    |    xor   |      0|  0|   32|          32|          32|
    |xor_ln173_138_fu_6612_p2    |    xor   |      0|  0|   32|          32|          32|
    |xor_ln173_139_fu_6617_p2    |    xor   |      0|  0|   32|          32|          32|
    |xor_ln173_13_fu_2416_p2     |    xor   |      0|  0|   32|          32|          32|
    |xor_ln173_140_fu_6622_p2    |    xor   |      0|  0|   32|          32|          32|
    |xor_ln173_141_fu_6627_p2    |    xor   |      0|  0|   32|          32|          32|
    |xor_ln173_142_fu_6632_p2    |    xor   |      0|  0|   32|          32|          32|
    |xor_ln173_143_fu_6637_p2    |    xor   |      0|  0|   32|          32|          32|
    |xor_ln173_144_fu_7084_p2    |    xor   |      0|  0|   32|          32|          32|
    |xor_ln173_145_fu_7090_p2    |    xor   |      0|  0|   32|          32|          32|
    |xor_ln173_146_fu_7096_p2    |    xor   |      0|  0|   32|          32|          32|
    |xor_ln173_147_fu_7102_p2    |    xor   |      0|  0|   32|          32|          32|
    |xor_ln173_148_fu_7108_p2    |    xor   |      0|  0|   32|          32|          32|
    |xor_ln173_149_fu_7113_p2    |    xor   |      0|  0|   32|          32|          32|
    |xor_ln173_14_fu_2421_p2     |    xor   |      0|  0|   32|          32|          32|
    |xor_ln173_150_fu_7118_p2    |    xor   |      0|  0|   32|          32|          32|
    |xor_ln173_151_fu_7123_p2    |    xor   |      0|  0|   32|          32|          32|
    |xor_ln173_152_fu_7128_p2    |    xor   |      0|  0|   32|          32|          32|
    |xor_ln173_153_fu_7132_p2    |    xor   |      0|  0|   32|          32|          32|
    |xor_ln173_154_fu_7136_p2    |    xor   |      0|  0|   32|          32|          32|
    |xor_ln173_155_fu_7140_p2    |    xor   |      0|  0|   32|          32|          32|
    |xor_ln173_156_fu_7144_p2    |    xor   |      0|  0|   32|          32|          32|
    |xor_ln173_157_fu_7148_p2    |    xor   |      0|  0|   32|          32|          32|
    |xor_ln173_158_fu_7152_p2    |    xor   |      0|  0|   32|          32|          32|
    |xor_ln173_159_fu_7156_p2    |    xor   |      0|  0|   32|          32|          32|
    |xor_ln173_15_fu_2426_p2     |    xor   |      0|  0|   32|          32|          32|
    |xor_ln173_160_fu_2269_p2    |    xor   |      0|  0|   32|          32|           1|
    |xor_ln173_161_fu_3405_p2    |    xor   |      0|  0|   32|          32|           3|
    |xor_ln173_162_fu_4437_p2    |    xor   |      0|  0|   32|          32|           5|
    |xor_ln173_163_fu_5504_p2    |    xor   |      0|  0|   32|          32|           7|
    |xor_ln173_164_fu_6536_p2    |    xor   |      0|  0|   32|          32|           5|
    |xor_ln173_16_fu_2885_p2     |    xor   |      0|  0|   32|          32|          32|
    |xor_ln173_17_fu_2891_p2     |    xor   |      0|  0|   32|          32|          32|
    |xor_ln173_18_fu_2897_p2     |    xor   |      0|  0|   32|          32|          32|
    |xor_ln173_19_fu_2903_p2     |    xor   |      0|  0|   32|          32|          32|
    |xor_ln173_1_fu_2282_p2      |    xor   |      0|  0|   32|          32|          32|
    |xor_ln173_20_fu_2909_p2     |    xor   |      0|  0|   32|          32|          32|
    |xor_ln173_21_fu_2914_p2     |    xor   |      0|  0|   32|          32|          32|
    |xor_ln173_22_fu_2919_p2     |    xor   |      0|  0|   32|          32|          32|
    |xor_ln173_23_fu_2924_p2     |    xor   |      0|  0|   32|          32|          32|
    |xor_ln173_24_fu_2929_p2     |    xor   |      0|  0|   32|          32|          32|
    |xor_ln173_25_fu_2934_p2     |    xor   |      0|  0|   32|          32|          32|
    |xor_ln173_26_fu_2939_p2     |    xor   |      0|  0|   32|          32|          32|
    |xor_ln173_27_fu_2944_p2     |    xor   |      0|  0|   32|          32|          32|
    |xor_ln173_28_fu_2949_p2     |    xor   |      0|  0|   32|          32|          32|
    |xor_ln173_29_fu_2954_p2     |    xor   |      0|  0|   32|          32|          32|
    |xor_ln173_2_fu_2297_p2      |    xor   |      0|  0|   32|          32|          32|
    |xor_ln173_30_fu_2959_p2     |    xor   |      0|  0|   32|          32|          32|
    |xor_ln173_31_fu_2964_p2     |    xor   |      0|  0|   32|          32|          32|
    |xor_ln173_32_fu_3410_p2     |    xor   |      0|  0|   32|          32|          32|
    |xor_ln173_33_fu_3417_p2     |    xor   |      0|  0|   32|          32|          32|
    |xor_ln173_34_fu_3423_p2     |    xor   |      0|  0|   32|          32|          32|
    |xor_ln173_35_fu_3429_p2     |    xor   |      0|  0|   32|          32|          32|
    |xor_ln173_36_fu_3440_p2     |    xor   |      0|  0|   32|          32|          32|
    |xor_ln173_37_fu_3445_p2     |    xor   |      0|  0|   32|          32|          32|
    |xor_ln173_38_fu_3450_p2     |    xor   |      0|  0|   32|          32|          32|
    |xor_ln173_39_fu_3455_p2     |    xor   |      0|  0|   32|          32|          32|
    |xor_ln173_3_fu_2304_p2      |    xor   |      0|  0|   32|          32|          32|
    |xor_ln173_40_fu_3460_p2     |    xor   |      0|  0|   32|          32|          32|
    |xor_ln173_41_fu_3465_p2     |    xor   |      0|  0|   32|          32|          32|
    |xor_ln173_42_fu_3435_p2     |    xor   |      0|  0|   32|          32|          32|
    |xor_ln173_43_fu_3470_p2     |    xor   |      0|  0|   32|          32|          32|
    |xor_ln173_44_fu_3475_p2     |    xor   |      0|  0|   32|          32|          32|
    |xor_ln173_45_fu_3480_p2     |    xor   |      0|  0|   32|          32|          32|
    |xor_ln173_46_fu_3485_p2     |    xor   |      0|  0|   32|          32|          32|
    |xor_ln173_47_fu_3490_p2     |    xor   |      0|  0|   32|          32|          32|
    |xor_ln173_48_fu_3937_p2     |    xor   |      0|  0|   32|          32|          32|
    |xor_ln173_49_fu_3943_p2     |    xor   |      0|  0|   32|          32|          32|
    |xor_ln173_4_fu_2311_p2      |    xor   |      0|  0|   32|          32|          32|
    |xor_ln173_50_fu_3949_p2     |    xor   |      0|  0|   32|          32|          32|
    |xor_ln173_51_fu_3955_p2     |    xor   |      0|  0|   32|          32|          32|
    |xor_ln173_52_fu_3961_p2     |    xor   |      0|  0|   32|          32|          32|
    |xor_ln173_53_fu_3966_p2     |    xor   |      0|  0|   32|          32|          32|
    |xor_ln173_54_fu_3971_p2     |    xor   |      0|  0|   32|          32|          32|
    |xor_ln173_55_fu_3976_p2     |    xor   |      0|  0|   32|          32|          32|
    |xor_ln173_56_fu_4463_p2     |    xor   |      0|  0|   32|          32|          32|
    |xor_ln173_57_fu_4468_p2     |    xor   |      0|  0|   32|          32|          32|
    |xor_ln173_58_fu_4473_p2     |    xor   |      0|  0|   32|          32|          32|
    |xor_ln173_59_fu_4478_p2     |    xor   |      0|  0|   32|          32|          32|
    |xor_ln173_5_fu_2317_p2      |    xor   |      0|  0|   32|          32|          32|
    |xor_ln173_60_fu_3981_p2     |    xor   |      0|  0|   32|          32|          32|
    |xor_ln173_61_fu_3986_p2     |    xor   |      0|  0|   32|          32|          32|
    |xor_ln173_62_fu_3991_p2     |    xor   |      0|  0|   32|          32|          32|
    |xor_ln173_63_fu_3996_p2     |    xor   |      0|  0|   32|          32|          32|
    |xor_ln173_64_fu_4442_p2     |    xor   |      0|  0|   32|          32|          32|
    |xor_ln173_65_fu_4448_p2     |    xor   |      0|  0|   32|          32|          32|
    |xor_ln173_66_fu_4453_p2     |    xor   |      0|  0|   32|          32|          32|
    |xor_ln173_67_fu_4458_p2     |    xor   |      0|  0|   32|          32|          32|
    |xor_ln173_68_fu_4487_p2     |    xor   |      0|  0|   32|          32|          32|
    |xor_ln173_69_fu_4492_p2     |    xor   |      0|  0|   32|          32|          32|
    |xor_ln173_6_fu_2323_p2      |    xor   |      0|  0|   32|          32|          32|
    |xor_ln173_70_fu_4497_p2     |    xor   |      0|  0|   32|          32|          32|
    |xor_ln173_71_fu_4502_p2     |    xor   |      0|  0|   32|          32|          32|
    |xor_ln173_72_fu_4483_p2     |    xor   |      0|  0|   32|          32|          32|
    |xor_ln173_73_fu_4507_p2     |    xor   |      0|  0|   32|          32|          32|
    |xor_ln173_74_fu_4512_p2     |    xor   |      0|  0|   32|          32|          32|
    |xor_ln173_75_fu_4517_p2     |    xor   |      0|  0|   32|          32|          32|
    |xor_ln173_76_fu_4522_p2     |    xor   |      0|  0|   32|          32|          32|
    |xor_ln173_77_fu_4527_p2     |    xor   |      0|  0|   32|          32|          32|
    |xor_ln173_78_fu_4532_p2     |    xor   |      0|  0|   32|          32|          32|
    |xor_ln173_79_fu_4537_p2     |    xor   |      0|  0|   32|          32|          32|
    |xor_ln173_7_fu_2329_p2      |    xor   |      0|  0|   32|          32|          32|
    |xor_ln173_80_fu_4984_p2     |    xor   |      0|  0|   32|          32|          32|
    |xor_ln173_81_fu_4990_p2     |    xor   |      0|  0|   32|          32|          32|
    |xor_ln173_82_fu_4996_p2     |    xor   |      0|  0|   32|          32|          32|
    |xor_ln173_83_fu_5002_p2     |    xor   |      0|  0|   32|          32|          32|
    |xor_ln173_84_fu_5008_p2     |    xor   |      0|  0|   32|          32|          32|
    |xor_ln173_85_fu_5013_p2     |    xor   |      0|  0|   32|          32|          32|
    |xor_ln173_86_fu_5018_p2     |    xor   |      0|  0|   32|          32|          32|
    |xor_ln173_87_fu_5023_p2     |    xor   |      0|  0|   32|          32|          32|
    |xor_ln173_88_fu_5028_p2     |    xor   |      0|  0|   32|          32|          32|
    |xor_ln173_89_fu_5033_p2     |    xor   |      0|  0|   32|          32|          32|
    |xor_ln173_8_fu_2335_p2      |    xor   |      0|  0|   32|          32|          32|
    |xor_ln173_90_fu_5038_p2     |    xor   |      0|  0|   32|          32|          32|
    |xor_ln173_91_fu_5043_p2     |    xor   |      0|  0|   32|          32|          32|
    |xor_ln173_92_fu_5048_p2     |    xor   |      0|  0|   32|          32|          32|
    |xor_ln173_93_fu_5053_p2     |    xor   |      0|  0|   32|          32|          32|
    |xor_ln173_94_fu_5058_p2     |    xor   |      0|  0|   32|          32|          32|
    |xor_ln173_95_fu_5063_p2     |    xor   |      0|  0|   32|          32|          32|
    |xor_ln173_96_fu_5509_p2     |    xor   |      0|  0|   32|          32|          32|
    |xor_ln173_97_fu_5516_p2     |    xor   |      0|  0|   32|          32|          32|
    |xor_ln173_98_fu_5522_p2     |    xor   |      0|  0|   32|          32|          32|
    |xor_ln173_99_fu_5528_p2     |    xor   |      0|  0|   32|          32|          32|
    |xor_ln173_9_fu_2341_p2      |    xor   |      0|  0|   32|          32|          32|
    |xor_ln173_fu_2275_p2        |    xor   |      0|  0|   32|          32|          32|
    |xor_ln386_fu_7435_p2        |    xor   |      0|  0|   32|          32|           9|
    |xor_ln390_fu_7485_p2        |    xor   |      0|  0|   32|          32|           9|
    |xor_ln393_1_fu_7505_p2      |    xor   |      0|  0|   32|          32|          32|
    |xor_ln393_3_fu_7511_p2      |    xor   |      0|  0|   32|          32|          32|
    |xor_ln393_fu_7499_p2        |    xor   |      0|  0|   32|          32|          32|
    |xor_ln398_fu_7548_p2        |    xor   |      0|  0|   32|          32|           9|
    |xor_ln402_fu_7598_p2        |    xor   |      0|  0|   32|          32|           9|
    |xor_ln405_1_fu_7618_p2      |    xor   |      0|  0|   32|          32|          32|
    |xor_ln405_3_fu_7624_p2      |    xor   |      0|  0|   32|          32|          32|
    |xor_ln405_fu_7612_p2        |    xor   |      0|  0|   32|          32|          32|
    |xor_ln410_fu_7661_p2        |    xor   |      0|  0|   32|          32|           9|
    |xor_ln414_fu_7711_p2        |    xor   |      0|  0|   32|          32|           9|
    |xor_ln417_1_fu_7731_p2      |    xor   |      0|  0|   32|          32|          32|
    |xor_ln417_3_fu_7737_p2      |    xor   |      0|  0|   32|          32|          32|
    |xor_ln417_fu_7725_p2        |    xor   |      0|  0|   32|          32|          32|
    |xor_ln422_fu_7774_p2        |    xor   |      0|  0|   32|          32|           9|
    |xor_ln426_fu_7818_p2        |    xor   |      0|  0|   32|          32|           9|
    |xor_ln429_1_fu_7838_p2      |    xor   |      0|  0|   32|          32|          32|
    |xor_ln429_3_fu_7844_p2      |    xor   |      0|  0|   32|          32|          32|
    |xor_ln429_fu_7832_p2        |    xor   |      0|  0|   32|          32|          32|
    |xor_ln570_1_fu_2347_p2      |    xor   |      0|  0|   32|          32|          32|
    |xor_ln570_2_fu_2359_p2      |    xor   |      0|  0|   32|          32|          32|
    |xor_ln570_3_fu_2401_p2      |    xor   |      0|  0|   32|          32|          32|
    |xor_ln570_4_fu_7995_p2      |    xor   |      0|  0|   32|          32|          32|
    |xor_ln570_5_fu_8063_p2      |    xor   |      0|  0|   32|          32|          32|
    |xor_ln570_6_fu_8172_p2      |    xor   |      0|  0|   32|          32|          32|
    |xor_ln570_7_fu_8281_p2      |    xor   |      0|  0|   32|          32|          32|
    |xor_ln571_1_fu_2353_p2      |    xor   |      0|  0|   32|          32|          32|
    |xor_ln571_2_fu_2364_p2      |    xor   |      0|  0|   32|          32|          32|
    |xor_ln571_3_fu_2406_p2      |    xor   |      0|  0|   32|          32|          32|
    |xor_ln571_4_fu_8002_p2      |    xor   |      0|  0|   32|          32|          32|
    |xor_ln571_5_fu_8070_p2      |    xor   |      0|  0|   32|          32|          32|
    |xor_ln571_6_fu_8179_p2      |    xor   |      0|  0|   32|          32|          32|
    |xor_ln571_7_fu_8288_p2      |    xor   |      0|  0|   32|          32|          32|
    |xor_ln572_1_fu_2381_p2      |    xor   |      0|  0|   32|          32|          32|
    |xor_ln572_2_fu_2391_p2      |    xor   |      0|  0|   32|          32|          32|
    |xor_ln572_3_fu_2851_p2      |    xor   |      0|  0|   32|          32|          32|
    |xor_ln572_4_fu_8009_p2      |    xor   |      0|  0|   32|          32|          32|
    |xor_ln572_5_fu_8077_p2      |    xor   |      0|  0|   32|          32|          32|
    |xor_ln572_6_fu_8186_p2      |    xor   |      0|  0|   32|          32|          32|
    |xor_ln572_7_fu_8295_p2      |    xor   |      0|  0|   32|          32|          32|
    |xor_ln573_1_fu_2386_p2      |    xor   |      0|  0|   32|          32|          32|
    |xor_ln573_2_fu_2396_p2      |    xor   |      0|  0|   32|          32|          32|
    |xor_ln573_3_fu_2857_p2      |    xor   |      0|  0|   32|          32|          32|
    |xor_ln573_4_fu_8016_p2      |    xor   |      0|  0|   32|          32|          32|
    |xor_ln573_5_fu_8084_p2      |    xor   |      0|  0|   32|          32|          32|
    |xor_ln573_6_fu_8193_p2      |    xor   |      0|  0|   32|          32|          32|
    |xor_ln573_7_fu_8302_p2      |    xor   |      0|  0|   32|          32|          32|
    +----------------------------+----------+-------+---+-----+------------+------------+
    |Total                       |          |      0|  0|12378|        8757|       10378|
    +----------------------------+----------+-------+---+-----+------------+------------+

    * Multiplexer: 
    +--------------------+-----+-----------+-----+-----------+
    |        Name        | LUT | Input Size| Bits| Total Bits|
    +--------------------+-----+-----------+-----+-----------+
    |Sbox_address0       |   97|         20|    8|        160|
    |Sbox_address1       |   97|         20|    8|        160|
    |Sbox_address2       |   89|         18|    8|        144|
    |Sbox_address3       |   89|         18|    8|        144|
    |ap_NS_fsm           |  297|         66|    1|         66|
    |j_0_i16_reg_1812    |    9|          2|    3|          6|
    |j_1_i21_reg_1823    |    9|          2|    3|          6|
    |key_0_address0      |   44|          9|    4|         36|
    |key_0_address1      |   44|          9|    4|         36|
    |main_result_o       |    9|          2|   32|         64|
    |n_assign_reg_1800   |    9|          2|    4|          8|
    |reg_1906            |    9|          2|    8|         16|
    |reg_1911            |    9|          2|    8|         16|
    |reg_1916            |    9|          2|   32|         64|
    |reg_1921            |    9|          2|   32|         64|
    |reg_1926            |    9|          2|    8|         16|
    |reg_1931            |   15|          3|    8|         24|
    |reg_1937            |   15|          3|    8|         24|
    |ret_0_address0      |   15|          3|    4|         12|
    |ret_0_address1      |   15|          3|    4|         12|
    |ret_1_address0      |   15|          3|    4|         12|
    |ret_1_address1      |   15|          3|    4|         12|
    |statemt_0_address0  |   62|         15|    4|         60|
    |statemt_0_address1  |   59|         14|    4|         56|
    |statemt_0_d0        |   56|         13|   32|        416|
    |statemt_0_d1        |   62|         15|   32|        480|
    |statemt_1_address0  |   62|         15|    4|         60|
    |statemt_1_address1  |   59|         14|    4|         56|
    |statemt_1_d0        |   56|         13|   32|        416|
    |statemt_1_d1        |   62|         15|   32|        480|
    |word_0_address0     |  205|         47|    8|        376|
    |word_0_address1     |  197|         45|    8|        360|
    |word_0_d0           |  193|         44|   32|       1408|
    |word_0_d1           |  177|         40|   32|       1280|
    |word_1_address0     |  205|         47|    8|        376|
    |word_1_address1     |  197|         45|    8|        360|
    |word_1_d0           |  193|         44|   32|       1408|
    |word_1_d1           |  177|         40|   32|       1280|
    +--------------------+-----+-----------+-----+-----------+
    |Total               | 2950|        662|  507|       9974|
    +--------------------+-----+-----------+-----+-----------+

    * Register: 
    +---------------------------+----+----+-----+-----------+
    |            Name           | FF | LUT| Bits| Const Bits|
    +---------------------------+----+----+-----+-----------+
    |add_ln141_5_reg_9950       |   3|   0|    3|          0|
    |add_ln141_9_reg_9960       |   3|   0|    3|          0|
    |ap_CS_fsm                  |  65|   0|   65|          0|
    |icmp_ln141_11_reg_9955     |   1|   0|    1|          0|
    |icmp_ln141_1_reg_9930      |   1|   0|    1|          0|
    |icmp_ln141_2_reg_9935      |   1|   0|    1|          0|
    |icmp_ln141_3_reg_9940      |   1|   0|    1|          0|
    |icmp_ln141_7_reg_9945      |   1|   0|    1|          0|
    |icmp_ln141_reg_9925        |   1|   0|    1|          0|
    |j_0_i16_reg_1812           |   3|   0|    3|          0|
    |j_1_i21_reg_1823           |   3|   0|    3|          0|
    |j_1_reg_9743               |   3|   0|    3|          0|
    |j_reg_9803                 |   3|   0|    3|          0|
    |key_0_load_12_reg_8467     |  32|   0|   32|          0|
    |key_0_load_13_reg_8475     |  32|   0|   32|          0|
    |key_0_load_14_reg_8519     |  32|   0|   32|          0|
    |key_0_load_15_reg_8527     |  32|   0|   32|          0|
    |key_0_load_4_reg_8662      |  32|   0|   32|          0|
    |key_0_load_5_reg_8668      |  32|   0|   32|          0|
    |key_0_load_6_reg_8737      |  32|   0|   32|          0|
    |key_0_load_7_reg_8743      |  32|   0|   32|          0|
    |n_assign_reg_1800          |   4|   0|    4|          0|
    |reg_1906                   |   8|   0|    8|          0|
    |reg_1911                   |   8|   0|    8|          0|
    |reg_1916                   |  32|   0|   32|          0|
    |reg_1921                   |  32|   0|   32|          0|
    |reg_1926                   |   8|   0|    8|          0|
    |reg_1931                   |   8|   0|    8|          0|
    |reg_1937                   |   8|   0|    8|          0|
    |reg_1943                   |   8|   0|    8|          0|
    |reg_1947                   |   8|   0|    8|          0|
    |reg_1951                   |   8|   0|    8|          0|
    |statemt_0_load_2_reg_8694  |  32|   0|   32|          0|
    |statemt_0_load_3_reg_8704  |  32|   0|   32|          0|
    |statemt_0_load_4_reg_8769  |  32|   0|   32|          0|
    |statemt_0_load_5_reg_8779  |  32|   0|   32|          0|
    |statemt_1_load_3_reg_8699  |  32|   0|   32|          0|
    |statemt_1_load_4_reg_8709  |  32|   0|   32|          0|
    |statemt_1_load_5_reg_8774  |  32|   0|   32|          0|
    |statemt_1_load_6_reg_8784  |  32|   0|   32|          0|
    |xor_ln173_104_reg_9359     |  32|   0|   32|          0|
    |xor_ln173_105_reg_9367     |  32|   0|   32|          0|
    |xor_ln173_106_reg_9374     |  32|   0|   32|          0|
    |xor_ln173_107_reg_9381     |  32|   0|   32|          0|
    |xor_ln173_10_reg_8835      |  32|   0|   32|          0|
    |xor_ln173_112_reg_9408     |  32|   0|   32|          0|
    |xor_ln173_113_reg_9413     |  32|   0|   32|          0|
    |xor_ln173_114_reg_9418     |  32|   0|   32|          0|
    |xor_ln173_115_reg_9423     |  32|   0|   32|          0|
    |xor_ln173_116_reg_9428     |  32|   0|   32|          0|
    |xor_ln173_117_reg_9436     |  32|   0|   32|          0|
    |xor_ln173_118_reg_9444     |  32|   0|   32|          0|
    |xor_ln173_119_reg_9452     |  32|   0|   32|          0|
    |xor_ln173_11_reg_8842      |  32|   0|   32|          0|
    |xor_ln173_124_reg_9460     |  32|   0|   32|          0|
    |xor_ln173_125_reg_9467     |  32|   0|   32|          0|
    |xor_ln173_126_reg_9474     |  32|   0|   32|          0|
    |xor_ln173_127_reg_9481     |  32|   0|   32|          0|
    |xor_ln173_128_reg_9508     |  32|   0|   32|          0|
    |xor_ln173_129_reg_9516     |  32|   0|   32|          0|
    |xor_ln173_130_reg_9524     |  32|   0|   32|          0|
    |xor_ln173_131_reg_9532     |  32|   0|   32|          0|
    |xor_ln173_136_reg_9540     |  32|   0|   32|          0|
    |xor_ln173_137_reg_9546     |  32|   0|   32|          0|
    |xor_ln173_138_reg_9552     |  32|   0|   32|          0|
    |xor_ln173_139_reg_9558     |  32|   0|   32|          0|
    |xor_ln173_148_reg_9584     |  32|   0|   32|          0|
    |xor_ln173_149_reg_9591     |  32|   0|   32|          0|
    |xor_ln173_150_reg_9598     |  32|   0|   32|          0|
    |xor_ln173_151_reg_9605     |  32|   0|   32|          0|
    |xor_ln173_152_reg_9612     |  32|   0|   32|          0|
    |xor_ln173_153_reg_9617     |  32|   0|   32|          0|
    |xor_ln173_154_reg_9622     |  32|   0|   32|          0|
    |xor_ln173_155_reg_9627     |  32|   0|   32|          0|
    |xor_ln173_156_reg_9632     |  32|   0|   32|          0|
    |xor_ln173_157_reg_9637     |  32|   0|   32|          0|
    |xor_ln173_158_reg_9642     |  32|   0|   32|          0|
    |xor_ln173_159_reg_9647     |  32|   0|   32|          0|
    |xor_ln173_16_reg_8879      |  32|   0|   32|          0|
    |xor_ln173_17_reg_8884      |  32|   0|   32|          0|
    |xor_ln173_18_reg_8889      |  32|   0|   32|          0|
    |xor_ln173_19_reg_8894      |  32|   0|   32|          0|
    |xor_ln173_1_reg_8567       |  32|   0|   32|          0|
    |xor_ln173_20_reg_8899      |  32|   0|   32|          0|
    |xor_ln173_21_reg_8908      |  32|   0|   32|          0|
    |xor_ln173_22_reg_8917      |  32|   0|   32|          0|
    |xor_ln173_23_reg_8926      |  32|   0|   32|          0|
    |xor_ln173_28_reg_8935      |  32|   0|   32|          0|
    |xor_ln173_29_reg_8940      |  32|   0|   32|          0|
    |xor_ln173_2_reg_8617       |  32|   0|   32|          0|
    |xor_ln173_30_reg_8945      |  32|   0|   32|          0|
    |xor_ln173_31_reg_8950      |  32|   0|   32|          0|
    |xor_ln173_32_reg_8975      |  32|   0|   32|          0|
    |xor_ln173_33_reg_8982      |  32|   0|   32|          0|
    |xor_ln173_34_reg_8989      |  32|   0|   32|          0|
    |xor_ln173_35_reg_8995      |  32|   0|   32|          0|
    |xor_ln173_3_reg_8623       |  32|   0|   32|          0|
    |xor_ln173_40_reg_9010      |  32|   0|   32|          0|
    |xor_ln173_41_reg_9017      |  32|   0|   32|          0|
    |xor_ln173_42_reg_9002      |  32|   0|   32|          0|
    |xor_ln173_43_reg_9024      |  32|   0|   32|          0|
    |xor_ln173_48_reg_9051      |  32|   0|   32|          0|
    |xor_ln173_49_reg_9056      |  32|   0|   32|          0|
    |xor_ln173_4_reg_8684       |  32|   0|   32|          0|
    |xor_ln173_50_reg_9061      |  32|   0|   32|          0|
    |xor_ln173_51_reg_9066      |  32|   0|   32|          0|
    |xor_ln173_52_reg_9071      |  32|   0|   32|          0|
    |xor_ln173_53_reg_9079      |  32|   0|   32|          0|
    |xor_ln173_54_reg_9087      |  32|   0|   32|          0|
    |xor_ln173_55_reg_9095      |  32|   0|   32|          0|
    |xor_ln173_5_reg_8689       |  32|   0|   32|          0|
    |xor_ln173_60_reg_9103      |  32|   0|   32|          0|
    |xor_ln173_61_reg_9111      |  32|   0|   32|          0|
    |xor_ln173_62_reg_9119      |  32|   0|   32|          0|
    |xor_ln173_63_reg_9127      |  32|   0|   32|          0|
    |xor_ln173_64_reg_9155      |  32|   0|   32|          0|
    |xor_ln173_65_reg_9163      |  32|   0|   32|          0|
    |xor_ln173_66_reg_9171      |  32|   0|   32|          0|
    |xor_ln173_67_reg_9179      |  32|   0|   32|          0|
    |xor_ln173_6_reg_8759       |  32|   0|   32|          0|
    |xor_ln173_72_reg_9187      |  32|   0|   32|          0|
    |xor_ln173_73_reg_9195      |  32|   0|   32|          0|
    |xor_ln173_74_reg_9202      |  32|   0|   32|          0|
    |xor_ln173_75_reg_9209      |  32|   0|   32|          0|
    |xor_ln173_7_reg_8764       |  32|   0|   32|          0|
    |xor_ln173_80_reg_9236      |  32|   0|   32|          0|
    |xor_ln173_81_reg_9241      |  32|   0|   32|          0|
    |xor_ln173_82_reg_9246      |  32|   0|   32|          0|
    |xor_ln173_83_reg_9251      |  32|   0|   32|          0|
    |xor_ln173_84_reg_9256      |  32|   0|   32|          0|
    |xor_ln173_85_reg_9265      |  32|   0|   32|          0|
    |xor_ln173_86_reg_9274      |  32|   0|   32|          0|
    |xor_ln173_87_reg_9283      |  32|   0|   32|          0|
    |xor_ln173_8_reg_8811       |  32|   0|   32|          0|
    |xor_ln173_92_reg_9292      |  32|   0|   32|          0|
    |xor_ln173_93_reg_9297      |  32|   0|   32|          0|
    |xor_ln173_94_reg_9302      |  32|   0|   32|          0|
    |xor_ln173_95_reg_9307      |  32|   0|   32|          0|
    |xor_ln173_96_reg_9332      |  32|   0|   32|          0|
    |xor_ln173_97_reg_9338      |  32|   0|   32|          0|
    |xor_ln173_98_reg_9345      |  32|   0|   32|          0|
    |xor_ln173_99_reg_9352      |  32|   0|   32|          0|
    |xor_ln173_9_reg_8818       |  32|   0|   32|          0|
    |xor_ln173_reg_8561         |  32|   0|   32|          0|
    |xor_ln570_2_reg_8825       |  32|   0|   32|          0|
    |xor_ln570_reg_8573         |  32|   0|   32|          0|
    |xor_ln571_2_reg_8830       |  32|   0|   32|          0|
    |xor_ln571_reg_8578         |  32|   0|   32|          0|
    |xor_ln572_2_reg_8849       |  32|   0|   32|          0|
    |xor_ln572_reg_8629         |  32|   0|   32|          0|
    |xor_ln573_2_reg_8854       |  32|   0|   32|          0|
    |xor_ln573_reg_8634         |  32|   0|   32|          0|
    |zext_ln384_reg_9748        |   2|   0|   64|         62|
    |zext_ln393_2_reg_9735      |   4|   0|   32|         28|
    |zext_ln393_reg_9764        |   2|   0|   64|         62|
    |zext_ln437_reg_9808        |   2|   0|   64|         62|
    |zext_ln439_reg_9824        |   2|   0|   64|         62|
    +---------------------------+----+----+-----+-----------+
    |Total                      |4329|   0| 4605|        276|
    +---------------------------+----+----+-----+-----------+



================================================================
== Interface
================================================================
* Summary: 
+----------------------+-----+-----+------------+--------------+--------------+
|       RTL Ports      | Dir | Bits|  Protocol  | Source Object|    C Type    |
+----------------------+-----+-----+------------+--------------+--------------+
|ap_clk                |  in |    1| ap_ctrl_hs |    encrypt   | return value |
|ap_rst                |  in |    1| ap_ctrl_hs |    encrypt   | return value |
|ap_start              |  in |    1| ap_ctrl_hs |    encrypt   | return value |
|ap_done               | out |    1| ap_ctrl_hs |    encrypt   | return value |
|ap_idle               | out |    1| ap_ctrl_hs |    encrypt   | return value |
|ap_ready              | out |    1| ap_ctrl_hs |    encrypt   | return value |
|statemt_0_address0    | out |    4|  ap_memory |   statemt_0  |     array    |
|statemt_0_ce0         | out |    1|  ap_memory |   statemt_0  |     array    |
|statemt_0_we0         | out |    1|  ap_memory |   statemt_0  |     array    |
|statemt_0_d0          | out |   32|  ap_memory |   statemt_0  |     array    |
|statemt_0_q0          |  in |   32|  ap_memory |   statemt_0  |     array    |
|statemt_0_address1    | out |    4|  ap_memory |   statemt_0  |     array    |
|statemt_0_ce1         | out |    1|  ap_memory |   statemt_0  |     array    |
|statemt_0_we1         | out |    1|  ap_memory |   statemt_0  |     array    |
|statemt_0_d1          | out |   32|  ap_memory |   statemt_0  |     array    |
|statemt_0_q1          |  in |   32|  ap_memory |   statemt_0  |     array    |
|statemt_1_address0    | out |    4|  ap_memory |   statemt_1  |     array    |
|statemt_1_ce0         | out |    1|  ap_memory |   statemt_1  |     array    |
|statemt_1_we0         | out |    1|  ap_memory |   statemt_1  |     array    |
|statemt_1_d0          | out |   32|  ap_memory |   statemt_1  |     array    |
|statemt_1_q0          |  in |   32|  ap_memory |   statemt_1  |     array    |
|statemt_1_address1    | out |    4|  ap_memory |   statemt_1  |     array    |
|statemt_1_ce1         | out |    1|  ap_memory |   statemt_1  |     array    |
|statemt_1_we1         | out |    1|  ap_memory |   statemt_1  |     array    |
|statemt_1_d1          | out |   32|  ap_memory |   statemt_1  |     array    |
|statemt_1_q1          |  in |   32|  ap_memory |   statemt_1  |     array    |
|key_0_address0        | out |    4|  ap_memory |     key_0    |     array    |
|key_0_ce0             | out |    1|  ap_memory |     key_0    |     array    |
|key_0_q0              |  in |   32|  ap_memory |     key_0    |     array    |
|key_0_address1        | out |    4|  ap_memory |     key_0    |     array    |
|key_0_ce1             | out |    1|  ap_memory |     key_0    |     array    |
|key_0_q1              |  in |   32|  ap_memory |     key_0    |     array    |
|round_val             | out |    5|   ap_vld   |   round_val  |    pointer   |
|round_val_ap_vld      | out |    1|   ap_vld   |   round_val  |    pointer   |
|word_0_address0       | out |    8|  ap_memory |    word_0    |     array    |
|word_0_ce0            | out |    1|  ap_memory |    word_0    |     array    |
|word_0_we0            | out |    1|  ap_memory |    word_0    |     array    |
|word_0_d0             | out |   32|  ap_memory |    word_0    |     array    |
|word_0_q0             |  in |   32|  ap_memory |    word_0    |     array    |
|word_0_address1       | out |    8|  ap_memory |    word_0    |     array    |
|word_0_ce1            | out |    1|  ap_memory |    word_0    |     array    |
|word_0_we1            | out |    1|  ap_memory |    word_0    |     array    |
|word_0_d1             | out |   32|  ap_memory |    word_0    |     array    |
|word_0_q1             |  in |   32|  ap_memory |    word_0    |     array    |
|word_1_address0       | out |    8|  ap_memory |    word_1    |     array    |
|word_1_ce0            | out |    1|  ap_memory |    word_1    |     array    |
|word_1_we0            | out |    1|  ap_memory |    word_1    |     array    |
|word_1_d0             | out |   32|  ap_memory |    word_1    |     array    |
|word_1_q0             |  in |   32|  ap_memory |    word_1    |     array    |
|word_1_address1       | out |    8|  ap_memory |    word_1    |     array    |
|word_1_ce1            | out |    1|  ap_memory |    word_1    |     array    |
|word_1_we1            | out |    1|  ap_memory |    word_1    |     array    |
|word_1_d1             | out |   32|  ap_memory |    word_1    |     array    |
|word_1_q1             |  in |   32|  ap_memory |    word_1    |     array    |
|main_result_i         |  in |   32|   ap_ovld  |  main_result |    pointer   |
|main_result_o         | out |   32|   ap_ovld  |  main_result |    pointer   |
|main_result_o_ap_vld  | out |    1|   ap_ovld  |  main_result |    pointer   |
+----------------------+-----+-----+------------+--------------+--------------+

