

================================================================
== Vivado HLS Report for 'aes_main'
================================================================
* Date:           Sat Apr 10 23:28:08 2021

* Version:        2019.1 (Build 2552052 on Fri May 24 15:28:33 MDT 2019)
* Project:        AES_Solutions
* Solution:       inline
* Product family: zynq
* Target device:  xc7z020-clg484-1


================================================================
== Performance Estimates
================================================================
+ Timing (ns): 
    * Summary: 
    +--------+-------+----------+------------+
    |  Clock | Target| Estimated| Uncertainty|
    +--------+-------+----------+------------+
    |ap_clk  |  10.00|     8.706|        1.25|
    +--------+-------+----------+------------+

+ Latency (clock cycles): 
    * Summary: 
    +------+------+------+------+---------+
    |   Latency   |   Interval  | Pipeline|
    |  min |  max |  min |  max |   Type  |
    +------+------+------+------+---------+
    |  2966|  3126|  2966|  3126|   none  |
    +------+------+------+------+---------+

    + Detail: 
        * Instance: 
        +--------------------+---------+------+------+------+------+---------+
        |                    |         |   Latency   |   Interval  | Pipeline|
        |      Instance      |  Module |  min |  max |  min |  max |   Type  |
        +--------------------+---------+------+------+------+------+---------+
        |grp_decrypt_fu_237  |decrypt  |  1860|  1940|  1860|  1940|   none  |
        |grp_encrypt_fu_261  |encrypt  |  1095|  1175|  1095|  1175|   none  |
        +--------------------+---------+------+------+------+------+---------+

        * Loop: 
        N/A



================================================================
== Utilization Estimates
================================================================
* Summary: 
+-----------------+---------+-------+--------+-------+-----+
|       Name      | BRAM_18K| DSP48E|   FF   |  LUT  | URAM|
+-----------------+---------+-------+--------+-------+-----+
|DSP              |        -|      -|       -|      -|    -|
|Expression       |        -|      -|       -|      -|    -|
|FIFO             |        -|      -|       -|      -|    -|
|Instance         |        9|      -|    2063|   7489|    0|
|Memory           |        6|      -|       0|      0|    0|
|Multiplexer      |        -|      -|       -|    639|    -|
|Register         |        -|      -|      46|      -|    -|
+-----------------+---------+-------+--------+-------+-----+
|Total            |       15|      0|    2109|   8128|    0|
+-----------------+---------+-------+--------+-------+-----+
|Available        |      280|    220|  106400|  53200|    0|
+-----------------+---------+-------+--------+-------+-----+
|Utilization (%)  |        5|      0|       1|     15|    0|
+-----------------+---------+-------+--------+-------+-----+

+ Detail: 
    * Instance: 
    +--------------------+---------+---------+-------+------+------+-----+
    |      Instance      |  Module | BRAM_18K| DSP48E|  FF  |  LUT | URAM|
    +--------------------+---------+---------+-------+------+------+-----+
    |grp_decrypt_fu_237  |decrypt  |        5|      0|  1163|  3811|    0|
    |grp_encrypt_fu_261  |encrypt  |        4|      0|   900|  3678|    0|
    +--------------------+---------+---------+-------+------+------+-----+
    |Total               |         |        9|      0|  2063|  7489|    0|
    +--------------------+---------+---------+-------+------+------+-----+

    * DSP48E: 
    N/A

    * Memory: 
    +-----------+------------------+---------+---+----+-----+------+-----+------+-------------+
    |   Memory  |      Module      | BRAM_18K| FF| LUT| URAM| Words| Bits| Banks| W*Bits*Banks|
    +-----------+------------------+---------+---+----+-----+------+-----+------+-------------+
    |key_U      |aes_main_key      |        2|  0|   0|    0|    32|   32|     1|         1024|
    |statemt_U  |aes_main_statemt  |        2|  0|   0|    0|    32|   32|     1|         1024|
    |word_U     |aes_main_word     |        2|  0|   0|    0|   480|   32|     1|        15360|
    +-----------+------------------+---------+---+----+-----+------+-----+------+-------------+
    |Total      |                  |        6|  0|   0|    0|   544|   96|     3|        17408|
    +-----------+------------------+---------+---+----+-----+------+-----+------+-------------+

    * FIFO: 
    N/A

    * Expression: 
    N/A

    * Multiplexer: 
    +------------------+----+-----------+-----+-----------+
    |       Name       | LUT| Input Size| Bits| Total Bits|
    +------------------+----+-----------+-----+-----------+
    |ap_NS_fsm         |  56|         13|    1|         13|
    |key_address0      |  50|         11|    5|         55|
    |key_address1      |  44|          9|    5|         45|
    |key_ce0           |  21|          4|    1|          4|
    |key_d0            |  41|          8|   32|        256|
    |key_d1            |  44|          9|   32|        288|
    |main_result       |   9|          2|   32|         64|
    |statemt_address0  |  50|         11|    5|         55|
    |statemt_address1  |  50|         11|    5|         55|
    |statemt_ce0       |  21|          4|    1|          4|
    |statemt_ce1       |  21|          4|    1|          4|
    |statemt_d0        |  50|         11|   32|        352|
    |statemt_d1        |  50|         11|   32|        352|
    |statemt_we0       |  21|          4|    1|          4|
    |statemt_we1       |  21|          4|    1|          4|
    |word_address0     |  15|          3|    9|         27|
    |word_address1     |  15|          3|    9|         27|
    |word_ce0          |  15|          3|    1|          3|
    |word_ce1          |  15|          3|    1|          3|
    |word_d0           |  15|          3|   32|         96|
    |word_we0          |  15|          3|    1|          3|
    +------------------+----+-----------+-----+-----------+
    |Total             | 639|        134|  239|       1714|
    +------------------+----+-----------+-----+-----------+

    * Register: 
    +---------------------------------+----+----+-----+-----------+
    |               Name              | FF | LUT| Bits| Const Bits|
    +---------------------------------+----+----+-----+-----------+
    |ap_CS_fsm                        |  12|   0|   12|          0|
    |grp_decrypt_fu_237_ap_start_reg  |   1|   0|    1|          0|
    |grp_encrypt_fu_261_ap_start_reg  |   1|   0|    1|          0|
    |main_result                      |  32|   0|   32|          0|
    +---------------------------------+----+----+-----+-----------+
    |Total                            |  46|   0|   46|          0|
    +---------------------------------+----+----+-----+-----------+



================================================================
== Interface
================================================================
* Summary: 
+-----------+-----+-----+------------+--------------+--------------+
| RTL Ports | Dir | Bits|  Protocol  | Source Object|    C Type    |
+-----------+-----+-----+------------+--------------+--------------+
|ap_clk     |  in |    1| ap_ctrl_hs |   aes_main   | return value |
|ap_rst     |  in |    1| ap_ctrl_hs |   aes_main   | return value |
|ap_start   |  in |    1| ap_ctrl_hs |   aes_main   | return value |
|ap_done    | out |    1| ap_ctrl_hs |   aes_main   | return value |
|ap_idle    | out |    1| ap_ctrl_hs |   aes_main   | return value |
|ap_ready   | out |    1| ap_ctrl_hs |   aes_main   | return value |
|ap_return  | out |   32| ap_ctrl_hs |   aes_main   | return value |
+-----------+-----+-----+------------+--------------+--------------+

