==============================================================
Vivado(TM) HLS - High-Level Synthesis from C, C++ and SystemC v2019.1 (64-bit)
Copyright 1986-2019 Xilinx, Inc. All Rights Reserved.
==============================================================
INFO: [SYN 201-201] Setting up clock 'default' with a period of 10ns.
INFO: [HLS 200-10] Setting target device to 'xczu7ev-ffvc1156-2-e'
INFO: [SIM 211-2] *************** CSIM start ***************
INFO: [SIM 211-4] CSIM will launch GCC as the compiler.
INFO: [SIM 211-1] CSim done with 0 errors.
INFO: [SIM 211-3] *************** CSIM finish ***************
==============================================================
Vivado(TM) HLS - High-Level Synthesis from C, C++ and SystemC v2019.1 (64-bit)
Copyright 1986-2019 Xilinx, Inc. All Rights Reserved.
==============================================================
INFO: [SYN 201-201] Setting up clock 'default' with a period of 10ns.
INFO: [HLS 200-10] Setting target device to 'xczu7ev-ffvc1156-2-e'
INFO: [SCHED 204-61] Option 'relax_ii_for_timing' is enabled, will increase II to preserve clock frequency constraints.
INFO: [HLS 200-10] Analyzing design file 'aes/aes.c' ... 
INFO: [HLS 200-111] Finished Linking Time (s): cpu = 00:00:00 ; elapsed = 00:00:05 . Memory (MB): peak = 175.012 ; gain = 83.820
INFO: [HLS 200-111] Finished Checking Pragmas Time (s): cpu = 00:00:00 ; elapsed = 00:00:05 . Memory (MB): peak = 175.012 ; gain = 83.820
INFO: [HLS 200-10] Starting code transformations ...
INFO: [XFORM 203-603] Inlining function 'SubByte' into 'KeySchedule' (aes/aes_key.c:154).
INFO: [XFORM 203-603] Inlining function 'SubByte' into 'KeySchedule' (aes/aes_key.c:155).
INFO: [XFORM 203-603] Inlining function 'SubByte' into 'KeySchedule' (aes/aes_key.c:156).
INFO: [XFORM 203-603] Inlining function 'SubByte' into 'KeySchedule' (aes/aes_key.c:157).
INFO: [XFORM 203-603] Inlining function 'KeySchedule' into 'encrypt' (aes/aes_enc.c:77).
INFO: [XFORM 203-603] Inlining function 'AddRoundKey' into 'encrypt' (aes/aes_enc.c:110).
INFO: [XFORM 203-603] Inlining function 'ByteSub_ShiftRow' into 'encrypt' (aes/aes_enc.c:118).
INFO: [XFORM 203-603] Inlining function 'MixColumn_AddRoundKey' into 'encrypt' (aes/aes_enc.c:119).
INFO: [XFORM 203-603] Inlining function 'ByteSub_ShiftRow' into 'encrypt' (aes/aes_enc.c:121).
INFO: [XFORM 203-603] Inlining function 'AddRoundKey' into 'encrypt' (aes/aes_enc.c:122).
INFO: [XFORM 203-603] Inlining function 'KeySchedule' into 'decrypt' (aes/aes_dec.c:75).
INFO: [XFORM 203-603] Inlining function 'AddRoundKey' into 'decrypt' (aes/aes_dec.c:111).
INFO: [XFORM 203-603] Inlining function 'InversShiftRow_ByteSub' into 'decrypt' (aes/aes_dec.c:113).
INFO: [XFORM 203-603] Inlining function 'AddRoundKey_InversMixColumn' into 'decrypt' (aes/aes_dec.c:122).
INFO: [XFORM 203-603] Inlining function 'InversShiftRow_ByteSub' into 'decrypt' (aes/aes_dec.c:123).
INFO: [XFORM 203-603] Inlining function 'AddRoundKey' into 'decrypt' (aes/aes_dec.c:126).
INFO: [HLS 200-111] Finished Standard Transforms Time (s): cpu = 00:00:01 ; elapsed = 00:00:06 . Memory (MB): peak = 175.012 ; gain = 83.820
INFO: [HLS 200-10] Checking synthesizability ...
INFO: [HLS 200-111] Finished Checking Synthesizability Time (s): cpu = 00:00:02 ; elapsed = 00:00:07 . Memory (MB): peak = 175.012 ; gain = 83.820
INFO: [XFORM 203-502] Unrolling all loops for pipelining in function 'decrypt' (aes/aes_dec.c:63).
WARNING: [XFORM 203-561] Updating loop upper bound from 8 to 4 for loop 'Loop-0' (aes/aes_key.c:138:1) in function 'decrypt'.
WARNING: [XFORM 203-561] Updating loop upper bound from 116 to 40 for loop 'Loop-1' (aes/aes_key.c:150:1) in function 'decrypt'.
WARNING: [XFORM 203-561] Updating loop lower bound from 36 to 40 for loop 'Loop-1' (aes/aes_key.c:150:1) in function 'decrypt'.
WARNING: [XFORM 203-561] Updating loop upper bound from 8 to 4 for loop 'Loop-2' (aes/aes_func.c:568:1) in function 'decrypt'.
WARNING: [XFORM 203-561] Updating loop upper bound from 13 to 9 for loop 'Loop-3' (aes/aes_dec.c:121:1) in function 'decrypt'.
WARNING: [XFORM 203-561] Updating loop upper bound from 8 to 4 for loop 'Loop-4' (aes/aes_func.c:568:1) in function 'decrypt'.
WARNING: [XFORM 203-561] Updating loop upper bound from 32 to 16 for loop 'Loop-5' (aes/aes_dec.c:134:1) in function 'decrypt'.
WARNING: [XFORM 203-561] Updating loop upper bound from 8 to 4 for loop 'Loop-0' (aes/aes_key.c:138:1) in function 'encrypt'.
WARNING: [XFORM 203-561] Updating loop upper bound from 116 to 40 for loop 'Loop-1' (aes/aes_key.c:150:1) in function 'encrypt'.
WARNING: [XFORM 203-561] Updating loop lower bound from 36 to 40 for loop 'Loop-1' (aes/aes_key.c:150:1) in function 'encrypt'.
WARNING: [XFORM 203-561] Updating loop upper bound from 8 to 4 for loop 'Loop-2' (aes/aes_func.c:568:1) in function 'encrypt'.
WARNING: [XFORM 203-561] Updating loop upper bound from 8 to 4 for loop 'Loop-4' (aes/aes_func.c:568:1) in function 'encrypt'.
INFO: [HLS 200-489] Unrolling loop 'Loop-1' (aes/aes_key.c:137) in function 'decrypt' completely with a factor of 4.
INFO: [HLS 200-489] Unrolling loop 'Loop-1.1' (aes/aes_key.c:140) in function 'decrypt' completely with a factor of 4.
INFO: [HLS 200-489] Unrolling loop 'Loop-2' (aes/aes_key.c:146) in function 'decrypt' completely with a factor of 40.
INFO: [HLS 200-489] Unrolling loop 'Loop-2.1' (aes/aes_key.c:172) in function 'decrypt' completely with a factor of 4.
INFO: [HLS 200-489] Unrolling loop 'Loop-3' (aes/aes_func.c:565) in function 'decrypt' completely with a factor of 4.
INFO: [HLS 200-489] Unrolling loop 'Loop-4' (aes/aes_dec.c:117) in function 'decrypt' completely with a factor of 9.
WARNING: [XFORM 203-503] Cannot unroll loop 'Loop-4.1' (aes/aes_func.c:455) in function 'decrypt': cannot completely unroll a loop with a variable trip count.
WARNING: [XFORM 203-503] Cannot unroll loop 'Loop-4.2' (aes/aes_func.c:465) in function 'decrypt': cannot completely unroll a loop with a variable trip count.
INFO: [HLS 200-489] Unrolling loop 'Loop-4.2.1' (aes/aes_func.c:469) in function 'decrypt' completely with a factor of 4.
WARNING: [XFORM 203-503] Cannot unroll loop 'Loop-4.2' (aes/aes_func.c:465) in function 'decrypt': cannot completely unroll a loop with a variable trip count.
WARNING: [XFORM 203-503] Cannot unroll loop 'Loop-4.2' (aes/aes_func.c:465) in function 'decrypt': cannot completely unroll a loop with a variable trip count.
WARNING: [XFORM 203-503] Cannot unroll loop 'Loop-4.2' (aes/aes_func.c:465) in function 'decrypt': cannot completely unroll a loop with a variable trip count.
WARNING: [XFORM 203-503] Cannot unroll loop 'Loop-4.2' (aes/aes_func.c:465) in function 'decrypt': cannot completely unroll a loop with a variable trip count.
WARNING: [XFORM 203-503] Cannot unroll loop 'Loop-4.2' (aes/aes_func.c:465) in function 'decrypt': cannot completely unroll a loop with a variable trip count.
WARNING: [XFORM 203-503] Cannot unroll loop 'Loop-4.2' (aes/aes_func.c:465) in function 'decrypt': cannot completely unroll a loop with a variable trip count.
WARNING: [XFORM 203-503] Cannot unroll loop 'Loop-4.2' (aes/aes_func.c:465) in function 'decrypt': cannot completely unroll a loop with a variable trip count.
WARNING: [XFORM 203-503] Cannot unroll loop 'Loop-4.2' (aes/aes_func.c:465) in function 'decrypt': cannot completely unroll a loop with a variable trip count.
WARNING: [XFORM 203-503] Cannot unroll loop 'Loop-4.3' (aes/aes_func.c:524) in function 'decrypt': cannot completely unroll a loop with a variable trip count.
INFO: [HLS 200-489] Unrolling loop 'Loop-5' (aes/aes_func.c:565) in function 'decrypt' completely with a factor of 4.
INFO: [HLS 200-489] Unrolling loop 'Loop-6' (aes/aes_dec.c:131) in function 'decrypt' completely with a factor of 16.
INFO: [HLS 200-489] Unrolling loop 'Loop-7' (aes/aes_dec.c:141) in function 'decrypt' completely with a factor of 16.
INFO: [XFORM 203-501] Unrolling loop 'Loop-4' (aes/aes_enc.c:112) in function 'encrypt' partially with a factor of 4.
INFO: [XFORM 203-101] Partitioning array 'statemt'  in dimension 1 with a cyclic factor 2.
INFO: [XFORM 203-101] Partitioning array 'key'  in dimension 1 with a block factor 2.
INFO: [XFORM 203-101] Partitioning array 'word'  in dimension 1 with a cyclic factor 2.
INFO: [XFORM 203-101] Partitioning array 'temp' (aes/aes_key.c:81) in dimension 1 with a cyclic factor 2.
INFO: [XFORM 203-101] Partitioning array 'temp' (aes/aes_key.c:81) in dimension 1 with a cyclic factor 2.
INFO: [XFORM 203-101] Partitioning array 'ret' (aes/aes_func.c:375) in dimension 1 with a cyclic factor 2.
INFO: [XFORM 203-102] Automatically partitioning small array 'temp.0' (aes/aes_key.c:81) completely based on array size.
INFO: [XFORM 203-102] Automatically partitioning small array 'temp.1' (aes/aes_key.c:81) completely based on array size.
INFO: [XFORM 203-102] Automatically partitioning small array 'temp.0' (aes/aes_key.c:81) completely based on array size.
INFO: [XFORM 203-102] Automatically partitioning small array 'temp.1391' (aes/aes_key.c:81) completely based on array size.
INFO: [XFORM 203-101] Partitioning array 'temp.0' (aes/aes_key.c:81) in dimension 1 completely.
INFO: [XFORM 203-101] Partitioning array 'temp.1' (aes/aes_key.c:81) in dimension 1 completely.
INFO: [XFORM 203-101] Partitioning array 'temp.0' (aes/aes_key.c:81) in dimension 1 completely.
INFO: [XFORM 203-101] Partitioning array 'temp.1391' (aes/aes_key.c:81) in dimension 1 completely.
WARNING: [XFORM 203-561] Updating loop upper bound from 8 to 4 for loop 'Loop-3-0' (aes/aes_func.c:383:1) in function 'encrypt'.
WARNING: [XFORM 203-561] Updating loop upper bound from 8 to 4 for loop 'Loop-3-1' (aes/aes_func.c:436:1) in function 'encrypt'.
WARNING: [XFORM 203-561] Updating loop upper bound from 8 to 4 for loop 'Loop-3-2' (aes/aes_func.c:383:1) in function 'encrypt'.
WARNING: [XFORM 203-561] Updating loop upper bound from 8 to 4 for loop 'Loop-3-3' (aes/aes_func.c:436:1) in function 'encrypt'.
WARNING: [XFORM 203-561] Updating loop upper bound from 8 to 4 for loop 'Loop-3-4' (aes/aes_func.c:383:1) in function 'encrypt'.
WARNING: [XFORM 203-561] Updating loop upper bound from 8 to 4 for loop 'Loop-3-5' (aes/aes_func.c:436:1) in function 'encrypt'.
WARNING: [XFORM 203-561] Updating loop upper bound from 8 to 4 for loop 'Loop-3-6' (aes/aes_func.c:383:1) in function 'encrypt'.
WARNING: [XFORM 203-561] Updating loop upper bound from 8 to 4 for loop 'Loop-3-7' (aes/aes_func.c:436:1) in function 'encrypt'.
WARNING: [XFORM 203-561] Updating loop upper bound from 32 to 16 for loop 'Loop-5' (aes/aes_enc.c:130:1) in function 'encrypt'.
WARNING: [XFORM 203-561] Updating loop upper bound from 8 to 4 for loop 'Loop-0' (aes/aes_func.c:458:1) in function 'decrypt'.
WARNING: [XFORM 203-561] Updating loop upper bound from 8 to 4 for loop 'Loop-1' (aes/aes_func.c:467:1) in function 'decrypt'.
WARNING: [XFORM 203-561] Updating loop upper bound from 8 to 4 for loop 'Loop-2' (aes/aes_func.c:527:1) in function 'decrypt'.
WARNING: [XFORM 203-561] Updating loop upper bound from 8 to 4 for loop 'Loop-3' (aes/aes_func.c:458:1) in function 'decrypt'.
WARNING: [XFORM 203-561] Updating loop upper bound from 8 to 4 for loop 'Loop-4' (aes/aes_func.c:467:1) in function 'decrypt'.
WARNING: [XFORM 203-561] Updating loop upper bound from 8 to 4 for loop 'Loop-5' (aes/aes_func.c:527:1) in function 'decrypt'.
WARNING: [XFORM 203-561] Updating loop upper bound from 8 to 4 for loop 'Loop-6' (aes/aes_func.c:458:1) in function 'decrypt'.
WARNING: [XFORM 203-561] Updating loop upper bound from 8 to 4 for loop 'Loop-7' (aes/aes_func.c:467:1) in function 'decrypt'.
WARNING: [XFORM 203-561] Updating loop upper bound from 8 to 4 for loop 'Loop-8' (aes/aes_func.c:527:1) in function 'decrypt'.
WARNING: [XFORM 203-561] Updating loop upper bound from 8 to 4 for loop 'Loop-9' (aes/aes_func.c:458:1) in function 'decrypt'.
WARNING: [XFORM 203-561] Updating loop upper bound from 8 to 4 for loop 'Loop-10' (aes/aes_func.c:467:1) in function 'decrypt'.
WARNING: [XFORM 203-561] Updating loop upper bound from 8 to 4 for loop 'Loop-11' (aes/aes_func.c:527:1) in function 'decrypt'.
WARNING: [XFORM 203-561] Updating loop upper bound from 8 to 4 for loop 'Loop-12' (aes/aes_func.c:458:1) in function 'decrypt'.
WARNING: [XFORM 203-561] Updating loop upper bound from 8 to 4 for loop 'Loop-13' (aes/aes_func.c:467:1) in function 'decrypt'.
WARNING: [XFORM 203-561] Updating loop upper bound from 8 to 4 for loop 'Loop-14' (aes/aes_func.c:527:1) in function 'decrypt'.
WARNING: [XFORM 203-561] Updating loop upper bound from 8 to 4 for loop 'Loop-15' (aes/aes_func.c:458:1) in function 'decrypt'.
WARNING: [XFORM 203-561] Updating loop upper bound from 8 to 4 for loop 'Loop-16' (aes/aes_func.c:467:1) in function 'decrypt'.
WARNING: [XFORM 203-561] Updating loop upper bound from 8 to 4 for loop 'Loop-17' (aes/aes_func.c:527:1) in function 'decrypt'.
WARNING: [XFORM 203-561] Updating loop upper bound from 8 to 4 for loop 'Loop-18' (aes/aes_func.c:458:1) in function 'decrypt'.
WARNING: [XFORM 203-561] Updating loop upper bound from 8 to 4 for loop 'Loop-19' (aes/aes_func.c:467:1) in function 'decrypt'.
WARNING: [XFORM 203-561] Updating loop upper bound from 8 to 4 for loop 'Loop-20' (aes/aes_func.c:527:1) in function 'decrypt'.
WARNING: [XFORM 203-561] Updating loop upper bound from 8 to 4 for loop 'Loop-21' (aes/aes_func.c:458:1) in function 'decrypt'.
WARNING: [XFORM 203-561] Updating loop upper bound from 8 to 4 for loop 'Loop-22' (aes/aes_func.c:467:1) in function 'decrypt'.
WARNING: [XFORM 203-561] Updating loop upper bound from 8 to 4 for loop 'Loop-23' (aes/aes_func.c:527:1) in function 'decrypt'.
WARNING: [XFORM 203-561] Updating loop upper bound from 8 to 4 for loop 'Loop-24' (aes/aes_func.c:458:1) in function 'decrypt'.
WARNING: [XFORM 203-561] Updating loop upper bound from 8 to 4 for loop 'Loop-25' (aes/aes_func.c:467:1) in function 'decrypt'.
WARNING: [XFORM 203-561] Updating loop upper bound from 8 to 4 for loop 'Loop-26' (aes/aes_func.c:527:1) in function 'decrypt'.
INFO: [XFORM 203-401] Performing if-conversion on hyperblock from (aes/aes_key.c:173:2) to (aes/aes_key.c:173:2) in function 'encrypt'... converting 7 basic blocks.
INFO: [XFORM 203-401] Performing if-conversion on hyperblock from (aes/aes_func.c:384:2) to (aes/aes_func.c:380:22) in function 'encrypt'... converting 13 basic blocks.
INFO: [XFORM 203-401] Performing if-conversion on hyperblock from (aes/aes_func.c:384:2) to (aes/aes_func.c:380:22) in function 'encrypt'... converting 13 basic blocks.
INFO: [XFORM 203-401] Performing if-conversion on hyperblock from (aes/aes_func.c:384:2) to (aes/aes_func.c:380:22) in function 'encrypt'... converting 13 basic blocks.
INFO: [XFORM 203-401] Performing if-conversion on hyperblock from (aes/aes_func.c:384:2) to (aes/aes_func.c:380:22) in function 'encrypt'... converting 13 basic blocks.
INFO: [XFORM 203-401] Performing if-conversion on hyperblock from (aes/aes_enc.c:139:5) to (aes/aes_enc.c:138:23) in function 'encrypt'... converting 4 basic blocks.
INFO: [XFORM 203-11] Balancing expressions in function 'encrypt' (aes/aes_enc.c:64)...64 expression(s) balanced.
INFO: [XFORM 203-11] Balancing expressions in function 'decrypt' (aes/aes_dec.c:63)...232 expression(s) balanced.
INFO: [HLS 200-111] Finished Pre-synthesis Time (s): cpu = 00:00:13 ; elapsed = 00:00:19 . Memory (MB): peak = 177.270 ; gain = 86.078
INFO: [HLS 200-111] Finished Architecture Synthesis Time (s): cpu = 00:00:25 ; elapsed = 00:00:31 . Memory (MB): peak = 228.898 ; gain = 137.707
INFO: [HLS 200-10] Starting hardware synthesis ...
INFO: [HLS 200-10] Synthesizing 'aes_main' ...
INFO: [HLS 200-10] ----------------------------------------------------------------
INFO: [HLS 200-42] -- Implementing module 'encrypt' 
INFO: [HLS 200-10] ----------------------------------------------------------------
INFO: [SCHED 204-11] Starting scheduling ...
INFO: [SCHED 204-11] Finished scheduling.
INFO: [HLS 200-111]  Elapsed time: 31.531 seconds; current allocated memory: 173.268 MB.
INFO: [HLS 200-434] Only 0 loops out of a total 16 loops have been pipelined in this design.
INFO: [BIND 205-100] Starting micro-architecture generation ...
INFO: [BIND 205-101] Performing variable lifetime analysis.
INFO: [BIND 205-101] Exploring resource sharing.
INFO: [BIND 205-101] Binding ...
INFO: [BIND 205-100] Finished micro-architecture generation.
INFO: [HLS 200-111]  Elapsed time: 1.016 seconds; current allocated memory: 176.951 MB.
INFO: [HLS 200-10] ----------------------------------------------------------------
INFO: [HLS 200-42] -- Implementing module 'decrypt' 
INFO: [HLS 200-10] ----------------------------------------------------------------
INFO: [SCHED 204-11] Starting scheduling ...
WARNING: [SCHED 204-65] Unable to satisfy pipeline directive: Function contains subloop(s) not being unrolled.
INFO: [SCHED 204-11] Finished scheduling.
INFO: [HLS 200-111]  Elapsed time: 3.899 seconds; current allocated memory: 189.507 MB.
INFO: [BIND 205-100] Starting micro-architecture generation ...
INFO: [BIND 205-101] Performing variable lifetime analysis.
INFO: [BIND 205-101] Exploring resource sharing.
INFO: [BIND 205-101] Binding ...
INFO: [BIND 205-100] Finished micro-architecture generation.
INFO: [HLS 200-111]  Elapsed time: 5.171 seconds; current allocated memory: 206.112 MB.
INFO: [HLS 200-10] ----------------------------------------------------------------
INFO: [HLS 200-42] -- Implementing module 'aes_main' 
INFO: [HLS 200-10] ----------------------------------------------------------------
INFO: [SCHED 204-11] Starting scheduling ...
INFO: [SCHED 204-11] Finished scheduling.
INFO: [HLS 200-111]  Elapsed time: 4.631 seconds; current allocated memory: 208.517 MB.
INFO: [BIND 205-100] Starting micro-architecture generation ...
INFO: [BIND 205-101] Performing variable lifetime analysis.
INFO: [BIND 205-101] Exploring resource sharing.
INFO: [BIND 205-101] Binding ...
INFO: [BIND 205-100] Finished micro-architecture generation.
INFO: [HLS 200-111]  Elapsed time: 1.036 seconds; current allocated memory: 210.148 MB.
INFO: [HLS 200-10] ----------------------------------------------------------------
INFO: [HLS 200-10] -- Generating RTL for module 'encrypt' 
INFO: [HLS 200-10] ----------------------------------------------------------------
INFO: [SYN 201-210] Renamed object name 'encrypt_out_enc_statemt' to 'encrypt_out_enc_sbkb' due to the length limit 20
INFO: [RTGEN 206-100] Finished creating RTL model for 'encrypt'.
INFO: [HLS 200-111]  Elapsed time: 1.686 seconds; current allocated memory: 217.543 MB.
INFO: [HLS 200-10] ----------------------------------------------------------------
INFO: [HLS 200-10] -- Generating RTL for module 'decrypt' 
INFO: [HLS 200-10] ----------------------------------------------------------------
INFO: [RTGEN 206-100] Finished creating RTL model for 'decrypt'.
INFO: [HLS 200-111]  Elapsed time: 3.037 seconds; current allocated memory: 246.194 MB.
INFO: [HLS 200-10] ----------------------------------------------------------------
INFO: [HLS 200-10] -- Generating RTL for module 'aes_main' 
INFO: [HLS 200-10] ----------------------------------------------------------------
INFO: [RTGEN 206-500] Setting interface mode on function 'aes_main' to 'ap_ctrl_hs'.
WARNING: [RTGEN 206-101] Register 'main_result' is power-on initialization.
WARNING: [RTGEN 206-101] Global array 'statemt_0' will not be exposed as RTL port.
WARNING: [RTGEN 206-101] Global array 'statemt_1' will not be exposed as RTL port.
WARNING: [RTGEN 206-101] Global array 'key_0' will not be exposed as RTL port.
INFO: [RTGEN 206-100] Finished creating RTL model for 'aes_main'.
INFO: [HLS 200-111]  Elapsed time: 10.191 seconds; current allocated memory: 257.253 MB.
INFO: [RTMG 210-279] Implementing memory 'encrypt_Sbox_rom' using block ROMs.
INFO: [RTMG 210-279] Implementing memory 'encrypt_Rcon0_rom' using distributed ROMs.
INFO: [RTMG 210-279] Implementing memory 'encrypt_out_enc_sbkb_rom' using distributed ROMs.
INFO: [RTMG 210-278] Implementing memory 'encrypt_ret_0_ram (RAM)' using block RAMs.
INFO: [RTMG 210-279] Implementing memory 'decrypt_invSbox_rom' using block ROMs.
INFO: [RTMG 210-278] Implementing memory 'decrypt_ret_ram (RAM)' using block RAMs.
INFO: [RTMG 210-278] Implementing memory 'aes_main_word_1_ram (RAM)' using block RAMs with power-on initialization.
INFO: [RTMG 210-278] Implementing memory 'aes_main_statemt_0_ram (RAM)' using block RAMs with power-on initialization.
INFO: [HLS 200-111] Finished generating all RTL models Time (s): cpu = 00:00:56 ; elapsed = 00:01:06 . Memory (MB): peak = 444.543 ; gain = 353.352
INFO: [VHDL 208-304] Generating VHDL RTL for aes_main.
INFO: [VLOG 209-307] Generating Verilog RTL for aes_main.
INFO: [HLS 200-112] Total elapsed time: 65.969 seconds; peak allocated memory: 257.253 MB.
==============================================================
Vivado(TM) HLS - High-Level Synthesis from C, C++ and SystemC v2019.1 (64-bit)
Copyright 1986-2019 Xilinx, Inc. All Rights Reserved.
==============================================================
INFO: [SYN 201-201] Setting up clock 'default' with a period of 10ns.
INFO: [HLS 200-10] Setting target device to 'xczu7ev-ffvc1156-2-e'
INFO: [SIM 211-2] *************** CSIM start ***************
INFO: [SIM 211-4] CSIM will launch GCC as the compiler.
INFO: [SIM 211-1] CSim done with 0 errors.
INFO: [SIM 211-3] *************** CSIM finish ***************
==============================================================
Vivado(TM) HLS - High-Level Synthesis from C, C++ and SystemC v2019.1 (64-bit)
Copyright 1986-2019 Xilinx, Inc. All Rights Reserved.
==============================================================
INFO: [SYN 201-201] Setting up clock 'default' with a period of 10ns.
INFO: [HLS 200-10] Setting target device to 'xczu7ev-ffvc1156-2-e'
INFO: [SCHED 204-61] Option 'relax_ii_for_timing' is enabled, will increase II to preserve clock frequency constraints.
INFO: [HLS 200-10] Analyzing design file 'aes/aes.c' ... 
INFO: [HLS 200-111] Finished Linking Time (s): cpu = 00:00:00 ; elapsed = 00:00:05 . Memory (MB): peak = 175.973 ; gain = 85.922
INFO: [HLS 200-111] Finished Checking Pragmas Time (s): cpu = 00:00:00 ; elapsed = 00:00:05 . Memory (MB): peak = 175.973 ; gain = 85.922
INFO: [HLS 200-10] Starting code transformations ...
INFO: [XFORM 203-603] Inlining function 'SubByte' into 'KeySchedule' (aes/aes_key.c:154).
INFO: [XFORM 203-603] Inlining function 'SubByte' into 'KeySchedule' (aes/aes_key.c:155).
INFO: [XFORM 203-603] Inlining function 'SubByte' into 'KeySchedule' (aes/aes_key.c:156).
INFO: [XFORM 203-603] Inlining function 'SubByte' into 'KeySchedule' (aes/aes_key.c:157).
INFO: [XFORM 203-603] Inlining function 'KeySchedule' into 'encrypt' (aes/aes_enc.c:77).
INFO: [XFORM 203-603] Inlining function 'AddRoundKey' into 'encrypt' (aes/aes_enc.c:110).
INFO: [XFORM 203-603] Inlining function 'ByteSub_ShiftRow' into 'encrypt' (aes/aes_enc.c:118).
INFO: [XFORM 203-603] Inlining function 'MixColumn_AddRoundKey' into 'encrypt' (aes/aes_enc.c:119).
INFO: [XFORM 203-603] Inlining function 'ByteSub_ShiftRow' into 'encrypt' (aes/aes_enc.c:121).
INFO: [XFORM 203-603] Inlining function 'AddRoundKey' into 'encrypt' (aes/aes_enc.c:122).
INFO: [XFORM 203-603] Inlining function 'KeySchedule' into 'decrypt' (aes/aes_dec.c:75).
INFO: [XFORM 203-603] Inlining function 'AddRoundKey' into 'decrypt' (aes/aes_dec.c:111).
INFO: [XFORM 203-603] Inlining function 'InversShiftRow_ByteSub' into 'decrypt' (aes/aes_dec.c:113).
INFO: [XFORM 203-603] Inlining function 'AddRoundKey_InversMixColumn' into 'decrypt' (aes/aes_dec.c:122).
INFO: [XFORM 203-603] Inlining function 'InversShiftRow_ByteSub' into 'decrypt' (aes/aes_dec.c:123).
INFO: [XFORM 203-603] Inlining function 'AddRoundKey' into 'decrypt' (aes/aes_dec.c:126).
INFO: [HLS 200-111] Finished Standard Transforms Time (s): cpu = 00:00:01 ; elapsed = 00:00:06 . Memory (MB): peak = 175.973 ; gain = 85.922
INFO: [HLS 200-10] Checking synthesizability ...
INFO: [HLS 200-111] Finished Checking Synthesizability Time (s): cpu = 00:00:02 ; elapsed = 00:00:07 . Memory (MB): peak = 175.973 ; gain = 85.922
INFO: [XFORM 203-502] Unrolling all loops for pipelining in function 'decrypt' (aes/aes_dec.c:63).
INFO: [XFORM 203-502] Unrolling all loops for pipelining in function 'encrypt' (aes/aes_enc.c:64).
WARNING: [XFORM 203-503] Ignored partial unroll directive for loop 'Loop-4' (aes/aes_enc.c:112) because its parent loop or function is pipelined.
WARNING: [XFORM 203-561] Updating loop upper bound from 8 to 4 for loop 'Loop-0' (aes/aes_key.c:138:1) in function 'decrypt'.
WARNING: [XFORM 203-561] Updating loop upper bound from 116 to 40 for loop 'Loop-1' (aes/aes_key.c:150:1) in function 'decrypt'.
WARNING: [XFORM 203-561] Updating loop lower bound from 36 to 40 for loop 'Loop-1' (aes/aes_key.c:150:1) in function 'decrypt'.
WARNING: [XFORM 203-561] Updating loop upper bound from 8 to 4 for loop 'Loop-2' (aes/aes_func.c:568:1) in function 'decrypt'.
WARNING: [XFORM 203-561] Updating loop upper bound from 13 to 9 for loop 'Loop-3' (aes/aes_dec.c:121:1) in function 'decrypt'.
WARNING: [XFORM 203-561] Updating loop upper bound from 8 to 4 for loop 'Loop-4' (aes/aes_func.c:568:1) in function 'decrypt'.
WARNING: [XFORM 203-561] Updating loop upper bound from 32 to 16 for loop 'Loop-5' (aes/aes_dec.c:134:1) in function 'decrypt'.
WARNING: [XFORM 203-561] Updating loop upper bound from 8 to 4 for loop 'Loop-0' (aes/aes_key.c:138:1) in function 'encrypt'.
WARNING: [XFORM 203-561] Updating loop upper bound from 116 to 40 for loop 'Loop-1' (aes/aes_key.c:150:1) in function 'encrypt'.
WARNING: [XFORM 203-561] Updating loop lower bound from 36 to 40 for loop 'Loop-1' (aes/aes_key.c:150:1) in function 'encrypt'.
WARNING: [XFORM 203-561] Updating loop upper bound from 8 to 4 for loop 'Loop-2' (aes/aes_func.c:568:1) in function 'encrypt'.
WARNING: [XFORM 203-561] Updating loop upper bound from 8 to 4 for loop 'Loop-4' (aes/aes_func.c:568:1) in function 'encrypt'.
INFO: [HLS 200-489] Unrolling loop 'Loop-1' (aes/aes_key.c:137) in function 'decrypt' completely with a factor of 4.
INFO: [HLS 200-489] Unrolling loop 'Loop-1.1' (aes/aes_key.c:140) in function 'decrypt' completely with a factor of 4.
INFO: [HLS 200-489] Unrolling loop 'Loop-2' (aes/aes_key.c:146) in function 'decrypt' completely with a factor of 40.
INFO: [HLS 200-489] Unrolling loop 'Loop-2.1' (aes/aes_key.c:172) in function 'decrypt' completely with a factor of 4.
INFO: [HLS 200-489] Unrolling loop 'Loop-3' (aes/aes_func.c:565) in function 'decrypt' completely with a factor of 4.
INFO: [HLS 200-489] Unrolling loop 'Loop-4' (aes/aes_dec.c:117) in function 'decrypt' completely with a factor of 9.
WARNING: [XFORM 203-503] Cannot unroll loop 'Loop-4.1' (aes/aes_func.c:455) in function 'decrypt': cannot completely unroll a loop with a variable trip count.
WARNING: [XFORM 203-503] Cannot unroll loop 'Loop-4.2' (aes/aes_func.c:465) in function 'decrypt': cannot completely unroll a loop with a variable trip count.
INFO: [HLS 200-489] Unrolling loop 'Loop-4.2.1' (aes/aes_func.c:469) in function 'decrypt' completely with a factor of 4.
WARNING: [XFORM 203-503] Cannot unroll loop 'Loop-4.2' (aes/aes_func.c:465) in function 'decrypt': cannot completely unroll a loop with a variable trip count.
WARNING: [XFORM 203-503] Cannot unroll loop 'Loop-4.2' (aes/aes_func.c:465) in function 'decrypt': cannot completely unroll a loop with a variable trip count.
WARNING: [XFORM 203-503] Cannot unroll loop 'Loop-4.2' (aes/aes_func.c:465) in function 'decrypt': cannot completely unroll a loop with a variable trip count.
WARNING: [XFORM 203-503] Cannot unroll loop 'Loop-4.2' (aes/aes_func.c:465) in function 'decrypt': cannot completely unroll a loop with a variable trip count.
WARNING: [XFORM 203-503] Cannot unroll loop 'Loop-4.2' (aes/aes_func.c:465) in function 'decrypt': cannot completely unroll a loop with a variable trip count.
WARNING: [XFORM 203-503] Cannot unroll loop 'Loop-4.2' (aes/aes_func.c:465) in function 'decrypt': cannot completely unroll a loop with a variable trip count.
WARNING: [XFORM 203-503] Cannot unroll loop 'Loop-4.2' (aes/aes_func.c:465) in function 'decrypt': cannot completely unroll a loop with a variable trip count.
WARNING: [XFORM 203-503] Cannot unroll loop 'Loop-4.2' (aes/aes_func.c:465) in function 'decrypt': cannot completely unroll a loop with a variable trip count.
WARNING: [XFORM 203-503] Cannot unroll loop 'Loop-4.3' (aes/aes_func.c:524) in function 'decrypt': cannot completely unroll a loop with a variable trip count.
INFO: [HLS 200-489] Unrolling loop 'Loop-5' (aes/aes_func.c:565) in function 'decrypt' completely with a factor of 4.
INFO: [HLS 200-489] Unrolling loop 'Loop-6' (aes/aes_dec.c:131) in function 'decrypt' completely with a factor of 16.
INFO: [HLS 200-489] Unrolling loop 'Loop-7' (aes/aes_dec.c:141) in function 'decrypt' completely with a factor of 16.
INFO: [HLS 200-489] Unrolling loop 'Loop-1' (aes/aes_key.c:137) in function 'encrypt' completely with a factor of 4.
INFO: [HLS 200-489] Unrolling loop 'Loop-1.1' (aes/aes_key.c:140) in function 'encrypt' completely with a factor of 4.
INFO: [HLS 200-489] Unrolling loop 'Loop-2' (aes/aes_key.c:146) in function 'encrypt' completely with a factor of 40.
INFO: [HLS 200-489] Unrolling loop 'Loop-2.1' (aes/aes_key.c:172) in function 'encrypt' completely with a factor of 4.
INFO: [HLS 200-489] Unrolling loop 'Loop-3' (aes/aes_func.c:565) in function 'encrypt' completely with a factor of 4.
WARNING: [XFORM 203-503] Cannot unroll loop 'Loop-4' (aes/aes_enc.c:112) in function 'encrypt' completely: variable loop bound.
WARNING: [XFORM 203-503] Cannot unroll loop 'Loop-4.1' (aes/aes_func.c:380) in function 'encrypt': cannot completely unroll a loop with a variable trip count.
WARNING: [XFORM 203-503] Cannot unroll loop 'Loop-4.2' (aes/aes_func.c:433) in function 'encrypt': cannot completely unroll a loop with a variable trip count.
INFO: [HLS 200-489] Unrolling loop 'Loop-5' (aes/aes_func.c:565) in function 'encrypt' completely with a factor of 4.
WARNING: [XFORM 203-503] Cannot unroll loop 'Loop-6' (aes/aes_enc.c:127) in function 'encrypt' completely: variable loop bound.
INFO: [HLS 200-489] Unrolling loop 'Loop-7' (aes/aes_enc.c:138) in function 'encrypt' completely with a factor of 16.
INFO: [XFORM 203-101] Partitioning array 'statemt'  in dimension 1 with a cyclic factor 2.
INFO: [XFORM 203-101] Partitioning array 'key'  in dimension 1 with a block factor 2.
INFO: [XFORM 203-101] Partitioning array 'word'  in dimension 1 with a cyclic factor 2.
INFO: [XFORM 203-101] Partitioning array 'temp' (aes/aes_key.c:81) in dimension 1 with a cyclic factor 2.
INFO: [XFORM 203-101] Partitioning array 'temp' (aes/aes_key.c:81) in dimension 1 with a cyclic factor 2.
INFO: [XFORM 203-101] Partitioning array 'ret' (aes/aes_func.c:375) in dimension 1 with a cyclic factor 2.
INFO: [XFORM 203-102] Automatically partitioning small array 'temp.0' (aes/aes_key.c:81) completely based on array size.
INFO: [XFORM 203-102] Automatically partitioning small array 'temp.1' (aes/aes_key.c:81) completely based on array size.
INFO: [XFORM 203-102] Automatically partitioning small array 'temp.0' (aes/aes_key.c:81) completely based on array size.
INFO: [XFORM 203-102] Automatically partitioning small array 'temp.1466' (aes/aes_key.c:81) completely based on array size.
INFO: [XFORM 203-101] Partitioning array 'temp.0' (aes/aes_key.c:81) in dimension 1 completely.
INFO: [XFORM 203-101] Partitioning array 'temp.1' (aes/aes_key.c:81) in dimension 1 completely.
INFO: [XFORM 203-101] Partitioning array 'temp.0' (aes/aes_key.c:81) in dimension 1 completely.
INFO: [XFORM 203-101] Partitioning array 'temp.1466' (aes/aes_key.c:81) in dimension 1 completely.
WARNING: [XFORM 203-561] Updating loop upper bound from 8 to 4 for loop 'Loop-0-0' (aes/aes_func.c:383:1) in function 'encrypt'.
WARNING: [XFORM 203-561] Updating loop upper bound from 8 to 4 for loop 'Loop-0-1' (aes/aes_func.c:436:1) in function 'encrypt'.
WARNING: [XFORM 203-561] Updating loop upper bound from 32 to 16 for loop 'Loop-1' (aes/aes_enc.c:130:1) in function 'encrypt'.
WARNING: [XFORM 203-561] Updating loop upper bound from 8 to 4 for loop 'Loop-0' (aes/aes_func.c:458:1) in function 'decrypt'.
WARNING: [XFORM 203-561] Updating loop upper bound from 8 to 4 for loop 'Loop-1' (aes/aes_func.c:467:1) in function 'decrypt'.
WARNING: [XFORM 203-561] Updating loop upper bound from 8 to 4 for loop 'Loop-2' (aes/aes_func.c:527:1) in function 'decrypt'.
WARNING: [XFORM 203-561] Updating loop upper bound from 8 to 4 for loop 'Loop-3' (aes/aes_func.c:458:1) in function 'decrypt'.
WARNING: [XFORM 203-561] Updating loop upper bound from 8 to 4 for loop 'Loop-4' (aes/aes_func.c:467:1) in function 'decrypt'.
WARNING: [XFORM 203-561] Updating loop upper bound from 8 to 4 for loop 'Loop-5' (aes/aes_func.c:527:1) in function 'decrypt'.
WARNING: [XFORM 203-561] Updating loop upper bound from 8 to 4 for loop 'Loop-6' (aes/aes_func.c:458:1) in function 'decrypt'.
WARNING: [XFORM 203-561] Updating loop upper bound from 8 to 4 for loop 'Loop-7' (aes/aes_func.c:467:1) in function 'decrypt'.
WARNING: [XFORM 203-561] Updating loop upper bound from 8 to 4 for loop 'Loop-8' (aes/aes_func.c:527:1) in function 'decrypt'.
WARNING: [XFORM 203-561] Updating loop upper bound from 8 to 4 for loop 'Loop-9' (aes/aes_func.c:458:1) in function 'decrypt'.
WARNING: [XFORM 203-561] Updating loop upper bound from 8 to 4 for loop 'Loop-10' (aes/aes_func.c:467:1) in function 'decrypt'.
WARNING: [XFORM 203-561] Updating loop upper bound from 8 to 4 for loop 'Loop-11' (aes/aes_func.c:527:1) in function 'decrypt'.
WARNING: [XFORM 203-561] Updating loop upper bound from 8 to 4 for loop 'Loop-12' (aes/aes_func.c:458:1) in function 'decrypt'.
WARNING: [XFORM 203-561] Updating loop upper bound from 8 to 4 for loop 'Loop-13' (aes/aes_func.c:467:1) in function 'decrypt'.
WARNING: [XFORM 203-561] Updating loop upper bound from 8 to 4 for loop 'Loop-14' (aes/aes_func.c:527:1) in function 'decrypt'.
WARNING: [XFORM 203-561] Updating loop upper bound from 8 to 4 for loop 'Loop-15' (aes/aes_func.c:458:1) in function 'decrypt'.
WARNING: [XFORM 203-561] Updating loop upper bound from 8 to 4 for loop 'Loop-16' (aes/aes_func.c:467:1) in function 'decrypt'.
WARNING: [XFORM 203-561] Updating loop upper bound from 8 to 4 for loop 'Loop-17' (aes/aes_func.c:527:1) in function 'decrypt'.
WARNING: [XFORM 203-561] Updating loop upper bound from 8 to 4 for loop 'Loop-18' (aes/aes_func.c:458:1) in function 'decrypt'.
WARNING: [XFORM 203-561] Updating loop upper bound from 8 to 4 for loop 'Loop-19' (aes/aes_func.c:467:1) in function 'decrypt'.
WARNING: [XFORM 203-561] Updating loop upper bound from 8 to 4 for loop 'Loop-20' (aes/aes_func.c:527:1) in function 'decrypt'.
WARNING: [XFORM 203-561] Updating loop upper bound from 8 to 4 for loop 'Loop-21' (aes/aes_func.c:458:1) in function 'decrypt'.
WARNING: [XFORM 203-561] Updating loop upper bound from 8 to 4 for loop 'Loop-22' (aes/aes_func.c:467:1) in function 'decrypt'.
WARNING: [XFORM 203-561] Updating loop upper bound from 8 to 4 for loop 'Loop-23' (aes/aes_func.c:527:1) in function 'decrypt'.
WARNING: [XFORM 203-561] Updating loop upper bound from 8 to 4 for loop 'Loop-24' (aes/aes_func.c:458:1) in function 'decrypt'.
WARNING: [XFORM 203-561] Updating loop upper bound from 8 to 4 for loop 'Loop-25' (aes/aes_func.c:467:1) in function 'decrypt'.
WARNING: [XFORM 203-561] Updating loop upper bound from 8 to 4 for loop 'Loop-26' (aes/aes_func.c:527:1) in function 'decrypt'.
INFO: [XFORM 203-401] Performing if-conversion on hyperblock from (aes/aes_func.c:384:2) to (aes/aes_func.c:380:22) in function 'encrypt'... converting 13 basic blocks.
INFO: [XFORM 203-11] Balancing expressions in function 'encrypt' (aes/aes_enc.c:64)...32 expression(s) balanced.
INFO: [XFORM 203-11] Balancing expressions in function 'decrypt' (aes/aes_dec.c:63)...232 expression(s) balanced.
INFO: [HLS 200-111] Finished Pre-synthesis Time (s): cpu = 00:00:11 ; elapsed = 00:00:16 . Memory (MB): peak = 175.973 ; gain = 85.922
WARNING: [XFORM 203-561] Updating loop upper bound from 13 to 9 for loop 'Loop-0' (aes/aes_enc.c:116:1) in function 'encrypt'.
INFO: [HLS 200-111] Finished Architecture Synthesis Time (s): cpu = 00:00:24 ; elapsed = 00:00:30 . Memory (MB): peak = 229.230 ; gain = 139.180
INFO: [HLS 200-10] Starting hardware synthesis ...
INFO: [HLS 200-10] Synthesizing 'aes_main' ...
INFO: [HLS 200-10] ----------------------------------------------------------------
INFO: [HLS 200-42] -- Implementing module 'encrypt' 
INFO: [HLS 200-10] ----------------------------------------------------------------
INFO: [SCHED 204-11] Starting scheduling ...
WARNING: [SCHED 204-65] Unable to satisfy pipeline directive: Function contains subloop(s) not being unrolled.
INFO: [SCHED 204-11] Finished scheduling.
INFO: [HLS 200-111]  Elapsed time: 30.487 seconds; current allocated memory: 173.775 MB.
INFO: [HLS 200-434] Only 0 loops out of a total 3 loops have been pipelined in this design.
INFO: [BIND 205-100] Starting micro-architecture generation ...
INFO: [BIND 205-101] Performing variable lifetime analysis.
INFO: [BIND 205-101] Exploring resource sharing.
INFO: [BIND 205-101] Binding ...
INFO: [BIND 205-100] Finished micro-architecture generation.
INFO: [HLS 200-111]  Elapsed time: 1.314 seconds; current allocated memory: 178.375 MB.
INFO: [HLS 200-10] ----------------------------------------------------------------
INFO: [HLS 200-42] -- Implementing module 'decrypt' 
INFO: [HLS 200-10] ----------------------------------------------------------------
INFO: [SCHED 204-11] Starting scheduling ...
WARNING: [SCHED 204-65] Unable to satisfy pipeline directive: Function contains subloop(s) not being unrolled.
INFO: [SCHED 204-11] Finished scheduling.
INFO: [HLS 200-111]  Elapsed time: 4.178 seconds; current allocated memory: 191.177 MB.
INFO: [BIND 205-100] Starting micro-architecture generation ...
INFO: [BIND 205-101] Performing variable lifetime analysis.
INFO: [BIND 205-101] Exploring resource sharing.
INFO: [BIND 205-101] Binding ...
INFO: [BIND 205-100] Finished micro-architecture generation.
INFO: [HLS 200-111]  Elapsed time: 5.343 seconds; current allocated memory: 207.774 MB.
INFO: [HLS 200-10] ----------------------------------------------------------------
INFO: [HLS 200-42] -- Implementing module 'aes_main' 
INFO: [HLS 200-10] ----------------------------------------------------------------
INFO: [SCHED 204-11] Starting scheduling ...
INFO: [SCHED 204-11] Finished scheduling.
INFO: [HLS 200-111]  Elapsed time: 4.697 seconds; current allocated memory: 210.179 MB.
INFO: [BIND 205-100] Starting micro-architecture generation ...
INFO: [BIND 205-101] Performing variable lifetime analysis.
INFO: [BIND 205-101] Exploring resource sharing.
INFO: [BIND 205-101] Binding ...
INFO: [BIND 205-100] Finished micro-architecture generation.
INFO: [HLS 200-111]  Elapsed time: 1.116 seconds; current allocated memory: 211.961 MB.
INFO: [HLS 200-10] ----------------------------------------------------------------
INFO: [HLS 200-10] -- Generating RTL for module 'encrypt' 
INFO: [HLS 200-10] ----------------------------------------------------------------
INFO: [RTGEN 206-100] Finished creating RTL model for 'encrypt'.
INFO: [HLS 200-111]  Elapsed time: 1.835 seconds; current allocated memory: 221.727 MB.
INFO: [HLS 200-10] ----------------------------------------------------------------
INFO: [HLS 200-10] -- Generating RTL for module 'decrypt' 
INFO: [HLS 200-10] ----------------------------------------------------------------
INFO: [RTGEN 206-100] Finished creating RTL model for 'decrypt'.
INFO: [HLS 200-111]  Elapsed time: 3.745 seconds; current allocated memory: 251.444 MB.
INFO: [HLS 200-10] ----------------------------------------------------------------
INFO: [HLS 200-10] -- Generating RTL for module 'aes_main' 
INFO: [HLS 200-10] ----------------------------------------------------------------
INFO: [RTGEN 206-500] Setting interface mode on function 'aes_main' to 'ap_ctrl_hs'.
WARNING: [RTGEN 206-101] Register 'main_result' is power-on initialization.
WARNING: [RTGEN 206-101] Global array 'statemt_0' will not be exposed as RTL port.
WARNING: [RTGEN 206-101] Global array 'statemt_1' will not be exposed as RTL port.
WARNING: [RTGEN 206-101] Global array 'key_0' will not be exposed as RTL port.
INFO: [RTGEN 206-100] Finished creating RTL model for 'aes_main'.
INFO: [HLS 200-111]  Elapsed time: 10.305 seconds; current allocated memory: 262.467 MB.
INFO: [RTMG 210-279] Implementing memory 'encrypt_Sbox_rom' using block ROMs.
INFO: [RTMG 210-278] Implementing memory 'encrypt_ret_0_ram (RAM)' using block RAMs.
INFO: [RTMG 210-279] Implementing memory 'decrypt_invSbox_rom' using block ROMs.
INFO: [RTMG 210-278] Implementing memory 'decrypt_ret_ram (RAM)' using block RAMs.
INFO: [RTMG 210-278] Implementing memory 'aes_main_word_0_ram (RAM)' using block RAMs with power-on initialization.
INFO: [RTMG 210-278] Implementing memory 'aes_main_statemt_0_ram (RAM)' using block RAMs with power-on initialization.
INFO: [HLS 200-111] Finished generating all RTL models Time (s): cpu = 00:00:58 ; elapsed = 00:01:07 . Memory (MB): peak = 455.957 ; gain = 365.906
INFO: [VHDL 208-304] Generating VHDL RTL for aes_main.
INFO: [VLOG 209-307] Generating Verilog RTL for aes_main.
INFO: [HLS 200-112] Total elapsed time: 66.976 seconds; peak allocated memory: 262.467 MB.
==============================================================
Vivado(TM) HLS - High-Level Synthesis from C, C++ and SystemC v2019.1 (64-bit)
Copyright 1986-2019 Xilinx, Inc. All Rights Reserved.
==============================================================
INFO: [SYN 201-201] Setting up clock 'default' with a period of 10ns.
INFO: [HLS 200-10] Setting target device to 'xczu7ev-ffvc1156-2-e'
INFO: [SIM 211-2] *************** CSIM start ***************
INFO: [SIM 211-4] CSIM will launch GCC as the compiler.
INFO: [SIM 211-1] CSim done with 0 errors.
INFO: [SIM 211-3] *************** CSIM finish ***************
==============================================================
Vivado(TM) HLS - High-Level Synthesis from C, C++ and SystemC v2019.1 (64-bit)
Copyright 1986-2019 Xilinx, Inc. All Rights Reserved.
==============================================================
INFO: [SYN 201-201] Setting up clock 'default' with a period of 10ns.
INFO: [HLS 200-10] Setting target device to 'xczu7ev-ffvc1156-2-e'
INFO: [SCHED 204-61] Option 'relax_ii_for_timing' is enabled, will increase II to preserve clock frequency constraints.
INFO: [HLS 200-10] Analyzing design file 'aes/aes.c' ... 
INFO: [HLS 200-111] Finished Linking Time (s): cpu = 00:00:00 ; elapsed = 00:00:05 . Memory (MB): peak = 174.980 ; gain = 84.945
INFO: [HLS 200-111] Finished Checking Pragmas Time (s): cpu = 00:00:00 ; elapsed = 00:00:05 . Memory (MB): peak = 174.980 ; gain = 84.945
INFO: [HLS 200-10] Starting code transformations ...
INFO: [XFORM 203-603] Inlining function 'SubByte' into 'KeySchedule' (aes/aes_key.c:154).
INFO: [XFORM 203-603] Inlining function 'SubByte' into 'KeySchedule' (aes/aes_key.c:155).
INFO: [XFORM 203-603] Inlining function 'SubByte' into 'KeySchedule' (aes/aes_key.c:156).
INFO: [XFORM 203-603] Inlining function 'SubByte' into 'KeySchedule' (aes/aes_key.c:157).
INFO: [XFORM 203-603] Inlining function 'KeySchedule' into 'encrypt' (aes/aes_enc.c:77).
INFO: [XFORM 203-603] Inlining function 'AddRoundKey' into 'encrypt' (aes/aes_enc.c:110).
INFO: [XFORM 203-603] Inlining function 'ByteSub_ShiftRow' into 'encrypt' (aes/aes_enc.c:118).
INFO: [XFORM 203-603] Inlining function 'MixColumn_AddRoundKey' into 'encrypt' (aes/aes_enc.c:119).
INFO: [XFORM 203-603] Inlining function 'ByteSub_ShiftRow' into 'encrypt' (aes/aes_enc.c:121).
INFO: [XFORM 203-603] Inlining function 'AddRoundKey' into 'encrypt' (aes/aes_enc.c:122).
INFO: [XFORM 203-603] Inlining function 'KeySchedule' into 'decrypt' (aes/aes_dec.c:75).
INFO: [XFORM 203-603] Inlining function 'AddRoundKey' into 'decrypt' (aes/aes_dec.c:111).
INFO: [XFORM 203-603] Inlining function 'InversShiftRow_ByteSub' into 'decrypt' (aes/aes_dec.c:113).
INFO: [XFORM 203-603] Inlining function 'AddRoundKey_InversMixColumn' into 'decrypt' (aes/aes_dec.c:122).
INFO: [XFORM 203-603] Inlining function 'InversShiftRow_ByteSub' into 'decrypt' (aes/aes_dec.c:123).
INFO: [XFORM 203-603] Inlining function 'AddRoundKey' into 'decrypt' (aes/aes_dec.c:126).
INFO: [HLS 200-111] Finished Standard Transforms Time (s): cpu = 00:00:01 ; elapsed = 00:00:06 . Memory (MB): peak = 174.980 ; gain = 84.945
INFO: [HLS 200-10] Checking synthesizability ...
INFO: [HLS 200-111] Finished Checking Synthesizability Time (s): cpu = 00:00:02 ; elapsed = 00:00:07 . Memory (MB): peak = 174.980 ; gain = 84.945
INFO: [XFORM 203-502] Unrolling all loops for pipelining in function 'decrypt' (aes/aes_dec.c:63).
WARNING: [XFORM 203-505] Ignored pipeline directive for loop 'Loop-1' (aes/aes_key.c:137) because its parent loop or function is pipelined.
INFO: [XFORM 203-502] Unrolling all loops for pipelining in function 'encrypt' (aes/aes_enc.c:64).
WARNING: [XFORM 203-505] Ignored pipeline directive for loop 'Loop-1' (aes/aes_key.c:137) because its parent loop or function is pipelined.
WARNING: [XFORM 203-503] Ignored partial unroll directive for loop 'Loop-4' (aes/aes_enc.c:112) because its parent loop or function is pipelined.
WARNING: [XFORM 203-561] Updating loop upper bound from 8 to 4 for loop 'Loop-0' (aes/aes_key.c:138:1) in function 'decrypt'.
WARNING: [XFORM 203-561] Updating loop upper bound from 116 to 40 for loop 'Loop-1' (aes/aes_key.c:150:1) in function 'decrypt'.
WARNING: [XFORM 203-561] Updating loop lower bound from 36 to 40 for loop 'Loop-1' (aes/aes_key.c:150:1) in function 'decrypt'.
WARNING: [XFORM 203-561] Updating loop upper bound from 8 to 4 for loop 'Loop-2' (aes/aes_func.c:568:1) in function 'decrypt'.
WARNING: [XFORM 203-561] Updating loop upper bound from 13 to 9 for loop 'Loop-3' (aes/aes_dec.c:121:1) in function 'decrypt'.
WARNING: [XFORM 203-561] Updating loop upper bound from 8 to 4 for loop 'Loop-4' (aes/aes_func.c:568:1) in function 'decrypt'.
WARNING: [XFORM 203-561] Updating loop upper bound from 32 to 16 for loop 'Loop-5' (aes/aes_dec.c:134:1) in function 'decrypt'.
WARNING: [XFORM 203-561] Updating loop upper bound from 8 to 4 for loop 'Loop-0' (aes/aes_key.c:138:1) in function 'encrypt'.
WARNING: [XFORM 203-561] Updating loop upper bound from 116 to 40 for loop 'Loop-1' (aes/aes_key.c:150:1) in function 'encrypt'.
WARNING: [XFORM 203-561] Updating loop lower bound from 36 to 40 for loop 'Loop-1' (aes/aes_key.c:150:1) in function 'encrypt'.
WARNING: [XFORM 203-561] Updating loop upper bound from 8 to 4 for loop 'Loop-2' (aes/aes_func.c:568:1) in function 'encrypt'.
WARNING: [XFORM 203-561] Updating loop upper bound from 8 to 4 for loop 'Loop-4' (aes/aes_func.c:568:1) in function 'encrypt'.
INFO: [HLS 200-489] Unrolling loop 'Loop-1' (aes/aes_key.c:137) in function 'decrypt' completely with a factor of 4.
INFO: [HLS 200-489] Unrolling loop 'Loop-1.1' (aes/aes_key.c:140) in function 'decrypt' completely with a factor of 4.
INFO: [HLS 200-489] Unrolling loop 'Loop-2' (aes/aes_key.c:146) in function 'decrypt' completely with a factor of 40.
INFO: [HLS 200-489] Unrolling loop 'Loop-2.1' (aes/aes_key.c:172) in function 'decrypt' completely with a factor of 4.
INFO: [HLS 200-489] Unrolling loop 'Loop-3' (aes/aes_func.c:565) in function 'decrypt' completely with a factor of 4.
INFO: [HLS 200-489] Unrolling loop 'Loop-4' (aes/aes_dec.c:117) in function 'decrypt' completely with a factor of 9.
WARNING: [XFORM 203-503] Cannot unroll loop 'Loop-4.1' (aes/aes_func.c:455) in function 'decrypt': cannot completely unroll a loop with a variable trip count.
WARNING: [XFORM 203-503] Cannot unroll loop 'Loop-4.2' (aes/aes_func.c:465) in function 'decrypt': cannot completely unroll a loop with a variable trip count.
INFO: [HLS 200-489] Unrolling loop 'Loop-4.2.1' (aes/aes_func.c:469) in function 'decrypt' completely with a factor of 4.
WARNING: [XFORM 203-503] Cannot unroll loop 'Loop-4.2' (aes/aes_func.c:465) in function 'decrypt': cannot completely unroll a loop with a variable trip count.
WARNING: [XFORM 203-503] Cannot unroll loop 'Loop-4.2' (aes/aes_func.c:465) in function 'decrypt': cannot completely unroll a loop with a variable trip count.
WARNING: [XFORM 203-503] Cannot unroll loop 'Loop-4.2' (aes/aes_func.c:465) in function 'decrypt': cannot completely unroll a loop with a variable trip count.
WARNING: [XFORM 203-503] Cannot unroll loop 'Loop-4.2' (aes/aes_func.c:465) in function 'decrypt': cannot completely unroll a loop with a variable trip count.
WARNING: [XFORM 203-503] Cannot unroll loop 'Loop-4.2' (aes/aes_func.c:465) in function 'decrypt': cannot completely unroll a loop with a variable trip count.
WARNING: [XFORM 203-503] Cannot unroll loop 'Loop-4.2' (aes/aes_func.c:465) in function 'decrypt': cannot completely unroll a loop with a variable trip count.
WARNING: [XFORM 203-503] Cannot unroll loop 'Loop-4.2' (aes/aes_func.c:465) in function 'decrypt': cannot completely unroll a loop with a variable trip count.
WARNING: [XFORM 203-503] Cannot unroll loop 'Loop-4.2' (aes/aes_func.c:465) in function 'decrypt': cannot completely unroll a loop with a variable trip count.
WARNING: [XFORM 203-503] Cannot unroll loop 'Loop-4.3' (aes/aes_func.c:524) in function 'decrypt': cannot completely unroll a loop with a variable trip count.
INFO: [HLS 200-489] Unrolling loop 'Loop-5' (aes/aes_func.c:565) in function 'decrypt' completely with a factor of 4.
INFO: [HLS 200-489] Unrolling loop 'Loop-6' (aes/aes_dec.c:131) in function 'decrypt' completely with a factor of 16.
INFO: [HLS 200-489] Unrolling loop 'Loop-7' (aes/aes_dec.c:141) in function 'decrypt' completely with a factor of 16.
INFO: [HLS 200-489] Unrolling loop 'Loop-1' (aes/aes_key.c:137) in function 'encrypt' completely with a factor of 4.
INFO: [HLS 200-489] Unrolling loop 'Loop-1.1' (aes/aes_key.c:140) in function 'encrypt' completely with a factor of 4.
INFO: [HLS 200-489] Unrolling loop 'Loop-2' (aes/aes_key.c:146) in function 'encrypt' completely with a factor of 40.
INFO: [HLS 200-489] Unrolling loop 'Loop-2.1' (aes/aes_key.c:172) in function 'encrypt' completely with a factor of 4.
INFO: [HLS 200-489] Unrolling loop 'Loop-3' (aes/aes_func.c:565) in function 'encrypt' completely with a factor of 4.
WARNING: [XFORM 203-503] Cannot unroll loop 'Loop-4' (aes/aes_enc.c:112) in function 'encrypt' completely: variable loop bound.
WARNING: [XFORM 203-503] Cannot unroll loop 'Loop-4.1' (aes/aes_func.c:380) in function 'encrypt': cannot completely unroll a loop with a variable trip count.
WARNING: [XFORM 203-503] Cannot unroll loop 'Loop-4.2' (aes/aes_func.c:433) in function 'encrypt': cannot completely unroll a loop with a variable trip count.
INFO: [HLS 200-489] Unrolling loop 'Loop-5' (aes/aes_func.c:565) in function 'encrypt' completely with a factor of 4.
WARNING: [XFORM 203-503] Cannot unroll loop 'Loop-6' (aes/aes_enc.c:127) in function 'encrypt' completely: variable loop bound.
INFO: [HLS 200-489] Unrolling loop 'Loop-7' (aes/aes_enc.c:138) in function 'encrypt' completely with a factor of 16.
INFO: [XFORM 203-101] Partitioning array 'statemt'  in dimension 1 with a cyclic factor 2.
INFO: [XFORM 203-101] Partitioning array 'key'  in dimension 1 with a block factor 2.
INFO: [XFORM 203-101] Partitioning array 'word'  in dimension 1 with a cyclic factor 2.
INFO: [XFORM 203-101] Partitioning array 'temp' (aes/aes_key.c:81) in dimension 1 with a cyclic factor 2.
INFO: [XFORM 203-101] Partitioning array 'temp' (aes/aes_key.c:81) in dimension 1 with a cyclic factor 2.
INFO: [XFORM 203-101] Partitioning array 'ret' (aes/aes_func.c:375) in dimension 1 with a cyclic factor 2.
INFO: [XFORM 203-102] Automatically partitioning small array 'temp.0' (aes/aes_key.c:81) completely based on array size.
INFO: [XFORM 203-102] Automatically partitioning small array 'temp.1' (aes/aes_key.c:81) completely based on array size.
INFO: [XFORM 203-102] Automatically partitioning small array 'temp.0' (aes/aes_key.c:81) completely based on array size.
INFO: [XFORM 203-102] Automatically partitioning small array 'temp.1466' (aes/aes_key.c:81) completely based on array size.
INFO: [XFORM 203-101] Partitioning array 'temp.0' (aes/aes_key.c:81) in dimension 1 completely.
INFO: [XFORM 203-101] Partitioning array 'temp.1' (aes/aes_key.c:81) in dimension 1 completely.
INFO: [XFORM 203-101] Partitioning array 'temp.0' (aes/aes_key.c:81) in dimension 1 completely.
INFO: [XFORM 203-101] Partitioning array 'temp.1466' (aes/aes_key.c:81) in dimension 1 completely.
WARNING: [XFORM 203-561] Updating loop upper bound from 8 to 4 for loop 'Loop-0-0' (aes/aes_func.c:383:1) in function 'encrypt'.
WARNING: [XFORM 203-561] Updating loop upper bound from 8 to 4 for loop 'Loop-0-1' (aes/aes_func.c:436:1) in function 'encrypt'.
WARNING: [XFORM 203-561] Updating loop upper bound from 32 to 16 for loop 'Loop-1' (aes/aes_enc.c:130:1) in function 'encrypt'.
WARNING: [XFORM 203-561] Updating loop upper bound from 8 to 4 for loop 'Loop-0' (aes/aes_func.c:458:1) in function 'decrypt'.
WARNING: [XFORM 203-561] Updating loop upper bound from 8 to 4 for loop 'Loop-1' (aes/aes_func.c:467:1) in function 'decrypt'.
WARNING: [XFORM 203-561] Updating loop upper bound from 8 to 4 for loop 'Loop-2' (aes/aes_func.c:527:1) in function 'decrypt'.
WARNING: [XFORM 203-561] Updating loop upper bound from 8 to 4 for loop 'Loop-3' (aes/aes_func.c:458:1) in function 'decrypt'.
WARNING: [XFORM 203-561] Updating loop upper bound from 8 to 4 for loop 'Loop-4' (aes/aes_func.c:467:1) in function 'decrypt'.
WARNING: [XFORM 203-561] Updating loop upper bound from 8 to 4 for loop 'Loop-5' (aes/aes_func.c:527:1) in function 'decrypt'.
WARNING: [XFORM 203-561] Updating loop upper bound from 8 to 4 for loop 'Loop-6' (aes/aes_func.c:458:1) in function 'decrypt'.
WARNING: [XFORM 203-561] Updating loop upper bound from 8 to 4 for loop 'Loop-7' (aes/aes_func.c:467:1) in function 'decrypt'.
WARNING: [XFORM 203-561] Updating loop upper bound from 8 to 4 for loop 'Loop-8' (aes/aes_func.c:527:1) in function 'decrypt'.
WARNING: [XFORM 203-561] Updating loop upper bound from 8 to 4 for loop 'Loop-9' (aes/aes_func.c:458:1) in function 'decrypt'.
WARNING: [XFORM 203-561] Updating loop upper bound from 8 to 4 for loop 'Loop-10' (aes/aes_func.c:467:1) in function 'decrypt'.
WARNING: [XFORM 203-561] Updating loop upper bound from 8 to 4 for loop 'Loop-11' (aes/aes_func.c:527:1) in function 'decrypt'.
WARNING: [XFORM 203-561] Updating loop upper bound from 8 to 4 for loop 'Loop-12' (aes/aes_func.c:458:1) in function 'decrypt'.
WARNING: [XFORM 203-561] Updating loop upper bound from 8 to 4 for loop 'Loop-13' (aes/aes_func.c:467:1) in function 'decrypt'.
WARNING: [XFORM 203-561] Updating loop upper bound from 8 to 4 for loop 'Loop-14' (aes/aes_func.c:527:1) in function 'decrypt'.
WARNING: [XFORM 203-561] Updating loop upper bound from 8 to 4 for loop 'Loop-15' (aes/aes_func.c:458:1) in function 'decrypt'.
WARNING: [XFORM 203-561] Updating loop upper bound from 8 to 4 for loop 'Loop-16' (aes/aes_func.c:467:1) in function 'decrypt'.
WARNING: [XFORM 203-561] Updating loop upper bound from 8 to 4 for loop 'Loop-17' (aes/aes_func.c:527:1) in function 'decrypt'.
WARNING: [XFORM 203-561] Updating loop upper bound from 8 to 4 for loop 'Loop-18' (aes/aes_func.c:458:1) in function 'decrypt'.
WARNING: [XFORM 203-561] Updating loop upper bound from 8 to 4 for loop 'Loop-19' (aes/aes_func.c:467:1) in function 'decrypt'.
WARNING: [XFORM 203-561] Updating loop upper bound from 8 to 4 for loop 'Loop-20' (aes/aes_func.c:527:1) in function 'decrypt'.
WARNING: [XFORM 203-561] Updating loop upper bound from 8 to 4 for loop 'Loop-21' (aes/aes_func.c:458:1) in function 'decrypt'.
WARNING: [XFORM 203-561] Updating loop upper bound from 8 to 4 for loop 'Loop-22' (aes/aes_func.c:467:1) in function 'decrypt'.
WARNING: [XFORM 203-561] Updating loop upper bound from 8 to 4 for loop 'Loop-23' (aes/aes_func.c:527:1) in function 'decrypt'.
WARNING: [XFORM 203-561] Updating loop upper bound from 8 to 4 for loop 'Loop-24' (aes/aes_func.c:458:1) in function 'decrypt'.
WARNING: [XFORM 203-561] Updating loop upper bound from 8 to 4 for loop 'Loop-25' (aes/aes_func.c:467:1) in function 'decrypt'.
WARNING: [XFORM 203-561] Updating loop upper bound from 8 to 4 for loop 'Loop-26' (aes/aes_func.c:527:1) in function 'decrypt'.
INFO: [XFORM 203-401] Performing if-conversion on hyperblock from (aes/aes_func.c:384:2) to (aes/aes_func.c:380:22) in function 'encrypt'... converting 13 basic blocks.
INFO: [XFORM 203-11] Balancing expressions in function 'encrypt' (aes/aes_enc.c:64)...32 expression(s) balanced.
INFO: [XFORM 203-11] Balancing expressions in function 'decrypt' (aes/aes_dec.c:63)...232 expression(s) balanced.
INFO: [HLS 200-111] Finished Pre-synthesis Time (s): cpu = 00:00:11 ; elapsed = 00:00:16 . Memory (MB): peak = 174.980 ; gain = 84.945
WARNING: [XFORM 203-561] Updating loop upper bound from 13 to 9 for loop 'Loop-0' (aes/aes_enc.c:116:1) in function 'encrypt'.
INFO: [HLS 200-111] Finished Architecture Synthesis Time (s): cpu = 00:00:25 ; elapsed = 00:00:30 . Memory (MB): peak = 228.844 ; gain = 138.809
INFO: [HLS 200-10] Starting hardware synthesis ...
INFO: [HLS 200-10] Synthesizing 'aes_main' ...
INFO: [HLS 200-10] ----------------------------------------------------------------
INFO: [HLS 200-42] -- Implementing module 'encrypt' 
INFO: [HLS 200-10] ----------------------------------------------------------------
INFO: [SCHED 204-11] Starting scheduling ...
WARNING: [SCHED 204-65] Unable to satisfy pipeline directive: Function contains subloop(s) not being unrolled.
INFO: [SCHED 204-11] Finished scheduling.
INFO: [HLS 200-111]  Elapsed time: 30.858 seconds; current allocated memory: 173.968 MB.
INFO: [HLS 200-434] Only 0 loops out of a total 3 loops have been pipelined in this design.
INFO: [BIND 205-100] Starting micro-architecture generation ...
INFO: [BIND 205-101] Performing variable lifetime analysis.
INFO: [BIND 205-101] Exploring resource sharing.
INFO: [BIND 205-101] Binding ...
INFO: [BIND 205-100] Finished micro-architecture generation.
INFO: [HLS 200-111]  Elapsed time: 1.301 seconds; current allocated memory: 178.568 MB.
INFO: [HLS 200-10] ----------------------------------------------------------------
INFO: [HLS 200-42] -- Implementing module 'decrypt' 
INFO: [HLS 200-10] ----------------------------------------------------------------
INFO: [SCHED 204-11] Starting scheduling ...
WARNING: [SCHED 204-65] Unable to satisfy pipeline directive: Function contains subloop(s) not being unrolled.
INFO: [SCHED 204-11] Finished scheduling.
INFO: [HLS 200-111]  Elapsed time: 4.15 seconds; current allocated memory: 191.392 MB.
INFO: [BIND 205-100] Starting micro-architecture generation ...
INFO: [BIND 205-101] Performing variable lifetime analysis.
INFO: [BIND 205-101] Exploring resource sharing.
INFO: [BIND 205-101] Binding ...
INFO: [BIND 205-100] Finished micro-architecture generation.
INFO: [HLS 200-111]  Elapsed time: 5.311 seconds; current allocated memory: 208.024 MB.
INFO: [HLS 200-10] ----------------------------------------------------------------
INFO: [HLS 200-42] -- Implementing module 'aes_main' 
INFO: [HLS 200-10] ----------------------------------------------------------------
INFO: [SCHED 204-11] Starting scheduling ...
INFO: [SCHED 204-11] Finished scheduling.
INFO: [HLS 200-111]  Elapsed time: 4.727 seconds; current allocated memory: 210.430 MB.
INFO: [BIND 205-100] Starting micro-architecture generation ...
INFO: [BIND 205-101] Performing variable lifetime analysis.
INFO: [BIND 205-101] Exploring resource sharing.
INFO: [BIND 205-101] Binding ...
INFO: [BIND 205-100] Finished micro-architecture generation.
INFO: [HLS 200-111]  Elapsed time: 1.105 seconds; current allocated memory: 212.211 MB.
INFO: [HLS 200-10] ----------------------------------------------------------------
INFO: [HLS 200-10] -- Generating RTL for module 'encrypt' 
INFO: [HLS 200-10] ----------------------------------------------------------------
INFO: [RTGEN 206-100] Finished creating RTL model for 'encrypt'.
INFO: [HLS 200-111]  Elapsed time: 1.839 seconds; current allocated memory: 221.978 MB.
INFO: [HLS 200-10] ----------------------------------------------------------------
INFO: [HLS 200-10] -- Generating RTL for module 'decrypt' 
INFO: [HLS 200-10] ----------------------------------------------------------------
INFO: [RTGEN 206-100] Finished creating RTL model for 'decrypt'.
INFO: [HLS 200-111]  Elapsed time: 3.779 seconds; current allocated memory: 251.869 MB.
INFO: [HLS 200-10] ----------------------------------------------------------------
INFO: [HLS 200-10] -- Generating RTL for module 'aes_main' 
INFO: [HLS 200-10] ----------------------------------------------------------------
INFO: [RTGEN 206-500] Setting interface mode on function 'aes_main' to 'ap_ctrl_hs'.
WARNING: [RTGEN 206-101] Register 'main_result' is power-on initialization.
WARNING: [RTGEN 206-101] Global array 'statemt_0' will not be exposed as RTL port.
WARNING: [RTGEN 206-101] Global array 'statemt_1' will not be exposed as RTL port.
WARNING: [RTGEN 206-101] Global array 'key_0' will not be exposed as RTL port.
INFO: [RTGEN 206-100] Finished creating RTL model for 'aes_main'.
INFO: [HLS 200-111]  Elapsed time: 10.411 seconds; current allocated memory: 262.886 MB.
INFO: [RTMG 210-279] Implementing memory 'encrypt_Sbox_rom' using block ROMs.
INFO: [RTMG 210-278] Implementing memory 'encrypt_ret_0_ram (RAM)' using block RAMs.
INFO: [RTMG 210-279] Implementing memory 'decrypt_invSbox_rom' using block ROMs.
INFO: [RTMG 210-278] Implementing memory 'decrypt_ret_ram (RAM)' using block RAMs.
INFO: [RTMG 210-278] Implementing memory 'aes_main_word_0_ram (RAM)' using block RAMs with power-on initialization.
INFO: [RTMG 210-278] Implementing memory 'aes_main_statemt_0_ram (RAM)' using block RAMs with power-on initialization.
INFO: [HLS 200-111] Finished generating all RTL models Time (s): cpu = 00:00:58 ; elapsed = 00:01:07 . Memory (MB): peak = 454.992 ; gain = 364.957
INFO: [VHDL 208-304] Generating VHDL RTL for aes_main.
INFO: [VLOG 209-307] Generating Verilog RTL for aes_main.
INFO: [HLS 200-112] Total elapsed time: 67.44 seconds; peak allocated memory: 262.886 MB.
==============================================================
Vivado(TM) HLS - High-Level Synthesis from C, C++ and SystemC v2019.1 (64-bit)
Copyright 1986-2019 Xilinx, Inc. All Rights Reserved.
==============================================================
INFO: [SYN 201-201] Setting up clock 'default' with a period of 10ns.
INFO: [HLS 200-10] Setting target device to 'xczu7ev-ffvc1156-2-e'
INFO: [SIM 211-2] *************** CSIM start ***************
INFO: [SIM 211-4] CSIM will launch GCC as the compiler.
INFO: [SIM 211-1] CSim done with 0 errors.
INFO: [SIM 211-3] *************** CSIM finish ***************
==============================================================
Vivado(TM) HLS - High-Level Synthesis from C, C++ and SystemC v2019.1 (64-bit)
Copyright 1986-2019 Xilinx, Inc. All Rights Reserved.
==============================================================
INFO: [SYN 201-201] Setting up clock 'default' with a period of 10ns.
INFO: [HLS 200-10] Setting target device to 'xczu7ev-ffvc1156-2-e'
INFO: [SCHED 204-61] Option 'relax_ii_for_timing' is enabled, will increase II to preserve clock frequency constraints.
INFO: [HLS 200-10] Analyzing design file 'aes/aes.c' ... 
INFO: [HLS 200-111] Finished Linking Time (s): cpu = 00:00:01 ; elapsed = 00:00:05 . Memory (MB): peak = 175.191 ; gain = 84.164
INFO: [HLS 200-111] Finished Checking Pragmas Time (s): cpu = 00:00:01 ; elapsed = 00:00:05 . Memory (MB): peak = 175.191 ; gain = 84.164
INFO: [HLS 200-10] Starting code transformations ...
INFO: [XFORM 203-603] Inlining function 'SubByte' into 'KeySchedule' (aes/aes_key.c:154).
INFO: [XFORM 203-603] Inlining function 'SubByte' into 'KeySchedule' (aes/aes_key.c:155).
INFO: [XFORM 203-603] Inlining function 'SubByte' into 'KeySchedule' (aes/aes_key.c:156).
INFO: [XFORM 203-603] Inlining function 'SubByte' into 'KeySchedule' (aes/aes_key.c:157).
INFO: [XFORM 203-603] Inlining function 'KeySchedule' into 'encrypt' (aes/aes_enc.c:77).
INFO: [XFORM 203-603] Inlining function 'AddRoundKey' into 'encrypt' (aes/aes_enc.c:110).
INFO: [XFORM 203-603] Inlining function 'ByteSub_ShiftRow' into 'encrypt' (aes/aes_enc.c:118).
INFO: [XFORM 203-603] Inlining function 'MixColumn_AddRoundKey' into 'encrypt' (aes/aes_enc.c:119).
INFO: [XFORM 203-603] Inlining function 'ByteSub_ShiftRow' into 'encrypt' (aes/aes_enc.c:121).
INFO: [XFORM 203-603] Inlining function 'AddRoundKey' into 'encrypt' (aes/aes_enc.c:122).
INFO: [XFORM 203-603] Inlining function 'KeySchedule' into 'decrypt' (aes/aes_dec.c:75).
INFO: [XFORM 203-603] Inlining function 'AddRoundKey' into 'decrypt' (aes/aes_dec.c:111).
INFO: [XFORM 203-603] Inlining function 'InversShiftRow_ByteSub' into 'decrypt' (aes/aes_dec.c:113).
INFO: [XFORM 203-603] Inlining function 'AddRoundKey_InversMixColumn' into 'decrypt' (aes/aes_dec.c:122).
INFO: [XFORM 203-603] Inlining function 'InversShiftRow_ByteSub' into 'decrypt' (aes/aes_dec.c:123).
INFO: [XFORM 203-603] Inlining function 'AddRoundKey' into 'decrypt' (aes/aes_dec.c:126).
INFO: [HLS 200-111] Finished Standard Transforms Time (s): cpu = 00:00:02 ; elapsed = 00:00:06 . Memory (MB): peak = 175.191 ; gain = 84.164
INFO: [HLS 200-10] Checking synthesizability ...
INFO: [HLS 200-111] Finished Checking Synthesizability Time (s): cpu = 00:00:02 ; elapsed = 00:00:07 . Memory (MB): peak = 175.191 ; gain = 84.164
INFO: [XFORM 203-502] Unrolling all loops for pipelining in function 'decrypt' (aes/aes_dec.c:63).
WARNING: [XFORM 203-505] Ignored pipeline directive for loop 'Loop-1' (aes/aes_key.c:137) because its parent loop or function is pipelined.
INFO: [XFORM 203-502] Unrolling all loops for pipelining in function 'encrypt' (aes/aes_enc.c:64).
WARNING: [XFORM 203-505] Ignored pipeline directive for loop 'Loop-1' (aes/aes_key.c:137) because its parent loop or function is pipelined.
WARNING: [XFORM 203-503] Ignored partial unroll directive for loop 'Loop-4' (aes/aes_enc.c:112) because its parent loop or function is pipelined.
WARNING: [XFORM 203-561] Updating loop upper bound from 8 to 4 for loop 'Loop-0' (aes/aes_key.c:138:1) in function 'decrypt'.
WARNING: [XFORM 203-561] Updating loop upper bound from 116 to 40 for loop 'Loop-1' (aes/aes_key.c:150:1) in function 'decrypt'.
WARNING: [XFORM 203-561] Updating loop lower bound from 36 to 40 for loop 'Loop-1' (aes/aes_key.c:150:1) in function 'decrypt'.
WARNING: [XFORM 203-561] Updating loop upper bound from 8 to 4 for loop 'Loop-2' (aes/aes_func.c:568:1) in function 'decrypt'.
WARNING: [XFORM 203-561] Updating loop upper bound from 13 to 9 for loop 'Loop-3' (aes/aes_dec.c:121:1) in function 'decrypt'.
WARNING: [XFORM 203-561] Updating loop upper bound from 8 to 4 for loop 'Loop-4' (aes/aes_func.c:568:1) in function 'decrypt'.
WARNING: [XFORM 203-561] Updating loop upper bound from 32 to 16 for loop 'Loop-5' (aes/aes_dec.c:134:1) in function 'decrypt'.
WARNING: [XFORM 203-561] Updating loop upper bound from 8 to 4 for loop 'Loop-0' (aes/aes_key.c:138:1) in function 'encrypt'.
WARNING: [XFORM 203-561] Updating loop upper bound from 116 to 40 for loop 'Loop-1' (aes/aes_key.c:150:1) in function 'encrypt'.
WARNING: [XFORM 203-561] Updating loop lower bound from 36 to 40 for loop 'Loop-1' (aes/aes_key.c:150:1) in function 'encrypt'.
WARNING: [XFORM 203-561] Updating loop upper bound from 8 to 4 for loop 'Loop-2' (aes/aes_func.c:568:1) in function 'encrypt'.
WARNING: [XFORM 203-561] Updating loop upper bound from 8 to 4 for loop 'Loop-4' (aes/aes_func.c:568:1) in function 'encrypt'.
INFO: [HLS 200-489] Unrolling loop 'Loop-1' (aes/aes_key.c:137) in function 'decrypt' completely with a factor of 4.
INFO: [HLS 200-489] Unrolling loop 'Loop-1.1' (aes/aes_key.c:140) in function 'decrypt' completely with a factor of 4.
INFO: [HLS 200-489] Unrolling loop 'Loop-2' (aes/aes_key.c:146) in function 'decrypt' completely with a factor of 40.
INFO: [HLS 200-489] Unrolling loop 'Loop-2.1' (aes/aes_key.c:172) in function 'decrypt' completely with a factor of 4.
INFO: [HLS 200-489] Unrolling loop 'Loop-3' (aes/aes_func.c:565) in function 'decrypt' completely with a factor of 4.
INFO: [HLS 200-489] Unrolling loop 'Loop-4' (aes/aes_dec.c:117) in function 'decrypt' completely with a factor of 9.
WARNING: [XFORM 203-503] Cannot unroll loop 'Loop-4.1' (aes/aes_func.c:455) in function 'decrypt': cannot completely unroll a loop with a variable trip count.
WARNING: [XFORM 203-503] Cannot unroll loop 'Loop-4.2' (aes/aes_func.c:465) in function 'decrypt': cannot completely unroll a loop with a variable trip count.
INFO: [HLS 200-489] Unrolling loop 'Loop-4.2.1' (aes/aes_func.c:469) in function 'decrypt' completely with a factor of 4.
WARNING: [XFORM 203-503] Cannot unroll loop 'Loop-4.2' (aes/aes_func.c:465) in function 'decrypt': cannot completely unroll a loop with a variable trip count.
WARNING: [XFORM 203-503] Cannot unroll loop 'Loop-4.2' (aes/aes_func.c:465) in function 'decrypt': cannot completely unroll a loop with a variable trip count.
WARNING: [XFORM 203-503] Cannot unroll loop 'Loop-4.2' (aes/aes_func.c:465) in function 'decrypt': cannot completely unroll a loop with a variable trip count.
WARNING: [XFORM 203-503] Cannot unroll loop 'Loop-4.2' (aes/aes_func.c:465) in function 'decrypt': cannot completely unroll a loop with a variable trip count.
WARNING: [XFORM 203-503] Cannot unroll loop 'Loop-4.2' (aes/aes_func.c:465) in function 'decrypt': cannot completely unroll a loop with a variable trip count.
WARNING: [XFORM 203-503] Cannot unroll loop 'Loop-4.2' (aes/aes_func.c:465) in function 'decrypt': cannot completely unroll a loop with a variable trip count.
WARNING: [XFORM 203-503] Cannot unroll loop 'Loop-4.2' (aes/aes_func.c:465) in function 'decrypt': cannot completely unroll a loop with a variable trip count.
WARNING: [XFORM 203-503] Cannot unroll loop 'Loop-4.2' (aes/aes_func.c:465) in function 'decrypt': cannot completely unroll a loop with a variable trip count.
WARNING: [XFORM 203-503] Cannot unroll loop 'Loop-4.3' (aes/aes_func.c:524) in function 'decrypt': cannot completely unroll a loop with a variable trip count.
INFO: [HLS 200-489] Unrolling loop 'Loop-5' (aes/aes_func.c:565) in function 'decrypt' completely with a factor of 4.
INFO: [HLS 200-489] Unrolling loop 'Loop-6' (aes/aes_dec.c:131) in function 'decrypt' completely with a factor of 16.
INFO: [HLS 200-489] Unrolling loop 'Loop-7' (aes/aes_dec.c:141) in function 'decrypt' completely with a factor of 16.
INFO: [HLS 200-489] Unrolling loop 'Loop-1' (aes/aes_key.c:137) in function 'encrypt' completely with a factor of 4.
INFO: [HLS 200-489] Unrolling loop 'Loop-1.1' (aes/aes_key.c:140) in function 'encrypt' completely with a factor of 4.
INFO: [HLS 200-489] Unrolling loop 'Loop-2' (aes/aes_key.c:146) in function 'encrypt' completely with a factor of 40.
INFO: [HLS 200-489] Unrolling loop 'Loop-2.1' (aes/aes_key.c:172) in function 'encrypt' completely with a factor of 4.
INFO: [HLS 200-489] Unrolling loop 'Loop-3' (aes/aes_func.c:565) in function 'encrypt' completely with a factor of 4.
WARNING: [XFORM 203-503] Cannot unroll loop 'Loop-4' (aes/aes_enc.c:112) in function 'encrypt' completely: variable loop bound.
WARNING: [XFORM 203-503] Cannot unroll loop 'Loop-4.1' (aes/aes_func.c:380) in function 'encrypt': cannot completely unroll a loop with a variable trip count.
WARNING: [XFORM 203-503] Cannot unroll loop 'Loop-4.2' (aes/aes_func.c:433) in function 'encrypt': cannot completely unroll a loop with a variable trip count.
INFO: [HLS 200-489] Unrolling loop 'Loop-5' (aes/aes_func.c:565) in function 'encrypt' completely with a factor of 4.
WARNING: [XFORM 203-503] Cannot unroll loop 'Loop-6' (aes/aes_enc.c:127) in function 'encrypt' completely: variable loop bound.
INFO: [HLS 200-489] Unrolling loop 'Loop-7' (aes/aes_enc.c:138) in function 'encrypt' completely with a factor of 16.
INFO: [XFORM 203-101] Partitioning array 'statemt'  in dimension 1 with a cyclic factor 2.
INFO: [XFORM 203-101] Partitioning array 'key'  in dimension 1 with a block factor 2.
INFO: [XFORM 203-101] Partitioning array 'word'  in dimension 1 with a cyclic factor 2.
INFO: [XFORM 203-101] Partitioning array 'temp' (aes/aes_key.c:81) in dimension 1 with a cyclic factor 2.
INFO: [XFORM 203-101] Partitioning array 'temp' (aes/aes_key.c:81) in dimension 1 with a cyclic factor 2.
INFO: [XFORM 203-101] Partitioning array 'ret' (aes/aes_func.c:375) in dimension 1 with a cyclic factor 2.
INFO: [XFORM 203-102] Automatically partitioning small array 'temp.0' (aes/aes_key.c:81) completely based on array size.
INFO: [XFORM 203-102] Automatically partitioning small array 'temp.1' (aes/aes_key.c:81) completely based on array size.
INFO: [XFORM 203-102] Automatically partitioning small array 'temp.0' (aes/aes_key.c:81) completely based on array size.
INFO: [XFORM 203-102] Automatically partitioning small array 'temp.1466' (aes/aes_key.c:81) completely based on array size.
INFO: [XFORM 203-101] Partitioning array 'temp.0' (aes/aes_key.c:81) in dimension 1 completely.
INFO: [XFORM 203-101] Partitioning array 'temp.1' (aes/aes_key.c:81) in dimension 1 completely.
INFO: [XFORM 203-101] Partitioning array 'temp.0' (aes/aes_key.c:81) in dimension 1 completely.
INFO: [XFORM 203-101] Partitioning array 'temp.1466' (aes/aes_key.c:81) in dimension 1 completely.
WARNING: [XFORM 203-561] Updating loop upper bound from 8 to 4 for loop 'Loop-0-0' (aes/aes_func.c:383:1) in function 'encrypt'.
WARNING: [XFORM 203-561] Updating loop upper bound from 8 to 4 for loop 'Loop-0-1' (aes/aes_func.c:436:1) in function 'encrypt'.
WARNING: [XFORM 203-561] Updating loop upper bound from 32 to 16 for loop 'Loop-1' (aes/aes_enc.c:130:1) in function 'encrypt'.
WARNING: [XFORM 203-561] Updating loop upper bound from 8 to 4 for loop 'Loop-0' (aes/aes_func.c:458:1) in function 'decrypt'.
WARNING: [XFORM 203-561] Updating loop upper bound from 8 to 4 for loop 'Loop-1' (aes/aes_func.c:467:1) in function 'decrypt'.
WARNING: [XFORM 203-561] Updating loop upper bound from 8 to 4 for loop 'Loop-2' (aes/aes_func.c:527:1) in function 'decrypt'.
WARNING: [XFORM 203-561] Updating loop upper bound from 8 to 4 for loop 'Loop-3' (aes/aes_func.c:458:1) in function 'decrypt'.
WARNING: [XFORM 203-561] Updating loop upper bound from 8 to 4 for loop 'Loop-4' (aes/aes_func.c:467:1) in function 'decrypt'.
WARNING: [XFORM 203-561] Updating loop upper bound from 8 to 4 for loop 'Loop-5' (aes/aes_func.c:527:1) in function 'decrypt'.
WARNING: [XFORM 203-561] Updating loop upper bound from 8 to 4 for loop 'Loop-6' (aes/aes_func.c:458:1) in function 'decrypt'.
WARNING: [XFORM 203-561] Updating loop upper bound from 8 to 4 for loop 'Loop-7' (aes/aes_func.c:467:1) in function 'decrypt'.
WARNING: [XFORM 203-561] Updating loop upper bound from 8 to 4 for loop 'Loop-8' (aes/aes_func.c:527:1) in function 'decrypt'.
WARNING: [XFORM 203-561] Updating loop upper bound from 8 to 4 for loop 'Loop-9' (aes/aes_func.c:458:1) in function 'decrypt'.
WARNING: [XFORM 203-561] Updating loop upper bound from 8 to 4 for loop 'Loop-10' (aes/aes_func.c:467:1) in function 'decrypt'.
WARNING: [XFORM 203-561] Updating loop upper bound from 8 to 4 for loop 'Loop-11' (aes/aes_func.c:527:1) in function 'decrypt'.
WARNING: [XFORM 203-561] Updating loop upper bound from 8 to 4 for loop 'Loop-12' (aes/aes_func.c:458:1) in function 'decrypt'.
WARNING: [XFORM 203-561] Updating loop upper bound from 8 to 4 for loop 'Loop-13' (aes/aes_func.c:467:1) in function 'decrypt'.
WARNING: [XFORM 203-561] Updating loop upper bound from 8 to 4 for loop 'Loop-14' (aes/aes_func.c:527:1) in function 'decrypt'.
WARNING: [XFORM 203-561] Updating loop upper bound from 8 to 4 for loop 'Loop-15' (aes/aes_func.c:458:1) in function 'decrypt'.
WARNING: [XFORM 203-561] Updating loop upper bound from 8 to 4 for loop 'Loop-16' (aes/aes_func.c:467:1) in function 'decrypt'.
WARNING: [XFORM 203-561] Updating loop upper bound from 8 to 4 for loop 'Loop-17' (aes/aes_func.c:527:1) in function 'decrypt'.
WARNING: [XFORM 203-561] Updating loop upper bound from 8 to 4 for loop 'Loop-18' (aes/aes_func.c:458:1) in function 'decrypt'.
WARNING: [XFORM 203-561] Updating loop upper bound from 8 to 4 for loop 'Loop-19' (aes/aes_func.c:467:1) in function 'decrypt'.
WARNING: [XFORM 203-561] Updating loop upper bound from 8 to 4 for loop 'Loop-20' (aes/aes_func.c:527:1) in function 'decrypt'.
WARNING: [XFORM 203-561] Updating loop upper bound from 8 to 4 for loop 'Loop-21' (aes/aes_func.c:458:1) in function 'decrypt'.
WARNING: [XFORM 203-561] Updating loop upper bound from 8 to 4 for loop 'Loop-22' (aes/aes_func.c:467:1) in function 'decrypt'.
WARNING: [XFORM 203-561] Updating loop upper bound from 8 to 4 for loop 'Loop-23' (aes/aes_func.c:527:1) in function 'decrypt'.
WARNING: [XFORM 203-561] Updating loop upper bound from 8 to 4 for loop 'Loop-24' (aes/aes_func.c:458:1) in function 'decrypt'.
WARNING: [XFORM 203-561] Updating loop upper bound from 8 to 4 for loop 'Loop-25' (aes/aes_func.c:467:1) in function 'decrypt'.
WARNING: [XFORM 203-561] Updating loop upper bound from 8 to 4 for loop 'Loop-26' (aes/aes_func.c:527:1) in function 'decrypt'.
INFO: [XFORM 203-401] Performing if-conversion on hyperblock from (aes/aes_func.c:384:2) to (aes/aes_func.c:380:22) in function 'encrypt'... converting 13 basic blocks.
INFO: [XFORM 203-11] Balancing expressions in function 'encrypt' (aes/aes_enc.c:64)...32 expression(s) balanced.
INFO: [XFORM 203-11] Balancing expressions in function 'decrypt' (aes/aes_dec.c:63)...232 expression(s) balanced.
INFO: [HLS 200-111] Finished Pre-synthesis Time (s): cpu = 00:00:12 ; elapsed = 00:00:16 . Memory (MB): peak = 175.191 ; gain = 84.164
WARNING: [XFORM 203-561] Updating loop upper bound from 13 to 9 for loop 'Loop-0' (aes/aes_enc.c:116:1) in function 'encrypt'.
INFO: [HLS 200-111] Finished Architecture Synthesis Time (s): cpu = 00:00:25 ; elapsed = 00:00:30 . Memory (MB): peak = 229.000 ; gain = 137.973
INFO: [HLS 200-10] Starting hardware synthesis ...
INFO: [HLS 200-10] Synthesizing 'aes_main' ...
INFO: [HLS 200-10] ----------------------------------------------------------------
INFO: [HLS 200-42] -- Implementing module 'encrypt' 
INFO: [HLS 200-10] ----------------------------------------------------------------
INFO: [SCHED 204-11] Starting scheduling ...
WARNING: [SCHED 204-65] Unable to satisfy pipeline directive: Function contains subloop(s) not being unrolled.
INFO: [SCHED 204-11] Finished scheduling.
INFO: [HLS 200-111]  Elapsed time: 30.526 seconds; current allocated memory: 173.779 MB.
INFO: [HLS 200-434] Only 0 loops out of a total 3 loops have been pipelined in this design.
INFO: [BIND 205-100] Starting micro-architecture generation ...
INFO: [BIND 205-101] Performing variable lifetime analysis.
INFO: [BIND 205-101] Exploring resource sharing.
INFO: [BIND 205-101] Binding ...
INFO: [BIND 205-100] Finished micro-architecture generation.
INFO: [HLS 200-111]  Elapsed time: 1.301 seconds; current allocated memory: 178.379 MB.
INFO: [HLS 200-10] ----------------------------------------------------------------
INFO: [HLS 200-42] -- Implementing module 'decrypt' 
INFO: [HLS 200-10] ----------------------------------------------------------------
INFO: [SCHED 204-11] Starting scheduling ...
WARNING: [SCHED 204-65] Unable to satisfy pipeline directive: Function contains subloop(s) not being unrolled.
INFO: [SCHED 204-11] Finished scheduling.
INFO: [HLS 200-111]  Elapsed time: 4.138 seconds; current allocated memory: 191.181 MB.
INFO: [BIND 205-100] Starting micro-architecture generation ...
INFO: [BIND 205-101] Performing variable lifetime analysis.
INFO: [BIND 205-101] Exploring resource sharing.
INFO: [BIND 205-101] Binding ...
INFO: [BIND 205-100] Finished micro-architecture generation.
INFO: [HLS 200-111]  Elapsed time: 5.296 seconds; current allocated memory: 207.778 MB.
INFO: [HLS 200-10] ----------------------------------------------------------------
INFO: [HLS 200-42] -- Implementing module 'aes_main' 
INFO: [HLS 200-10] ----------------------------------------------------------------
INFO: [SCHED 204-11] Starting scheduling ...
INFO: [SCHED 204-11] Finished scheduling.
INFO: [HLS 200-111]  Elapsed time: 4.643 seconds; current allocated memory: 210.183 MB.
INFO: [BIND 205-100] Starting micro-architecture generation ...
INFO: [BIND 205-101] Performing variable lifetime analysis.
INFO: [BIND 205-101] Exploring resource sharing.
INFO: [BIND 205-101] Binding ...
INFO: [BIND 205-100] Finished micro-architecture generation.
INFO: [HLS 200-111]  Elapsed time: 1.123 seconds; current allocated memory: 211.965 MB.
INFO: [HLS 200-10] ----------------------------------------------------------------
INFO: [HLS 200-10] -- Generating RTL for module 'encrypt' 
INFO: [HLS 200-10] ----------------------------------------------------------------
INFO: [RTGEN 206-100] Finished creating RTL model for 'encrypt'.
INFO: [HLS 200-111]  Elapsed time: 1.833 seconds; current allocated memory: 221.731 MB.
INFO: [HLS 200-10] ----------------------------------------------------------------
INFO: [HLS 200-10] -- Generating RTL for module 'decrypt' 
INFO: [HLS 200-10] ----------------------------------------------------------------
INFO: [RTGEN 206-100] Finished creating RTL model for 'decrypt'.
INFO: [HLS 200-111]  Elapsed time: 3.722 seconds; current allocated memory: 251.448 MB.
INFO: [HLS 200-10] ----------------------------------------------------------------
INFO: [HLS 200-10] -- Generating RTL for module 'aes_main' 
INFO: [HLS 200-10] ----------------------------------------------------------------
INFO: [RTGEN 206-500] Setting interface mode on function 'aes_main' to 'ap_ctrl_hs'.
WARNING: [RTGEN 206-101] Register 'main_result' is power-on initialization.
WARNING: [RTGEN 206-101] Global array 'statemt_0' will not be exposed as RTL port.
WARNING: [RTGEN 206-101] Global array 'statemt_1' will not be exposed as RTL port.
WARNING: [RTGEN 206-101] Global array 'key_0' will not be exposed as RTL port.
INFO: [RTGEN 206-100] Finished creating RTL model for 'aes_main'.
INFO: [HLS 200-111]  Elapsed time: 10.302 seconds; current allocated memory: 262.471 MB.
INFO: [RTMG 210-279] Implementing memory 'encrypt_Sbox_rom' using block ROMs.
INFO: [RTMG 210-278] Implementing memory 'encrypt_ret_0_ram (RAM)' using block RAMs.
INFO: [RTMG 210-279] Implementing memory 'decrypt_invSbox_rom' using block ROMs.
INFO: [RTMG 210-278] Implementing memory 'decrypt_ret_ram (RAM)' using block RAMs.
INFO: [RTMG 210-278] Implementing memory 'aes_main_word_0_ram (RAM)' using block RAMs with power-on initialization.
INFO: [RTMG 210-278] Implementing memory 'aes_main_statemt_0_ram (RAM)' using block RAMs with power-on initialization.
INFO: [HLS 200-111] Finished generating all RTL models Time (s): cpu = 00:00:58 ; elapsed = 00:01:07 . Memory (MB): peak = 454.887 ; gain = 363.859
INFO: [VHDL 208-304] Generating VHDL RTL for aes_main.
INFO: [VLOG 209-307] Generating Verilog RTL for aes_main.
INFO: [HLS 200-112] Total elapsed time: 66.854 seconds; peak allocated memory: 262.471 MB.
