

================================================================
== Vivado HLS Report for 'AddRoundKey_InversMi'
================================================================
* Date:           Sat Apr 10 22:35:06 2021

* Version:        2019.1 (Build 2552052 on Fri May 24 15:28:33 MDT 2019)
* Project:        AES_Solutions
* Solution:       unoptimized
* Product family: zynq
* Target device:  xc7z020-clg484-1


================================================================
== Performance Estimates
================================================================
+ Timing (ns): 
    * Summary: 
    +--------+-------+----------+------------+
    |  Clock | Target| Estimated| Uncertainty|
    +--------+-------+----------+------------+
    |ap_clk  |  10.00|     8.510|        1.25|
    +--------+-------+----------+------------+

+ Latency (clock cycles): 
    * Summary: 
    +-----+-----+-----+-----+---------+
    |  Latency  |  Interval | Pipeline|
    | min | max | min | max |   Type  |
    +-----+-----+-----+-----+---------+
    |    ?|    ?|    ?|    ?|   none  |
    +-----+-----+-----+-----+---------+

    + Detail: 
        * Instance: 
        N/A

        * Loop: 
        +-------------+-----+-----+----------+-----------+-----------+------+----------+
        |             |  Latency  | Iteration|  Initiation Interval  | Trip |          |
        |  Loop Name  | min | max |  Latency |  achieved |   target  | Count| Pipelined|
        +-------------+-----+-----+----------+-----------+-----------+------+----------+
        |- Loop 1     |    ?|    ?|         4|          -|          -|     ?|    no    |
        |- Loop 2     |    ?|    ?|        22|          -|          -|     ?|    no    |
        | + Loop 2.1  |   20|   20|         5|          -|          -|     4|    no    |
        |- Loop 3     |    ?|    ?|         3|          -|          -|     ?|    no    |
        +-------------+-----+-----+----------+-----------+-----------+------+----------+

============================================================
+ Verbose Summary: Synthesis Manager
============================================================
InlineROM: 1
ExposeGlobal: 0
============================================================
+ Verbose Summary: CDFG Model
============================================================
IsTopModel: 0
ResetActiveHigh: 1
IsCombinational: 0
IsDatapathOnly: 0
HasWiredReturn: 1
HasMFsm: 0
HasVarLatency: 1
IsPipeline: 0
IsRtlPipelined: 0
IsInstanceOverlapped: 0
IsDontTouch: 0
HasImplIP: 0
IsGatedGlobalClock: 0


============================================================
+ Verbose Summary: Schedule
============================================================
* Number of FSM states : 14
* Pipeline : 0
* Dataflow Pipeline: 0

* FSM state transitions: 
1 --> 2 
2 --> 3 6 
3 --> 4 
4 --> 5 
5 --> 2 
6 --> 7 12 
7 --> 8 6 
8 --> 9 
9 --> 10 
10 --> 11 
11 --> 7 
12 --> 13 
13 --> 14 
14 --> 12 

* FSM state operations: 

State 1 <SV = 0> <Delay = 8.51>
ST_1 : Operation 15 [1/1] (0.00ns)   --->   "%n_read = call i32 @_ssdm_op_Read.ap_auto.i32(i32 %n)"   --->   Operation 15 'read' 'n_read' <Predicate = true> <Delay = 0.00>
ST_1 : Operation 16 [1/1] (0.00ns)   --->   "%nb_read = call i32 @_ssdm_op_Read.ap_auto.i32(i32 %nb)"   --->   Operation 16 'read' 'nb_read' <Predicate = true> <Delay = 0.00>
ST_1 : Operation 17 [1/1] (0.00ns)   --->   "%ret = alloca [32 x i32], align 16" [aes/aes_func.c:436]   --->   Operation 17 'alloca' 'ret' <Predicate = true> <Delay = 0.00> <Core = "RAM">   --->   Core 37 'RAM' <Latency = 1> <II = 1> <Delay = 3.25> <Storage> <Opcode : 'load' 'store'> <Ports = 2> <Width = 32> <Depth = 32> <RAM>
ST_1 : Operation 18 [1/1] (8.51ns)   --->   "%mul_ln441 = mul nsw i32 %n_read, %nb_read" [aes/aes_func.c:441]   --->   Operation 18 'mul' 'mul_ln441' <Predicate = true> <Delay = 8.51> <Core = "Mul">   --->   Core 16 'Mul' <Latency = 0> <II = 1> <Delay = 8.51> <FuncUnit> <Opcode : 'mul'> <InPorts = 2> <OutPorts = 1>
ST_1 : Operation 19 [1/1] (1.76ns)   --->   "br label %1" [aes/aes_func.c:439]   --->   Operation 19 'br' <Predicate = true> <Delay = 1.76>

State 2 <SV = 1> <Delay = 7.53>
ST_2 : Operation 20 [1/1] (0.00ns)   --->   "%j_0 = phi i31 [ 0, %0 ], [ %j, %2 ]"   --->   Operation 20 'phi' 'j_0' <Predicate = true> <Delay = 0.00>
ST_2 : Operation 21 [1/1] (0.00ns)   --->   "%zext_ln439 = zext i31 %j_0 to i32" [aes/aes_func.c:439]   --->   Operation 21 'zext' 'zext_ln439' <Predicate = true> <Delay = 0.00>
ST_2 : Operation 22 [1/1] (2.47ns)   --->   "%icmp_ln439 = icmp slt i32 %zext_ln439, %nb_read" [aes/aes_func.c:439]   --->   Operation 22 'icmp' 'icmp_ln439' <Predicate = true> <Delay = 2.47> <Core = "Cmp">   --->   Core 25 'Cmp' <Latency = 0> <II = 1> <Delay = 2.47> <FuncUnit> <Opcode : 'icmp'> <InPorts = 2> <OutPorts = 1>
ST_2 : Operation 23 [1/1] (2.52ns)   --->   "%j = add i31 %j_0, 1" [aes/aes_func.c:439]   --->   Operation 23 'add' 'j' <Predicate = true> <Delay = 2.52> <Core = "AddSub">   --->   Core 14 'AddSub' <Latency = 0> <II = 1> <Delay = 2.52> <FuncUnit> <Opcode : 'add' 'sub'> <InPorts = 2> <OutPorts = 1>
ST_2 : Operation 24 [1/1] (0.00ns)   --->   "br i1 %icmp_ln439, label %2, label %.preheader15.preheader" [aes/aes_func.c:439]   --->   Operation 24 'br' <Predicate = true> <Delay = 0.00>
ST_2 : Operation 25 [1/1] (2.55ns)   --->   "%add_ln441 = add nsw i32 %mul_ln441, %zext_ln439" [aes/aes_func.c:441]   --->   Operation 25 'add' 'add_ln441' <Predicate = (icmp_ln439)> <Delay = 2.55> <Core = "AddSub">   --->   Core 14 'AddSub' <Latency = 0> <II = 1> <Delay = 2.52> <FuncUnit> <Opcode : 'add' 'sub'> <InPorts = 2> <OutPorts = 1>
ST_2 : Operation 26 [1/1] (0.00ns)   --->   "%sext_ln441 = sext i32 %add_ln441 to i64" [aes/aes_func.c:441]   --->   Operation 26 'sext' 'sext_ln441' <Predicate = (icmp_ln439)> <Delay = 0.00>
ST_2 : Operation 27 [1/1] (0.00ns)   --->   "%trunc_ln441 = trunc i32 %add_ln441 to i10" [aes/aes_func.c:441]   --->   Operation 27 'trunc' 'trunc_ln441' <Predicate = (icmp_ln439)> <Delay = 0.00>
ST_2 : Operation 28 [1/1] (0.00ns)   --->   "%word_addr = getelementptr [480 x i32]* @word, i64 0, i64 %sext_ln441" [aes/aes_func.c:441]   --->   Operation 28 'getelementptr' 'word_addr' <Predicate = (icmp_ln439)> <Delay = 0.00>
ST_2 : Operation 29 [1/1] (1.73ns)   --->   "%add_ln442 = add i10 120, %trunc_ln441" [aes/aes_func.c:442]   --->   Operation 29 'add' 'add_ln442' <Predicate = (icmp_ln439)> <Delay = 1.73> <Core = "AddSub">   --->   Core 14 'AddSub' <Latency = 0> <II = 1> <Delay = 2.52> <FuncUnit> <Opcode : 'add' 'sub'> <InPorts = 2> <OutPorts = 1>
ST_2 : Operation 30 [1/1] (0.00ns)   --->   "%sext_ln442_1 = sext i10 %add_ln442 to i64" [aes/aes_func.c:442]   --->   Operation 30 'sext' 'sext_ln442_1' <Predicate = (icmp_ln439)> <Delay = 0.00>
ST_2 : Operation 31 [1/1] (0.00ns)   --->   "%word_addr_10 = getelementptr [480 x i32]* @word, i64 0, i64 %sext_ln442_1" [aes/aes_func.c:442]   --->   Operation 31 'getelementptr' 'word_addr_10' <Predicate = (icmp_ln439)> <Delay = 0.00>
ST_2 : Operation 32 [2/2] (3.25ns)   --->   "%word_load = load i32* %word_addr, align 4" [aes/aes_func.c:441]   --->   Operation 32 'load' 'word_load' <Predicate = (icmp_ln439)> <Delay = 3.25> <Core = "RAM">   --->   Core 37 'RAM' <Latency = 1> <II = 1> <Delay = 3.25> <Storage> <Opcode : 'load' 'store'> <Ports = 2> <Width = 32> <Depth = 32> <RAM>
ST_2 : Operation 33 [1/1] (0.00ns)   --->   "%trunc_ln441_1 = trunc i31 %j_0 to i30" [aes/aes_func.c:441]   --->   Operation 33 'trunc' 'trunc_ln441_1' <Predicate = (icmp_ln439)> <Delay = 0.00>
ST_2 : Operation 34 [1/1] (0.00ns)   --->   "%shl_ln = call i32 @_ssdm_op_BitConcatenate.i32.i30.i2(i30 %trunc_ln441_1, i2 0)" [aes/aes_func.c:441]   --->   Operation 34 'bitconcatenate' 'shl_ln' <Predicate = (icmp_ln439)> <Delay = 0.00>
ST_2 : Operation 35 [1/1] (0.00ns)   --->   "%sext_ln441_1 = sext i32 %shl_ln to i64" [aes/aes_func.c:441]   --->   Operation 35 'sext' 'sext_ln441_1' <Predicate = (icmp_ln439)> <Delay = 0.00>
ST_2 : Operation 36 [1/1] (0.00ns)   --->   "%statemt_addr = getelementptr [32 x i32]* %statemt, i64 0, i64 %sext_ln441_1" [aes/aes_func.c:441]   --->   Operation 36 'getelementptr' 'statemt_addr' <Predicate = (icmp_ln439)> <Delay = 0.00>
ST_2 : Operation 37 [2/2] (3.25ns)   --->   "%statemt_load = load i32* %statemt_addr, align 4" [aes/aes_func.c:441]   --->   Operation 37 'load' 'statemt_load' <Predicate = (icmp_ln439)> <Delay = 3.25> <Core = "RAM">   --->   Core 37 'RAM' <Latency = 1> <II = 1> <Delay = 3.25> <Storage> <Opcode : 'load' 'store'> <Ports = 2> <Width = 32> <Depth = 32> <RAM>
ST_2 : Operation 38 [2/2] (3.25ns)   --->   "%word_load_5 = load i32* %word_addr_10, align 4" [aes/aes_func.c:442]   --->   Operation 38 'load' 'word_load_5' <Predicate = (icmp_ln439)> <Delay = 3.25> <Core = "RAM">   --->   Core 37 'RAM' <Latency = 1> <II = 1> <Delay = 3.25> <Storage> <Opcode : 'load' 'store'> <Ports = 2> <Width = 32> <Depth = 32> <RAM>
ST_2 : Operation 39 [1/1] (0.00ns)   --->   "%or_ln442 = or i32 %shl_ln, 1" [aes/aes_func.c:442]   --->   Operation 39 'or' 'or_ln442' <Predicate = (icmp_ln439)> <Delay = 0.00>
ST_2 : Operation 40 [1/1] (0.00ns)   --->   "%sext_ln442 = sext i32 %or_ln442 to i64" [aes/aes_func.c:442]   --->   Operation 40 'sext' 'sext_ln442' <Predicate = (icmp_ln439)> <Delay = 0.00>
ST_2 : Operation 41 [1/1] (0.00ns)   --->   "%statemt_addr_146 = getelementptr [32 x i32]* %statemt, i64 0, i64 %sext_ln442" [aes/aes_func.c:442]   --->   Operation 41 'getelementptr' 'statemt_addr_146' <Predicate = (icmp_ln439)> <Delay = 0.00>
ST_2 : Operation 42 [2/2] (3.25ns)   --->   "%statemt_load_146 = load i32* %statemt_addr_146, align 4" [aes/aes_func.c:442]   --->   Operation 42 'load' 'statemt_load_146' <Predicate = (icmp_ln439)> <Delay = 3.25> <Core = "RAM">   --->   Core 37 'RAM' <Latency = 1> <II = 1> <Delay = 3.25> <Storage> <Opcode : 'load' 'store'> <Ports = 2> <Width = 32> <Depth = 32> <RAM>
ST_2 : Operation 43 [1/1] (0.00ns)   --->   "%or_ln443 = or i32 %shl_ln, 2" [aes/aes_func.c:443]   --->   Operation 43 'or' 'or_ln443' <Predicate = (icmp_ln439)> <Delay = 0.00>
ST_2 : Operation 44 [1/1] (0.00ns)   --->   "%sext_ln443 = sext i32 %or_ln443 to i64" [aes/aes_func.c:443]   --->   Operation 44 'sext' 'sext_ln443' <Predicate = (icmp_ln439)> <Delay = 0.00>
ST_2 : Operation 45 [1/1] (0.00ns)   --->   "%statemt_addr_147 = getelementptr [32 x i32]* %statemt, i64 0, i64 %sext_ln443" [aes/aes_func.c:443]   --->   Operation 45 'getelementptr' 'statemt_addr_147' <Predicate = (icmp_ln439)> <Delay = 0.00>
ST_2 : Operation 46 [1/1] (0.00ns)   --->   "%or_ln444 = or i32 %shl_ln, 3" [aes/aes_func.c:444]   --->   Operation 46 'or' 'or_ln444' <Predicate = (icmp_ln439)> <Delay = 0.00>
ST_2 : Operation 47 [1/1] (0.00ns)   --->   "%sext_ln444 = sext i32 %or_ln444 to i64" [aes/aes_func.c:444]   --->   Operation 47 'sext' 'sext_ln444' <Predicate = (icmp_ln439)> <Delay = 0.00>
ST_2 : Operation 48 [1/1] (0.00ns)   --->   "%statemt_addr_148 = getelementptr [32 x i32]* %statemt, i64 0, i64 %sext_ln444" [aes/aes_func.c:444]   --->   Operation 48 'getelementptr' 'statemt_addr_148' <Predicate = (icmp_ln439)> <Delay = 0.00>
ST_2 : Operation 49 [1/1] (1.76ns)   --->   "br label %.preheader15" [aes/aes_func.c:446]   --->   Operation 49 'br' <Predicate = (!icmp_ln439)> <Delay = 1.76>

State 3 <SV = 2> <Delay = 4.98>
ST_3 : Operation 50 [1/1] (1.73ns)   --->   "%add_ln443 = add i10 240, %trunc_ln441" [aes/aes_func.c:443]   --->   Operation 50 'add' 'add_ln443' <Predicate = true> <Delay = 1.73> <Core = "AddSub">   --->   Core 14 'AddSub' <Latency = 0> <II = 1> <Delay = 2.52> <FuncUnit> <Opcode : 'add' 'sub'> <InPorts = 2> <OutPorts = 1>
ST_3 : Operation 51 [1/1] (0.00ns)   --->   "%sext_ln443_1 = sext i10 %add_ln443 to i64" [aes/aes_func.c:443]   --->   Operation 51 'sext' 'sext_ln443_1' <Predicate = true> <Delay = 0.00>
ST_3 : Operation 52 [1/1] (0.00ns)   --->   "%word_addr_11 = getelementptr [480 x i32]* @word, i64 0, i64 %sext_ln443_1" [aes/aes_func.c:443]   --->   Operation 52 'getelementptr' 'word_addr_11' <Predicate = true> <Delay = 0.00>
ST_3 : Operation 53 [1/1] (1.73ns)   --->   "%add_ln444 = add i10 360, %trunc_ln441" [aes/aes_func.c:444]   --->   Operation 53 'add' 'add_ln444' <Predicate = true> <Delay = 1.73> <Core = "AddSub">   --->   Core 14 'AddSub' <Latency = 0> <II = 1> <Delay = 2.52> <FuncUnit> <Opcode : 'add' 'sub'> <InPorts = 2> <OutPorts = 1>
ST_3 : Operation 54 [1/1] (0.00ns)   --->   "%sext_ln444_1 = sext i10 %add_ln444 to i64" [aes/aes_func.c:444]   --->   Operation 54 'sext' 'sext_ln444_1' <Predicate = true> <Delay = 0.00>
ST_3 : Operation 55 [1/1] (0.00ns)   --->   "%word_addr_12 = getelementptr [480 x i32]* @word, i64 0, i64 %sext_ln444_1" [aes/aes_func.c:444]   --->   Operation 55 'getelementptr' 'word_addr_12' <Predicate = true> <Delay = 0.00>
ST_3 : Operation 56 [1/2] (3.25ns)   --->   "%word_load = load i32* %word_addr, align 4" [aes/aes_func.c:441]   --->   Operation 56 'load' 'word_load' <Predicate = true> <Delay = 3.25> <Core = "RAM">   --->   Core 37 'RAM' <Latency = 1> <II = 1> <Delay = 3.25> <Storage> <Opcode : 'load' 'store'> <Ports = 2> <Width = 32> <Depth = 32> <RAM>
ST_3 : Operation 57 [1/2] (3.25ns)   --->   "%statemt_load = load i32* %statemt_addr, align 4" [aes/aes_func.c:441]   --->   Operation 57 'load' 'statemt_load' <Predicate = true> <Delay = 3.25> <Core = "RAM">   --->   Core 37 'RAM' <Latency = 1> <II = 1> <Delay = 3.25> <Storage> <Opcode : 'load' 'store'> <Ports = 2> <Width = 32> <Depth = 32> <RAM>
ST_3 : Operation 58 [1/1] (0.99ns)   --->   "%xor_ln441 = xor i32 %statemt_load, %word_load" [aes/aes_func.c:441]   --->   Operation 58 'xor' 'xor_ln441' <Predicate = true> <Delay = 0.99> <Core = "LogicGate">   --->   Core 27 'LogicGate' <Latency = 0> <II = 1> <Delay = 0.99> <FuncUnit> <Opcode : 'and' 'or' 'xor'> <InPorts = 2> <OutPorts = 1>
ST_3 : Operation 59 [1/2] (3.25ns)   --->   "%word_load_5 = load i32* %word_addr_10, align 4" [aes/aes_func.c:442]   --->   Operation 59 'load' 'word_load_5' <Predicate = true> <Delay = 3.25> <Core = "RAM">   --->   Core 37 'RAM' <Latency = 1> <II = 1> <Delay = 3.25> <Storage> <Opcode : 'load' 'store'> <Ports = 2> <Width = 32> <Depth = 32> <RAM>
ST_3 : Operation 60 [1/2] (3.25ns)   --->   "%statemt_load_146 = load i32* %statemt_addr_146, align 4" [aes/aes_func.c:442]   --->   Operation 60 'load' 'statemt_load_146' <Predicate = true> <Delay = 3.25> <Core = "RAM">   --->   Core 37 'RAM' <Latency = 1> <II = 1> <Delay = 3.25> <Storage> <Opcode : 'load' 'store'> <Ports = 2> <Width = 32> <Depth = 32> <RAM>
ST_3 : Operation 61 [1/1] (0.99ns)   --->   "%xor_ln442 = xor i32 %statemt_load_146, %word_load_5" [aes/aes_func.c:442]   --->   Operation 61 'xor' 'xor_ln442' <Predicate = true> <Delay = 0.99> <Core = "LogicGate">   --->   Core 27 'LogicGate' <Latency = 0> <II = 1> <Delay = 0.99> <FuncUnit> <Opcode : 'and' 'or' 'xor'> <InPorts = 2> <OutPorts = 1>
ST_3 : Operation 62 [2/2] (3.25ns)   --->   "%word_load_6 = load i32* %word_addr_11, align 4" [aes/aes_func.c:443]   --->   Operation 62 'load' 'word_load_6' <Predicate = true> <Delay = 3.25> <Core = "RAM">   --->   Core 37 'RAM' <Latency = 1> <II = 1> <Delay = 3.25> <Storage> <Opcode : 'load' 'store'> <Ports = 2> <Width = 32> <Depth = 32> <RAM>
ST_3 : Operation 63 [2/2] (3.25ns)   --->   "%statemt_load_147 = load i32* %statemt_addr_147, align 4" [aes/aes_func.c:443]   --->   Operation 63 'load' 'statemt_load_147' <Predicate = true> <Delay = 3.25> <Core = "RAM">   --->   Core 37 'RAM' <Latency = 1> <II = 1> <Delay = 3.25> <Storage> <Opcode : 'load' 'store'> <Ports = 2> <Width = 32> <Depth = 32> <RAM>
ST_3 : Operation 64 [2/2] (3.25ns)   --->   "%word_load_7 = load i32* %word_addr_12, align 4" [aes/aes_func.c:444]   --->   Operation 64 'load' 'word_load_7' <Predicate = true> <Delay = 3.25> <Core = "RAM">   --->   Core 37 'RAM' <Latency = 1> <II = 1> <Delay = 3.25> <Storage> <Opcode : 'load' 'store'> <Ports = 2> <Width = 32> <Depth = 32> <RAM>
ST_3 : Operation 65 [2/2] (3.25ns)   --->   "%statemt_load_148 = load i32* %statemt_addr_148, align 4" [aes/aes_func.c:444]   --->   Operation 65 'load' 'statemt_load_148' <Predicate = true> <Delay = 3.25> <Core = "RAM">   --->   Core 37 'RAM' <Latency = 1> <II = 1> <Delay = 3.25> <Storage> <Opcode : 'load' 'store'> <Ports = 2> <Width = 32> <Depth = 32> <RAM>

State 4 <SV = 3> <Delay = 4.24>
ST_4 : Operation 66 [1/1] (3.25ns)   --->   "store i32 %xor_ln441, i32* %statemt_addr, align 4" [aes/aes_func.c:441]   --->   Operation 66 'store' <Predicate = true> <Delay = 3.25> <Core = "RAM">   --->   Core 37 'RAM' <Latency = 1> <II = 1> <Delay = 3.25> <Storage> <Opcode : 'load' 'store'> <Ports = 2> <Width = 32> <Depth = 32> <RAM>
ST_4 : Operation 67 [1/1] (3.25ns)   --->   "store i32 %xor_ln442, i32* %statemt_addr_146, align 4" [aes/aes_func.c:442]   --->   Operation 67 'store' <Predicate = true> <Delay = 3.25> <Core = "RAM">   --->   Core 37 'RAM' <Latency = 1> <II = 1> <Delay = 3.25> <Storage> <Opcode : 'load' 'store'> <Ports = 2> <Width = 32> <Depth = 32> <RAM>
ST_4 : Operation 68 [1/2] (3.25ns)   --->   "%word_load_6 = load i32* %word_addr_11, align 4" [aes/aes_func.c:443]   --->   Operation 68 'load' 'word_load_6' <Predicate = true> <Delay = 3.25> <Core = "RAM">   --->   Core 37 'RAM' <Latency = 1> <II = 1> <Delay = 3.25> <Storage> <Opcode : 'load' 'store'> <Ports = 2> <Width = 32> <Depth = 32> <RAM>
ST_4 : Operation 69 [1/2] (3.25ns)   --->   "%statemt_load_147 = load i32* %statemt_addr_147, align 4" [aes/aes_func.c:443]   --->   Operation 69 'load' 'statemt_load_147' <Predicate = true> <Delay = 3.25> <Core = "RAM">   --->   Core 37 'RAM' <Latency = 1> <II = 1> <Delay = 3.25> <Storage> <Opcode : 'load' 'store'> <Ports = 2> <Width = 32> <Depth = 32> <RAM>
ST_4 : Operation 70 [1/1] (0.99ns)   --->   "%xor_ln443 = xor i32 %statemt_load_147, %word_load_6" [aes/aes_func.c:443]   --->   Operation 70 'xor' 'xor_ln443' <Predicate = true> <Delay = 0.99> <Core = "LogicGate">   --->   Core 27 'LogicGate' <Latency = 0> <II = 1> <Delay = 0.99> <FuncUnit> <Opcode : 'and' 'or' 'xor'> <InPorts = 2> <OutPorts = 1>
ST_4 : Operation 71 [1/2] (3.25ns)   --->   "%word_load_7 = load i32* %word_addr_12, align 4" [aes/aes_func.c:444]   --->   Operation 71 'load' 'word_load_7' <Predicate = true> <Delay = 3.25> <Core = "RAM">   --->   Core 37 'RAM' <Latency = 1> <II = 1> <Delay = 3.25> <Storage> <Opcode : 'load' 'store'> <Ports = 2> <Width = 32> <Depth = 32> <RAM>
ST_4 : Operation 72 [1/2] (3.25ns)   --->   "%statemt_load_148 = load i32* %statemt_addr_148, align 4" [aes/aes_func.c:444]   --->   Operation 72 'load' 'statemt_load_148' <Predicate = true> <Delay = 3.25> <Core = "RAM">   --->   Core 37 'RAM' <Latency = 1> <II = 1> <Delay = 3.25> <Storage> <Opcode : 'load' 'store'> <Ports = 2> <Width = 32> <Depth = 32> <RAM>
ST_4 : Operation 73 [1/1] (0.99ns)   --->   "%xor_ln444 = xor i32 %statemt_load_148, %word_load_7" [aes/aes_func.c:444]   --->   Operation 73 'xor' 'xor_ln444' <Predicate = true> <Delay = 0.99> <Core = "LogicGate">   --->   Core 27 'LogicGate' <Latency = 0> <II = 1> <Delay = 0.99> <FuncUnit> <Opcode : 'and' 'or' 'xor'> <InPorts = 2> <OutPorts = 1>

State 5 <SV = 4> <Delay = 3.25>
ST_5 : Operation 74 [1/1] (3.25ns)   --->   "store i32 %xor_ln443, i32* %statemt_addr_147, align 4" [aes/aes_func.c:443]   --->   Operation 74 'store' <Predicate = true> <Delay = 3.25> <Core = "RAM">   --->   Core 37 'RAM' <Latency = 1> <II = 1> <Delay = 3.25> <Storage> <Opcode : 'load' 'store'> <Ports = 2> <Width = 32> <Depth = 32> <RAM>
ST_5 : Operation 75 [1/1] (3.25ns)   --->   "store i32 %xor_ln444, i32* %statemt_addr_148, align 4" [aes/aes_func.c:444]   --->   Operation 75 'store' <Predicate = true> <Delay = 3.25> <Core = "RAM">   --->   Core 37 'RAM' <Latency = 1> <II = 1> <Delay = 3.25> <Storage> <Opcode : 'load' 'store'> <Ports = 2> <Width = 32> <Depth = 32> <RAM>
ST_5 : Operation 76 [1/1] (0.00ns)   --->   "br label %1" [aes/aes_func.c:439]   --->   Operation 76 'br' <Predicate = true> <Delay = 0.00>

State 6 <SV = 2> <Delay = 2.52>
ST_6 : Operation 77 [1/1] (0.00ns)   --->   "%j_1 = phi i31 [ %j_4, %.preheader15.loopexit ], [ 0, %.preheader15.preheader ]"   --->   Operation 77 'phi' 'j_1' <Predicate = true> <Delay = 0.00>
ST_6 : Operation 78 [1/1] (0.00ns)   --->   "%zext_ln446 = zext i31 %j_1 to i32" [aes/aes_func.c:446]   --->   Operation 78 'zext' 'zext_ln446' <Predicate = true> <Delay = 0.00>
ST_6 : Operation 79 [1/1] (2.47ns)   --->   "%icmp_ln446 = icmp slt i32 %zext_ln446, %nb_read" [aes/aes_func.c:446]   --->   Operation 79 'icmp' 'icmp_ln446' <Predicate = true> <Delay = 2.47> <Core = "Cmp">   --->   Core 25 'Cmp' <Latency = 0> <II = 1> <Delay = 2.47> <FuncUnit> <Opcode : 'icmp'> <InPorts = 2> <OutPorts = 1>
ST_6 : Operation 80 [1/1] (2.52ns)   --->   "%j_4 = add i31 %j_1, 1" [aes/aes_func.c:446]   --->   Operation 80 'add' 'j_4' <Predicate = true> <Delay = 2.52> <Core = "AddSub">   --->   Core 14 'AddSub' <Latency = 0> <II = 1> <Delay = 2.52> <FuncUnit> <Opcode : 'add' 'sub'> <InPorts = 2> <OutPorts = 1>
ST_6 : Operation 81 [1/1] (0.00ns)   --->   "br i1 %icmp_ln446, label %.preheader14.preheader, label %.preheader.preheader" [aes/aes_func.c:446]   --->   Operation 81 'br' <Predicate = true> <Delay = 0.00>
ST_6 : Operation 82 [1/1] (0.00ns)   --->   "%trunc_ln449 = trunc i31 %j_1 to i30" [aes/aes_func.c:449]   --->   Operation 82 'trunc' 'trunc_ln449' <Predicate = (icmp_ln446)> <Delay = 0.00>
ST_6 : Operation 83 [1/1] (0.00ns)   --->   "%shl_ln5 = call i32 @_ssdm_op_BitConcatenate.i32.i30.i2(i30 %trunc_ln449, i2 0)" [aes/aes_func.c:449]   --->   Operation 83 'bitconcatenate' 'shl_ln5' <Predicate = (icmp_ln446)> <Delay = 0.00>
ST_6 : Operation 84 [1/1] (1.76ns)   --->   "br label %.preheader14" [aes/aes_func.c:447]   --->   Operation 84 'br' <Predicate = (icmp_ln446)> <Delay = 1.76>
ST_6 : Operation 85 [1/1] (1.76ns)   --->   "br label %.preheader" [aes/aes_func.c:500]   --->   Operation 85 'br' <Predicate = (!icmp_ln446)> <Delay = 1.76>

State 7 <SV = 3> <Delay = 5.80>
ST_7 : Operation 86 [1/1] (0.00ns)   --->   "%i_0 = phi i3 [ %i, %3 ], [ 0, %.preheader14.preheader ]"   --->   Operation 86 'phi' 'i_0' <Predicate = true> <Delay = 0.00>
ST_7 : Operation 87 [1/1] (0.00ns)   --->   "%zext_ln447 = zext i3 %i_0 to i32" [aes/aes_func.c:447]   --->   Operation 87 'zext' 'zext_ln447' <Predicate = true> <Delay = 0.00>
ST_7 : Operation 88 [1/1] (1.13ns)   --->   "%icmp_ln447 = icmp eq i3 %i_0, -4" [aes/aes_func.c:447]   --->   Operation 88 'icmp' 'icmp_ln447' <Predicate = true> <Delay = 1.13> <Core = "Cmp">   --->   Core 25 'Cmp' <Latency = 0> <II = 1> <Delay = 2.47> <FuncUnit> <Opcode : 'icmp'> <InPorts = 2> <OutPorts = 1>
ST_7 : Operation 89 [1/1] (0.00ns)   --->   "%empty = call i32 (...)* @_ssdm_op_SpecLoopTripCount(i64 4, i64 4, i64 4)"   --->   Operation 89 'speclooptripcount' 'empty' <Predicate = true> <Delay = 0.00>
ST_7 : Operation 90 [1/1] (1.65ns)   --->   "%i = add i3 %i_0, 1" [aes/aes_func.c:462]   --->   Operation 90 'add' 'i' <Predicate = true> <Delay = 1.65> <Core = "AddSub">   --->   Core 14 'AddSub' <Latency = 0> <II = 1> <Delay = 2.52> <FuncUnit> <Opcode : 'add' 'sub'> <InPorts = 2> <OutPorts = 1>
ST_7 : Operation 91 [1/1] (0.00ns)   --->   "br i1 %icmp_ln447, label %.preheader15.loopexit, label %3" [aes/aes_func.c:447]   --->   Operation 91 'br' <Predicate = true> <Delay = 0.00>
ST_7 : Operation 92 [1/1] (2.55ns)   --->   "%add_ln449 = add nsw i32 %shl_ln5, %zext_ln447" [aes/aes_func.c:449]   --->   Operation 92 'add' 'add_ln449' <Predicate = (!icmp_ln447)> <Delay = 2.55> <Core = "AddSub">   --->   Core 14 'AddSub' <Latency = 0> <II = 1> <Delay = 2.52> <FuncUnit> <Opcode : 'add' 'sub'> <InPorts = 2> <OutPorts = 1>
ST_7 : Operation 93 [1/1] (0.00ns)   --->   "%sext_ln449 = sext i32 %add_ln449 to i64" [aes/aes_func.c:449]   --->   Operation 93 'sext' 'sext_ln449' <Predicate = (!icmp_ln447)> <Delay = 0.00>
ST_7 : Operation 94 [1/1] (0.00ns)   --->   "%statemt_addr_149 = getelementptr [32 x i32]* %statemt, i64 0, i64 %sext_ln449" [aes/aes_func.c:449]   --->   Operation 94 'getelementptr' 'statemt_addr_149' <Predicate = (!icmp_ln447)> <Delay = 0.00>
ST_7 : Operation 95 [2/2] (3.25ns)   --->   "%statemt_load_149 = load i32* %statemt_addr_149, align 4" [aes/aes_func.c:449]   --->   Operation 95 'load' 'statemt_load_149' <Predicate = (!icmp_ln447)> <Delay = 3.25> <Core = "RAM">   --->   Core 37 'RAM' <Latency = 1> <II = 1> <Delay = 3.25> <Storage> <Opcode : 'load' 'store'> <Ports = 2> <Width = 32> <Depth = 32> <RAM>
ST_7 : Operation 96 [1/1] (0.00ns)   --->   "%trunc_ln462 = trunc i3 %i_0 to i2" [aes/aes_func.c:462]   --->   Operation 96 'trunc' 'trunc_ln462' <Predicate = (!icmp_ln447)> <Delay = 0.00>
ST_7 : Operation 97 [1/1] (1.56ns)   --->   "%add_ln462_1 = add i2 %trunc_ln462, 1" [aes/aes_func.c:462]   --->   Operation 97 'add' 'add_ln462_1' <Predicate = (!icmp_ln447)> <Delay = 1.56> <Core = "AddSub">   --->   Core 14 'AddSub' <Latency = 0> <II = 1> <Delay = 2.52> <FuncUnit> <Opcode : 'add' 'sub'> <InPorts = 2> <OutPorts = 1>
ST_7 : Operation 98 [1/1] (0.00ns)   --->   "%or_ln = call i32 @_ssdm_op_BitConcatenate.i32.i30.i2(i30 %trunc_ln449, i2 %add_ln462_1)" [aes/aes_func.c:462]   --->   Operation 98 'bitconcatenate' 'or_ln' <Predicate = (!icmp_ln447)> <Delay = 0.00>
ST_7 : Operation 99 [1/1] (0.00ns)   --->   "%sext_ln462 = sext i32 %or_ln to i64" [aes/aes_func.c:462]   --->   Operation 99 'sext' 'sext_ln462' <Predicate = (!icmp_ln447)> <Delay = 0.00>
ST_7 : Operation 100 [1/1] (0.00ns)   --->   "%statemt_addr_150 = getelementptr [32 x i32]* %statemt, i64 0, i64 %sext_ln462" [aes/aes_func.c:462]   --->   Operation 100 'getelementptr' 'statemt_addr_150' <Predicate = (!icmp_ln447)> <Delay = 0.00>
ST_7 : Operation 101 [2/2] (3.25ns)   --->   "%statemt_load_150 = load i32* %statemt_addr_150, align 4" [aes/aes_func.c:462]   --->   Operation 101 'load' 'statemt_load_150' <Predicate = (!icmp_ln447)> <Delay = 3.25> <Core = "RAM">   --->   Core 37 'RAM' <Latency = 1> <II = 1> <Delay = 3.25> <Storage> <Opcode : 'load' 'store'> <Ports = 2> <Width = 32> <Depth = 32> <RAM>
ST_7 : Operation 102 [1/1] (0.00ns)   --->   "br label %.preheader15"   --->   Operation 102 'br' <Predicate = (icmp_ln447)> <Delay = 0.00>

State 8 <SV = 4> <Delay = 6.71>
ST_8 : Operation 103 [1/2] (3.25ns)   --->   "%statemt_load_149 = load i32* %statemt_addr_149, align 4" [aes/aes_func.c:449]   --->   Operation 103 'load' 'statemt_load_149' <Predicate = true> <Delay = 3.25> <Core = "RAM">   --->   Core 37 'RAM' <Latency = 1> <II = 1> <Delay = 3.25> <Storage> <Opcode : 'load' 'store'> <Ports = 2> <Width = 32> <Depth = 32> <RAM>
ST_8 : Operation 104 [1/1] (0.00ns)   --->   "%tmp_s = call i24 @_ssdm_op_PartSelect.i24.i32.i32.i32(i32 %statemt_load_149, i32 7, i32 30)" [aes/aes_func.c:450]   --->   Operation 104 'partselect' 'tmp_s' <Predicate = true> <Delay = 0.00>
ST_8 : Operation 105 [1/1] (0.00ns)   --->   "%and_ln = call i32 @_ssdm_op_BitConcatenate.i32.i24.i8(i24 %tmp_s, i8 0)" [aes/aes_func.c:450]   --->   Operation 105 'bitconcatenate' 'and_ln' <Predicate = true> <Delay = 0.00>
ST_8 : Operation 106 [1/1] (2.47ns)   --->   "%icmp_ln450 = icmp eq i32 %and_ln, 256" [aes/aes_func.c:450]   --->   Operation 106 'icmp' 'icmp_ln450' <Predicate = true> <Delay = 2.47> <Core = "Cmp">   --->   Core 25 'Cmp' <Latency = 0> <II = 1> <Delay = 2.47> <FuncUnit> <Opcode : 'icmp'> <InPorts = 2> <OutPorts = 1>
ST_8 : Operation 107 [1/1] (0.00ns)   --->   "%trunc_ln451 = trunc i32 %statemt_load_149 to i30" [aes/aes_func.c:451]   --->   Operation 107 'trunc' 'trunc_ln451' <Predicate = true> <Delay = 0.00>
ST_8 : Operation 108 [1/1] (0.00ns)   --->   "%trunc_ln452 = trunc i32 %statemt_load_149 to i31" [aes/aes_func.c:452]   --->   Operation 108 'trunc' 'trunc_ln452' <Predicate = true> <Delay = 0.00>
ST_8 : Operation 109 [1/2] (3.25ns)   --->   "%statemt_load_150 = load i32* %statemt_addr_150, align 4" [aes/aes_func.c:462]   --->   Operation 109 'load' 'statemt_load_150' <Predicate = true> <Delay = 3.25> <Core = "RAM">   --->   Core 37 'RAM' <Latency = 1> <II = 1> <Delay = 3.25> <Storage> <Opcode : 'load' 'store'> <Ports = 2> <Width = 32> <Depth = 32> <RAM>
ST_8 : Operation 110 [1/1] (0.00ns)   --->   "%tmp_24 = call i24 @_ssdm_op_PartSelect.i24.i32.i32.i32(i32 %statemt_load_150, i32 7, i32 30)" [aes/aes_func.c:463]   --->   Operation 110 'partselect' 'tmp_24' <Predicate = true> <Delay = 0.00>
ST_8 : Operation 111 [1/1] (0.00ns)   --->   "%and_ln1 = call i32 @_ssdm_op_BitConcatenate.i32.i24.i8(i24 %tmp_24, i8 0)" [aes/aes_func.c:463]   --->   Operation 111 'bitconcatenate' 'and_ln1' <Predicate = true> <Delay = 0.00>
ST_8 : Operation 112 [1/1] (2.47ns)   --->   "%icmp_ln463 = icmp eq i32 %and_ln1, 256" [aes/aes_func.c:463]   --->   Operation 112 'icmp' 'icmp_ln463' <Predicate = true> <Delay = 2.47> <Core = "Cmp">   --->   Core 25 'Cmp' <Latency = 0> <II = 1> <Delay = 2.47> <FuncUnit> <Opcode : 'icmp'> <InPorts = 2> <OutPorts = 1>
ST_8 : Operation 113 [1/1] (0.00ns) (grouped into LUT with out node select_ln463)   --->   "%trunc_ln464 = trunc i32 %statemt_load_150 to i30" [aes/aes_func.c:464]   --->   Operation 113 'trunc' 'trunc_ln464' <Predicate = true> <Delay = 0.00>
ST_8 : Operation 114 [1/1] (0.00ns) (grouped into LUT with out node select_ln463)   --->   "%tmp = call i31 @_ssdm_op_BitConcatenate.i31.i30.i1(i30 %trunc_ln464, i1 false)" [aes/aes_func.c:464]   --->   Operation 114 'bitconcatenate' 'tmp' <Predicate = true> <Delay = 0.00>
ST_8 : Operation 115 [1/1] (0.00ns) (grouped into LUT with out node select_ln463)   --->   "%xor_ln465 = xor i31 %tmp, 283" [aes/aes_func.c:465]   --->   Operation 115 'xor' 'xor_ln465' <Predicate = true> <Delay = 0.00> <Core = "LogicGate">   --->   Core 27 'LogicGate' <Latency = 0> <II = 1> <Delay = 0.99> <FuncUnit> <Opcode : 'and' 'or' 'xor'> <InPorts = 2> <OutPorts = 1>
ST_8 : Operation 116 [1/1] (0.00ns) (grouped into LUT with out node select_ln463)   --->   "%trunc_ln465 = trunc i32 %statemt_load_150 to i30" [aes/aes_func.c:465]   --->   Operation 116 'trunc' 'trunc_ln465' <Predicate = true> <Delay = 0.00>
ST_8 : Operation 117 [1/1] (0.00ns) (grouped into LUT with out node select_ln463)   --->   "%tmp_25 = call i31 @_ssdm_op_BitConcatenate.i31.i30.i1(i30 %trunc_ln465, i1 false)" [aes/aes_func.c:465]   --->   Operation 117 'bitconcatenate' 'tmp_25' <Predicate = true> <Delay = 0.00>
ST_8 : Operation 118 [1/1] (0.99ns) (out node of the LUT)   --->   "%select_ln463 = select i1 %icmp_ln463, i31 %xor_ln465, i31 %tmp_25" [aes/aes_func.c:463]   --->   Operation 118 'select' 'select_ln463' <Predicate = true> <Delay = 0.99> <Core = "Sel">   --->   Core 26 'Sel' <Latency = 0> <II = 1> <Delay = 0.69> <FuncUnit> <Opcode : 'select'> <InPorts = 3> <OutPorts = 1>
ST_8 : Operation 119 [1/1] (0.00ns)   --->   "%tmp_26 = call i24 @_ssdm_op_PartSelect.i24.i31.i32.i32(i31 %select_ln463, i32 7, i32 30)" [aes/aes_func.c:466]   --->   Operation 119 'partselect' 'tmp_26' <Predicate = true> <Delay = 0.00>
ST_8 : Operation 120 [1/1] (0.97ns)   --->   "%xor_ln475 = xor i2 %trunc_ln462, -2" [aes/aes_func.c:475]   --->   Operation 120 'xor' 'xor_ln475' <Predicate = true> <Delay = 0.97> <Core = "LogicGate">   --->   Core 27 'LogicGate' <Latency = 0> <II = 1> <Delay = 0.99> <FuncUnit> <Opcode : 'and' 'or' 'xor'> <InPorts = 2> <OutPorts = 1>
ST_8 : Operation 121 [1/1] (0.00ns)   --->   "%or_ln1 = call i32 @_ssdm_op_BitConcatenate.i32.i30.i2(i30 %trunc_ln449, i2 %xor_ln475)" [aes/aes_func.c:475]   --->   Operation 121 'bitconcatenate' 'or_ln1' <Predicate = true> <Delay = 0.00>
ST_8 : Operation 122 [1/1] (0.00ns)   --->   "%sext_ln475 = sext i32 %or_ln1 to i64" [aes/aes_func.c:475]   --->   Operation 122 'sext' 'sext_ln475' <Predicate = true> <Delay = 0.00>
ST_8 : Operation 123 [1/1] (0.00ns)   --->   "%statemt_addr_155 = getelementptr [32 x i32]* %statemt, i64 0, i64 %sext_ln475" [aes/aes_func.c:475]   --->   Operation 123 'getelementptr' 'statemt_addr_155' <Predicate = true> <Delay = 0.00>
ST_8 : Operation 124 [2/2] (3.25ns)   --->   "%statemt_load_151 = load i32* %statemt_addr_155, align 4" [aes/aes_func.c:475]   --->   Operation 124 'load' 'statemt_load_151' <Predicate = true> <Delay = 3.25> <Core = "RAM">   --->   Core 37 'RAM' <Latency = 1> <II = 1> <Delay = 3.25> <Storage> <Opcode : 'load' 'store'> <Ports = 2> <Width = 32> <Depth = 32> <RAM>
ST_8 : Operation 125 [1/1] (1.56ns)   --->   "%add_ln488 = add i2 %trunc_ln462, -1" [aes/aes_func.c:488]   --->   Operation 125 'add' 'add_ln488' <Predicate = true> <Delay = 1.56> <Core = "AddSub">   --->   Core 14 'AddSub' <Latency = 0> <II = 1> <Delay = 2.52> <FuncUnit> <Opcode : 'add' 'sub'> <InPorts = 2> <OutPorts = 1>
ST_8 : Operation 126 [1/1] (0.00ns)   --->   "%or_ln2 = call i32 @_ssdm_op_BitConcatenate.i32.i30.i2(i30 %trunc_ln449, i2 %add_ln488)" [aes/aes_func.c:488]   --->   Operation 126 'bitconcatenate' 'or_ln2' <Predicate = true> <Delay = 0.00>
ST_8 : Operation 127 [1/1] (0.00ns)   --->   "%sext_ln488 = sext i32 %or_ln2 to i64" [aes/aes_func.c:488]   --->   Operation 127 'sext' 'sext_ln488' <Predicate = true> <Delay = 0.00>
ST_8 : Operation 128 [1/1] (0.00ns)   --->   "%statemt_addr_156 = getelementptr [32 x i32]* %statemt, i64 0, i64 %sext_ln488" [aes/aes_func.c:488]   --->   Operation 128 'getelementptr' 'statemt_addr_156' <Predicate = true> <Delay = 0.00>
ST_8 : Operation 129 [2/2] (3.25ns)   --->   "%statemt_load_152 = load i32* %statemt_addr_156, align 4" [aes/aes_func.c:488]   --->   Operation 129 'load' 'statemt_load_152' <Predicate = true> <Delay = 3.25> <Core = "RAM">   --->   Core 37 'RAM' <Latency = 1> <II = 1> <Delay = 3.25> <Storage> <Opcode : 'load' 'store'> <Ports = 2> <Width = 32> <Depth = 32> <RAM>

State 9 <SV = 5> <Delay = 7.92>
ST_9 : Operation 130 [1/1] (0.00ns)   --->   "%trunc_ln = call i31 @_ssdm_op_BitConcatenate.i31.i30.i1(i30 %trunc_ln451, i1 false)" [aes/aes_func.c:451]   --->   Operation 130 'bitconcatenate' 'trunc_ln' <Predicate = true> <Delay = 0.00>
ST_9 : Operation 131 [1/1] (0.00ns) (grouped into LUT with out node xor_ln453)   --->   "%xor_ln450 = xor i31 %trunc_ln, 283" [aes/aes_func.c:450]   --->   Operation 131 'xor' 'xor_ln450' <Predicate = (icmp_ln450)> <Delay = 0.00> <Core = "LogicGate">   --->   Core 27 'LogicGate' <Latency = 0> <II = 1> <Delay = 0.99> <FuncUnit> <Opcode : 'and' 'or' 'xor'> <InPorts = 2> <OutPorts = 1>
ST_9 : Operation 132 [1/1] (0.00ns) (grouped into LUT with out node xor_ln453)   --->   "%select_ln450 = select i1 %icmp_ln450, i31 %xor_ln450, i31 %trunc_ln" [aes/aes_func.c:450]   --->   Operation 132 'select' 'select_ln450' <Predicate = true> <Delay = 0.00> <Core = "Sel">   --->   Core 26 'Sel' <Latency = 0> <II = 1> <Delay = 0.69> <FuncUnit> <Opcode : 'select'> <InPorts = 3> <OutPorts = 1>
ST_9 : Operation 133 [1/1] (0.99ns) (out node of the LUT)   --->   "%xor_ln453 = xor i31 %select_ln450, %trunc_ln452" [aes/aes_func.c:453]   --->   Operation 133 'xor' 'xor_ln453' <Predicate = true> <Delay = 0.99> <Core = "LogicGate">   --->   Core 27 'LogicGate' <Latency = 0> <II = 1> <Delay = 0.99> <FuncUnit> <Opcode : 'and' 'or' 'xor'> <InPorts = 2> <OutPorts = 1>
ST_9 : Operation 134 [1/1] (0.00ns)   --->   "%tmp_22 = call i24 @_ssdm_op_PartSelect.i24.i31.i32.i32(i31 %xor_ln453, i32 7, i32 30)" [aes/aes_func.c:454]   --->   Operation 134 'partselect' 'tmp_22' <Predicate = true> <Delay = 0.00>
ST_9 : Operation 135 [1/1] (0.00ns)   --->   "%and_ln8 = call i32 @_ssdm_op_BitConcatenate.i32.i24.i8(i24 %tmp_22, i8 0)" [aes/aes_func.c:454]   --->   Operation 135 'bitconcatenate' 'and_ln8' <Predicate = true> <Delay = 0.00>
ST_9 : Operation 136 [1/1] (2.47ns)   --->   "%icmp_ln454 = icmp eq i32 %and_ln8, 256" [aes/aes_func.c:454]   --->   Operation 136 'icmp' 'icmp_ln454' <Predicate = true> <Delay = 2.47> <Core = "Cmp">   --->   Core 25 'Cmp' <Latency = 0> <II = 1> <Delay = 2.47> <FuncUnit> <Opcode : 'icmp'> <InPorts = 2> <OutPorts = 1>
ST_9 : Operation 137 [1/1] (0.00ns)   --->   "%shl_ln455 = shl i31 %xor_ln453, 1" [aes/aes_func.c:455]   --->   Operation 137 'shl' 'shl_ln455' <Predicate = true> <Delay = 0.00>
ST_9 : Operation 138 [1/1] (0.00ns) (grouped into LUT with out node xor_ln457)   --->   "%xor_ln454 = xor i31 %shl_ln455, 283" [aes/aes_func.c:454]   --->   Operation 138 'xor' 'xor_ln454' <Predicate = true> <Delay = 0.00> <Core = "LogicGate">   --->   Core 27 'LogicGate' <Latency = 0> <II = 1> <Delay = 0.99> <FuncUnit> <Opcode : 'and' 'or' 'xor'> <InPorts = 2> <OutPorts = 1>
ST_9 : Operation 139 [1/1] (0.00ns) (grouped into LUT with out node xor_ln457)   --->   "%select_ln454 = select i1 %icmp_ln454, i31 %xor_ln454, i31 %shl_ln455" [aes/aes_func.c:454]   --->   Operation 139 'select' 'select_ln454' <Predicate = true> <Delay = 0.00> <Core = "Sel">   --->   Core 26 'Sel' <Latency = 0> <II = 1> <Delay = 0.69> <FuncUnit> <Opcode : 'select'> <InPorts = 3> <OutPorts = 1>
ST_9 : Operation 140 [1/1] (0.99ns) (out node of the LUT)   --->   "%xor_ln457 = xor i31 %select_ln454, %trunc_ln452" [aes/aes_func.c:457]   --->   Operation 140 'xor' 'xor_ln457' <Predicate = true> <Delay = 0.99> <Core = "LogicGate">   --->   Core 27 'LogicGate' <Latency = 0> <II = 1> <Delay = 0.99> <FuncUnit> <Opcode : 'and' 'or' 'xor'> <InPorts = 2> <OutPorts = 1>
ST_9 : Operation 141 [1/1] (0.00ns)   --->   "%x = call i32 @_ssdm_op_BitConcatenate.i32.i31.i1(i31 %xor_ln457, i1 false)" [aes/aes_func.c:457]   --->   Operation 141 'bitconcatenate' 'x' <Predicate = true> <Delay = 0.00>
ST_9 : Operation 142 [1/1] (0.00ns)   --->   "%tmp_23 = call i24 @_ssdm_op_PartSelect.i24.i31.i32.i32(i31 %xor_ln457, i32 7, i32 30)" [aes/aes_func.c:458]   --->   Operation 142 'partselect' 'tmp_23' <Predicate = true> <Delay = 0.00>
ST_9 : Operation 143 [1/1] (0.00ns)   --->   "%and_ln9 = call i32 @_ssdm_op_BitConcatenate.i32.i24.i8(i24 %tmp_23, i8 0)" [aes/aes_func.c:458]   --->   Operation 143 'bitconcatenate' 'and_ln9' <Predicate = true> <Delay = 0.00>
ST_9 : Operation 144 [1/1] (2.47ns)   --->   "%icmp_ln458 = icmp eq i32 %and_ln9, 256" [aes/aes_func.c:458]   --->   Operation 144 'icmp' 'icmp_ln458' <Predicate = true> <Delay = 2.47> <Core = "Cmp">   --->   Core 25 'Cmp' <Latency = 0> <II = 1> <Delay = 2.47> <FuncUnit> <Opcode : 'icmp'> <InPorts = 2> <OutPorts = 1>
ST_9 : Operation 145 [1/1] (0.00ns) (grouped into LUT with out node xor_ln498_3)   --->   "%x_8 = xor i32 %x, 283" [aes/aes_func.c:459]   --->   Operation 145 'xor' 'x_8' <Predicate = true> <Delay = 0.00> <Core = "LogicGate">   --->   Core 27 'LogicGate' <Latency = 0> <II = 1> <Delay = 0.99> <FuncUnit> <Opcode : 'and' 'or' 'xor'> <InPorts = 2> <OutPorts = 1>
ST_9 : Operation 146 [1/1] (0.00ns) (grouped into LUT with out node xor_ln498_3)   --->   "%x_9 = select i1 %icmp_ln458, i32 %x_8, i32 %x" [aes/aes_func.c:458]   --->   Operation 146 'select' 'x_9' <Predicate = true> <Delay = 0.00> <Core = "Sel">   --->   Core 26 'Sel' <Latency = 0> <II = 1> <Delay = 0.69> <FuncUnit> <Opcode : 'select'> <InPorts = 3> <OutPorts = 1>
ST_9 : Operation 147 [1/1] (0.00ns) (grouped into LUT with out node xor_ln469)   --->   "%trunc_ln462_1 = trunc i32 %statemt_load_150 to i31" [aes/aes_func.c:462]   --->   Operation 147 'trunc' 'trunc_ln462_1' <Predicate = true> <Delay = 0.00>
ST_9 : Operation 148 [1/1] (0.00ns)   --->   "%and_ln2 = call i32 @_ssdm_op_BitConcatenate.i32.i24.i8(i24 %tmp_26, i8 0)" [aes/aes_func.c:466]   --->   Operation 148 'bitconcatenate' 'and_ln2' <Predicate = true> <Delay = 0.00>
ST_9 : Operation 149 [1/1] (2.47ns)   --->   "%icmp_ln466 = icmp eq i32 %and_ln2, 256" [aes/aes_func.c:466]   --->   Operation 149 'icmp' 'icmp_ln466' <Predicate = true> <Delay = 2.47> <Core = "Cmp">   --->   Core 25 'Cmp' <Latency = 0> <II = 1> <Delay = 2.47> <FuncUnit> <Opcode : 'icmp'> <InPorts = 2> <OutPorts = 1>
ST_9 : Operation 150 [1/1] (0.00ns)   --->   "%shl_ln467 = shl i31 %select_ln463, 1" [aes/aes_func.c:467]   --->   Operation 150 'shl' 'shl_ln467' <Predicate = true> <Delay = 0.00>
ST_9 : Operation 151 [1/1] (0.00ns) (grouped into LUT with out node xor_ln469)   --->   "%xor_ln466 = xor i31 %shl_ln467, 283" [aes/aes_func.c:466]   --->   Operation 151 'xor' 'xor_ln466' <Predicate = true> <Delay = 0.00> <Core = "LogicGate">   --->   Core 27 'LogicGate' <Latency = 0> <II = 1> <Delay = 0.99> <FuncUnit> <Opcode : 'and' 'or' 'xor'> <InPorts = 2> <OutPorts = 1>
ST_9 : Operation 152 [1/1] (0.00ns) (grouped into LUT with out node xor_ln469)   --->   "%select_ln466 = select i1 %icmp_ln466, i31 %xor_ln466, i31 %shl_ln467" [aes/aes_func.c:466]   --->   Operation 152 'select' 'select_ln466' <Predicate = true> <Delay = 0.00> <Core = "Sel">   --->   Core 26 'Sel' <Latency = 0> <II = 1> <Delay = 0.69> <FuncUnit> <Opcode : 'select'> <InPorts = 3> <OutPorts = 1>
ST_9 : Operation 153 [1/1] (0.99ns) (out node of the LUT)   --->   "%xor_ln469 = xor i31 %select_ln466, %trunc_ln462_1" [aes/aes_func.c:469]   --->   Operation 153 'xor' 'xor_ln469' <Predicate = true> <Delay = 0.99> <Core = "LogicGate">   --->   Core 27 'LogicGate' <Latency = 0> <II = 1> <Delay = 0.99> <FuncUnit> <Opcode : 'and' 'or' 'xor'> <InPorts = 2> <OutPorts = 1>
ST_9 : Operation 154 [1/1] (0.00ns)   --->   "%x_10 = call i32 @_ssdm_op_BitConcatenate.i32.i31.i1(i31 %xor_ln469, i1 false)" [aes/aes_func.c:469]   --->   Operation 154 'bitconcatenate' 'x_10' <Predicate = true> <Delay = 0.00>
ST_9 : Operation 155 [1/1] (0.00ns)   --->   "%tmp_27 = call i24 @_ssdm_op_PartSelect.i24.i31.i32.i32(i31 %xor_ln469, i32 7, i32 30)" [aes/aes_func.c:470]   --->   Operation 155 'partselect' 'tmp_27' <Predicate = true> <Delay = 0.00>
ST_9 : Operation 156 [1/1] (0.00ns)   --->   "%and_ln3 = call i32 @_ssdm_op_BitConcatenate.i32.i24.i8(i24 %tmp_27, i8 0)" [aes/aes_func.c:470]   --->   Operation 156 'bitconcatenate' 'and_ln3' <Predicate = true> <Delay = 0.00>
ST_9 : Operation 157 [1/1] (2.47ns)   --->   "%icmp_ln470 = icmp eq i32 %and_ln3, 256" [aes/aes_func.c:470]   --->   Operation 157 'icmp' 'icmp_ln470' <Predicate = true> <Delay = 2.47> <Core = "Cmp">   --->   Core 25 'Cmp' <Latency = 0> <II = 1> <Delay = 2.47> <FuncUnit> <Opcode : 'icmp'> <InPorts = 2> <OutPorts = 1>
ST_9 : Operation 158 [1/1] (0.00ns) (grouped into LUT with out node xor_ln498_3)   --->   "%x_11 = xor i32 %x_10, 283" [aes/aes_func.c:471]   --->   Operation 158 'xor' 'x_11' <Predicate = true> <Delay = 0.00> <Core = "LogicGate">   --->   Core 27 'LogicGate' <Latency = 0> <II = 1> <Delay = 0.99> <FuncUnit> <Opcode : 'and' 'or' 'xor'> <InPorts = 2> <OutPorts = 1>
ST_9 : Operation 159 [1/1] (0.00ns) (grouped into LUT with out node xor_ln498_3)   --->   "%x_12 = select i1 %icmp_ln470, i32 %x_11, i32 %x_10" [aes/aes_func.c:470]   --->   Operation 159 'select' 'x_12' <Predicate = true> <Delay = 0.00> <Core = "Sel">   --->   Core 26 'Sel' <Latency = 0> <II = 1> <Delay = 0.69> <FuncUnit> <Opcode : 'select'> <InPorts = 3> <OutPorts = 1>
ST_9 : Operation 160 [1/2] (3.25ns)   --->   "%statemt_load_151 = load i32* %statemt_addr_155, align 4" [aes/aes_func.c:475]   --->   Operation 160 'load' 'statemt_load_151' <Predicate = true> <Delay = 3.25> <Core = "RAM">   --->   Core 37 'RAM' <Latency = 1> <II = 1> <Delay = 3.25> <Storage> <Opcode : 'load' 'store'> <Ports = 2> <Width = 32> <Depth = 32> <RAM>
ST_9 : Operation 161 [1/1] (0.00ns)   --->   "%tmp_28 = call i24 @_ssdm_op_PartSelect.i24.i32.i32.i32(i32 %statemt_load_151, i32 7, i32 30)" [aes/aes_func.c:476]   --->   Operation 161 'partselect' 'tmp_28' <Predicate = true> <Delay = 0.00>
ST_9 : Operation 162 [1/1] (0.00ns)   --->   "%and_ln4 = call i32 @_ssdm_op_BitConcatenate.i32.i24.i8(i24 %tmp_28, i8 0)" [aes/aes_func.c:476]   --->   Operation 162 'bitconcatenate' 'and_ln4' <Predicate = true> <Delay = 0.00>
ST_9 : Operation 163 [1/1] (2.47ns)   --->   "%icmp_ln476 = icmp eq i32 %and_ln4, 256" [aes/aes_func.c:476]   --->   Operation 163 'icmp' 'icmp_ln476' <Predicate = true> <Delay = 2.47> <Core = "Cmp">   --->   Core 25 'Cmp' <Latency = 0> <II = 1> <Delay = 2.47> <FuncUnit> <Opcode : 'icmp'> <InPorts = 2> <OutPorts = 1>
ST_9 : Operation 164 [1/1] (0.00ns)   --->   "%trunc_ln477 = trunc i32 %statemt_load_151 to i30" [aes/aes_func.c:477]   --->   Operation 164 'trunc' 'trunc_ln477' <Predicate = true> <Delay = 0.00>
ST_9 : Operation 165 [1/1] (0.00ns)   --->   "%trunc_ln9 = call i31 @_ssdm_op_BitConcatenate.i31.i30.i1(i30 %trunc_ln477, i1 false)" [aes/aes_func.c:477]   --->   Operation 165 'bitconcatenate' 'trunc_ln9' <Predicate = true> <Delay = 0.00>
ST_9 : Operation 166 [1/1] (0.00ns) (grouped into LUT with out node xor_ln479)   --->   "%xor_ln476 = xor i31 %trunc_ln9, 283" [aes/aes_func.c:476]   --->   Operation 166 'xor' 'xor_ln476' <Predicate = true> <Delay = 0.00> <Core = "LogicGate">   --->   Core 27 'LogicGate' <Latency = 0> <II = 1> <Delay = 0.99> <FuncUnit> <Opcode : 'and' 'or' 'xor'> <InPorts = 2> <OutPorts = 1>
ST_9 : Operation 167 [1/1] (0.00ns) (grouped into LUT with out node xor_ln479)   --->   "%select_ln476 = select i1 %icmp_ln476, i31 %xor_ln476, i31 %trunc_ln9" [aes/aes_func.c:476]   --->   Operation 167 'select' 'select_ln476' <Predicate = true> <Delay = 0.00> <Core = "Sel">   --->   Core 26 'Sel' <Latency = 0> <II = 1> <Delay = 0.69> <FuncUnit> <Opcode : 'select'> <InPorts = 3> <OutPorts = 1>
ST_9 : Operation 168 [1/1] (0.00ns) (grouped into LUT with out node xor_ln479)   --->   "%trunc_ln478 = trunc i32 %statemt_load_151 to i31" [aes/aes_func.c:478]   --->   Operation 168 'trunc' 'trunc_ln478' <Predicate = true> <Delay = 0.00>
ST_9 : Operation 169 [1/1] (0.99ns) (out node of the LUT)   --->   "%xor_ln479 = xor i31 %select_ln476, %trunc_ln478" [aes/aes_func.c:479]   --->   Operation 169 'xor' 'xor_ln479' <Predicate = true> <Delay = 0.99> <Core = "LogicGate">   --->   Core 27 'LogicGate' <Latency = 0> <II = 1> <Delay = 0.99> <FuncUnit> <Opcode : 'and' 'or' 'xor'> <InPorts = 2> <OutPorts = 1>
ST_9 : Operation 170 [1/1] (0.00ns)   --->   "%tmp_29 = call i24 @_ssdm_op_PartSelect.i24.i31.i32.i32(i31 %xor_ln479, i32 7, i32 30)" [aes/aes_func.c:480]   --->   Operation 170 'partselect' 'tmp_29' <Predicate = true> <Delay = 0.00>
ST_9 : Operation 171 [1/2] (3.25ns)   --->   "%statemt_load_152 = load i32* %statemt_addr_156, align 4" [aes/aes_func.c:488]   --->   Operation 171 'load' 'statemt_load_152' <Predicate = true> <Delay = 3.25> <Core = "RAM">   --->   Core 37 'RAM' <Latency = 1> <II = 1> <Delay = 3.25> <Storage> <Opcode : 'load' 'store'> <Ports = 2> <Width = 32> <Depth = 32> <RAM>
ST_9 : Operation 172 [1/1] (0.00ns)   --->   "%tmp_31 = call i24 @_ssdm_op_PartSelect.i24.i32.i32.i32(i32 %statemt_load_152, i32 7, i32 30)" [aes/aes_func.c:489]   --->   Operation 172 'partselect' 'tmp_31' <Predicate = true> <Delay = 0.00>
ST_9 : Operation 173 [1/1] (0.00ns)   --->   "%and_ln7 = call i32 @_ssdm_op_BitConcatenate.i32.i24.i8(i24 %tmp_31, i8 0)" [aes/aes_func.c:489]   --->   Operation 173 'bitconcatenate' 'and_ln7' <Predicate = true> <Delay = 0.00>
ST_9 : Operation 174 [1/1] (2.47ns)   --->   "%icmp_ln489 = icmp eq i32 %and_ln7, 256" [aes/aes_func.c:489]   --->   Operation 174 'icmp' 'icmp_ln489' <Predicate = true> <Delay = 2.47> <Core = "Cmp">   --->   Core 25 'Cmp' <Latency = 0> <II = 1> <Delay = 2.47> <FuncUnit> <Opcode : 'icmp'> <InPorts = 2> <OutPorts = 1>
ST_9 : Operation 175 [1/1] (0.00ns) (grouped into LUT with out node select_ln489)   --->   "%trunc_ln490 = trunc i32 %statemt_load_152 to i30" [aes/aes_func.c:490]   --->   Operation 175 'trunc' 'trunc_ln490' <Predicate = true> <Delay = 0.00>
ST_9 : Operation 176 [1/1] (0.00ns) (grouped into LUT with out node select_ln489)   --->   "%tmp_20 = call i31 @_ssdm_op_BitConcatenate.i31.i30.i1(i30 %trunc_ln490, i1 false)" [aes/aes_func.c:490]   --->   Operation 176 'bitconcatenate' 'tmp_20' <Predicate = true> <Delay = 0.00>
ST_9 : Operation 177 [1/1] (0.00ns) (grouped into LUT with out node select_ln489)   --->   "%xor_ln491 = xor i31 %tmp_20, 283" [aes/aes_func.c:491]   --->   Operation 177 'xor' 'xor_ln491' <Predicate = true> <Delay = 0.00> <Core = "LogicGate">   --->   Core 27 'LogicGate' <Latency = 0> <II = 1> <Delay = 0.99> <FuncUnit> <Opcode : 'and' 'or' 'xor'> <InPorts = 2> <OutPorts = 1>
ST_9 : Operation 178 [1/1] (0.00ns) (grouped into LUT with out node select_ln489)   --->   "%trunc_ln491 = trunc i32 %statemt_load_152 to i30" [aes/aes_func.c:491]   --->   Operation 178 'trunc' 'trunc_ln491' <Predicate = true> <Delay = 0.00>
ST_9 : Operation 179 [1/1] (0.00ns) (grouped into LUT with out node select_ln489)   --->   "%tmp_32 = call i31 @_ssdm_op_BitConcatenate.i31.i30.i1(i30 %trunc_ln491, i1 false)" [aes/aes_func.c:491]   --->   Operation 179 'bitconcatenate' 'tmp_32' <Predicate = true> <Delay = 0.00>
ST_9 : Operation 180 [1/1] (0.99ns) (out node of the LUT)   --->   "%select_ln489 = select i1 %icmp_ln489, i31 %xor_ln491, i31 %tmp_32" [aes/aes_func.c:489]   --->   Operation 180 'select' 'select_ln489' <Predicate = true> <Delay = 0.99> <Core = "Sel">   --->   Core 26 'Sel' <Latency = 0> <II = 1> <Delay = 0.69> <FuncUnit> <Opcode : 'select'> <InPorts = 3> <OutPorts = 1>
ST_9 : Operation 181 [1/1] (0.00ns)   --->   "%tmp_33 = call i24 @_ssdm_op_PartSelect.i24.i31.i32.i32(i31 %select_ln489, i32 7, i32 30)" [aes/aes_func.c:492]   --->   Operation 181 'partselect' 'tmp_33' <Predicate = true> <Delay = 0.00>
ST_9 : Operation 182 [1/1] (0.99ns) (out node of the LUT)   --->   "%xor_ln498_3 = xor i32 %x_9, %x_12" [aes/aes_func.c:498]   --->   Operation 182 'xor' 'xor_ln498_3' <Predicate = true> <Delay = 0.99> <Core = "LogicGate">   --->   Core 27 'LogicGate' <Latency = 0> <II = 1> <Delay = 0.99> <FuncUnit> <Opcode : 'and' 'or' 'xor'> <InPorts = 2> <OutPorts = 1>

State 10 <SV = 6> <Delay = 7.92>
ST_10 : Operation 183 [1/1] (0.00ns)   --->   "%and_ln5 = call i32 @_ssdm_op_BitConcatenate.i32.i24.i8(i24 %tmp_29, i8 0)" [aes/aes_func.c:480]   --->   Operation 183 'bitconcatenate' 'and_ln5' <Predicate = true> <Delay = 0.00>
ST_10 : Operation 184 [1/1] (2.47ns)   --->   "%icmp_ln480 = icmp eq i32 %and_ln5, 256" [aes/aes_func.c:480]   --->   Operation 184 'icmp' 'icmp_ln480' <Predicate = true> <Delay = 2.47> <Core = "Cmp">   --->   Core 25 'Cmp' <Latency = 0> <II = 1> <Delay = 2.47> <FuncUnit> <Opcode : 'icmp'> <InPorts = 2> <OutPorts = 1>
ST_10 : Operation 185 [1/1] (0.00ns) (grouped into LUT with out node select_ln480)   --->   "%shl_ln481 = shl i31 %xor_ln479, 1" [aes/aes_func.c:481]   --->   Operation 185 'shl' 'shl_ln481' <Predicate = true> <Delay = 0.00>
ST_10 : Operation 186 [1/1] (0.00ns) (grouped into LUT with out node select_ln480)   --->   "%xor_ln482 = xor i31 %shl_ln481, 283" [aes/aes_func.c:482]   --->   Operation 186 'xor' 'xor_ln482' <Predicate = true> <Delay = 0.00> <Core = "LogicGate">   --->   Core 27 'LogicGate' <Latency = 0> <II = 1> <Delay = 0.99> <FuncUnit> <Opcode : 'and' 'or' 'xor'> <InPorts = 2> <OutPorts = 1>
ST_10 : Operation 187 [1/1] (0.00ns) (grouped into LUT with out node select_ln480)   --->   "%shl_ln482 = shl i31 %xor_ln479, 1" [aes/aes_func.c:482]   --->   Operation 187 'shl' 'shl_ln482' <Predicate = true> <Delay = 0.00>
ST_10 : Operation 188 [1/1] (0.99ns) (out node of the LUT)   --->   "%select_ln480 = select i1 %icmp_ln480, i31 %xor_ln482, i31 %shl_ln482" [aes/aes_func.c:480]   --->   Operation 188 'select' 'select_ln480' <Predicate = true> <Delay = 0.99> <Core = "Sel">   --->   Core 26 'Sel' <Latency = 0> <II = 1> <Delay = 0.69> <FuncUnit> <Opcode : 'select'> <InPorts = 3> <OutPorts = 1>
ST_10 : Operation 189 [1/1] (0.00ns)   --->   "%x_13 = call i32 @_ssdm_op_BitConcatenate.i32.i31.i1(i31 %select_ln480, i1 false)" [aes/aes_func.c:482]   --->   Operation 189 'bitconcatenate' 'x_13' <Predicate = true> <Delay = 0.00>
ST_10 : Operation 190 [1/1] (0.00ns)   --->   "%tmp_30 = call i24 @_ssdm_op_PartSelect.i24.i31.i32.i32(i31 %select_ln480, i32 7, i32 30)" [aes/aes_func.c:483]   --->   Operation 190 'partselect' 'tmp_30' <Predicate = true> <Delay = 0.00>
ST_10 : Operation 191 [1/1] (0.00ns)   --->   "%and_ln6 = call i32 @_ssdm_op_BitConcatenate.i32.i24.i8(i24 %tmp_30, i8 0)" [aes/aes_func.c:483]   --->   Operation 191 'bitconcatenate' 'and_ln6' <Predicate = true> <Delay = 0.00>
ST_10 : Operation 192 [1/1] (2.47ns)   --->   "%icmp_ln483 = icmp eq i32 %and_ln6, 256" [aes/aes_func.c:483]   --->   Operation 192 'icmp' 'icmp_ln483' <Predicate = true> <Delay = 2.47> <Core = "Cmp">   --->   Core 25 'Cmp' <Latency = 0> <II = 1> <Delay = 2.47> <FuncUnit> <Opcode : 'icmp'> <InPorts = 2> <OutPorts = 1>
ST_10 : Operation 193 [1/1] (0.00ns) (grouped into LUT with out node xor_ln498_4)   --->   "%x_14 = xor i32 %x_13, 283" [aes/aes_func.c:484]   --->   Operation 193 'xor' 'x_14' <Predicate = true> <Delay = 0.00> <Core = "LogicGate">   --->   Core 27 'LogicGate' <Latency = 0> <II = 1> <Delay = 0.99> <FuncUnit> <Opcode : 'and' 'or' 'xor'> <InPorts = 2> <OutPorts = 1>
ST_10 : Operation 194 [1/1] (0.00ns) (grouped into LUT with out node xor_ln498_4)   --->   "%select_ln483 = select i1 %icmp_ln483, i32 %x_14, i32 %x_13" [aes/aes_func.c:483]   --->   Operation 194 'select' 'select_ln483' <Predicate = true> <Delay = 0.00> <Core = "Sel">   --->   Core 26 'Sel' <Latency = 0> <II = 1> <Delay = 0.69> <FuncUnit> <Opcode : 'select'> <InPorts = 3> <OutPorts = 1>
ST_10 : Operation 195 [1/1] (0.00ns)   --->   "%and_ln10 = call i32 @_ssdm_op_BitConcatenate.i32.i24.i8(i24 %tmp_33, i8 0)" [aes/aes_func.c:492]   --->   Operation 195 'bitconcatenate' 'and_ln10' <Predicate = true> <Delay = 0.00>
ST_10 : Operation 196 [1/1] (2.47ns)   --->   "%icmp_ln492 = icmp eq i32 %and_ln10, 256" [aes/aes_func.c:492]   --->   Operation 196 'icmp' 'icmp_ln492' <Predicate = true> <Delay = 2.47> <Core = "Cmp">   --->   Core 25 'Cmp' <Latency = 0> <II = 1> <Delay = 2.47> <FuncUnit> <Opcode : 'icmp'> <InPorts = 2> <OutPorts = 1>
ST_10 : Operation 197 [1/1] (0.00ns) (grouped into LUT with out node select_ln492)   --->   "%shl_ln493 = shl i31 %select_ln489, 1" [aes/aes_func.c:493]   --->   Operation 197 'shl' 'shl_ln493' <Predicate = true> <Delay = 0.00>
ST_10 : Operation 198 [1/1] (0.00ns) (grouped into LUT with out node select_ln492)   --->   "%xor_ln494 = xor i31 %shl_ln493, 283" [aes/aes_func.c:494]   --->   Operation 198 'xor' 'xor_ln494' <Predicate = true> <Delay = 0.00> <Core = "LogicGate">   --->   Core 27 'LogicGate' <Latency = 0> <II = 1> <Delay = 0.99> <FuncUnit> <Opcode : 'and' 'or' 'xor'> <InPorts = 2> <OutPorts = 1>
ST_10 : Operation 199 [1/1] (0.00ns) (grouped into LUT with out node select_ln492)   --->   "%shl_ln494 = shl i31 %select_ln489, 1" [aes/aes_func.c:494]   --->   Operation 199 'shl' 'shl_ln494' <Predicate = true> <Delay = 0.00>
ST_10 : Operation 200 [1/1] (0.99ns) (out node of the LUT)   --->   "%select_ln492 = select i1 %icmp_ln492, i31 %xor_ln494, i31 %shl_ln494" [aes/aes_func.c:492]   --->   Operation 200 'select' 'select_ln492' <Predicate = true> <Delay = 0.99> <Core = "Sel">   --->   Core 26 'Sel' <Latency = 0> <II = 1> <Delay = 0.69> <FuncUnit> <Opcode : 'select'> <InPorts = 3> <OutPorts = 1>
ST_10 : Operation 201 [1/1] (0.00ns)   --->   "%x_15 = call i32 @_ssdm_op_BitConcatenate.i32.i31.i1(i31 %select_ln492, i1 false)" [aes/aes_func.c:494]   --->   Operation 201 'bitconcatenate' 'x_15' <Predicate = true> <Delay = 0.00>
ST_10 : Operation 202 [1/1] (0.00ns)   --->   "%tmp_34 = call i24 @_ssdm_op_PartSelect.i24.i31.i32.i32(i31 %select_ln492, i32 7, i32 30)" [aes/aes_func.c:495]   --->   Operation 202 'partselect' 'tmp_34' <Predicate = true> <Delay = 0.00>
ST_10 : Operation 203 [1/1] (0.00ns)   --->   "%and_ln11 = call i32 @_ssdm_op_BitConcatenate.i32.i24.i8(i24 %tmp_34, i8 0)" [aes/aes_func.c:495]   --->   Operation 203 'bitconcatenate' 'and_ln11' <Predicate = true> <Delay = 0.00>
ST_10 : Operation 204 [1/1] (2.47ns)   --->   "%icmp_ln495 = icmp eq i32 %and_ln11, 256" [aes/aes_func.c:495]   --->   Operation 204 'icmp' 'icmp_ln495' <Predicate = true> <Delay = 2.47> <Core = "Cmp">   --->   Core 25 'Cmp' <Latency = 0> <II = 1> <Delay = 2.47> <FuncUnit> <Opcode : 'icmp'> <InPorts = 2> <OutPorts = 1>
ST_10 : Operation 205 [1/1] (0.00ns) (grouped into LUT with out node xor_ln498_4)   --->   "%x_16 = xor i32 %x_15, 283" [aes/aes_func.c:496]   --->   Operation 205 'xor' 'x_16' <Predicate = true> <Delay = 0.00> <Core = "LogicGate">   --->   Core 27 'LogicGate' <Latency = 0> <II = 1> <Delay = 0.99> <FuncUnit> <Opcode : 'and' 'or' 'xor'> <InPorts = 2> <OutPorts = 1>
ST_10 : Operation 206 [1/1] (0.00ns) (grouped into LUT with out node xor_ln498_4)   --->   "%x_17 = select i1 %icmp_ln495, i32 %x_16, i32 %x_15" [aes/aes_func.c:495]   --->   Operation 206 'select' 'x_17' <Predicate = true> <Delay = 0.00> <Core = "Sel">   --->   Core 26 'Sel' <Latency = 0> <II = 1> <Delay = 0.69> <FuncUnit> <Opcode : 'select'> <InPorts = 3> <OutPorts = 1>
ST_10 : Operation 207 [1/1] (0.00ns) (grouped into LUT with out node xor_ln498)   --->   "%xor_ln498_1 = xor i32 %statemt_load_151, %statemt_load_152" [aes/aes_func.c:498]   --->   Operation 207 'xor' 'xor_ln498_1' <Predicate = true> <Delay = 0.00> <Core = "LogicGate">   --->   Core 27 'LogicGate' <Latency = 0> <II = 1> <Delay = 0.99> <FuncUnit> <Opcode : 'and' 'or' 'xor'> <InPorts = 2> <OutPorts = 1>
ST_10 : Operation 208 [1/1] (0.00ns) (grouped into LUT with out node xor_ln498)   --->   "%xor_ln498_2 = xor i32 %xor_ln498_1, %statemt_load_150" [aes/aes_func.c:498]   --->   Operation 208 'xor' 'xor_ln498_2' <Predicate = true> <Delay = 0.00> <Core = "LogicGate">   --->   Core 27 'LogicGate' <Latency = 0> <II = 1> <Delay = 0.99> <FuncUnit> <Opcode : 'and' 'or' 'xor'> <InPorts = 2> <OutPorts = 1>
ST_10 : Operation 209 [1/1] (0.99ns) (out node of the LUT)   --->   "%xor_ln498_4 = xor i32 %select_ln483, %x_17" [aes/aes_func.c:498]   --->   Operation 209 'xor' 'xor_ln498_4' <Predicate = true> <Delay = 0.99> <Core = "LogicGate">   --->   Core 27 'LogicGate' <Latency = 0> <II = 1> <Delay = 0.99> <FuncUnit> <Opcode : 'and' 'or' 'xor'> <InPorts = 2> <OutPorts = 1>
ST_10 : Operation 210 [1/1] (0.00ns) (grouped into LUT with out node xor_ln498)   --->   "%xor_ln498_5 = xor i32 %xor_ln498_4, %xor_ln498_3" [aes/aes_func.c:498]   --->   Operation 210 'xor' 'xor_ln498_5' <Predicate = true> <Delay = 0.00> <Core = "LogicGate">   --->   Core 27 'LogicGate' <Latency = 0> <II = 1> <Delay = 0.99> <FuncUnit> <Opcode : 'and' 'or' 'xor'> <InPorts = 2> <OutPorts = 1>
ST_10 : Operation 211 [1/1] (0.99ns) (out node of the LUT)   --->   "%xor_ln498 = xor i32 %xor_ln498_5, %xor_ln498_2" [aes/aes_func.c:498]   --->   Operation 211 'xor' 'xor_ln498' <Predicate = true> <Delay = 0.99> <Core = "LogicGate">   --->   Core 27 'LogicGate' <Latency = 0> <II = 1> <Delay = 0.99> <FuncUnit> <Opcode : 'and' 'or' 'xor'> <InPorts = 2> <OutPorts = 1>

State 11 <SV = 7> <Delay = 3.25>
ST_11 : Operation 212 [1/1] (0.00ns)   --->   "%ret_addr = getelementptr inbounds [32 x i32]* %ret, i64 0, i64 %sext_ln449" [aes/aes_func.c:460]   --->   Operation 212 'getelementptr' 'ret_addr' <Predicate = true> <Delay = 0.00>
ST_11 : Operation 213 [1/1] (3.25ns)   --->   "store i32 %xor_ln498, i32* %ret_addr, align 4" [aes/aes_func.c:498]   --->   Operation 213 'store' <Predicate = true> <Delay = 3.25> <Core = "RAM">   --->   Core 37 'RAM' <Latency = 1> <II = 1> <Delay = 3.25> <Storage> <Opcode : 'load' 'store'> <Ports = 2> <Width = 32> <Depth = 32> <RAM>
ST_11 : Operation 214 [1/1] (0.00ns)   --->   "br label %.preheader14" [aes/aes_func.c:447]   --->   Operation 214 'br' <Predicate = true> <Delay = 0.00>

State 12 <SV = 3> <Delay = 3.25>
ST_12 : Operation 215 [1/1] (0.00ns)   --->   "%i_1 = phi i31 [ %i_5, %4 ], [ 0, %.preheader.preheader ]"   --->   Operation 215 'phi' 'i_1' <Predicate = true> <Delay = 0.00>
ST_12 : Operation 216 [1/1] (0.00ns)   --->   "%zext_ln500 = zext i31 %i_1 to i32" [aes/aes_func.c:500]   --->   Operation 216 'zext' 'zext_ln500' <Predicate = true> <Delay = 0.00>
ST_12 : Operation 217 [1/1] (2.47ns)   --->   "%icmp_ln500 = icmp slt i32 %zext_ln500, %nb_read" [aes/aes_func.c:500]   --->   Operation 217 'icmp' 'icmp_ln500' <Predicate = true> <Delay = 2.47> <Core = "Cmp">   --->   Core 25 'Cmp' <Latency = 0> <II = 1> <Delay = 2.47> <FuncUnit> <Opcode : 'icmp'> <InPorts = 2> <OutPorts = 1>
ST_12 : Operation 218 [1/1] (2.52ns)   --->   "%i_5 = add i31 %i_1, 1" [aes/aes_func.c:500]   --->   Operation 218 'add' 'i_5' <Predicate = true> <Delay = 2.52> <Core = "AddSub">   --->   Core 14 'AddSub' <Latency = 0> <II = 1> <Delay = 2.52> <FuncUnit> <Opcode : 'add' 'sub'> <InPorts = 2> <OutPorts = 1>
ST_12 : Operation 219 [1/1] (0.00ns)   --->   "br i1 %icmp_ln500, label %4, label %5" [aes/aes_func.c:500]   --->   Operation 219 'br' <Predicate = true> <Delay = 0.00>
ST_12 : Operation 220 [1/1] (0.00ns)   --->   "%trunc_ln502 = trunc i31 %i_1 to i30" [aes/aes_func.c:502]   --->   Operation 220 'trunc' 'trunc_ln502' <Predicate = (icmp_ln500)> <Delay = 0.00>
ST_12 : Operation 221 [1/1] (0.00ns)   --->   "%shl_ln6 = call i32 @_ssdm_op_BitConcatenate.i32.i30.i2(i30 %trunc_ln502, i2 0)" [aes/aes_func.c:502]   --->   Operation 221 'bitconcatenate' 'shl_ln6' <Predicate = (icmp_ln500)> <Delay = 0.00>
ST_12 : Operation 222 [1/1] (0.00ns)   --->   "%sext_ln502 = sext i32 %shl_ln6 to i64" [aes/aes_func.c:502]   --->   Operation 222 'sext' 'sext_ln502' <Predicate = (icmp_ln500)> <Delay = 0.00>
ST_12 : Operation 223 [1/1] (0.00ns)   --->   "%ret_addr_8 = getelementptr inbounds [32 x i32]* %ret, i64 0, i64 %sext_ln502" [aes/aes_func.c:502]   --->   Operation 223 'getelementptr' 'ret_addr_8' <Predicate = (icmp_ln500)> <Delay = 0.00>
ST_12 : Operation 224 [2/2] (3.25ns)   --->   "%ret_load = load i32* %ret_addr_8, align 16" [aes/aes_func.c:502]   --->   Operation 224 'load' 'ret_load' <Predicate = (icmp_ln500)> <Delay = 3.25> <Core = "RAM">   --->   Core 37 'RAM' <Latency = 1> <II = 1> <Delay = 3.25> <Storage> <Opcode : 'load' 'store'> <Ports = 2> <Width = 32> <Depth = 32> <RAM>
ST_12 : Operation 225 [1/1] (0.00ns)   --->   "%or_ln503 = or i32 %shl_ln6, 1" [aes/aes_func.c:503]   --->   Operation 225 'or' 'or_ln503' <Predicate = (icmp_ln500)> <Delay = 0.00>
ST_12 : Operation 226 [1/1] (0.00ns)   --->   "%sext_ln503 = sext i32 %or_ln503 to i64" [aes/aes_func.c:503]   --->   Operation 226 'sext' 'sext_ln503' <Predicate = (icmp_ln500)> <Delay = 0.00>
ST_12 : Operation 227 [1/1] (0.00ns)   --->   "%ret_addr_9 = getelementptr inbounds [32 x i32]* %ret, i64 0, i64 %sext_ln503" [aes/aes_func.c:503]   --->   Operation 227 'getelementptr' 'ret_addr_9' <Predicate = (icmp_ln500)> <Delay = 0.00>
ST_12 : Operation 228 [2/2] (3.25ns)   --->   "%ret_load_4 = load i32* %ret_addr_9, align 4" [aes/aes_func.c:503]   --->   Operation 228 'load' 'ret_load_4' <Predicate = (icmp_ln500)> <Delay = 3.25> <Core = "RAM">   --->   Core 37 'RAM' <Latency = 1> <II = 1> <Delay = 3.25> <Storage> <Opcode : 'load' 'store'> <Ports = 2> <Width = 32> <Depth = 32> <RAM>
ST_12 : Operation 229 [1/1] (0.00ns)   --->   "ret void"   --->   Operation 229 'ret' <Predicate = (!icmp_ln500)> <Delay = 0.00>

State 13 <SV = 4> <Delay = 6.50>
ST_13 : Operation 230 [1/2] (3.25ns)   --->   "%ret_load = load i32* %ret_addr_8, align 16" [aes/aes_func.c:502]   --->   Operation 230 'load' 'ret_load' <Predicate = true> <Delay = 3.25> <Core = "RAM">   --->   Core 37 'RAM' <Latency = 1> <II = 1> <Delay = 3.25> <Storage> <Opcode : 'load' 'store'> <Ports = 2> <Width = 32> <Depth = 32> <RAM>
ST_13 : Operation 231 [1/1] (0.00ns)   --->   "%statemt_addr_151 = getelementptr [32 x i32]* %statemt, i64 0, i64 %sext_ln502" [aes/aes_func.c:502]   --->   Operation 231 'getelementptr' 'statemt_addr_151' <Predicate = true> <Delay = 0.00>
ST_13 : Operation 232 [1/1] (3.25ns)   --->   "store i32 %ret_load, i32* %statemt_addr_151, align 4" [aes/aes_func.c:502]   --->   Operation 232 'store' <Predicate = true> <Delay = 3.25> <Core = "RAM">   --->   Core 37 'RAM' <Latency = 1> <II = 1> <Delay = 3.25> <Storage> <Opcode : 'load' 'store'> <Ports = 2> <Width = 32> <Depth = 32> <RAM>
ST_13 : Operation 233 [1/2] (3.25ns)   --->   "%ret_load_4 = load i32* %ret_addr_9, align 4" [aes/aes_func.c:503]   --->   Operation 233 'load' 'ret_load_4' <Predicate = true> <Delay = 3.25> <Core = "RAM">   --->   Core 37 'RAM' <Latency = 1> <II = 1> <Delay = 3.25> <Storage> <Opcode : 'load' 'store'> <Ports = 2> <Width = 32> <Depth = 32> <RAM>
ST_13 : Operation 234 [1/1] (0.00ns)   --->   "%statemt_addr_152 = getelementptr [32 x i32]* %statemt, i64 0, i64 %sext_ln503" [aes/aes_func.c:503]   --->   Operation 234 'getelementptr' 'statemt_addr_152' <Predicate = true> <Delay = 0.00>
ST_13 : Operation 235 [1/1] (3.25ns)   --->   "store i32 %ret_load_4, i32* %statemt_addr_152, align 4" [aes/aes_func.c:503]   --->   Operation 235 'store' <Predicate = true> <Delay = 3.25> <Core = "RAM">   --->   Core 37 'RAM' <Latency = 1> <II = 1> <Delay = 3.25> <Storage> <Opcode : 'load' 'store'> <Ports = 2> <Width = 32> <Depth = 32> <RAM>
ST_13 : Operation 236 [1/1] (0.00ns)   --->   "%or_ln504 = or i32 %shl_ln6, 2" [aes/aes_func.c:504]   --->   Operation 236 'or' 'or_ln504' <Predicate = true> <Delay = 0.00>
ST_13 : Operation 237 [1/1] (0.00ns)   --->   "%sext_ln504 = sext i32 %or_ln504 to i64" [aes/aes_func.c:504]   --->   Operation 237 'sext' 'sext_ln504' <Predicate = true> <Delay = 0.00>
ST_13 : Operation 238 [1/1] (0.00ns)   --->   "%ret_addr_10 = getelementptr inbounds [32 x i32]* %ret, i64 0, i64 %sext_ln504" [aes/aes_func.c:504]   --->   Operation 238 'getelementptr' 'ret_addr_10' <Predicate = true> <Delay = 0.00>
ST_13 : Operation 239 [2/2] (3.25ns)   --->   "%ret_load_5 = load i32* %ret_addr_10, align 8" [aes/aes_func.c:504]   --->   Operation 239 'load' 'ret_load_5' <Predicate = true> <Delay = 3.25> <Core = "RAM">   --->   Core 37 'RAM' <Latency = 1> <II = 1> <Delay = 3.25> <Storage> <Opcode : 'load' 'store'> <Ports = 2> <Width = 32> <Depth = 32> <RAM>
ST_13 : Operation 240 [1/1] (0.00ns)   --->   "%or_ln505 = or i32 %shl_ln6, 3" [aes/aes_func.c:505]   --->   Operation 240 'or' 'or_ln505' <Predicate = true> <Delay = 0.00>
ST_13 : Operation 241 [1/1] (0.00ns)   --->   "%sext_ln505 = sext i32 %or_ln505 to i64" [aes/aes_func.c:505]   --->   Operation 241 'sext' 'sext_ln505' <Predicate = true> <Delay = 0.00>
ST_13 : Operation 242 [1/1] (0.00ns)   --->   "%ret_addr_11 = getelementptr inbounds [32 x i32]* %ret, i64 0, i64 %sext_ln505" [aes/aes_func.c:505]   --->   Operation 242 'getelementptr' 'ret_addr_11' <Predicate = true> <Delay = 0.00>
ST_13 : Operation 243 [2/2] (3.25ns)   --->   "%ret_load_6 = load i32* %ret_addr_11, align 4" [aes/aes_func.c:505]   --->   Operation 243 'load' 'ret_load_6' <Predicate = true> <Delay = 3.25> <Core = "RAM">   --->   Core 37 'RAM' <Latency = 1> <II = 1> <Delay = 3.25> <Storage> <Opcode : 'load' 'store'> <Ports = 2> <Width = 32> <Depth = 32> <RAM>

State 14 <SV = 5> <Delay = 6.50>
ST_14 : Operation 244 [1/2] (3.25ns)   --->   "%ret_load_5 = load i32* %ret_addr_10, align 8" [aes/aes_func.c:504]   --->   Operation 244 'load' 'ret_load_5' <Predicate = true> <Delay = 3.25> <Core = "RAM">   --->   Core 37 'RAM' <Latency = 1> <II = 1> <Delay = 3.25> <Storage> <Opcode : 'load' 'store'> <Ports = 2> <Width = 32> <Depth = 32> <RAM>
ST_14 : Operation 245 [1/1] (0.00ns)   --->   "%statemt_addr_153 = getelementptr [32 x i32]* %statemt, i64 0, i64 %sext_ln504" [aes/aes_func.c:504]   --->   Operation 245 'getelementptr' 'statemt_addr_153' <Predicate = true> <Delay = 0.00>
ST_14 : Operation 246 [1/1] (3.25ns)   --->   "store i32 %ret_load_5, i32* %statemt_addr_153, align 4" [aes/aes_func.c:504]   --->   Operation 246 'store' <Predicate = true> <Delay = 3.25> <Core = "RAM">   --->   Core 37 'RAM' <Latency = 1> <II = 1> <Delay = 3.25> <Storage> <Opcode : 'load' 'store'> <Ports = 2> <Width = 32> <Depth = 32> <RAM>
ST_14 : Operation 247 [1/2] (3.25ns)   --->   "%ret_load_6 = load i32* %ret_addr_11, align 4" [aes/aes_func.c:505]   --->   Operation 247 'load' 'ret_load_6' <Predicate = true> <Delay = 3.25> <Core = "RAM">   --->   Core 37 'RAM' <Latency = 1> <II = 1> <Delay = 3.25> <Storage> <Opcode : 'load' 'store'> <Ports = 2> <Width = 32> <Depth = 32> <RAM>
ST_14 : Operation 248 [1/1] (0.00ns)   --->   "%statemt_addr_154 = getelementptr [32 x i32]* %statemt, i64 0, i64 %sext_ln505" [aes/aes_func.c:505]   --->   Operation 248 'getelementptr' 'statemt_addr_154' <Predicate = true> <Delay = 0.00>
ST_14 : Operation 249 [1/1] (3.25ns)   --->   "store i32 %ret_load_6, i32* %statemt_addr_154, align 4" [aes/aes_func.c:505]   --->   Operation 249 'store' <Predicate = true> <Delay = 3.25> <Core = "RAM">   --->   Core 37 'RAM' <Latency = 1> <II = 1> <Delay = 3.25> <Storage> <Opcode : 'load' 'store'> <Ports = 2> <Width = 32> <Depth = 32> <RAM>
ST_14 : Operation 250 [1/1] (0.00ns)   --->   "br label %.preheader" [aes/aes_func.c:500]   --->   Operation 250 'br' <Predicate = true> <Delay = 0.00>


============================================================
+ Verbose Summary: Timing violations
============================================================
Target clock period: 10ns, clock uncertainty: 1.25ns.

 <State 1>: 8.51ns
The critical path consists of the following:
	wire read on port 'n' [5]  (0 ns)
	'mul' operation ('mul_ln441', aes/aes_func.c:441) [8]  (8.51 ns)

 <State 2>: 7.54ns
The critical path consists of the following:
	'phi' operation ('j') with incoming values : ('j', aes/aes_func.c:439) [11]  (0 ns)
	'add' operation ('add_ln441', aes/aes_func.c:441) [17]  (2.55 ns)
	'add' operation ('add_ln442', aes/aes_func.c:442) [21]  (1.73 ns)
	'getelementptr' operation ('word_addr_10', aes/aes_func.c:442) [23]  (0 ns)
	'load' operation ('word_load_5', aes/aes_func.c:442) on array 'word' [38]  (3.25 ns)

 <State 3>: 4.98ns
The critical path consists of the following:
	'add' operation ('add_ln443', aes/aes_func.c:443) [24]  (1.73 ns)
	'getelementptr' operation ('word_addr_11', aes/aes_func.c:443) [26]  (0 ns)
	'load' operation ('word_load_6', aes/aes_func.c:443) on array 'word' [45]  (3.25 ns)

 <State 4>: 4.25ns
The critical path consists of the following:
	'load' operation ('word_load_6', aes/aes_func.c:443) on array 'word' [45]  (3.25 ns)
	'xor' operation ('xor_ln443', aes/aes_func.c:443) [50]  (0.993 ns)

 <State 5>: 3.25ns
The critical path consists of the following:
	'store' operation ('store_ln443', aes/aes_func.c:443) of variable 'xor_ln443', aes/aes_func.c:443 on array 'statemt' [51]  (3.25 ns)

 <State 6>: 2.52ns
The critical path consists of the following:
	'phi' operation ('j') with incoming values : ('j', aes/aes_func.c:446) [63]  (0 ns)
	'add' operation ('j', aes/aes_func.c:446) [66]  (2.52 ns)

 <State 7>: 5.81ns
The critical path consists of the following:
	'phi' operation ('i') with incoming values : ('i', aes/aes_func.c:462) [73]  (0 ns)
	'add' operation ('add_ln449', aes/aes_func.c:449) [80]  (2.55 ns)
	'getelementptr' operation ('statemt_addr_149', aes/aes_func.c:449) [82]  (0 ns)
	'load' operation ('statemt_load_149', aes/aes_func.c:449) on array 'statemt' [83]  (3.25 ns)

 <State 8>: 6.72ns
The critical path consists of the following:
	'load' operation ('statemt_load_150', aes/aes_func.c:462) on array 'statemt' [112]  (3.25 ns)
	'icmp' operation ('icmp_ln463', aes/aes_func.c:463) [116]  (2.47 ns)
	'select' operation ('select_ln463', aes/aes_func.c:463) [122]  (0.992 ns)

 <State 9>: 7.92ns
The critical path consists of the following:
	'select' operation ('select_ln450', aes/aes_func.c:450) [90]  (0 ns)
	'xor' operation ('xor_ln453', aes/aes_func.c:453) [92]  (0.992 ns)
	'icmp' operation ('icmp_ln454', aes/aes_func.c:454) [95]  (2.47 ns)
	'select' operation ('select_ln454', aes/aes_func.c:454) [98]  (0 ns)
	'xor' operation ('xor_ln457', aes/aes_func.c:457) [99]  (0.992 ns)
	'icmp' operation ('icmp_ln458', aes/aes_func.c:458) [103]  (2.47 ns)
	'select' operation ('x', aes/aes_func.c:458) [105]  (0 ns)
	'xor' operation ('xor_ln498_3', aes/aes_func.c:498) [192]  (0.993 ns)

 <State 10>: 7.92ns
The critical path consists of the following:
	'icmp' operation ('icmp_ln480', aes/aes_func.c:480) [152]  (2.47 ns)
	'select' operation ('select_ln480', aes/aes_func.c:480) [156]  (0.992 ns)
	'icmp' operation ('icmp_ln483', aes/aes_func.c:483) [160]  (2.47 ns)
	'select' operation ('select_ln483', aes/aes_func.c:483) [162]  (0 ns)
	'xor' operation ('xor_ln498_4', aes/aes_func.c:498) [193]  (0.993 ns)
	'xor' operation ('xor_ln498_5', aes/aes_func.c:498) [194]  (0 ns)
	'xor' operation ('xor_ln498', aes/aes_func.c:498) [195]  (0.993 ns)

 <State 11>: 3.25ns
The critical path consists of the following:
	'getelementptr' operation ('ret_addr', aes/aes_func.c:460) [106]  (0 ns)
	'store' operation ('store_ln498', aes/aes_func.c:498) of variable 'xor_ln498', aes/aes_func.c:498 on array 'ret', aes/aes_func.c:436 [196]  (3.25 ns)

 <State 12>: 3.25ns
The critical path consists of the following:
	'phi' operation ('i') with incoming values : ('i', aes/aes_func.c:500) [203]  (0 ns)
	'getelementptr' operation ('ret_addr_8', aes/aes_func.c:502) [212]  (0 ns)
	'load' operation ('ret_load', aes/aes_func.c:502) on array 'ret', aes/aes_func.c:436 [213]  (3.25 ns)

 <State 13>: 6.51ns
The critical path consists of the following:
	'load' operation ('ret_load', aes/aes_func.c:502) on array 'ret', aes/aes_func.c:436 [213]  (3.25 ns)
	'store' operation ('store_ln502', aes/aes_func.c:502) of variable 'ret_load', aes/aes_func.c:502 on array 'statemt' [215]  (3.25 ns)

 <State 14>: 6.51ns
The critical path consists of the following:
	'load' operation ('ret_load_5', aes/aes_func.c:504) on array 'ret', aes/aes_func.c:436 [225]  (3.25 ns)
	'store' operation ('store_ln504', aes/aes_func.c:504) of variable 'ret_load_5', aes/aes_func.c:504 on array 'statemt' [227]  (3.25 ns)


============================================================
+ Verbose Summary: Binding
============================================================
N/A
* FSMD analyzer results:
  - Output states:
 - Input state : 
  - Chain level:
	State 1
	State 2
	State 3
	State 4
	State 5
	State 6
	State 7
	State 8
	State 9
	State 10
	State 11
	State 12
	State 13
	State 14


============================================================
+ Verbose Summary: Datapath Resource usage 
============================================================
N/A
