

================================================================
== Vivado HLS Report for 'KeySchedule'
================================================================
* Date:           Sat Apr 10 22:35:04 2021

* Version:        2019.1 (Build 2552052 on Fri May 24 15:28:33 MDT 2019)
* Project:        AES_Solutions
* Solution:       unoptimized
* Product family: zynq
* Target device:  xc7z020-clg484-1


================================================================
== Performance Estimates
================================================================
+ Timing (ns): 
    * Summary: 
    +--------+-------+----------+------------+
    |  Clock | Target| Estimated| Uncertainty|
    +--------+-------+----------+------------+
    |ap_clk  |  10.00|     7.501|        1.25|
    +--------+-------+----------+------------+

+ Latency (clock cycles): 
    * Summary: 
    +-----+-----+-----+-----+---------+
    |  Latency  |  Interval | Pipeline|
    | min | max | min | max |   Type  |
    +-----+-----+-----+-----+---------+
    |  562|  602|  562|  602|   none  |
    +-----+-----+-----+-----+---------+

    + Detail: 
        * Instance: 
        N/A

        * Loop: 
        +-------------+-----+-----+----------+-----------+-----------+------+----------+
        |             |  Latency  | Iteration|  Initiation Interval  | Trip |          |
        |  Loop Name  | min | max |  Latency |  achieved |   target  | Count| Pipelined|
        +-------------+-----+-----+----------+-----------+-----------+------+----------+
        |- Loop 1     |   40|   40|        10|          -|          -|     4|    no    |
        | + Loop 1.1  |    8|    8|         2|          -|          -|     4|    no    |
        |- Loop 2     |  520|  560|  13 ~ 14 |          -|          -|    40|    no    |
        | + Loop 2.1  |    8|    8|         2|          -|          -|     4|    no    |
        +-------------+-----+-----+----------+-----------+-----------+------+----------+

============================================================
+ Verbose Summary: Synthesis Manager
============================================================
InlineROM: 1
ExposeGlobal: 0
============================================================
+ Verbose Summary: CDFG Model
============================================================
IsTopModel: 0
ResetActiveHigh: 1
IsCombinational: 0
IsDatapathOnly: 0
HasWiredReturn: 1
HasMFsm: 0
HasVarLatency: 1
IsPipeline: 0
IsRtlPipelined: 0
IsInstanceOverlapped: 0
IsDontTouch: 0
HasImplIP: 0
IsGatedGlobalClock: 0


============================================================
+ Verbose Summary: Schedule
============================================================
* Number of FSM states : 13
* Pipeline : 0
* Dataflow Pipeline: 0

* FSM state transitions: 
1 --> 2 
2 --> 3 5 
3 --> 4 2 
4 --> 3 
5 --> 6 8 
6 --> 7 
7 --> 11 
8 --> 9 
9 --> 10 
10 --> 11 
11 --> 12 
12 --> 13 5 
13 --> 12 

* FSM state operations: 

State 1 <SV = 0> <Delay = 1.76>
ST_1 : Operation 14 [1/1] (1.76ns)   --->   "br label %.loopexit24" [aes/aes_key.c:132]   --->   Operation 14 'br' <Predicate = true> <Delay = 1.76>

State 2 <SV = 1> <Delay = 1.76>
ST_2 : Operation 15 [1/1] (0.00ns)   --->   "%j_0 = phi i3 [ 0, %0 ], [ %j, %.loopexit24.loopexit ]"   --->   Operation 15 'phi' 'j_0' <Predicate = true> <Delay = 0.00>
ST_2 : Operation 16 [1/1] (1.13ns)   --->   "%icmp_ln132 = icmp eq i3 %j_0, -4" [aes/aes_key.c:132]   --->   Operation 16 'icmp' 'icmp_ln132' <Predicate = true> <Delay = 1.13> <Core = "Cmp">   --->   Core 25 'Cmp' <Latency = 0> <II = 1> <Delay = 1.13> <FuncUnit> <Opcode : 'icmp'> <InPorts = 2> <OutPorts = 1>
ST_2 : Operation 17 [1/1] (0.00ns)   --->   "%empty = call i32 (...)* @_ssdm_op_SpecLoopTripCount(i64 4, i64 4, i64 4)"   --->   Operation 17 'speclooptripcount' 'empty' <Predicate = true> <Delay = 0.00>
ST_2 : Operation 18 [1/1] (1.65ns)   --->   "%j = add i3 %j_0, 1" [aes/aes_key.c:132]   --->   Operation 18 'add' 'j' <Predicate = true> <Delay = 1.65> <Core = "AddSub">   --->   Core 14 'AddSub' <Latency = 0> <II = 1> <Delay = 1.82> <FuncUnit> <Opcode : 'add' 'sub'> <InPorts = 2> <OutPorts = 1>
ST_2 : Operation 19 [1/1] (0.00ns)   --->   "br i1 %icmp_ln132, label %.preheader1.preheader, label %.preheader3.preheader" [aes/aes_key.c:132]   --->   Operation 19 'br' <Predicate = true> <Delay = 0.00>
ST_2 : Operation 20 [1/1] (0.00ns)   --->   "%trunc_ln135 = trunc i3 %j_0 to i2" [aes/aes_key.c:135]   --->   Operation 20 'trunc' 'trunc_ln135' <Predicate = (!icmp_ln132)> <Delay = 0.00>
ST_2 : Operation 21 [1/1] (0.00ns)   --->   "%shl_ln = call i4 @_ssdm_op_BitConcatenate.i4.i2.i2(i2 %trunc_ln135, i2 0)" [aes/aes_key.c:135]   --->   Operation 21 'bitconcatenate' 'shl_ln' <Predicate = (!icmp_ln132)> <Delay = 0.00>
ST_2 : Operation 22 [1/1] (1.76ns)   --->   "br label %.preheader3" [aes/aes_key.c:133]   --->   Operation 22 'br' <Predicate = (!icmp_ln132)> <Delay = 1.76>
ST_2 : Operation 23 [1/1] (1.76ns)   --->   "br label %.preheader1" [aes/aes_key.c:138]   --->   Operation 23 'br' <Predicate = (icmp_ln132)> <Delay = 1.76>

State 3 <SV = 2> <Delay = 4.98>
ST_3 : Operation 24 [1/1] (0.00ns)   --->   "%i_0 = phi i3 [ %i, %1 ], [ 0, %.preheader3.preheader ]"   --->   Operation 24 'phi' 'i_0' <Predicate = true> <Delay = 0.00>
ST_3 : Operation 25 [1/1] (0.00ns)   --->   "%zext_ln133 = zext i3 %i_0 to i4" [aes/aes_key.c:133]   --->   Operation 25 'zext' 'zext_ln133' <Predicate = true> <Delay = 0.00>
ST_3 : Operation 26 [1/1] (1.13ns)   --->   "%icmp_ln133 = icmp eq i3 %i_0, -4" [aes/aes_key.c:133]   --->   Operation 26 'icmp' 'icmp_ln133' <Predicate = true> <Delay = 1.13> <Core = "Cmp">   --->   Core 25 'Cmp' <Latency = 0> <II = 1> <Delay = 1.13> <FuncUnit> <Opcode : 'icmp'> <InPorts = 2> <OutPorts = 1>
ST_3 : Operation 27 [1/1] (0.00ns)   --->   "%empty_50 = call i32 (...)* @_ssdm_op_SpecLoopTripCount(i64 4, i64 4, i64 4)"   --->   Operation 27 'speclooptripcount' 'empty_50' <Predicate = true> <Delay = 0.00>
ST_3 : Operation 28 [1/1] (1.65ns)   --->   "%i = add i3 %i_0, 1" [aes/aes_key.c:133]   --->   Operation 28 'add' 'i' <Predicate = true> <Delay = 1.65> <Core = "AddSub">   --->   Core 14 'AddSub' <Latency = 0> <II = 1> <Delay = 1.82> <FuncUnit> <Opcode : 'add' 'sub'> <InPorts = 2> <OutPorts = 1>
ST_3 : Operation 29 [1/1] (0.00ns)   --->   "br i1 %icmp_ln133, label %.loopexit24.loopexit, label %1" [aes/aes_key.c:133]   --->   Operation 29 'br' <Predicate = true> <Delay = 0.00>
ST_3 : Operation 30 [1/1] (1.73ns)   --->   "%add_ln135 = add i4 %shl_ln, %zext_ln133" [aes/aes_key.c:135]   --->   Operation 30 'add' 'add_ln135' <Predicate = (!icmp_ln133)> <Delay = 1.73> <Core = "AddSub">   --->   Core 14 'AddSub' <Latency = 0> <II = 1> <Delay = 1.82> <FuncUnit> <Opcode : 'add' 'sub'> <InPorts = 2> <OutPorts = 1>
ST_3 : Operation 31 [1/1] (0.00ns)   --->   "%zext_ln135 = zext i4 %add_ln135 to i64" [aes/aes_key.c:135]   --->   Operation 31 'zext' 'zext_ln135' <Predicate = (!icmp_ln133)> <Delay = 0.00>
ST_3 : Operation 32 [1/1] (0.00ns)   --->   "%key_addr = getelementptr [32 x i32]* %key, i64 0, i64 %zext_ln135" [aes/aes_key.c:135]   --->   Operation 32 'getelementptr' 'key_addr' <Predicate = (!icmp_ln133)> <Delay = 0.00>
ST_3 : Operation 33 [2/2] (3.25ns)   --->   "%key_load = load i32* %key_addr, align 4" [aes/aes_key.c:135]   --->   Operation 33 'load' 'key_load' <Predicate = (!icmp_ln133)> <Delay = 3.25> <Core = "RAM">   --->   Core 37 'RAM' <Latency = 1> <II = 1> <Delay = 3.25> <Storage> <Opcode : 'load' 'store'> <Ports = 2> <Width = 32> <Depth = 480> <RAM>
ST_3 : Operation 34 [1/1] (0.00ns)   --->   "br label %.loopexit24"   --->   Operation 34 'br' <Predicate = (icmp_ln133)> <Delay = 0.00>

State 4 <SV = 3> <Delay = 6.50>
ST_4 : Operation 35 [1/2] (3.25ns)   --->   "%key_load = load i32* %key_addr, align 4" [aes/aes_key.c:135]   --->   Operation 35 'load' 'key_load' <Predicate = true> <Delay = 3.25> <Core = "RAM">   --->   Core 37 'RAM' <Latency = 1> <II = 1> <Delay = 3.25> <Storage> <Opcode : 'load' 'store'> <Ports = 2> <Width = 32> <Depth = 480> <RAM>
ST_4 : Operation 36 [1/1] (0.00ns)   --->   "%tmp_s = call i10 @_ssdm_op_BitConcatenate.i10.i3.i7(i3 %i_0, i7 0)" [aes/aes_key.c:135]   --->   Operation 36 'bitconcatenate' 'tmp_s' <Predicate = true> <Delay = 0.00>
ST_4 : Operation 37 [1/1] (0.00ns)   --->   "%zext_ln135_1 = zext i10 %tmp_s to i11" [aes/aes_key.c:135]   --->   Operation 37 'zext' 'zext_ln135_1' <Predicate = true> <Delay = 0.00>
ST_4 : Operation 38 [1/1] (0.00ns)   --->   "%tmp_4 = call i6 @_ssdm_op_BitConcatenate.i6.i3.i3(i3 %i_0, i3 0)" [aes/aes_key.c:135]   --->   Operation 38 'bitconcatenate' 'tmp_4' <Predicate = true> <Delay = 0.00>
ST_4 : Operation 39 [1/1] (0.00ns)   --->   "%zext_ln135_2 = zext i6 %tmp_4 to i11" [aes/aes_key.c:135]   --->   Operation 39 'zext' 'zext_ln135_2' <Predicate = true> <Delay = 0.00>
ST_4 : Operation 40 [1/1] (1.73ns)   --->   "%sub_ln135 = sub i11 %zext_ln135_1, %zext_ln135_2" [aes/aes_key.c:135]   --->   Operation 40 'sub' 'sub_ln135' <Predicate = true> <Delay = 1.73> <Core = "AddSub">   --->   Core 14 'AddSub' <Latency = 0> <II = 1> <Delay = 1.82> <FuncUnit> <Opcode : 'add' 'sub'> <InPorts = 2> <OutPorts = 1>
ST_4 : Operation 41 [1/1] (0.00ns)   --->   "%trunc_ln135_1 = trunc i11 %sub_ln135 to i3" [aes/aes_key.c:135]   --->   Operation 41 'trunc' 'trunc_ln135_1' <Predicate = true> <Delay = 0.00>
ST_4 : Operation 42 [1/1] (0.96ns)   --->   "%or_ln135 = or i3 %trunc_ln135_1, %j_0" [aes/aes_key.c:135]   --->   Operation 42 'or' 'or_ln135' <Predicate = true> <Delay = 0.96> <Core = "LogicGate">   --->   Core 27 'LogicGate' <Latency = 0> <II = 1> <Delay = 0.99> <FuncUnit> <Opcode : 'and' 'or' 'xor'> <InPorts = 2> <OutPorts = 1>
ST_4 : Operation 43 [1/1] (0.00ns)   --->   "%tmp_1 = call i8 @_ssdm_op_PartSelect.i8.i11.i32.i32(i11 %sub_ln135, i32 3, i32 10)" [aes/aes_key.c:135]   --->   Operation 43 'partselect' 'tmp_1' <Predicate = true> <Delay = 0.00>
ST_4 : Operation 44 [1/1] (0.00ns)   --->   "%tmp_2 = call i11 @_ssdm_op_BitConcatenate.i11.i8.i3(i8 %tmp_1, i3 %or_ln135)" [aes/aes_key.c:135]   --->   Operation 44 'bitconcatenate' 'tmp_2' <Predicate = true> <Delay = 0.00>
ST_4 : Operation 45 [1/1] (0.00ns)   --->   "%sext_ln135 = sext i11 %tmp_2 to i64" [aes/aes_key.c:135]   --->   Operation 45 'sext' 'sext_ln135' <Predicate = true> <Delay = 0.00>
ST_4 : Operation 46 [1/1] (0.00ns)   --->   "%word_addr = getelementptr [480 x i32]* @word, i64 0, i64 %sext_ln135" [aes/aes_key.c:135]   --->   Operation 46 'getelementptr' 'word_addr' <Predicate = true> <Delay = 0.00>
ST_4 : Operation 47 [1/1] (3.25ns)   --->   "store i32 %key_load, i32* %word_addr, align 4" [aes/aes_key.c:135]   --->   Operation 47 'store' <Predicate = true> <Delay = 3.25> <Core = "RAM">   --->   Core 37 'RAM' <Latency = 1> <II = 1> <Delay = 3.25> <Storage> <Opcode : 'load' 'store'> <Ports = 2> <Width = 32> <Depth = 480> <RAM>
ST_4 : Operation 48 [1/1] (0.00ns)   --->   "br label %.preheader3" [aes/aes_key.c:133]   --->   Operation 48 'br' <Predicate = true> <Delay = 0.00>

State 5 <SV = 2> <Delay = 6.99>
ST_5 : Operation 49 [1/1] (0.00ns)   --->   "%j_1 = phi i6 [ %j_3, %5 ], [ 4, %.preheader1.preheader ]"   --->   Operation 49 'phi' 'j_1' <Predicate = true> <Delay = 0.00>
ST_5 : Operation 50 [1/1] (1.42ns)   --->   "%icmp_ln138 = icmp eq i6 %j_1, -20" [aes/aes_key.c:138]   --->   Operation 50 'icmp' 'icmp_ln138' <Predicate = true> <Delay = 1.42> <Core = "Cmp">   --->   Core 25 'Cmp' <Latency = 0> <II = 1> <Delay = 1.13> <FuncUnit> <Opcode : 'icmp'> <InPorts = 2> <OutPorts = 1>
ST_5 : Operation 51 [1/1] (0.00ns)   --->   "%empty_51 = call i32 (...)* @_ssdm_op_SpecLoopTripCount(i64 40, i64 40, i64 40)"   --->   Operation 51 'speclooptripcount' 'empty_51' <Predicate = true> <Delay = 0.00>
ST_5 : Operation 52 [1/1] (0.00ns)   --->   "br i1 %icmp_ln138, label %.loopexit2, label %2" [aes/aes_key.c:138]   --->   Operation 52 'br' <Predicate = true> <Delay = 0.00>
ST_5 : Operation 53 [1/1] (0.00ns)   --->   "%trunc_ln138 = trunc i6 %j_1 to i2" [aes/aes_key.c:138]   --->   Operation 53 'trunc' 'trunc_ln138' <Predicate = (!icmp_ln138)> <Delay = 0.00>
ST_5 : Operation 54 [1/1] (0.95ns)   --->   "%icmp_ln142 = icmp eq i2 %trunc_ln138, 0" [aes/aes_key.c:142]   --->   Operation 54 'icmp' 'icmp_ln142' <Predicate = (!icmp_ln138)> <Delay = 0.95> <Core = "Cmp">   --->   Core 25 'Cmp' <Latency = 0> <II = 1> <Delay = 1.13> <FuncUnit> <Opcode : 'icmp'> <InPorts = 2> <OutPorts = 1>
ST_5 : Operation 55 [1/1] (1.82ns)   --->   "%add_ln144 = add i6 -1, %j_1" [aes/aes_key.c:144]   --->   Operation 55 'add' 'add_ln144' <Predicate = (!icmp_ln138)> <Delay = 1.82> <Core = "AddSub">   --->   Core 14 'AddSub' <Latency = 0> <II = 1> <Delay = 1.82> <FuncUnit> <Opcode : 'add' 'sub'> <InPorts = 2> <OutPorts = 1>
ST_5 : Operation 56 [1/1] (0.00ns)   --->   "%zext_ln144 = zext i6 %add_ln144 to i64" [aes/aes_key.c:144]   --->   Operation 56 'zext' 'zext_ln144' <Predicate = (!icmp_ln138)> <Delay = 0.00>
ST_5 : Operation 57 [1/1] (0.00ns)   --->   "%zext_ln144_3 = zext i6 %add_ln144 to i9" [aes/aes_key.c:144]   --->   Operation 57 'zext' 'zext_ln144_3' <Predicate = (!icmp_ln138)> <Delay = 0.00>
ST_5 : Operation 58 [1/1] (0.00ns)   --->   "%zext_ln144_4 = zext i6 %add_ln144 to i8" [aes/aes_key.c:144]   --->   Operation 58 'zext' 'zext_ln144_4' <Predicate = (!icmp_ln138)> <Delay = 0.00>
ST_5 : Operation 59 [1/1] (1.91ns)   --->   "%add_ln144_2 = add i8 120, %zext_ln144_4" [aes/aes_key.c:144]   --->   Operation 59 'add' 'add_ln144_2' <Predicate = (!icmp_ln138)> <Delay = 1.91> <Core = "AddSub">   --->   Core 14 'AddSub' <Latency = 0> <II = 1> <Delay = 1.82> <FuncUnit> <Opcode : 'add' 'sub'> <InPorts = 2> <OutPorts = 1>
ST_5 : Operation 60 [1/1] (0.00ns)   --->   "%zext_ln144_5 = zext i8 %add_ln144_2 to i64" [aes/aes_key.c:144]   --->   Operation 60 'zext' 'zext_ln144_5' <Predicate = (!icmp_ln138)> <Delay = 0.00>
ST_5 : Operation 61 [1/1] (0.00ns)   --->   "%word_addr_4 = getelementptr [480 x i32]* @word, i64 0, i64 %zext_ln144_5" [aes/aes_key.c:144]   --->   Operation 61 'getelementptr' 'word_addr_4' <Predicate = (!icmp_ln138)> <Delay = 0.00>
ST_5 : Operation 62 [1/1] (1.82ns)   --->   "%add_ln145 = add i9 240, %zext_ln144_3" [aes/aes_key.c:145]   --->   Operation 62 'add' 'add_ln145' <Predicate = (!icmp_ln138)> <Delay = 1.82> <Core = "AddSub">   --->   Core 14 'AddSub' <Latency = 0> <II = 1> <Delay = 1.82> <FuncUnit> <Opcode : 'add' 'sub'> <InPorts = 2> <OutPorts = 1>
ST_5 : Operation 63 [1/1] (0.00ns)   --->   "%zext_ln145 = zext i9 %add_ln145 to i64" [aes/aes_key.c:145]   --->   Operation 63 'zext' 'zext_ln145' <Predicate = (!icmp_ln138)> <Delay = 0.00>
ST_5 : Operation 64 [1/1] (0.00ns)   --->   "%word_addr_5 = getelementptr [480 x i32]* @word, i64 0, i64 %zext_ln145" [aes/aes_key.c:145]   --->   Operation 64 'getelementptr' 'word_addr_5' <Predicate = (!icmp_ln138)> <Delay = 0.00>
ST_5 : Operation 65 [1/1] (1.82ns)   --->   "%add_ln146 = add i9 -152, %zext_ln144_3" [aes/aes_key.c:146]   --->   Operation 65 'add' 'add_ln146' <Predicate = (!icmp_ln138)> <Delay = 1.82> <Core = "AddSub">   --->   Core 14 'AddSub' <Latency = 0> <II = 1> <Delay = 1.82> <FuncUnit> <Opcode : 'add' 'sub'> <InPorts = 2> <OutPorts = 1>
ST_5 : Operation 66 [1/1] (0.00ns)   --->   "%zext_ln146 = zext i9 %add_ln146 to i64" [aes/aes_key.c:146]   --->   Operation 66 'zext' 'zext_ln146' <Predicate = (!icmp_ln138)> <Delay = 0.00>
ST_5 : Operation 67 [1/1] (0.00ns)   --->   "%word_addr_6 = getelementptr [480 x i32]* @word, i64 0, i64 %zext_ln146" [aes/aes_key.c:146]   --->   Operation 67 'getelementptr' 'word_addr_6' <Predicate = (!icmp_ln138)> <Delay = 0.00>
ST_5 : Operation 68 [1/1] (0.00ns)   --->   "%word_addr_7 = getelementptr [480 x i32]* @word, i64 0, i64 %zext_ln144" [aes/aes_key.c:147]   --->   Operation 68 'getelementptr' 'word_addr_7' <Predicate = (!icmp_ln138)> <Delay = 0.00>
ST_5 : Operation 69 [1/1] (0.00ns)   --->   "br i1 %icmp_ln142, label %._crit_edge, label %.critedge" [aes/aes_key.c:142]   --->   Operation 69 'br' <Predicate = (!icmp_ln138)> <Delay = 0.00>
ST_5 : Operation 70 [2/2] (3.25ns)   --->   "%temp_0_1 = load i32* %word_addr_7, align 4" [aes/aes_key.c:151]   --->   Operation 70 'load' 'temp_0_1' <Predicate = (!icmp_ln138 & !icmp_ln142)> <Delay = 3.25> <Core = "RAM">   --->   Core 37 'RAM' <Latency = 1> <II = 1> <Delay = 3.25> <Storage> <Opcode : 'load' 'store'> <Ports = 2> <Width = 32> <Depth = 480> <RAM>
ST_5 : Operation 71 [2/2] (3.25ns)   --->   "%temp_1_1 = load i32* %word_addr_4, align 4" [aes/aes_key.c:152]   --->   Operation 71 'load' 'temp_1_1' <Predicate = (!icmp_ln138 & !icmp_ln142)> <Delay = 3.25> <Core = "RAM">   --->   Core 37 'RAM' <Latency = 1> <II = 1> <Delay = 3.25> <Storage> <Opcode : 'load' 'store'> <Ports = 2> <Width = 32> <Depth = 480> <RAM>
ST_5 : Operation 72 [2/2] (3.25ns)   --->   "%word_load_5 = load i32* %word_addr_4, align 4" [aes/aes_key.c:144]   --->   Operation 72 'load' 'word_load_5' <Predicate = (!icmp_ln138 & icmp_ln142)> <Delay = 3.25> <Core = "RAM">   --->   Core 37 'RAM' <Latency = 1> <II = 1> <Delay = 3.25> <Storage> <Opcode : 'load' 'store'> <Ports = 2> <Width = 32> <Depth = 480> <RAM>
ST_5 : Operation 73 [2/2] (3.25ns)   --->   "%word_load_6 = load i32* %word_addr_5, align 4" [aes/aes_key.c:145]   --->   Operation 73 'load' 'word_load_6' <Predicate = (!icmp_ln138 & icmp_ln142)> <Delay = 3.25> <Core = "RAM">   --->   Core 37 'RAM' <Latency = 1> <II = 1> <Delay = 3.25> <Storage> <Opcode : 'load' 'store'> <Ports = 2> <Width = 32> <Depth = 480> <RAM>
ST_5 : Operation 74 [1/1] (0.00ns)   --->   "ret void"   --->   Operation 74 'ret' <Predicate = (icmp_ln138)> <Delay = 0.00>

State 6 <SV = 3> <Delay = 3.25>
ST_6 : Operation 75 [1/2] (3.25ns)   --->   "%temp_0_1 = load i32* %word_addr_7, align 4" [aes/aes_key.c:151]   --->   Operation 75 'load' 'temp_0_1' <Predicate = true> <Delay = 3.25> <Core = "RAM">   --->   Core 37 'RAM' <Latency = 1> <II = 1> <Delay = 3.25> <Storage> <Opcode : 'load' 'store'> <Ports = 2> <Width = 32> <Depth = 480> <RAM>
ST_6 : Operation 76 [1/2] (3.25ns)   --->   "%temp_1_1 = load i32* %word_addr_4, align 4" [aes/aes_key.c:152]   --->   Operation 76 'load' 'temp_1_1' <Predicate = true> <Delay = 3.25> <Core = "RAM">   --->   Core 37 'RAM' <Latency = 1> <II = 1> <Delay = 3.25> <Storage> <Opcode : 'load' 'store'> <Ports = 2> <Width = 32> <Depth = 480> <RAM>
ST_6 : Operation 77 [2/2] (3.25ns)   --->   "%temp_2_1 = load i32* %word_addr_5, align 4" [aes/aes_key.c:153]   --->   Operation 77 'load' 'temp_2_1' <Predicate = true> <Delay = 3.25> <Core = "RAM">   --->   Core 37 'RAM' <Latency = 1> <II = 1> <Delay = 3.25> <Storage> <Opcode : 'load' 'store'> <Ports = 2> <Width = 32> <Depth = 480> <RAM>
ST_6 : Operation 78 [2/2] (3.25ns)   --->   "%word_load = load i32* %word_addr_6, align 4" [aes/aes_key.c:154]   --->   Operation 78 'load' 'word_load' <Predicate = true> <Delay = 3.25> <Core = "RAM">   --->   Core 37 'RAM' <Latency = 1> <II = 1> <Delay = 3.25> <Storage> <Opcode : 'load' 'store'> <Ports = 2> <Width = 32> <Depth = 480> <RAM>

State 7 <SV = 4> <Delay = 3.25>
ST_7 : Operation 79 [1/2] (3.25ns)   --->   "%temp_2_1 = load i32* %word_addr_5, align 4" [aes/aes_key.c:153]   --->   Operation 79 'load' 'temp_2_1' <Predicate = true> <Delay = 3.25> <Core = "RAM">   --->   Core 37 'RAM' <Latency = 1> <II = 1> <Delay = 3.25> <Storage> <Opcode : 'load' 'store'> <Ports = 2> <Width = 32> <Depth = 480> <RAM>
ST_7 : Operation 80 [1/2] (3.25ns)   --->   "%word_load = load i32* %word_addr_6, align 4" [aes/aes_key.c:154]   --->   Operation 80 'load' 'word_load' <Predicate = true> <Delay = 3.25> <Core = "RAM">   --->   Core 37 'RAM' <Latency = 1> <II = 1> <Delay = 3.25> <Storage> <Opcode : 'load' 'store'> <Ports = 2> <Width = 32> <Depth = 480> <RAM>
ST_7 : Operation 81 [1/1] (1.76ns)   --->   "br label %.loopexit" [aes/aes_key.c:155]   --->   Operation 81 'br' <Predicate = true> <Delay = 1.76>

State 8 <SV = 3> <Delay = 3.25>
ST_8 : Operation 82 [1/2] (3.25ns)   --->   "%word_load_5 = load i32* %word_addr_4, align 4" [aes/aes_key.c:144]   --->   Operation 82 'load' 'word_load_5' <Predicate = true> <Delay = 3.25> <Core = "RAM">   --->   Core 37 'RAM' <Latency = 1> <II = 1> <Delay = 3.25> <Storage> <Opcode : 'load' 'store'> <Ports = 2> <Width = 32> <Depth = 480> <RAM>
ST_8 : Operation 83 [1/1] (0.00ns)   --->   "%tmp_3 = call i1 @_ssdm_op_BitSelect.i1.i32.i32(i32 %word_load_5, i32 31)" [aes/aes_func.c:248->aes/aes_key.c:144]   --->   Operation 83 'bitselect' 'tmp_3' <Predicate = true> <Delay = 0.00>
ST_8 : Operation 84 [1/2] (3.25ns)   --->   "%word_load_6 = load i32* %word_addr_5, align 4" [aes/aes_key.c:145]   --->   Operation 84 'load' 'word_load_6' <Predicate = true> <Delay = 3.25> <Core = "RAM">   --->   Core 37 'RAM' <Latency = 1> <II = 1> <Delay = 3.25> <Storage> <Opcode : 'load' 'store'> <Ports = 2> <Width = 32> <Depth = 480> <RAM>
ST_8 : Operation 85 [1/1] (0.00ns)   --->   "%tmp_8 = call i1 @_ssdm_op_BitSelect.i1.i32.i32(i32 %word_load_6, i32 31)" [aes/aes_func.c:248->aes/aes_key.c:145]   --->   Operation 85 'bitselect' 'tmp_8' <Predicate = true> <Delay = 0.00>
ST_8 : Operation 86 [2/2] (3.25ns)   --->   "%word_load_7 = load i32* %word_addr_6, align 4" [aes/aes_key.c:146]   --->   Operation 86 'load' 'word_load_7' <Predicate = true> <Delay = 3.25> <Core = "RAM">   --->   Core 37 'RAM' <Latency = 1> <II = 1> <Delay = 3.25> <Storage> <Opcode : 'load' 'store'> <Ports = 2> <Width = 32> <Depth = 480> <RAM>
ST_8 : Operation 87 [2/2] (3.25ns)   --->   "%word_load_8 = load i32* %word_addr_7, align 4" [aes/aes_key.c:147]   --->   Operation 87 'load' 'word_load_8' <Predicate = true> <Delay = 3.25> <Core = "RAM">   --->   Core 37 'RAM' <Latency = 1> <II = 1> <Delay = 3.25> <Storage> <Opcode : 'load' 'store'> <Ports = 2> <Width = 32> <Depth = 480> <RAM>

State 9 <SV = 4> <Delay = 6.10>
ST_9 : Operation 88 [1/1] (0.00ns) (grouped into LUT with out node add_ln248)   --->   "%trunc_ln248 = trunc i32 %word_load_5 to i4" [aes/aes_func.c:248->aes/aes_key.c:144]   --->   Operation 88 'trunc' 'trunc_ln248' <Predicate = (!tmp_3)> <Delay = 0.00>
ST_9 : Operation 89 [1/1] (2.55ns)   --->   "%sub_ln248 = sub i32 0, %word_load_5" [aes/aes_func.c:248->aes/aes_key.c:144]   --->   Operation 89 'sub' 'sub_ln248' <Predicate = true> <Delay = 2.55> <Core = "AddSub">   --->   Core 14 'AddSub' <Latency = 0> <II = 1> <Delay = 1.82> <FuncUnit> <Opcode : 'add' 'sub'> <InPorts = 2> <OutPorts = 1>
ST_9 : Operation 90 [1/1] (0.00ns)   --->   "%trunc_ln248_1 = trunc i32 %sub_ln248 to i4" [aes/aes_func.c:248->aes/aes_key.c:144]   --->   Operation 90 'trunc' 'trunc_ln248_1' <Predicate = (tmp_3)> <Delay = 0.00>
ST_9 : Operation 91 [1/1] (0.00ns)   --->   "%tmp_5 = call i10 @_ssdm_op_BitConcatenate.i10.i6.i4(i6 0, i4 %trunc_ln248_1)" [aes/aes_func.c:248->aes/aes_key.c:144]   --->   Operation 91 'bitconcatenate' 'tmp_5' <Predicate = (tmp_3)> <Delay = 0.00>
ST_9 : Operation 92 [1/1] (1.73ns)   --->   "%sub_ln248_2 = sub i10 0, %tmp_5" [aes/aes_func.c:248->aes/aes_key.c:144]   --->   Operation 92 'sub' 'sub_ln248_2' <Predicate = (tmp_3)> <Delay = 1.73> <Core = "AddSub">   --->   Core 14 'AddSub' <Latency = 0> <II = 1> <Delay = 1.82> <FuncUnit> <Opcode : 'add' 'sub'> <InPorts = 2> <OutPorts = 1>
ST_9 : Operation 93 [1/1] (0.00ns) (grouped into LUT with out node add_ln248)   --->   "%tmp_6 = call i10 @_ssdm_op_BitConcatenate.i10.i6.i4(i6 0, i4 %trunc_ln248)" [aes/aes_func.c:248->aes/aes_key.c:144]   --->   Operation 93 'bitconcatenate' 'tmp_6' <Predicate = (!tmp_3)> <Delay = 0.00>
ST_9 : Operation 94 [1/1] (0.00ns) (grouped into LUT with out node add_ln248)   --->   "%select_ln248 = select i1 %tmp_3, i10 %sub_ln248_2, i10 %tmp_6" [aes/aes_func.c:248->aes/aes_key.c:144]   --->   Operation 94 'select' 'select_ln248' <Predicate = true> <Delay = 0.00> <Core = "Sel">   --->   Core 26 'Sel' <Latency = 0> <II = 1> <Delay = 1.18> <FuncUnit> <Opcode : 'select'> <InPorts = 3> <OutPorts = 1>
ST_9 : Operation 95 [1/1] (0.00ns)   --->   "%zext_ln = call i6 @_ssdm_op_PartSelect.i6.i32.i32.i32(i32 %sub_ln248, i32 4, i32 9)" [aes/aes_func.c:248->aes/aes_key.c:144]   --->   Operation 95 'partselect' 'zext_ln' <Predicate = (tmp_3)> <Delay = 0.00>
ST_9 : Operation 96 [1/1] (1.82ns)   --->   "%sub_ln248_1 = sub i6 0, %zext_ln" [aes/aes_func.c:248->aes/aes_key.c:144]   --->   Operation 96 'sub' 'sub_ln248_1' <Predicate = (tmp_3)> <Delay = 1.82> <Core = "AddSub">   --->   Core 14 'AddSub' <Latency = 0> <II = 1> <Delay = 1.82> <FuncUnit> <Opcode : 'add' 'sub'> <InPorts = 2> <OutPorts = 1>
ST_9 : Operation 97 [1/1] (0.00ns) (grouped into LUT with out node add_ln248)   --->   "%tmp_7 = call i6 @_ssdm_op_PartSelect.i6.i32.i32.i32(i32 %word_load_5, i32 4, i32 9)" [aes/aes_func.c:248->aes/aes_key.c:144]   --->   Operation 97 'partselect' 'tmp_7' <Predicate = (!tmp_3)> <Delay = 0.00>
ST_9 : Operation 98 [1/1] (0.00ns) (grouped into LUT with out node add_ln248)   --->   "%select_ln248_1 = select i1 %tmp_3, i6 %sub_ln248_1, i6 %tmp_7" [aes/aes_func.c:248->aes/aes_key.c:144]   --->   Operation 98 'select' 'select_ln248_1' <Predicate = true> <Delay = 0.00> <Core = "Sel">   --->   Core 26 'Sel' <Latency = 0> <II = 1> <Delay = 1.18> <FuncUnit> <Opcode : 'select'> <InPorts = 3> <OutPorts = 1>
ST_9 : Operation 99 [1/1] (0.00ns) (grouped into LUT with out node add_ln248)   --->   "%sext_ln248_1_cast = call i10 @_ssdm_op_BitConcatenate.i10.i6.i4(i6 %select_ln248_1, i4 0)" [aes/aes_func.c:248->aes/aes_key.c:144]   --->   Operation 99 'bitconcatenate' 'sext_ln248_1_cast' <Predicate = true> <Delay = 0.00>
ST_9 : Operation 100 [1/1] (1.73ns) (out node of the LUT)   --->   "%add_ln248 = add i10 %sext_ln248_1_cast, %select_ln248" [aes/aes_func.c:248->aes/aes_key.c:144]   --->   Operation 100 'add' 'add_ln248' <Predicate = true> <Delay = 1.73> <Core = "AddSub">   --->   Core 14 'AddSub' <Latency = 0> <II = 1> <Delay = 1.82> <FuncUnit> <Opcode : 'add' 'sub'> <InPorts = 2> <OutPorts = 1>
ST_9 : Operation 101 [1/1] (0.00ns) (grouped into LUT with out node add_ln248_1)   --->   "%trunc_ln248_2 = trunc i32 %word_load_6 to i4" [aes/aes_func.c:248->aes/aes_key.c:145]   --->   Operation 101 'trunc' 'trunc_ln248_2' <Predicate = (!tmp_8)> <Delay = 0.00>
ST_9 : Operation 102 [1/1] (2.55ns)   --->   "%sub_ln248_4 = sub i32 0, %word_load_6" [aes/aes_func.c:248->aes/aes_key.c:145]   --->   Operation 102 'sub' 'sub_ln248_4' <Predicate = true> <Delay = 2.55> <Core = "AddSub">   --->   Core 14 'AddSub' <Latency = 0> <II = 1> <Delay = 1.82> <FuncUnit> <Opcode : 'add' 'sub'> <InPorts = 2> <OutPorts = 1>
ST_9 : Operation 103 [1/1] (0.00ns)   --->   "%trunc_ln248_3 = trunc i32 %sub_ln248_4 to i4" [aes/aes_func.c:248->aes/aes_key.c:145]   --->   Operation 103 'trunc' 'trunc_ln248_3' <Predicate = (tmp_8)> <Delay = 0.00>
ST_9 : Operation 104 [1/1] (0.00ns)   --->   "%tmp_9 = call i10 @_ssdm_op_BitConcatenate.i10.i6.i4(i6 0, i4 %trunc_ln248_3)" [aes/aes_func.c:248->aes/aes_key.c:145]   --->   Operation 104 'bitconcatenate' 'tmp_9' <Predicate = (tmp_8)> <Delay = 0.00>
ST_9 : Operation 105 [1/1] (1.73ns)   --->   "%sub_ln248_6 = sub i10 0, %tmp_9" [aes/aes_func.c:248->aes/aes_key.c:145]   --->   Operation 105 'sub' 'sub_ln248_6' <Predicate = (tmp_8)> <Delay = 1.73> <Core = "AddSub">   --->   Core 14 'AddSub' <Latency = 0> <II = 1> <Delay = 1.82> <FuncUnit> <Opcode : 'add' 'sub'> <InPorts = 2> <OutPorts = 1>
ST_9 : Operation 106 [1/1] (0.00ns) (grouped into LUT with out node add_ln248_1)   --->   "%tmp_10 = call i10 @_ssdm_op_BitConcatenate.i10.i6.i4(i6 0, i4 %trunc_ln248_2)" [aes/aes_func.c:248->aes/aes_key.c:145]   --->   Operation 106 'bitconcatenate' 'tmp_10' <Predicate = (!tmp_8)> <Delay = 0.00>
ST_9 : Operation 107 [1/1] (0.00ns) (grouped into LUT with out node add_ln248_1)   --->   "%select_ln248_2 = select i1 %tmp_8, i10 %sub_ln248_6, i10 %tmp_10" [aes/aes_func.c:248->aes/aes_key.c:145]   --->   Operation 107 'select' 'select_ln248_2' <Predicate = true> <Delay = 0.00> <Core = "Sel">   --->   Core 26 'Sel' <Latency = 0> <II = 1> <Delay = 1.18> <FuncUnit> <Opcode : 'select'> <InPorts = 3> <OutPorts = 1>
ST_9 : Operation 108 [1/1] (0.00ns)   --->   "%zext_ln248_2 = call i6 @_ssdm_op_PartSelect.i6.i32.i32.i32(i32 %sub_ln248_4, i32 4, i32 9)" [aes/aes_func.c:248->aes/aes_key.c:145]   --->   Operation 108 'partselect' 'zext_ln248_2' <Predicate = (tmp_8)> <Delay = 0.00>
ST_9 : Operation 109 [1/1] (1.82ns)   --->   "%sub_ln248_3 = sub i6 0, %zext_ln248_2" [aes/aes_func.c:248->aes/aes_key.c:145]   --->   Operation 109 'sub' 'sub_ln248_3' <Predicate = (tmp_8)> <Delay = 1.82> <Core = "AddSub">   --->   Core 14 'AddSub' <Latency = 0> <II = 1> <Delay = 1.82> <FuncUnit> <Opcode : 'add' 'sub'> <InPorts = 2> <OutPorts = 1>
ST_9 : Operation 110 [1/1] (0.00ns) (grouped into LUT with out node add_ln248_1)   --->   "%tmp_11 = call i6 @_ssdm_op_PartSelect.i6.i32.i32.i32(i32 %word_load_6, i32 4, i32 9)" [aes/aes_func.c:248->aes/aes_key.c:145]   --->   Operation 110 'partselect' 'tmp_11' <Predicate = (!tmp_8)> <Delay = 0.00>
ST_9 : Operation 111 [1/1] (0.00ns) (grouped into LUT with out node add_ln248_1)   --->   "%select_ln248_3 = select i1 %tmp_8, i6 %sub_ln248_3, i6 %tmp_11" [aes/aes_func.c:248->aes/aes_key.c:145]   --->   Operation 111 'select' 'select_ln248_3' <Predicate = true> <Delay = 0.00> <Core = "Sel">   --->   Core 26 'Sel' <Latency = 0> <II = 1> <Delay = 1.18> <FuncUnit> <Opcode : 'select'> <InPorts = 3> <OutPorts = 1>
ST_9 : Operation 112 [1/1] (0.00ns) (grouped into LUT with out node add_ln248_1)   --->   "%sext_ln248_3_cast = call i10 @_ssdm_op_BitConcatenate.i10.i6.i4(i6 %select_ln248_3, i4 0)" [aes/aes_func.c:248->aes/aes_key.c:145]   --->   Operation 112 'bitconcatenate' 'sext_ln248_3_cast' <Predicate = true> <Delay = 0.00>
ST_9 : Operation 113 [1/1] (1.73ns) (out node of the LUT)   --->   "%add_ln248_1 = add i10 %sext_ln248_3_cast, %select_ln248_2" [aes/aes_func.c:248->aes/aes_key.c:145]   --->   Operation 113 'add' 'add_ln248_1' <Predicate = true> <Delay = 1.73> <Core = "AddSub">   --->   Core 14 'AddSub' <Latency = 0> <II = 1> <Delay = 1.82> <FuncUnit> <Opcode : 'add' 'sub'> <InPorts = 2> <OutPorts = 1>
ST_9 : Operation 114 [1/2] (3.25ns)   --->   "%word_load_7 = load i32* %word_addr_6, align 4" [aes/aes_key.c:146]   --->   Operation 114 'load' 'word_load_7' <Predicate = true> <Delay = 3.25> <Core = "RAM">   --->   Core 37 'RAM' <Latency = 1> <II = 1> <Delay = 3.25> <Storage> <Opcode : 'load' 'store'> <Ports = 2> <Width = 32> <Depth = 480> <RAM>
ST_9 : Operation 115 [1/1] (0.00ns)   --->   "%tmp_12 = call i1 @_ssdm_op_BitSelect.i1.i32.i32(i32 %word_load_7, i32 31)" [aes/aes_func.c:248->aes/aes_key.c:146]   --->   Operation 115 'bitselect' 'tmp_12' <Predicate = true> <Delay = 0.00>
ST_9 : Operation 116 [1/1] (2.55ns)   --->   "%sub_ln248_8 = sub i32 0, %word_load_7" [aes/aes_func.c:248->aes/aes_key.c:146]   --->   Operation 116 'sub' 'sub_ln248_8' <Predicate = true> <Delay = 2.55> <Core = "AddSub">   --->   Core 14 'AddSub' <Latency = 0> <II = 1> <Delay = 1.82> <FuncUnit> <Opcode : 'add' 'sub'> <InPorts = 2> <OutPorts = 1>
ST_9 : Operation 117 [1/1] (0.00ns)   --->   "%trunc_ln248_5 = trunc i32 %sub_ln248_8 to i4" [aes/aes_func.c:248->aes/aes_key.c:146]   --->   Operation 117 'trunc' 'trunc_ln248_5' <Predicate = true> <Delay = 0.00>
ST_9 : Operation 118 [1/1] (0.00ns)   --->   "%zext_ln248_4 = call i6 @_ssdm_op_PartSelect.i6.i32.i32.i32(i32 %sub_ln248_8, i32 4, i32 9)" [aes/aes_func.c:248->aes/aes_key.c:146]   --->   Operation 118 'partselect' 'zext_ln248_4' <Predicate = true> <Delay = 0.00>
ST_9 : Operation 119 [1/2] (3.25ns)   --->   "%word_load_8 = load i32* %word_addr_7, align 4" [aes/aes_key.c:147]   --->   Operation 119 'load' 'word_load_8' <Predicate = true> <Delay = 3.25> <Core = "RAM">   --->   Core 37 'RAM' <Latency = 1> <II = 1> <Delay = 3.25> <Storage> <Opcode : 'load' 'store'> <Ports = 2> <Width = 32> <Depth = 480> <RAM>
ST_9 : Operation 120 [1/1] (0.00ns)   --->   "%tmp_16 = call i1 @_ssdm_op_BitSelect.i1.i32.i32(i32 %word_load_8, i32 31)" [aes/aes_func.c:248->aes/aes_key.c:147]   --->   Operation 120 'bitselect' 'tmp_16' <Predicate = true> <Delay = 0.00>
ST_9 : Operation 121 [1/1] (2.55ns)   --->   "%sub_ln248_10 = sub i32 0, %word_load_8" [aes/aes_func.c:248->aes/aes_key.c:147]   --->   Operation 121 'sub' 'sub_ln248_10' <Predicate = true> <Delay = 2.55> <Core = "AddSub">   --->   Core 14 'AddSub' <Latency = 0> <II = 1> <Delay = 1.82> <FuncUnit> <Opcode : 'add' 'sub'> <InPorts = 2> <OutPorts = 1>
ST_9 : Operation 122 [1/1] (0.00ns)   --->   "%trunc_ln248_7 = trunc i32 %sub_ln248_10 to i4" [aes/aes_func.c:248->aes/aes_key.c:147]   --->   Operation 122 'trunc' 'trunc_ln248_7' <Predicate = true> <Delay = 0.00>
ST_9 : Operation 123 [1/1] (0.00ns)   --->   "%zext_ln248_6 = call i6 @_ssdm_op_PartSelect.i6.i32.i32.i32(i32 %sub_ln248_10, i32 4, i32 9)" [aes/aes_func.c:248->aes/aes_key.c:147]   --->   Operation 123 'partselect' 'zext_ln248_6' <Predicate = true> <Delay = 0.00>

State 10 <SV = 5> <Delay = 6.81>
ST_10 : Operation 124 [1/1] (0.00ns)   --->   "%sext_ln248 = sext i10 %add_ln248 to i64" [aes/aes_func.c:248->aes/aes_key.c:144]   --->   Operation 124 'sext' 'sext_ln248' <Predicate = true> <Delay = 0.00>
ST_10 : Operation 125 [1/1] (0.00ns)   --->   "%Sbox_addr = getelementptr [256 x i8]* @Sbox, i64 0, i64 %sext_ln248" [aes/aes_func.c:248->aes/aes_key.c:144]   --->   Operation 125 'getelementptr' 'Sbox_addr' <Predicate = true> <Delay = 0.00>
ST_10 : Operation 126 [2/2] (3.25ns)   --->   "%Sbox_load = load i8* %Sbox_addr, align 1" [aes/aes_func.c:248->aes/aes_key.c:144]   --->   Operation 126 'load' 'Sbox_load' <Predicate = true> <Delay = 3.25> <Core = "ROM_nP">   --->   Core 52 'ROM_nP' <Latency = 1> <II = 1> <Delay = 3.25> <Storage> <Opcode : 'load'> <Ports = 0> <Width = 8> <Depth = 256> <ROM>
ST_10 : Operation 127 [1/1] (0.00ns)   --->   "%trunc_ln144_1 = call i4 @_ssdm_op_PartSelect.i4.i6.i32.i32(i6 %j_1, i32 2, i32 5)" [aes/aes_key.c:144]   --->   Operation 127 'partselect' 'trunc_ln144_1' <Predicate = true> <Delay = 0.00>
ST_10 : Operation 128 [1/1] (1.73ns)   --->   "%add_ln144_1 = add i4 -1, %trunc_ln144_1" [aes/aes_key.c:144]   --->   Operation 128 'add' 'add_ln144_1' <Predicate = true> <Delay = 1.73> <Core = "AddSub">   --->   Core 14 'AddSub' <Latency = 0> <II = 1> <Delay = 1.82> <FuncUnit> <Opcode : 'add' 'sub'> <InPorts = 2> <OutPorts = 1>
ST_10 : Operation 129 [1/1] (0.00ns)   --->   "%zext_ln144_1 = zext i4 %add_ln144_1 to i64" [aes/aes_key.c:144]   --->   Operation 129 'zext' 'zext_ln144_1' <Predicate = true> <Delay = 0.00>
ST_10 : Operation 130 [1/1] (0.00ns)   --->   "%Rcon0_addr = getelementptr [30 x i8]* @Rcon0, i64 0, i64 %zext_ln144_1" [aes/aes_key.c:144]   --->   Operation 130 'getelementptr' 'Rcon0_addr' <Predicate = true> <Delay = 0.00>
ST_10 : Operation 131 [2/2] (3.25ns)   --->   "%Rcon0_load = load i8* %Rcon0_addr, align 1" [aes/aes_key.c:144]   --->   Operation 131 'load' 'Rcon0_load' <Predicate = true> <Delay = 3.25> <Core = "ROM_nP">   --->   Core 52 'ROM_nP' <Latency = 1> <II = 1> <Delay = 3.25> <Storage> <Opcode : 'load'> <Ports = 0> <Width = 8> <Depth = 256> <ROM>
ST_10 : Operation 132 [1/1] (0.00ns)   --->   "%sext_ln248_1 = sext i10 %add_ln248_1 to i64" [aes/aes_func.c:248->aes/aes_key.c:145]   --->   Operation 132 'sext' 'sext_ln248_1' <Predicate = true> <Delay = 0.00>
ST_10 : Operation 133 [1/1] (0.00ns)   --->   "%Sbox_addr_1 = getelementptr [256 x i8]* @Sbox, i64 0, i64 %sext_ln248_1" [aes/aes_func.c:248->aes/aes_key.c:145]   --->   Operation 133 'getelementptr' 'Sbox_addr_1' <Predicate = true> <Delay = 0.00>
ST_10 : Operation 134 [2/2] (3.25ns)   --->   "%temp_1 = load i8* %Sbox_addr_1, align 1" [aes/aes_func.c:248->aes/aes_key.c:145]   --->   Operation 134 'load' 'temp_1' <Predicate = true> <Delay = 3.25> <Core = "ROM_nP">   --->   Core 52 'ROM_nP' <Latency = 1> <II = 1> <Delay = 3.25> <Storage> <Opcode : 'load'> <Ports = 0> <Width = 8> <Depth = 256> <ROM>
ST_10 : Operation 135 [1/1] (0.00ns) (grouped into LUT with out node add_ln248_2)   --->   "%trunc_ln248_4 = trunc i32 %word_load_7 to i4" [aes/aes_func.c:248->aes/aes_key.c:146]   --->   Operation 135 'trunc' 'trunc_ln248_4' <Predicate = (!tmp_12)> <Delay = 0.00>
ST_10 : Operation 136 [1/1] (0.00ns)   --->   "%tmp_13 = call i10 @_ssdm_op_BitConcatenate.i10.i6.i4(i6 0, i4 %trunc_ln248_5)" [aes/aes_func.c:248->aes/aes_key.c:146]   --->   Operation 136 'bitconcatenate' 'tmp_13' <Predicate = (tmp_12)> <Delay = 0.00>
ST_10 : Operation 137 [1/1] (1.73ns)   --->   "%sub_ln248_9 = sub i10 0, %tmp_13" [aes/aes_func.c:248->aes/aes_key.c:146]   --->   Operation 137 'sub' 'sub_ln248_9' <Predicate = (tmp_12)> <Delay = 1.73> <Core = "AddSub">   --->   Core 14 'AddSub' <Latency = 0> <II = 1> <Delay = 1.82> <FuncUnit> <Opcode : 'add' 'sub'> <InPorts = 2> <OutPorts = 1>
ST_10 : Operation 138 [1/1] (0.00ns) (grouped into LUT with out node add_ln248_2)   --->   "%tmp_14 = call i10 @_ssdm_op_BitConcatenate.i10.i6.i4(i6 0, i4 %trunc_ln248_4)" [aes/aes_func.c:248->aes/aes_key.c:146]   --->   Operation 138 'bitconcatenate' 'tmp_14' <Predicate = (!tmp_12)> <Delay = 0.00>
ST_10 : Operation 139 [1/1] (0.00ns) (grouped into LUT with out node add_ln248_2)   --->   "%select_ln248_4 = select i1 %tmp_12, i10 %sub_ln248_9, i10 %tmp_14" [aes/aes_func.c:248->aes/aes_key.c:146]   --->   Operation 139 'select' 'select_ln248_4' <Predicate = true> <Delay = 0.00> <Core = "Sel">   --->   Core 26 'Sel' <Latency = 0> <II = 1> <Delay = 1.18> <FuncUnit> <Opcode : 'select'> <InPorts = 3> <OutPorts = 1>
ST_10 : Operation 140 [1/1] (1.82ns)   --->   "%sub_ln248_5 = sub i6 0, %zext_ln248_4" [aes/aes_func.c:248->aes/aes_key.c:146]   --->   Operation 140 'sub' 'sub_ln248_5' <Predicate = (tmp_12)> <Delay = 1.82> <Core = "AddSub">   --->   Core 14 'AddSub' <Latency = 0> <II = 1> <Delay = 1.82> <FuncUnit> <Opcode : 'add' 'sub'> <InPorts = 2> <OutPorts = 1>
ST_10 : Operation 141 [1/1] (0.00ns) (grouped into LUT with out node add_ln248_2)   --->   "%tmp_15 = call i6 @_ssdm_op_PartSelect.i6.i32.i32.i32(i32 %word_load_7, i32 4, i32 9)" [aes/aes_func.c:248->aes/aes_key.c:146]   --->   Operation 141 'partselect' 'tmp_15' <Predicate = (!tmp_12)> <Delay = 0.00>
ST_10 : Operation 142 [1/1] (0.00ns) (grouped into LUT with out node add_ln248_2)   --->   "%select_ln248_5 = select i1 %tmp_12, i6 %sub_ln248_5, i6 %tmp_15" [aes/aes_func.c:248->aes/aes_key.c:146]   --->   Operation 142 'select' 'select_ln248_5' <Predicate = true> <Delay = 0.00> <Core = "Sel">   --->   Core 26 'Sel' <Latency = 0> <II = 1> <Delay = 1.18> <FuncUnit> <Opcode : 'select'> <InPorts = 3> <OutPorts = 1>
ST_10 : Operation 143 [1/1] (0.00ns) (grouped into LUT with out node add_ln248_2)   --->   "%sext_ln248_5_cast = call i10 @_ssdm_op_BitConcatenate.i10.i6.i4(i6 %select_ln248_5, i4 0)" [aes/aes_func.c:248->aes/aes_key.c:146]   --->   Operation 143 'bitconcatenate' 'sext_ln248_5_cast' <Predicate = true> <Delay = 0.00>
ST_10 : Operation 144 [1/1] (1.73ns) (out node of the LUT)   --->   "%add_ln248_2 = add i10 %sext_ln248_5_cast, %select_ln248_4" [aes/aes_func.c:248->aes/aes_key.c:146]   --->   Operation 144 'add' 'add_ln248_2' <Predicate = true> <Delay = 1.73> <Core = "AddSub">   --->   Core 14 'AddSub' <Latency = 0> <II = 1> <Delay = 1.82> <FuncUnit> <Opcode : 'add' 'sub'> <InPorts = 2> <OutPorts = 1>
ST_10 : Operation 145 [1/1] (0.00ns)   --->   "%sext_ln248_2 = sext i10 %add_ln248_2 to i64" [aes/aes_func.c:248->aes/aes_key.c:146]   --->   Operation 145 'sext' 'sext_ln248_2' <Predicate = true> <Delay = 0.00>
ST_10 : Operation 146 [1/1] (0.00ns)   --->   "%Sbox_addr_2 = getelementptr [256 x i8]* @Sbox, i64 0, i64 %sext_ln248_2" [aes/aes_func.c:248->aes/aes_key.c:146]   --->   Operation 146 'getelementptr' 'Sbox_addr_2' <Predicate = true> <Delay = 0.00>
ST_10 : Operation 147 [2/2] (3.25ns)   --->   "%temp_2 = load i8* %Sbox_addr_2, align 1" [aes/aes_func.c:248->aes/aes_key.c:146]   --->   Operation 147 'load' 'temp_2' <Predicate = true> <Delay = 3.25> <Core = "ROM_nP">   --->   Core 52 'ROM_nP' <Latency = 1> <II = 1> <Delay = 3.25> <Storage> <Opcode : 'load'> <Ports = 0> <Width = 8> <Depth = 256> <ROM>
ST_10 : Operation 148 [1/1] (0.00ns) (grouped into LUT with out node add_ln248_3)   --->   "%trunc_ln248_6 = trunc i32 %word_load_8 to i4" [aes/aes_func.c:248->aes/aes_key.c:147]   --->   Operation 148 'trunc' 'trunc_ln248_6' <Predicate = (!tmp_16)> <Delay = 0.00>
ST_10 : Operation 149 [1/1] (0.00ns)   --->   "%tmp_17 = call i10 @_ssdm_op_BitConcatenate.i10.i6.i4(i6 0, i4 %trunc_ln248_7)" [aes/aes_func.c:248->aes/aes_key.c:147]   --->   Operation 149 'bitconcatenate' 'tmp_17' <Predicate = (tmp_16)> <Delay = 0.00>
ST_10 : Operation 150 [1/1] (1.73ns)   --->   "%sub_ln248_11 = sub i10 0, %tmp_17" [aes/aes_func.c:248->aes/aes_key.c:147]   --->   Operation 150 'sub' 'sub_ln248_11' <Predicate = (tmp_16)> <Delay = 1.73> <Core = "AddSub">   --->   Core 14 'AddSub' <Latency = 0> <II = 1> <Delay = 1.82> <FuncUnit> <Opcode : 'add' 'sub'> <InPorts = 2> <OutPorts = 1>
ST_10 : Operation 151 [1/1] (0.00ns) (grouped into LUT with out node add_ln248_3)   --->   "%tmp_18 = call i10 @_ssdm_op_BitConcatenate.i10.i6.i4(i6 0, i4 %trunc_ln248_6)" [aes/aes_func.c:248->aes/aes_key.c:147]   --->   Operation 151 'bitconcatenate' 'tmp_18' <Predicate = (!tmp_16)> <Delay = 0.00>
ST_10 : Operation 152 [1/1] (0.00ns) (grouped into LUT with out node add_ln248_3)   --->   "%select_ln248_6 = select i1 %tmp_16, i10 %sub_ln248_11, i10 %tmp_18" [aes/aes_func.c:248->aes/aes_key.c:147]   --->   Operation 152 'select' 'select_ln248_6' <Predicate = true> <Delay = 0.00> <Core = "Sel">   --->   Core 26 'Sel' <Latency = 0> <II = 1> <Delay = 1.18> <FuncUnit> <Opcode : 'select'> <InPorts = 3> <OutPorts = 1>
ST_10 : Operation 153 [1/1] (1.82ns)   --->   "%sub_ln248_7 = sub i6 0, %zext_ln248_6" [aes/aes_func.c:248->aes/aes_key.c:147]   --->   Operation 153 'sub' 'sub_ln248_7' <Predicate = (tmp_16)> <Delay = 1.82> <Core = "AddSub">   --->   Core 14 'AddSub' <Latency = 0> <II = 1> <Delay = 1.82> <FuncUnit> <Opcode : 'add' 'sub'> <InPorts = 2> <OutPorts = 1>
ST_10 : Operation 154 [1/1] (0.00ns) (grouped into LUT with out node add_ln248_3)   --->   "%tmp_19 = call i6 @_ssdm_op_PartSelect.i6.i32.i32.i32(i32 %word_load_8, i32 4, i32 9)" [aes/aes_func.c:248->aes/aes_key.c:147]   --->   Operation 154 'partselect' 'tmp_19' <Predicate = (!tmp_16)> <Delay = 0.00>
ST_10 : Operation 155 [1/1] (0.00ns) (grouped into LUT with out node add_ln248_3)   --->   "%select_ln248_7 = select i1 %tmp_16, i6 %sub_ln248_7, i6 %tmp_19" [aes/aes_func.c:248->aes/aes_key.c:147]   --->   Operation 155 'select' 'select_ln248_7' <Predicate = true> <Delay = 0.00> <Core = "Sel">   --->   Core 26 'Sel' <Latency = 0> <II = 1> <Delay = 1.18> <FuncUnit> <Opcode : 'select'> <InPorts = 3> <OutPorts = 1>
ST_10 : Operation 156 [1/1] (0.00ns) (grouped into LUT with out node add_ln248_3)   --->   "%sext_ln248_7_cast = call i10 @_ssdm_op_BitConcatenate.i10.i6.i4(i6 %select_ln248_7, i4 0)" [aes/aes_func.c:248->aes/aes_key.c:147]   --->   Operation 156 'bitconcatenate' 'sext_ln248_7_cast' <Predicate = true> <Delay = 0.00>
ST_10 : Operation 157 [1/1] (1.73ns) (out node of the LUT)   --->   "%add_ln248_3 = add i10 %sext_ln248_7_cast, %select_ln248_6" [aes/aes_func.c:248->aes/aes_key.c:147]   --->   Operation 157 'add' 'add_ln248_3' <Predicate = true> <Delay = 1.73> <Core = "AddSub">   --->   Core 14 'AddSub' <Latency = 0> <II = 1> <Delay = 1.82> <FuncUnit> <Opcode : 'add' 'sub'> <InPorts = 2> <OutPorts = 1>
ST_10 : Operation 158 [1/1] (0.00ns)   --->   "%sext_ln248_3 = sext i10 %add_ln248_3 to i64" [aes/aes_func.c:248->aes/aes_key.c:147]   --->   Operation 158 'sext' 'sext_ln248_3' <Predicate = true> <Delay = 0.00>
ST_10 : Operation 159 [1/1] (0.00ns)   --->   "%Sbox_addr_3 = getelementptr [256 x i8]* @Sbox, i64 0, i64 %sext_ln248_3" [aes/aes_func.c:248->aes/aes_key.c:147]   --->   Operation 159 'getelementptr' 'Sbox_addr_3' <Predicate = true> <Delay = 0.00>
ST_10 : Operation 160 [2/2] (3.25ns)   --->   "%Sbox_load_3 = load i8* %Sbox_addr_3, align 1" [aes/aes_func.c:248->aes/aes_key.c:147]   --->   Operation 160 'load' 'Sbox_load_3' <Predicate = true> <Delay = 3.25> <Core = "ROM_nP">   --->   Core 52 'ROM_nP' <Latency = 1> <II = 1> <Delay = 3.25> <Storage> <Opcode : 'load'> <Ports = 0> <Width = 8> <Depth = 256> <ROM>

State 11 <SV = 6> <Delay = 6.01>
ST_11 : Operation 161 [1/2] (3.25ns)   --->   "%Sbox_load = load i8* %Sbox_addr, align 1" [aes/aes_func.c:248->aes/aes_key.c:144]   --->   Operation 161 'load' 'Sbox_load' <Predicate = (icmp_ln142)> <Delay = 3.25> <Core = "ROM_nP">   --->   Core 52 'ROM_nP' <Latency = 1> <II = 1> <Delay = 3.25> <Storage> <Opcode : 'load'> <Ports = 0> <Width = 8> <Depth = 256> <ROM>
ST_11 : Operation 162 [1/2] (3.25ns)   --->   "%Rcon0_load = load i8* %Rcon0_addr, align 1" [aes/aes_key.c:144]   --->   Operation 162 'load' 'Rcon0_load' <Predicate = (icmp_ln142)> <Delay = 3.25> <Core = "ROM_nP">   --->   Core 52 'ROM_nP' <Latency = 1> <II = 1> <Delay = 3.25> <Storage> <Opcode : 'load'> <Ports = 0> <Width = 8> <Depth = 256> <ROM>
ST_11 : Operation 163 [1/1] (0.99ns)   --->   "%temp_0 = xor i8 %Rcon0_load, %Sbox_load" [aes/aes_key.c:144]   --->   Operation 163 'xor' 'temp_0' <Predicate = (icmp_ln142)> <Delay = 0.99> <Core = "LogicGate">   --->   Core 27 'LogicGate' <Latency = 0> <II = 1> <Delay = 0.99> <FuncUnit> <Opcode : 'and' 'or' 'xor'> <InPorts = 2> <OutPorts = 1>
ST_11 : Operation 164 [1/1] (0.00ns)   --->   "%zext_ln144_2 = zext i8 %temp_0 to i32" [aes/aes_key.c:144]   --->   Operation 164 'zext' 'zext_ln144_2' <Predicate = (icmp_ln142)> <Delay = 0.00>
ST_11 : Operation 165 [1/2] (3.25ns)   --->   "%temp_1 = load i8* %Sbox_addr_1, align 1" [aes/aes_func.c:248->aes/aes_key.c:145]   --->   Operation 165 'load' 'temp_1' <Predicate = (icmp_ln142)> <Delay = 3.25> <Core = "ROM_nP">   --->   Core 52 'ROM_nP' <Latency = 1> <II = 1> <Delay = 3.25> <Storage> <Opcode : 'load'> <Ports = 0> <Width = 8> <Depth = 256> <ROM>
ST_11 : Operation 166 [1/1] (0.00ns)   --->   "%zext_ln248 = zext i8 %temp_1 to i32" [aes/aes_func.c:248->aes/aes_key.c:145]   --->   Operation 166 'zext' 'zext_ln248' <Predicate = (icmp_ln142)> <Delay = 0.00>
ST_11 : Operation 167 [1/2] (3.25ns)   --->   "%temp_2 = load i8* %Sbox_addr_2, align 1" [aes/aes_func.c:248->aes/aes_key.c:146]   --->   Operation 167 'load' 'temp_2' <Predicate = (icmp_ln142)> <Delay = 3.25> <Core = "ROM_nP">   --->   Core 52 'ROM_nP' <Latency = 1> <II = 1> <Delay = 3.25> <Storage> <Opcode : 'load'> <Ports = 0> <Width = 8> <Depth = 256> <ROM>
ST_11 : Operation 168 [1/1] (0.00ns)   --->   "%zext_ln248_1 = zext i8 %temp_2 to i32" [aes/aes_func.c:248->aes/aes_key.c:146]   --->   Operation 168 'zext' 'zext_ln248_1' <Predicate = (icmp_ln142)> <Delay = 0.00>
ST_11 : Operation 169 [1/2] (3.25ns)   --->   "%Sbox_load_3 = load i8* %Sbox_addr_3, align 1" [aes/aes_func.c:248->aes/aes_key.c:147]   --->   Operation 169 'load' 'Sbox_load_3' <Predicate = (icmp_ln142)> <Delay = 3.25> <Core = "ROM_nP">   --->   Core 52 'ROM_nP' <Latency = 1> <II = 1> <Delay = 3.25> <Storage> <Opcode : 'load'> <Ports = 0> <Width = 8> <Depth = 256> <ROM>
ST_11 : Operation 170 [1/1] (0.00ns)   --->   "%zext_ln248_3 = zext i8 %Sbox_load_3 to i32" [aes/aes_func.c:248->aes/aes_key.c:147]   --->   Operation 170 'zext' 'zext_ln248_3' <Predicate = (icmp_ln142)> <Delay = 0.00>
ST_11 : Operation 171 [1/1] (1.76ns)   --->   "br label %.loopexit" [aes/aes_key.c:149]   --->   Operation 171 'br' <Predicate = (icmp_ln142)> <Delay = 1.76>
ST_11 : Operation 172 [1/1] (0.00ns)   --->   "%temp_2_0 = phi i32 [ %zext_ln248_1, %._crit_edge ], [ %temp_2_1, %.critedge ]"   --->   Operation 172 'phi' 'temp_2_0' <Predicate = true> <Delay = 0.00>
ST_11 : Operation 173 [1/1] (0.00ns)   --->   "%temp_1_0 = phi i32 [ %zext_ln248, %._crit_edge ], [ %temp_1_1, %.critedge ]"   --->   Operation 173 'phi' 'temp_1_0' <Predicate = true> <Delay = 0.00>
ST_11 : Operation 174 [1/1] (0.00ns)   --->   "%temp_0_0 = phi i32 [ %zext_ln144_2, %._crit_edge ], [ %temp_0_1, %.critedge ]"   --->   Operation 174 'phi' 'temp_0_0' <Predicate = true> <Delay = 0.00>
ST_11 : Operation 175 [1/1] (0.00ns)   --->   "%temp_3 = phi i32 [ %zext_ln248_3, %._crit_edge ], [ %word_load, %.critedge ]" [aes/aes_func.c:248->aes/aes_key.c:147]   --->   Operation 175 'phi' 'temp_3' <Predicate = true> <Delay = 0.00>
ST_11 : Operation 176 [1/1] (1.82ns)   --->   "%add_ln160 = add i6 %j_1, -4" [aes/aes_key.c:160]   --->   Operation 176 'add' 'add_ln160' <Predicate = true> <Delay = 1.82> <Core = "AddSub">   --->   Core 14 'AddSub' <Latency = 0> <II = 1> <Delay = 1.82> <FuncUnit> <Opcode : 'add' 'sub'> <InPorts = 2> <OutPorts = 1>
ST_11 : Operation 177 [1/1] (0.00ns)   --->   "%zext_ln160 = zext i6 %add_ln160 to i10" [aes/aes_key.c:160]   --->   Operation 177 'zext' 'zext_ln160' <Predicate = true> <Delay = 0.00>
ST_11 : Operation 178 [1/1] (0.00ns)   --->   "%zext_ln159 = zext i6 %j_1 to i10" [aes/aes_key.c:159]   --->   Operation 178 'zext' 'zext_ln159' <Predicate = true> <Delay = 0.00>
ST_11 : Operation 179 [1/1] (1.76ns)   --->   "br label %3" [aes/aes_key.c:159]   --->   Operation 179 'br' <Predicate = true> <Delay = 1.76>

State 12 <SV = 7> <Delay = 6.71>
ST_12 : Operation 180 [1/1] (0.00ns)   --->   "%i_2 = phi i3 [ 0, %.loopexit ], [ %i_4, %4 ]"   --->   Operation 180 'phi' 'i_2' <Predicate = true> <Delay = 0.00>
ST_12 : Operation 181 [1/1] (1.13ns)   --->   "%icmp_ln159 = icmp eq i3 %i_2, -4" [aes/aes_key.c:159]   --->   Operation 181 'icmp' 'icmp_ln159' <Predicate = true> <Delay = 1.13> <Core = "Cmp">   --->   Core 25 'Cmp' <Latency = 0> <II = 1> <Delay = 1.13> <FuncUnit> <Opcode : 'icmp'> <InPorts = 2> <OutPorts = 1>
ST_12 : Operation 182 [1/1] (0.00ns)   --->   "%empty_52 = call i32 (...)* @_ssdm_op_SpecLoopTripCount(i64 4, i64 4, i64 4)"   --->   Operation 182 'speclooptripcount' 'empty_52' <Predicate = true> <Delay = 0.00>
ST_12 : Operation 183 [1/1] (1.65ns)   --->   "%i_4 = add i3 %i_2, 1" [aes/aes_key.c:159]   --->   Operation 183 'add' 'i_4' <Predicate = true> <Delay = 1.65> <Core = "AddSub">   --->   Core 14 'AddSub' <Latency = 0> <II = 1> <Delay = 1.82> <FuncUnit> <Opcode : 'add' 'sub'> <InPorts = 2> <OutPorts = 1>
ST_12 : Operation 184 [1/1] (0.00ns)   --->   "br i1 %icmp_ln159, label %5, label %4" [aes/aes_key.c:159]   --->   Operation 184 'br' <Predicate = true> <Delay = 0.00>
ST_12 : Operation 185 [1/1] (0.00ns)   --->   "%tmp_20 = call i10 @_ssdm_op_BitConcatenate.i10.i3.i7(i3 %i_2, i7 0)" [aes/aes_key.c:160]   --->   Operation 185 'bitconcatenate' 'tmp_20' <Predicate = (!icmp_ln159)> <Delay = 0.00>
ST_12 : Operation 186 [1/1] (0.00ns)   --->   "%tmp_21 = call i6 @_ssdm_op_BitConcatenate.i6.i3.i3(i3 %i_2, i3 0)" [aes/aes_key.c:160]   --->   Operation 186 'bitconcatenate' 'tmp_21' <Predicate = (!icmp_ln159)> <Delay = 0.00>
ST_12 : Operation 187 [1/1] (0.00ns)   --->   "%zext_ln160_1 = zext i6 %tmp_21 to i10" [aes/aes_key.c:160]   --->   Operation 187 'zext' 'zext_ln160_1' <Predicate = (!icmp_ln159)> <Delay = 0.00>
ST_12 : Operation 188 [1/1] (1.73ns)   --->   "%sub_ln160 = sub i10 %tmp_20, %zext_ln160_1" [aes/aes_key.c:160]   --->   Operation 188 'sub' 'sub_ln160' <Predicate = (!icmp_ln159)> <Delay = 1.73> <Core = "AddSub">   --->   Core 14 'AddSub' <Latency = 0> <II = 1> <Delay = 1.82> <FuncUnit> <Opcode : 'add' 'sub'> <InPorts = 2> <OutPorts = 1>
ST_12 : Operation 189 [1/1] (1.73ns)   --->   "%add_ln160_1 = add i10 %zext_ln160, %sub_ln160" [aes/aes_key.c:160]   --->   Operation 189 'add' 'add_ln160_1' <Predicate = (!icmp_ln159)> <Delay = 1.73> <Core = "AddSub">   --->   Core 14 'AddSub' <Latency = 0> <II = 1> <Delay = 1.82> <FuncUnit> <Opcode : 'add' 'sub'> <InPorts = 2> <OutPorts = 1>
ST_12 : Operation 190 [1/1] (0.00ns)   --->   "%sext_ln160 = sext i10 %add_ln160_1 to i64" [aes/aes_key.c:160]   --->   Operation 190 'sext' 'sext_ln160' <Predicate = (!icmp_ln159)> <Delay = 0.00>
ST_12 : Operation 191 [1/1] (0.00ns)   --->   "%word_addr_8 = getelementptr [480 x i32]* @word, i64 0, i64 %sext_ln160" [aes/aes_key.c:160]   --->   Operation 191 'getelementptr' 'word_addr_8' <Predicate = (!icmp_ln159)> <Delay = 0.00>
ST_12 : Operation 192 [1/1] (1.73ns)   --->   "%add_ln160_2 = add i10 %zext_ln159, %sub_ln160" [aes/aes_key.c:160]   --->   Operation 192 'add' 'add_ln160_2' <Predicate = (!icmp_ln159)> <Delay = 1.73> <Core = "AddSub">   --->   Core 14 'AddSub' <Latency = 0> <II = 1> <Delay = 1.82> <FuncUnit> <Opcode : 'add' 'sub'> <InPorts = 2> <OutPorts = 1>
ST_12 : Operation 193 [2/2] (3.25ns)   --->   "%word_load_4 = load i32* %word_addr_8, align 4" [aes/aes_key.c:160]   --->   Operation 193 'load' 'word_load_4' <Predicate = (!icmp_ln159)> <Delay = 3.25> <Core = "RAM">   --->   Core 37 'RAM' <Latency = 1> <II = 1> <Delay = 3.25> <Storage> <Opcode : 'load' 'store'> <Ports = 2> <Width = 32> <Depth = 480> <RAM>
ST_12 : Operation 194 [1/1] (0.00ns)   --->   "%trunc_ln160 = trunc i3 %i_2 to i2" [aes/aes_key.c:160]   --->   Operation 194 'trunc' 'trunc_ln160' <Predicate = (!icmp_ln159)> <Delay = 0.00>
ST_12 : Operation 195 [1/1] (1.95ns)   --->   "%tmp = call i32 @_ssdm_op_Mux.ap_auto.4i32.i2(i32 %temp_0_0, i32 %temp_1_0, i32 %temp_2_0, i32 %temp_3, i2 %trunc_ln160)" [aes/aes_key.c:160]   --->   Operation 195 'mux' 'tmp' <Predicate = (!icmp_ln159)> <Delay = 1.95> <Core = "MuxnS">   --->   Core 31 'MuxnS' <Latency = 0> <II = 1> <Delay = 1.95> <FuncUnit> <Opcode : 'mux'> <InPorts = 2> <OutPorts = 1>
ST_12 : Operation 196 [1/1] (1.82ns)   --->   "%j_3 = add i6 %j_1, 1" [aes/aes_key.c:138]   --->   Operation 196 'add' 'j_3' <Predicate = (icmp_ln159)> <Delay = 1.82> <Core = "AddSub">   --->   Core 14 'AddSub' <Latency = 0> <II = 1> <Delay = 1.82> <FuncUnit> <Opcode : 'add' 'sub'> <InPorts = 2> <OutPorts = 1>
ST_12 : Operation 197 [1/1] (0.00ns)   --->   "br label %.preheader1" [aes/aes_key.c:138]   --->   Operation 197 'br' <Predicate = (icmp_ln159)> <Delay = 0.00>

State 13 <SV = 8> <Delay = 7.50>
ST_13 : Operation 198 [1/1] (0.00ns)   --->   "%sext_ln160_1 = sext i10 %add_ln160_2 to i64" [aes/aes_key.c:160]   --->   Operation 198 'sext' 'sext_ln160_1' <Predicate = true> <Delay = 0.00>
ST_13 : Operation 199 [1/1] (0.00ns)   --->   "%word_addr_9 = getelementptr [480 x i32]* @word, i64 0, i64 %sext_ln160_1" [aes/aes_key.c:160]   --->   Operation 199 'getelementptr' 'word_addr_9' <Predicate = true> <Delay = 0.00>
ST_13 : Operation 200 [1/2] (3.25ns)   --->   "%word_load_4 = load i32* %word_addr_8, align 4" [aes/aes_key.c:160]   --->   Operation 200 'load' 'word_load_4' <Predicate = true> <Delay = 3.25> <Core = "RAM">   --->   Core 37 'RAM' <Latency = 1> <II = 1> <Delay = 3.25> <Storage> <Opcode : 'load' 'store'> <Ports = 2> <Width = 32> <Depth = 480> <RAM>
ST_13 : Operation 201 [1/1] (0.99ns)   --->   "%xor_ln160 = xor i32 %word_load_4, %tmp" [aes/aes_key.c:160]   --->   Operation 201 'xor' 'xor_ln160' <Predicate = true> <Delay = 0.99> <Core = "LogicGate">   --->   Core 27 'LogicGate' <Latency = 0> <II = 1> <Delay = 0.99> <FuncUnit> <Opcode : 'and' 'or' 'xor'> <InPorts = 2> <OutPorts = 1>
ST_13 : Operation 202 [1/1] (3.25ns)   --->   "store i32 %xor_ln160, i32* %word_addr_9, align 4" [aes/aes_key.c:160]   --->   Operation 202 'store' <Predicate = true> <Delay = 3.25> <Core = "RAM">   --->   Core 37 'RAM' <Latency = 1> <II = 1> <Delay = 3.25> <Storage> <Opcode : 'load' 'store'> <Ports = 2> <Width = 32> <Depth = 480> <RAM>
ST_13 : Operation 203 [1/1] (0.00ns)   --->   "br label %3" [aes/aes_key.c:159]   --->   Operation 203 'br' <Predicate = true> <Delay = 0.00>


============================================================
+ Verbose Summary: Timing violations
============================================================
Target clock period: 10ns, clock uncertainty: 1.25ns.

 <State 1>: 1.77ns
The critical path consists of the following:
	multiplexor before 'phi' operation ('j') with incoming values : ('j', aes/aes_key.c:132) [7]  (1.77 ns)

 <State 2>: 1.77ns
The critical path consists of the following:
	multiplexor before 'phi' operation ('i') with incoming values : ('i', aes/aes_key.c:133) [17]  (1.77 ns)

 <State 3>: 4.99ns
The critical path consists of the following:
	'phi' operation ('i') with incoming values : ('i', aes/aes_key.c:133) [17]  (0 ns)
	'add' operation ('add_ln135', aes/aes_key.c:135) [24]  (1.74 ns)
	'getelementptr' operation ('key_addr', aes/aes_key.c:135) [26]  (0 ns)
	'load' operation ('key_load', aes/aes_key.c:135) on array 'key' [27]  (3.25 ns)

 <State 4>: 6.51ns
The critical path consists of the following:
	'load' operation ('key_load', aes/aes_key.c:135) on array 'key' [27]  (3.25 ns)
	'store' operation ('store_ln135', aes/aes_key.c:135) of variable 'key_load', aes/aes_key.c:135 on array 'word' [39]  (3.25 ns)

 <State 5>: 6.99ns
The critical path consists of the following:
	'phi' operation ('j') with incoming values : ('j', aes/aes_key.c:138) [46]  (0 ns)
	'add' operation ('add_ln144', aes/aes_key.c:144) [53]  (1.83 ns)
	'add' operation ('add_ln144_2', aes/aes_key.c:144) [57]  (1.92 ns)
	'getelementptr' operation ('word_addr_4', aes/aes_key.c:144) [59]  (0 ns)
	'load' operation ('in', aes/aes_key.c:144) on array 'word' [75]  (3.25 ns)

 <State 6>: 3.25ns
The critical path consists of the following:
	'load' operation ('temp[0]', aes/aes_key.c:151) on array 'word' [69]  (3.25 ns)

 <State 7>: 3.25ns
The critical path consists of the following:
	'load' operation ('temp[2]', aes/aes_key.c:153) on array 'word' [71]  (3.25 ns)

 <State 8>: 3.25ns
The critical path consists of the following:
	'load' operation ('in', aes/aes_key.c:144) on array 'word' [75]  (3.25 ns)

 <State 9>: 6.11ns
The critical path consists of the following:
	'sub' operation ('sub_ln248', aes/aes_func.c:248->aes/aes_key.c:144) [78]  (2.55 ns)
	'sub' operation ('sub_ln248_1', aes/aes_func.c:248->aes/aes_key.c:144) [85]  (1.83 ns)
	'select' operation ('select_ln248_1', aes/aes_func.c:248->aes/aes_key.c:144) [87]  (0 ns)
	'add' operation ('add_ln248', aes/aes_func.c:248->aes/aes_key.c:144) [89]  (1.73 ns)

 <State 10>: 6.81ns
The critical path consists of the following:
	'sub' operation ('sub_ln248_5', aes/aes_func.c:248->aes/aes_key.c:146) [129]  (1.83 ns)
	'select' operation ('select_ln248_5', aes/aes_func.c:248->aes/aes_key.c:146) [131]  (0 ns)
	'add' operation ('add_ln248_2', aes/aes_func.c:248->aes/aes_key.c:146) [133]  (1.73 ns)
	'getelementptr' operation ('Sbox_addr_2', aes/aes_func.c:248->aes/aes_key.c:146) [135]  (0 ns)
	'load' operation ('temp[2]', aes/aes_func.c:248->aes/aes_key.c:146) on array 'Sbox' [136]  (3.25 ns)

 <State 11>: 6.01ns
The critical path consists of the following:
	'load' operation ('Sbox_load', aes/aes_func.c:248->aes/aes_key.c:144) on array 'Sbox' [92]  (3.25 ns)
	'xor' operation ('temp[0]', aes/aes_key.c:144) [98]  (0.99 ns)
	multiplexor before 'phi' operation ('temp[0]') with incoming values : ('temp[0]', aes/aes_key.c:151) ('zext_ln144_2', aes/aes_key.c:144) [161]  (1.77 ns)
	'phi' operation ('temp[0]') with incoming values : ('temp[0]', aes/aes_key.c:151) ('zext_ln144_2', aes/aes_key.c:144) [161]  (0 ns)

 <State 12>: 6.72ns
The critical path consists of the following:
	'phi' operation ('i') with incoming values : ('i', aes/aes_key.c:159) [168]  (0 ns)
	'sub' operation ('sub_ln160', aes/aes_key.c:160) [177]  (1.73 ns)
	'add' operation ('add_ln160_1', aes/aes_key.c:160) [178]  (1.73 ns)
	'getelementptr' operation ('word_addr_8', aes/aes_key.c:160) [180]  (0 ns)
	'load' operation ('word_load_4', aes/aes_key.c:160) on array 'word' [184]  (3.25 ns)

 <State 13>: 7.5ns
The critical path consists of the following:
	'load' operation ('word_load_4', aes/aes_key.c:160) on array 'word' [184]  (3.25 ns)
	'xor' operation ('xor_ln160', aes/aes_key.c:160) [187]  (0.993 ns)
	'store' operation ('store_ln160', aes/aes_key.c:160) of variable 'xor_ln160', aes/aes_key.c:160 on array 'word' [188]  (3.25 ns)


============================================================
+ Verbose Summary: Binding
============================================================
N/A
* FSMD analyzer results:
  - Output states:
 - Input state : 
  - Chain level:
	State 1
	State 2
	State 3
	State 4
	State 5
	State 6
	State 7
	State 8
	State 9
	State 10
	State 11
	State 12
	State 13


============================================================
+ Verbose Summary: Datapath Resource usage 
============================================================
N/A
