

================================================================
== Vivado HLS Report for 'encrypt'
================================================================
* Date:           Sun Apr 11 00:46:51 2021

* Version:        2019.1 (Build 2552052 on Fri May 24 15:28:33 MDT 2019)
* Project:        AES_Solutions
* Solution:       solution1
* Product family: zynquplus
* Target device:  xczu7ev-ffvc1156-2-e


================================================================
== Performance Estimates
================================================================
+ Timing (ns): 
    * Summary: 
    +--------+-------+----------+------------+
    |  Clock | Target| Estimated| Uncertainty|
    +--------+-------+----------+------------+
    |ap_clk  |  10.00|     5.750|        1.25|
    +--------+-------+----------+------------+

+ Latency (clock cycles): 
    * Summary: 
    +-----+-----+-----+-----+---------+
    |  Latency  |  Interval | Pipeline|
    | min | max | min | max |   Type  |
    +-----+-----+-----+-----+---------+
    |  287|  287|  287|  287|   none  |
    +-----+-----+-----+-----+---------+

    + Detail: 
        * Instance: 
        N/A

        * Loop: 
        +-------------+-----+-----+----------+-----------+-----------+------+----------+
        |             |  Latency  | Iteration|  Initiation Interval  | Trip |          |
        |  Loop Name  | min | max |  Latency |  achieved |   target  | Count| Pipelined|
        +-------------+-----+-----+----------+-----------+-----------+------+----------+
        |- Loop 1     |  234|  234|        26|          -|          -|     9|    no    |
        | + Loop 1.1  |    8|    8|         2|          -|          -|     4|    no    |
        | + Loop 1.2  |    8|    8|         2|          -|          -|     4|    no    |
        +-------------+-----+-----+----------+-----------+-----------+------+----------+



================================================================
== Utilization Estimates
================================================================
* Summary: 
+-----------------+---------+-------+--------+--------+-----+
|       Name      | BRAM_18K| DSP48E|   FF   |   LUT  | URAM|
+-----------------+---------+-------+--------+--------+-----+
|DSP              |        -|      -|       -|       -|    -|
|Expression       |        -|      -|       0|   12378|    -|
|FIFO             |        -|      -|       -|       -|    -|
|Instance         |        -|      -|       -|       -|    -|
|Memory           |        6|      -|       0|       0|    0|
|Multiplexer      |        -|      -|       -|    2950|    -|
|Register         |        -|      -|    4329|       -|    -|
+-----------------+---------+-------+--------+--------+-----+
|Total            |        6|      0|    4329|   15328|    0|
+-----------------+---------+-------+--------+--------+-----+
|Available        |      624|   1728|  460800|  230400|   96|
+-----------------+---------+-------+--------+--------+-----+
|Utilization (%)  |    ~0   |      0|   ~0   |       6|    0|
+-----------------+---------+-------+--------+--------+-----+

+ Detail: 
    * Instance: 
    N/A

    * DSP48E: 
    N/A

    * Memory: 
    +---------+---------------+---------+---+----+-----+------+-----+------+-------------+
    |  Memory |     Module    | BRAM_18K| FF| LUT| URAM| Words| Bits| Banks| W*Bits*Banks|
    +---------+---------------+---------+---+----+-----+------+-----+------+-------------+
    |Sbox_U   |encrypt_Sbox   |        2|  0|   0|    0|   256|    8|     1|         2048|
    |ret_0_U  |encrypt_ret_0  |        2|  0|   0|    0|    16|   32|     1|          512|
    |ret_1_U  |encrypt_ret_0  |        2|  0|   0|    0|    16|   32|     1|          512|
    +---------+---------------+---------+---+----+-----+------+-----+------+-------------+
    |Total    |               |        6|  0|   0|    0|   288|   72|     3|         3072|
    +---------+---------------+---------+---+----+-----+------+-----+------+-------------+

    * FIFO: 
    N/A

    * Expression: 
    +----------------------------+----------+-------+---+-----+------------+------------+
    |        Variable Name       | Operation| DSP48E| FF| LUT | Bitwidth P0| Bitwidth P1|
    +----------------------------+----------+-------+---+-----+------------+------------+
    |add_ln139_10_fu_8398_p2     |     +    |      0|  0|    9|           2|           2|
    |add_ln139_11_fu_8408_p2     |     +    |      0|  0|   32|           2|           2|
    |add_ln139_12_fu_8414_p2     |     +    |      0|  0|   32|           2|           2|
    |add_ln139_13_fu_8424_p2     |     +    |      0|  0|   11|           3|           3|
    |add_ln139_14_fu_8434_p2     |     +    |      0|  0|   12|           4|           4|
    |add_ln139_15_fu_8444_p2     |     +    |      0|  0|   32|          32|          32|
    |add_ln139_1_fu_8370_p2      |     +    |      0|  0|    9|           2|           2|
    |add_ln139_2_fu_8380_p2      |     +    |      0|  0|   32|          32|          32|
    |add_ln139_3_fu_8129_p2      |     +    |      0|  0|    9|           2|           2|
    |add_ln139_4_fu_8139_p2      |     +    |      0|  0|    9|           2|           2|
    |add_ln139_5_fu_8149_p2      |     +    |      0|  0|   11|           3|           3|
    |add_ln139_6_fu_8389_p2      |     +    |      0|  0|   32|          32|          32|
    |add_ln139_7_fu_8238_p2      |     +    |      0|  0|    9|           2|           2|
    |add_ln139_8_fu_8248_p2      |     +    |      0|  0|    9|           2|           2|
    |add_ln139_9_fu_8258_p2      |     +    |      0|  0|   11|           3|           3|
    |add_ln139_fu_8364_p2        |     +    |      0|  0|   32|          32|          32|
    |add_ln248_10_fu_3273_p2     |     +    |      0|  0|   17|          10|          10|
    |add_ln248_11_fu_3378_p2     |     +    |      0|  0|   17|          10|          10|
    |add_ln248_12_fu_3589_p2     |     +    |      0|  0|   17|          10|          10|
    |add_ln248_13_fu_3694_p2     |     +    |      0|  0|   17|          10|          10|
    |add_ln248_14_fu_3799_p2     |     +    |      0|  0|   17|          10|          10|
    |add_ln248_15_fu_3904_p2     |     +    |      0|  0|   17|          10|          10|
    |add_ln248_16_fu_4095_p2     |     +    |      0|  0|   17|          10|          10|
    |add_ln248_17_fu_4200_p2     |     +    |      0|  0|   17|          10|          10|
    |add_ln248_18_fu_4305_p2     |     +    |      0|  0|   17|          10|          10|
    |add_ln248_19_fu_4410_p2     |     +    |      0|  0|   17|          10|          10|
    |add_ln248_1_fu_2175_p2      |     +    |      0|  0|   17|          10|          10|
    |add_ln248_20_fu_4635_p2     |     +    |      0|  0|   17|          10|          10|
    |add_ln248_21_fu_4740_p2     |     +    |      0|  0|   17|          10|          10|
    |add_ln248_22_fu_4845_p2     |     +    |      0|  0|   17|          10|          10|
    |add_ln248_23_fu_4950_p2     |     +    |      0|  0|   17|          10|          10|
    |add_ln248_24_fu_5161_p2     |     +    |      0|  0|   17|          10|          10|
    |add_ln248_25_fu_5266_p2     |     +    |      0|  0|   17|          10|          10|
    |add_ln248_26_fu_5371_p2     |     +    |      0|  0|   17|          10|          10|
    |add_ln248_27_fu_5476_p2     |     +    |      0|  0|   17|          10|          10|
    |add_ln248_28_fu_5687_p2     |     +    |      0|  0|   17|          10|          10|
    |add_ln248_29_fu_5792_p2     |     +    |      0|  0|   17|          10|          10|
    |add_ln248_2_fu_2250_p2      |     +    |      0|  0|   17|          10|          10|
    |add_ln248_30_fu_5897_p2     |     +    |      0|  0|   17|          10|          10|
    |add_ln248_31_fu_6002_p2     |     +    |      0|  0|   17|          10|          10|
    |add_ln248_32_fu_6193_p2     |     +    |      0|  0|   17|          10|          10|
    |add_ln248_33_fu_6298_p2     |     +    |      0|  0|   17|          10|          10|
    |add_ln248_34_fu_6403_p2     |     +    |      0|  0|   17|          10|          10|
    |add_ln248_35_fu_6508_p2     |     +    |      0|  0|   17|          10|          10|
    |add_ln248_36_fu_6735_p2     |     +    |      0|  0|   17|          10|          10|
    |add_ln248_37_fu_6840_p2     |     +    |      0|  0|   17|          10|          10|
    |add_ln248_38_fu_6945_p2     |     +    |      0|  0|   17|          10|          10|
    |add_ln248_39_fu_7050_p2     |     +    |      0|  0|   17|          10|          10|
    |add_ln248_3_fu_2100_p2      |     +    |      0|  0|   17|          10|          10|
    |add_ln248_4_fu_2525_p2      |     +    |      0|  0|   17|          10|          10|
    |add_ln248_5_fu_2630_p2      |     +    |      0|  0|   17|          10|          10|
    |add_ln248_6_fu_2735_p2      |     +    |      0|  0|   17|          10|          10|
    |add_ln248_7_fu_2840_p2      |     +    |      0|  0|   17|          10|          10|
    |add_ln248_8_fu_3063_p2      |     +    |      0|  0|   17|          10|          10|
    |add_ln248_9_fu_3168_p2      |     +    |      0|  0|   17|          10|          10|
    |add_ln248_fu_2025_p2        |     +    |      0|  0|   17|          10|          10|
    |add_ln393_fu_7377_p2        |     +    |      0|  0|   39|          32|          32|
    |add_ln417_fu_7392_p2        |     +    |      0|  0|   16|           7|           9|
    |i_fu_7892_p2                |     +    |      0|  0|   12|           4|           1|
    |j_1_fu_7347_p2              |     +    |      0|  0|   11|           3|           1|
    |j_fu_7862_p2                |     +    |      0|  0|   11|           3|           1|
    |grp_fu_1842_p2              |     -    |      0|  0|   39|           1|          32|
    |grp_fu_1858_p2              |     -    |      0|  0|   15|           1|           6|
    |grp_fu_1872_p2              |     -    |      0|  0|   39|           1|          32|
    |grp_fu_1888_p2              |     -    |      0|  0|   15|           1|           6|
    |sub_ln248_100_fu_5815_p2    |     -    |      0|  0|   39|           1|          32|
    |sub_ln248_101_fu_5833_p2    |     -    |      0|  0|   17|           1|          10|
    |sub_ln248_102_fu_5920_p2    |     -    |      0|  0|   39|           1|          32|
    |sub_ln248_103_fu_5938_p2    |     -    |      0|  0|   17|           1|          10|
    |sub_ln248_104_fu_6111_p2    |     -    |      0|  0|   39|           1|          32|
    |sub_ln248_105_fu_6129_p2    |     -    |      0|  0|   17|           1|          10|
    |sub_ln248_106_fu_6216_p2    |     -    |      0|  0|   39|           1|          32|
    |sub_ln248_107_fu_6234_p2    |     -    |      0|  0|   17|           1|          10|
    |sub_ln248_108_fu_6321_p2    |     -    |      0|  0|   39|           1|          32|
    |sub_ln248_109_fu_6339_p2    |     -    |      0|  0|   17|           1|          10|
    |sub_ln248_10_fu_2202_p2     |     -    |      0|  0|   17|           1|          10|
    |sub_ln248_110_fu_6426_p2    |     -    |      0|  0|   39|           1|          32|
    |sub_ln248_111_fu_6444_p2    |     -    |      0|  0|   17|           1|          10|
    |sub_ln248_112_fu_6653_p2    |     -    |      0|  0|   39|           1|          32|
    |sub_ln248_113_fu_6671_p2    |     -    |      0|  0|   17|           1|          10|
    |sub_ln248_114_fu_6758_p2    |     -    |      0|  0|   39|           1|          32|
    |sub_ln248_115_fu_6776_p2    |     -    |      0|  0|   17|           1|          10|
    |sub_ln248_116_fu_6863_p2    |     -    |      0|  0|   39|           1|          32|
    |sub_ln248_117_fu_6881_p2    |     -    |      0|  0|   17|           1|          10|
    |sub_ln248_118_fu_6968_p2    |     -    |      0|  0|   39|           1|          32|
    |sub_ln248_119_fu_6986_p2    |     -    |      0|  0|   17|           1|          10|
    |sub_ln248_11_fu_2598_p2     |     -    |      0|  0|   15|           1|           6|
    |sub_ln248_13_fu_2703_p2     |     -    |      0|  0|   15|           1|           6|
    |sub_ln248_14_fu_2052_p2     |     -    |      0|  0|   17|           1|          10|
    |sub_ln248_15_fu_2808_p2     |     -    |      0|  0|   15|           1|           6|
    |sub_ln248_16_fu_2443_p2     |     -    |      0|  0|   39|           1|          32|
    |sub_ln248_17_fu_3031_p2     |     -    |      0|  0|   15|           1|           6|
    |sub_ln248_18_fu_2461_p2     |     -    |      0|  0|   17|           1|          10|
    |sub_ln248_19_fu_3136_p2     |     -    |      0|  0|   15|           1|           6|
    |sub_ln248_20_fu_2548_p2     |     -    |      0|  0|   39|           1|          32|
    |sub_ln248_21_fu_3241_p2     |     -    |      0|  0|   15|           1|           6|
    |sub_ln248_22_fu_2566_p2     |     -    |      0|  0|   17|           1|          10|
    |sub_ln248_23_fu_3346_p2     |     -    |      0|  0|   15|           1|           6|
    |sub_ln248_24_fu_2653_p2     |     -    |      0|  0|   39|           1|          32|
    |sub_ln248_25_fu_3557_p2     |     -    |      0|  0|   15|           1|           6|
    |sub_ln248_26_fu_2671_p2     |     -    |      0|  0|   17|           1|          10|
    |sub_ln248_27_fu_3662_p2     |     -    |      0|  0|   15|           1|           6|
    |sub_ln248_28_fu_2758_p2     |     -    |      0|  0|   39|           1|          32|
    |sub_ln248_29_fu_3767_p2     |     -    |      0|  0|   15|           1|           6|
    |sub_ln248_2_fu_1977_p2      |     -    |      0|  0|   17|           1|          10|
    |sub_ln248_30_fu_2776_p2     |     -    |      0|  0|   17|           1|          10|
    |sub_ln248_31_fu_3872_p2     |     -    |      0|  0|   15|           1|           6|
    |sub_ln248_32_fu_2981_p2     |     -    |      0|  0|   39|           1|          32|
    |sub_ln248_33_fu_4063_p2     |     -    |      0|  0|   15|           1|           6|
    |sub_ln248_34_fu_2999_p2     |     -    |      0|  0|   17|           1|          10|
    |sub_ln248_35_fu_4168_p2     |     -    |      0|  0|   15|           1|           6|
    |sub_ln248_36_fu_3086_p2     |     -    |      0|  0|   39|           1|          32|
    |sub_ln248_37_fu_4273_p2     |     -    |      0|  0|   15|           1|           6|
    |sub_ln248_38_fu_3104_p2     |     -    |      0|  0|   17|           1|          10|
    |sub_ln248_39_fu_4378_p2     |     -    |      0|  0|   15|           1|           6|
    |sub_ln248_40_fu_3191_p2     |     -    |      0|  0|   39|           1|          32|
    |sub_ln248_41_fu_4603_p2     |     -    |      0|  0|   15|           1|           6|
    |sub_ln248_42_fu_3209_p2     |     -    |      0|  0|   17|           1|          10|
    |sub_ln248_43_fu_4708_p2     |     -    |      0|  0|   15|           1|           6|
    |sub_ln248_44_fu_3296_p2     |     -    |      0|  0|   39|           1|          32|
    |sub_ln248_45_fu_4813_p2     |     -    |      0|  0|   15|           1|           6|
    |sub_ln248_46_fu_3314_p2     |     -    |      0|  0|   17|           1|          10|
    |sub_ln248_47_fu_4918_p2     |     -    |      0|  0|   15|           1|           6|
    |sub_ln248_48_fu_3507_p2     |     -    |      0|  0|   39|           1|          32|
    |sub_ln248_49_fu_5129_p2     |     -    |      0|  0|   15|           1|           6|
    |sub_ln248_50_fu_3525_p2     |     -    |      0|  0|   17|           1|          10|
    |sub_ln248_51_fu_5234_p2     |     -    |      0|  0|   15|           1|           6|
    |sub_ln248_52_fu_3612_p2     |     -    |      0|  0|   39|           1|          32|
    |sub_ln248_53_fu_5339_p2     |     -    |      0|  0|   15|           1|           6|
    |sub_ln248_54_fu_3630_p2     |     -    |      0|  0|   17|           1|          10|
    |sub_ln248_55_fu_5444_p2     |     -    |      0|  0|   15|           1|           6|
    |sub_ln248_56_fu_3717_p2     |     -    |      0|  0|   39|           1|          32|
    |sub_ln248_57_fu_5655_p2     |     -    |      0|  0|   15|           1|           6|
    |sub_ln248_58_fu_3735_p2     |     -    |      0|  0|   17|           1|          10|
    |sub_ln248_59_fu_5760_p2     |     -    |      0|  0|   15|           1|           6|
    |sub_ln248_60_fu_3822_p2     |     -    |      0|  0|   39|           1|          32|
    |sub_ln248_61_fu_5865_p2     |     -    |      0|  0|   15|           1|           6|
    |sub_ln248_62_fu_3840_p2     |     -    |      0|  0|   17|           1|          10|
    |sub_ln248_63_fu_5970_p2     |     -    |      0|  0|   15|           1|           6|
    |sub_ln248_64_fu_4013_p2     |     -    |      0|  0|   39|           1|          32|
    |sub_ln248_65_fu_6161_p2     |     -    |      0|  0|   15|           1|           6|
    |sub_ln248_66_fu_4031_p2     |     -    |      0|  0|   17|           1|          10|
    |sub_ln248_67_fu_6266_p2     |     -    |      0|  0|   15|           1|           6|
    |sub_ln248_68_fu_4118_p2     |     -    |      0|  0|   39|           1|          32|
    |sub_ln248_69_fu_6371_p2     |     -    |      0|  0|   15|           1|           6|
    |sub_ln248_6_fu_2127_p2      |     -    |      0|  0|   17|           1|          10|
    |sub_ln248_70_fu_4136_p2     |     -    |      0|  0|   17|           1|          10|
    |sub_ln248_71_fu_6476_p2     |     -    |      0|  0|   15|           1|           6|
    |sub_ln248_72_fu_4223_p2     |     -    |      0|  0|   39|           1|          32|
    |sub_ln248_73_fu_6703_p2     |     -    |      0|  0|   15|           1|           6|
    |sub_ln248_74_fu_4241_p2     |     -    |      0|  0|   17|           1|          10|
    |sub_ln248_75_fu_6808_p2     |     -    |      0|  0|   15|           1|           6|
    |sub_ln248_76_fu_4328_p2     |     -    |      0|  0|   39|           1|          32|
    |sub_ln248_77_fu_6913_p2     |     -    |      0|  0|   15|           1|           6|
    |sub_ln248_78_fu_4346_p2     |     -    |      0|  0|   17|           1|          10|
    |sub_ln248_79_fu_7018_p2     |     -    |      0|  0|   15|           1|           6|
    |sub_ln248_80_fu_4553_p2     |     -    |      0|  0|   39|           1|          32|
    |sub_ln248_81_fu_4571_p2     |     -    |      0|  0|   17|           1|          10|
    |sub_ln248_82_fu_4658_p2     |     -    |      0|  0|   39|           1|          32|
    |sub_ln248_83_fu_4676_p2     |     -    |      0|  0|   17|           1|          10|
    |sub_ln248_84_fu_4763_p2     |     -    |      0|  0|   39|           1|          32|
    |sub_ln248_85_fu_4781_p2     |     -    |      0|  0|   17|           1|          10|
    |sub_ln248_86_fu_4868_p2     |     -    |      0|  0|   39|           1|          32|
    |sub_ln248_87_fu_4886_p2     |     -    |      0|  0|   17|           1|          10|
    |sub_ln248_88_fu_5079_p2     |     -    |      0|  0|   39|           1|          32|
    |sub_ln248_89_fu_5097_p2     |     -    |      0|  0|   17|           1|          10|
    |sub_ln248_90_fu_5184_p2     |     -    |      0|  0|   39|           1|          32|
    |sub_ln248_91_fu_5202_p2     |     -    |      0|  0|   17|           1|          10|
    |sub_ln248_92_fu_5289_p2     |     -    |      0|  0|   39|           1|          32|
    |sub_ln248_93_fu_5307_p2     |     -    |      0|  0|   17|           1|          10|
    |sub_ln248_94_fu_5394_p2     |     -    |      0|  0|   39|           1|          32|
    |sub_ln248_95_fu_5412_p2     |     -    |      0|  0|   17|           1|          10|
    |sub_ln248_96_fu_5605_p2     |     -    |      0|  0|   39|           1|          32|
    |sub_ln248_97_fu_5623_p2     |     -    |      0|  0|   17|           1|          10|
    |sub_ln248_98_fu_5710_p2     |     -    |      0|  0|   39|           1|          32|
    |sub_ln248_99_fu_5728_p2     |     -    |      0|  0|   17|           1|          10|
    |sub_ln248_9_fu_2493_p2      |     -    |      0|  0|   15|           1|           6|
    |icmp_ln112_fu_7159_p2       |   icmp   |      0|  0|    9|           4|           4|
    |icmp_ln139_10_fu_8222_p2    |   icmp   |      0|  0|   20|          32|           8|
    |icmp_ln139_11_fu_8232_p2    |   icmp   |      0|  0|   20|          32|           8|
    |icmp_ln139_12_fu_8324_p2    |   icmp   |      0|  0|   20|          32|           5|
    |icmp_ln139_13_fu_8334_p2    |   icmp   |      0|  0|   20|          32|           7|
    |icmp_ln139_14_fu_8344_p2    |   icmp   |      0|  0|   20|          32|           4|
    |icmp_ln139_15_fu_8354_p2    |   icmp   |      0|  0|   20|          32|           6|
    |icmp_ln139_1_fu_8028_p2     |   icmp   |      0|  0|   20|          32|           6|
    |icmp_ln139_2_fu_8034_p2     |   icmp   |      0|  0|   20|          32|           8|
    |icmp_ln139_3_fu_8040_p2     |   icmp   |      0|  0|   20|          32|           5|
    |icmp_ln139_4_fu_8093_p2     |   icmp   |      0|  0|   20|          32|           2|
    |icmp_ln139_5_fu_8103_p2     |   icmp   |      0|  0|   20|          32|           8|
    |icmp_ln139_6_fu_8113_p2     |   icmp   |      0|  0|   20|          32|           4|
    |icmp_ln139_7_fu_8123_p2     |   icmp   |      0|  0|   20|          32|           8|
    |icmp_ln139_8_fu_8202_p2     |   icmp   |      0|  0|   20|          32|           8|
    |icmp_ln139_9_fu_8212_p2     |   icmp   |      0|  0|   20|          32|           5|
    |icmp_ln139_fu_8022_p2       |   icmp   |      0|  0|   20|          32|           6|
    |icmp_ln380_fu_7341_p2       |   icmp   |      0|  0|    9|           3|           4|
    |icmp_ln385_fu_7428_p2       |   icmp   |      0|  0|   20|          32|           9|
    |icmp_ln389_fu_7478_p2       |   icmp   |      0|  0|   20|          32|           9|
    |icmp_ln397_fu_7541_p2       |   icmp   |      0|  0|   20|          32|           9|
    |icmp_ln401_fu_7591_p2       |   icmp   |      0|  0|   20|          32|           9|
    |icmp_ln409_fu_7654_p2       |   icmp   |      0|  0|   20|          32|           9|
    |icmp_ln413_fu_7704_p2       |   icmp   |      0|  0|   20|          32|           9|
    |icmp_ln421_fu_7767_p2       |   icmp   |      0|  0|   20|          32|           9|
    |icmp_ln425_fu_7811_p2       |   icmp   |      0|  0|   20|          32|           9|
    |icmp_ln433_fu_7856_p2       |   icmp   |      0|  0|    9|           3|           4|
    |or_ln393_fu_7365_p2         |    or    |      0|  0|    3|           3|           1|
    |or_ln439_fu_7880_p2         |    or    |      0|  0|    3|           3|           1|
    |select_ln248_10_fu_2580_p3  |  select  |      0|  0|   10|           1|          10|
    |select_ln248_11_fu_2614_p3  |  select  |      0|  0|    6|           1|           6|
    |select_ln248_12_fu_2685_p3  |  select  |      0|  0|   10|           1|          10|
    |select_ln248_13_fu_2719_p3  |  select  |      0|  0|    6|           1|           6|
    |select_ln248_14_fu_2790_p3  |  select  |      0|  0|   10|           1|          10|
    |select_ln248_15_fu_2824_p3  |  select  |      0|  0|    6|           1|           6|
    |select_ln248_16_fu_3013_p3  |  select  |      0|  0|   10|           1|          10|
    |select_ln248_17_fu_3047_p3  |  select  |      0|  0|    6|           1|           6|
    |select_ln248_18_fu_3118_p3  |  select  |      0|  0|   10|           1|          10|
    |select_ln248_19_fu_3152_p3  |  select  |      0|  0|    6|           1|           6|
    |select_ln248_1_fu_2009_p3   |  select  |      0|  0|    6|           1|           6|
    |select_ln248_20_fu_3223_p3  |  select  |      0|  0|   10|           1|          10|
    |select_ln248_21_fu_3257_p3  |  select  |      0|  0|    6|           1|           6|
    |select_ln248_22_fu_3328_p3  |  select  |      0|  0|   10|           1|          10|
    |select_ln248_23_fu_3362_p3  |  select  |      0|  0|    6|           1|           6|
    |select_ln248_24_fu_3539_p3  |  select  |      0|  0|   10|           1|          10|
    |select_ln248_25_fu_3573_p3  |  select  |      0|  0|    6|           1|           6|
    |select_ln248_26_fu_3644_p3  |  select  |      0|  0|   10|           1|          10|
    |select_ln248_27_fu_3678_p3  |  select  |      0|  0|    6|           1|           6|
    |select_ln248_28_fu_3749_p3  |  select  |      0|  0|   10|           1|          10|
    |select_ln248_29_fu_3783_p3  |  select  |      0|  0|    6|           1|           6|
    |select_ln248_2_fu_2141_p3   |  select  |      0|  0|   10|           1|          10|
    |select_ln248_30_fu_3854_p3  |  select  |      0|  0|   10|           1|          10|
    |select_ln248_31_fu_3888_p3  |  select  |      0|  0|    6|           1|           6|
    |select_ln248_32_fu_4045_p3  |  select  |      0|  0|   10|           1|          10|
    |select_ln248_33_fu_4079_p3  |  select  |      0|  0|    6|           1|           6|
    |select_ln248_34_fu_4150_p3  |  select  |      0|  0|   10|           1|          10|
    |select_ln248_35_fu_4184_p3  |  select  |      0|  0|    6|           1|           6|
    |select_ln248_36_fu_4255_p3  |  select  |      0|  0|   10|           1|          10|
    |select_ln248_37_fu_4289_p3  |  select  |      0|  0|    6|           1|           6|
    |select_ln248_38_fu_4360_p3  |  select  |      0|  0|   10|           1|          10|
    |select_ln248_39_fu_4394_p3  |  select  |      0|  0|    6|           1|           6|
    |select_ln248_3_fu_2159_p3   |  select  |      0|  0|    6|           1|           6|
    |select_ln248_40_fu_4585_p3  |  select  |      0|  0|   10|           1|          10|
    |select_ln248_41_fu_4619_p3  |  select  |      0|  0|    6|           1|           6|
    |select_ln248_42_fu_4690_p3  |  select  |      0|  0|   10|           1|          10|
    |select_ln248_43_fu_4724_p3  |  select  |      0|  0|    6|           1|           6|
    |select_ln248_44_fu_4795_p3  |  select  |      0|  0|   10|           1|          10|
    |select_ln248_45_fu_4829_p3  |  select  |      0|  0|    6|           1|           6|
    |select_ln248_46_fu_4900_p3  |  select  |      0|  0|   10|           1|          10|
    |select_ln248_47_fu_4934_p3  |  select  |      0|  0|    6|           1|           6|
    |select_ln248_48_fu_5111_p3  |  select  |      0|  0|   10|           1|          10|
    |select_ln248_49_fu_5145_p3  |  select  |      0|  0|    6|           1|           6|
    |select_ln248_4_fu_2216_p3   |  select  |      0|  0|   10|           1|          10|
    |select_ln248_50_fu_5216_p3  |  select  |      0|  0|   10|           1|          10|
    |select_ln248_51_fu_5250_p3  |  select  |      0|  0|    6|           1|           6|
    |select_ln248_52_fu_5321_p3  |  select  |      0|  0|   10|           1|          10|
    |select_ln248_53_fu_5355_p3  |  select  |      0|  0|    6|           1|           6|
    |select_ln248_54_fu_5426_p3  |  select  |      0|  0|   10|           1|          10|
    |select_ln248_55_fu_5460_p3  |  select  |      0|  0|    6|           1|           6|
    |select_ln248_56_fu_5637_p3  |  select  |      0|  0|   10|           1|          10|
    |select_ln248_57_fu_5671_p3  |  select  |      0|  0|    6|           1|           6|
    |select_ln248_58_fu_5742_p3  |  select  |      0|  0|   10|           1|          10|
    |select_ln248_59_fu_5776_p3  |  select  |      0|  0|    6|           1|           6|
    |select_ln248_5_fu_2234_p3   |  select  |      0|  0|    6|           1|           6|
    |select_ln248_60_fu_5847_p3  |  select  |      0|  0|   10|           1|          10|
    |select_ln248_61_fu_5881_p3  |  select  |      0|  0|    6|           1|           6|
    |select_ln248_62_fu_5952_p3  |  select  |      0|  0|   10|           1|          10|
    |select_ln248_63_fu_5986_p3  |  select  |      0|  0|    6|           1|           6|
    |select_ln248_64_fu_6143_p3  |  select  |      0|  0|   10|           1|          10|
    |select_ln248_65_fu_6177_p3  |  select  |      0|  0|    6|           1|           6|
    |select_ln248_66_fu_6248_p3  |  select  |      0|  0|   10|           1|          10|
    |select_ln248_67_fu_6282_p3  |  select  |      0|  0|    6|           1|           6|
    |select_ln248_68_fu_6353_p3  |  select  |      0|  0|   10|           1|          10|
    |select_ln248_69_fu_6387_p3  |  select  |      0|  0|    6|           1|           6|
    |select_ln248_6_fu_2066_p3   |  select  |      0|  0|   10|           1|          10|
    |select_ln248_70_fu_6458_p3  |  select  |      0|  0|   10|           1|          10|
    |select_ln248_71_fu_6492_p3  |  select  |      0|  0|    6|           1|           6|
    |select_ln248_72_fu_6685_p3  |  select  |      0|  0|   10|           1|          10|
    |select_ln248_73_fu_6719_p3  |  select  |      0|  0|    6|           1|           6|
    |select_ln248_74_fu_6790_p3  |  select  |      0|  0|   10|           1|          10|
    |select_ln248_75_fu_6824_p3  |  select  |      0|  0|    6|           1|           6|
    |select_ln248_76_fu_6895_p3  |  select  |      0|  0|   10|           1|          10|
    |select_ln248_77_fu_6929_p3  |  select  |      0|  0|    6|           1|           6|
    |select_ln248_78_fu_7000_p3  |  select  |      0|  0|   10|           1|          10|
    |select_ln248_79_fu_7034_p3  |  select  |      0|  0|    6|           1|           6|
    |select_ln248_7_fu_2084_p3   |  select  |      0|  0|    6|           1|           6|
    |select_ln248_8_fu_2475_p3   |  select  |      0|  0|   10|           1|          10|
    |select_ln248_9_fu_2509_p3   |  select  |      0|  0|    6|           1|           6|
    |select_ln248_fu_1991_p3     |  select  |      0|  0|   10|           1|          10|
    |select_ln385_fu_7440_p3     |  select  |      0|  0|   32|           1|          32|
    |select_ln389_fu_7490_p3     |  select  |      0|  0|   32|           1|          32|
    |select_ln397_fu_7553_p3     |  select  |      0|  0|   32|           1|          32|
    |select_ln401_fu_7603_p3     |  select  |      0|  0|   32|           1|          32|
    |select_ln409_fu_7666_p3     |  select  |      0|  0|   32|           1|          32|
    |select_ln413_fu_7716_p3     |  select  |      0|  0|   32|           1|          32|
    |select_ln421_fu_7779_p3     |  select  |      0|  0|   32|           1|          32|
    |select_ln425_fu_7823_p3     |  select  |      0|  0|   32|           1|          32|
    |grp_fu_1894_p2              |    xor   |      0|  0|   32|          32|          32|
    |grp_fu_1900_p2              |    xor   |      0|  0|   32|          32|          32|
    |ret_0_d0                    |    xor   |      0|  0|   32|          32|          32|
    |ret_0_d1                    |    xor   |      0|  0|   32|          32|          32|
    |ret_1_d0                    |    xor   |      0|  0|   32|          32|          32|
    |ret_1_d1                    |    xor   |      0|  0|   32|          32|          32|
    |x_1_fu_7454_p2              |    xor   |      0|  0|   32|          32|          32|
    |x_3_fu_7567_p2              |    xor   |      0|  0|   32|          32|          32|
    |x_5_fu_7680_p2              |    xor   |      0|  0|   32|          32|          32|
    |x_7_fu_7787_p2              |    xor   |      0|  0|   32|          32|          32|
    |xor_ln154_1_fu_3915_p2      |    xor   |      0|  0|    8|           4|           8|
    |xor_ln154_2_fu_4961_p2      |    xor   |      0|  0|    8|           6|           8|
    |xor_ln154_3_fu_6013_p2      |    xor   |      0|  0|    9|           9|           8|
    |xor_ln154_4_fu_7061_p2      |    xor   |      0|  0|    8|           6|           8|
    |xor_ln154_fu_2863_p2        |    xor   |      0|  0|    8|           2|           8|
    |xor_ln173_100_fu_5538_p2    |    xor   |      0|  0|   32|          32|          32|
    |xor_ln173_101_fu_5543_p2    |    xor   |      0|  0|   32|          32|          32|
    |xor_ln173_102_fu_5548_p2    |    xor   |      0|  0|   32|          32|          32|
    |xor_ln173_103_fu_5553_p2    |    xor   |      0|  0|   32|          32|          32|
    |xor_ln173_104_fu_5533_p2    |    xor   |      0|  0|   32|          32|          32|
    |xor_ln173_105_fu_5558_p2    |    xor   |      0|  0|   32|          32|          32|
    |xor_ln173_106_fu_5563_p2    |    xor   |      0|  0|   32|          32|          32|
    |xor_ln173_107_fu_5568_p2    |    xor   |      0|  0|   32|          32|          32|
    |xor_ln173_108_fu_5573_p2    |    xor   |      0|  0|   32|          32|          32|
    |xor_ln173_109_fu_5578_p2    |    xor   |      0|  0|   32|          32|          32|
    |xor_ln173_10_fu_2369_p2     |    xor   |      0|  0|   32|          32|          32|
    |xor_ln173_110_fu_5583_p2    |    xor   |      0|  0|   32|          32|          32|
    |xor_ln173_111_fu_5588_p2    |    xor   |      0|  0|   32|          32|          32|
    |xor_ln173_112_fu_6035_p2    |    xor   |      0|  0|   32|          32|          32|
    |xor_ln173_113_fu_6041_p2    |    xor   |      0|  0|   32|          32|          32|
    |xor_ln173_114_fu_6047_p2    |    xor   |      0|  0|   32|          32|          32|
    |xor_ln173_115_fu_6053_p2    |    xor   |      0|  0|   32|          32|          32|
    |xor_ln173_116_fu_6059_p2    |    xor   |      0|  0|   32|          32|          32|
    |xor_ln173_117_fu_6064_p2    |    xor   |      0|  0|   32|          32|          32|
    |xor_ln173_118_fu_6069_p2    |    xor   |      0|  0|   32|          32|          32|
    |xor_ln173_119_fu_6074_p2    |    xor   |      0|  0|   32|          32|          32|
    |xor_ln173_11_fu_2375_p2     |    xor   |      0|  0|   32|          32|          32|
    |xor_ln173_120_fu_6561_p2    |    xor   |      0|  0|   32|          32|          32|
    |xor_ln173_121_fu_6566_p2    |    xor   |      0|  0|   32|          32|          32|
    |xor_ln173_122_fu_6571_p2    |    xor   |      0|  0|   32|          32|          32|
    |xor_ln173_123_fu_6576_p2    |    xor   |      0|  0|   32|          32|          32|
    |xor_ln173_124_fu_6079_p2    |    xor   |      0|  0|   32|          32|          32|
    |xor_ln173_125_fu_6084_p2    |    xor   |      0|  0|   32|          32|          32|
    |xor_ln173_126_fu_6089_p2    |    xor   |      0|  0|   32|          32|          32|
    |xor_ln173_127_fu_6094_p2    |    xor   |      0|  0|   32|          32|          32|
    |xor_ln173_128_fu_6540_p2    |    xor   |      0|  0|   32|          32|          32|
    |xor_ln173_129_fu_6546_p2    |    xor   |      0|  0|   32|          32|          32|
    |xor_ln173_12_fu_2411_p2     |    xor   |      0|  0|   32|          32|          32|
    |xor_ln173_130_fu_6551_p2    |    xor   |      0|  0|   32|          32|          32|
    |xor_ln173_131_fu_6556_p2    |    xor   |      0|  0|   32|          32|          32|
    |xor_ln173_132_fu_6581_p2    |    xor   |      0|  0|   32|          32|          32|
    |xor_ln173_133_fu_6586_p2    |    xor   |      0|  0|   32|          32|          32|
    |xor_ln173_134_fu_6591_p2    |    xor   |      0|  0|   32|          32|          32|
    |xor_ln173_135_fu_6596_p2    |    xor   |      0|  0|   32|          32|          32|
    |xor_ln173_136_fu_6601_p2    |    xor   |      0|  0|   32|          32|          32|
    |xor_ln173_137_fu_6606_p2    |    xor   |      0|  0|   32|          32|          32|
    |xor_ln173_138_fu_6611_p2    |    xor   |      0|  0|   32|          32|          32|
    |xor_ln173_139_fu_6616_p2    |    xor   |      0|  0|   32|          32|          32|
    |xor_ln173_13_fu_2416_p2     |    xor   |      0|  0|   32|          32|          32|
    |xor_ln173_140_fu_6621_p2    |    xor   |      0|  0|   32|          32|          32|
    |xor_ln173_141_fu_6626_p2    |    xor   |      0|  0|   32|          32|          32|
    |xor_ln173_142_fu_6631_p2    |    xor   |      0|  0|   32|          32|          32|
    |xor_ln173_143_fu_6636_p2    |    xor   |      0|  0|   32|          32|          32|
    |xor_ln173_144_fu_7083_p2    |    xor   |      0|  0|   32|          32|          32|
    |xor_ln173_145_fu_7089_p2    |    xor   |      0|  0|   32|          32|          32|
    |xor_ln173_146_fu_7095_p2    |    xor   |      0|  0|   32|          32|          32|
    |xor_ln173_147_fu_7101_p2    |    xor   |      0|  0|   32|          32|          32|
    |xor_ln173_148_fu_7107_p2    |    xor   |      0|  0|   32|          32|          32|
    |xor_ln173_149_fu_7112_p2    |    xor   |      0|  0|   32|          32|          32|
    |xor_ln173_14_fu_2421_p2     |    xor   |      0|  0|   32|          32|          32|
    |xor_ln173_150_fu_7117_p2    |    xor   |      0|  0|   32|          32|          32|
    |xor_ln173_151_fu_7122_p2    |    xor   |      0|  0|   32|          32|          32|
    |xor_ln173_152_fu_7127_p2    |    xor   |      0|  0|   32|          32|          32|
    |xor_ln173_153_fu_7131_p2    |    xor   |      0|  0|   32|          32|          32|
    |xor_ln173_154_fu_7135_p2    |    xor   |      0|  0|   32|          32|          32|
    |xor_ln173_155_fu_7139_p2    |    xor   |      0|  0|   32|          32|          32|
    |xor_ln173_156_fu_7143_p2    |    xor   |      0|  0|   32|          32|          32|
    |xor_ln173_157_fu_7147_p2    |    xor   |      0|  0|   32|          32|          32|
    |xor_ln173_158_fu_7151_p2    |    xor   |      0|  0|   32|          32|          32|
    |xor_ln173_159_fu_7155_p2    |    xor   |      0|  0|   32|          32|          32|
    |xor_ln173_15_fu_2426_p2     |    xor   |      0|  0|   32|          32|          32|
    |xor_ln173_160_fu_2269_p2    |    xor   |      0|  0|   32|          32|           1|
    |xor_ln173_161_fu_3405_p2    |    xor   |      0|  0|   32|          32|           3|
    |xor_ln173_162_fu_4437_p2    |    xor   |      0|  0|   32|          32|           5|
    |xor_ln173_163_fu_5503_p2    |    xor   |      0|  0|   32|          32|           7|
    |xor_ln173_164_fu_6535_p2    |    xor   |      0|  0|   32|          32|           5|
    |xor_ln173_16_fu_2885_p2     |    xor   |      0|  0|   32|          32|          32|
    |xor_ln173_17_fu_2891_p2     |    xor   |      0|  0|   32|          32|          32|
    |xor_ln173_18_fu_2897_p2     |    xor   |      0|  0|   32|          32|          32|
    |xor_ln173_19_fu_2903_p2     |    xor   |      0|  0|   32|          32|          32|
    |xor_ln173_1_fu_2282_p2      |    xor   |      0|  0|   32|          32|          32|
    |xor_ln173_20_fu_2909_p2     |    xor   |      0|  0|   32|          32|          32|
    |xor_ln173_21_fu_2914_p2     |    xor   |      0|  0|   32|          32|          32|
    |xor_ln173_22_fu_2919_p2     |    xor   |      0|  0|   32|          32|          32|
    |xor_ln173_23_fu_2924_p2     |    xor   |      0|  0|   32|          32|          32|
    |xor_ln173_24_fu_2929_p2     |    xor   |      0|  0|   32|          32|          32|
    |xor_ln173_25_fu_2934_p2     |    xor   |      0|  0|   32|          32|          32|
    |xor_ln173_26_fu_2939_p2     |    xor   |      0|  0|   32|          32|          32|
    |xor_ln173_27_fu_2944_p2     |    xor   |      0|  0|   32|          32|          32|
    |xor_ln173_28_fu_2949_p2     |    xor   |      0|  0|   32|          32|          32|
    |xor_ln173_29_fu_2954_p2     |    xor   |      0|  0|   32|          32|          32|
    |xor_ln173_2_fu_2297_p2      |    xor   |      0|  0|   32|          32|          32|
    |xor_ln173_30_fu_2959_p2     |    xor   |      0|  0|   32|          32|          32|
    |xor_ln173_31_fu_2964_p2     |    xor   |      0|  0|   32|          32|          32|
    |xor_ln173_32_fu_3410_p2     |    xor   |      0|  0|   32|          32|          32|
    |xor_ln173_33_fu_3417_p2     |    xor   |      0|  0|   32|          32|          32|
    |xor_ln173_34_fu_3423_p2     |    xor   |      0|  0|   32|          32|          32|
    |xor_ln173_35_fu_3429_p2     |    xor   |      0|  0|   32|          32|          32|
    |xor_ln173_36_fu_3440_p2     |    xor   |      0|  0|   32|          32|          32|
    |xor_ln173_37_fu_3445_p2     |    xor   |      0|  0|   32|          32|          32|
    |xor_ln173_38_fu_3450_p2     |    xor   |      0|  0|   32|          32|          32|
    |xor_ln173_39_fu_3455_p2     |    xor   |      0|  0|   32|          32|          32|
    |xor_ln173_3_fu_2304_p2      |    xor   |      0|  0|   32|          32|          32|
    |xor_ln173_40_fu_3460_p2     |    xor   |      0|  0|   32|          32|          32|
    |xor_ln173_41_fu_3465_p2     |    xor   |      0|  0|   32|          32|          32|
    |xor_ln173_42_fu_3435_p2     |    xor   |      0|  0|   32|          32|          32|
    |xor_ln173_43_fu_3470_p2     |    xor   |      0|  0|   32|          32|          32|
    |xor_ln173_44_fu_3475_p2     |    xor   |      0|  0|   32|          32|          32|
    |xor_ln173_45_fu_3480_p2     |    xor   |      0|  0|   32|          32|          32|
    |xor_ln173_46_fu_3485_p2     |    xor   |      0|  0|   32|          32|          32|
    |xor_ln173_47_fu_3490_p2     |    xor   |      0|  0|   32|          32|          32|
    |xor_ln173_48_fu_3937_p2     |    xor   |      0|  0|   32|          32|          32|
    |xor_ln173_49_fu_3943_p2     |    xor   |      0|  0|   32|          32|          32|
    |xor_ln173_4_fu_2311_p2      |    xor   |      0|  0|   32|          32|          32|
    |xor_ln173_50_fu_3949_p2     |    xor   |      0|  0|   32|          32|          32|
    |xor_ln173_51_fu_3955_p2     |    xor   |      0|  0|   32|          32|          32|
    |xor_ln173_52_fu_3961_p2     |    xor   |      0|  0|   32|          32|          32|
    |xor_ln173_53_fu_3966_p2     |    xor   |      0|  0|   32|          32|          32|
    |xor_ln173_54_fu_3971_p2     |    xor   |      0|  0|   32|          32|          32|
    |xor_ln173_55_fu_3976_p2     |    xor   |      0|  0|   32|          32|          32|
    |xor_ln173_56_fu_4463_p2     |    xor   |      0|  0|   32|          32|          32|
    |xor_ln173_57_fu_4468_p2     |    xor   |      0|  0|   32|          32|          32|
    |xor_ln173_58_fu_4473_p2     |    xor   |      0|  0|   32|          32|          32|
    |xor_ln173_59_fu_4478_p2     |    xor   |      0|  0|   32|          32|          32|
    |xor_ln173_5_fu_2317_p2      |    xor   |      0|  0|   32|          32|          32|
    |xor_ln173_60_fu_3981_p2     |    xor   |      0|  0|   32|          32|          32|
    |xor_ln173_61_fu_3986_p2     |    xor   |      0|  0|   32|          32|          32|
    |xor_ln173_62_fu_3991_p2     |    xor   |      0|  0|   32|          32|          32|
    |xor_ln173_63_fu_3996_p2     |    xor   |      0|  0|   32|          32|          32|
    |xor_ln173_64_fu_4442_p2     |    xor   |      0|  0|   32|          32|          32|
    |xor_ln173_65_fu_4448_p2     |    xor   |      0|  0|   32|          32|          32|
    |xor_ln173_66_fu_4453_p2     |    xor   |      0|  0|   32|          32|          32|
    |xor_ln173_67_fu_4458_p2     |    xor   |      0|  0|   32|          32|          32|
    |xor_ln173_68_fu_4491_p2     |    xor   |      0|  0|   32|          32|          32|
    |xor_ln173_69_fu_4496_p2     |    xor   |      0|  0|   32|          32|          32|
    |xor_ln173_6_fu_2323_p2      |    xor   |      0|  0|   32|          32|          32|
    |xor_ln173_70_fu_4501_p2     |    xor   |      0|  0|   32|          32|          32|
    |xor_ln173_71_fu_4506_p2     |    xor   |      0|  0|   32|          32|          32|
    |xor_ln173_72_fu_4483_p2     |    xor   |      0|  0|   32|          32|          32|
    |xor_ln173_73_fu_4511_p2     |    xor   |      0|  0|   32|          32|          32|
    |xor_ln173_74_fu_4516_p2     |    xor   |      0|  0|   32|          32|          32|
    |xor_ln173_75_fu_4487_p2     |    xor   |      0|  0|   32|          32|          32|
    |xor_ln173_76_fu_4521_p2     |    xor   |      0|  0|   32|          32|          32|
    |xor_ln173_77_fu_4526_p2     |    xor   |      0|  0|   32|          32|          32|
    |xor_ln173_78_fu_4531_p2     |    xor   |      0|  0|   32|          32|          32|
    |xor_ln173_79_fu_4536_p2     |    xor   |      0|  0|   32|          32|          32|
    |xor_ln173_7_fu_2329_p2      |    xor   |      0|  0|   32|          32|          32|
    |xor_ln173_80_fu_4983_p2     |    xor   |      0|  0|   32|          32|          32|
    |xor_ln173_81_fu_4989_p2     |    xor   |      0|  0|   32|          32|          32|
    |xor_ln173_82_fu_4995_p2     |    xor   |      0|  0|   32|          32|          32|
    |xor_ln173_83_fu_5001_p2     |    xor   |      0|  0|   32|          32|          32|
    |xor_ln173_84_fu_5007_p2     |    xor   |      0|  0|   32|          32|          32|
    |xor_ln173_85_fu_5012_p2     |    xor   |      0|  0|   32|          32|          32|
    |xor_ln173_86_fu_5017_p2     |    xor   |      0|  0|   32|          32|          32|
    |xor_ln173_87_fu_5022_p2     |    xor   |      0|  0|   32|          32|          32|
    |xor_ln173_88_fu_5027_p2     |    xor   |      0|  0|   32|          32|          32|
    |xor_ln173_89_fu_5032_p2     |    xor   |      0|  0|   32|          32|          32|
    |xor_ln173_8_fu_2335_p2      |    xor   |      0|  0|   32|          32|          32|
    |xor_ln173_90_fu_5037_p2     |    xor   |      0|  0|   32|          32|          32|
    |xor_ln173_91_fu_5042_p2     |    xor   |      0|  0|   32|          32|          32|
    |xor_ln173_92_fu_5047_p2     |    xor   |      0|  0|   32|          32|          32|
    |xor_ln173_93_fu_5052_p2     |    xor   |      0|  0|   32|          32|          32|
    |xor_ln173_94_fu_5057_p2     |    xor   |      0|  0|   32|          32|          32|
    |xor_ln173_95_fu_5062_p2     |    xor   |      0|  0|   32|          32|          32|
    |xor_ln173_96_fu_5508_p2     |    xor   |      0|  0|   32|          32|          32|
    |xor_ln173_97_fu_5515_p2     |    xor   |      0|  0|   32|          32|          32|
    |xor_ln173_98_fu_5521_p2     |    xor   |      0|  0|   32|          32|          32|
    |xor_ln173_99_fu_5527_p2     |    xor   |      0|  0|   32|          32|          32|
    |xor_ln173_9_fu_2341_p2      |    xor   |      0|  0|   32|          32|          32|
    |xor_ln173_fu_2275_p2        |    xor   |      0|  0|   32|          32|          32|
    |xor_ln386_fu_7434_p2        |    xor   |      0|  0|   32|          32|           9|
    |xor_ln390_fu_7484_p2        |    xor   |      0|  0|   32|          32|           9|
    |xor_ln393_1_fu_7504_p2      |    xor   |      0|  0|   32|          32|          32|
    |xor_ln393_3_fu_7510_p2      |    xor   |      0|  0|   32|          32|          32|
    |xor_ln393_fu_7498_p2        |    xor   |      0|  0|   32|          32|          32|
    |xor_ln398_fu_7547_p2        |    xor   |      0|  0|   32|          32|           9|
    |xor_ln402_fu_7597_p2        |    xor   |      0|  0|   32|          32|           9|
    |xor_ln405_1_fu_7617_p2      |    xor   |      0|  0|   32|          32|          32|
    |xor_ln405_3_fu_7623_p2      |    xor   |      0|  0|   32|          32|          32|
    |xor_ln405_fu_7611_p2        |    xor   |      0|  0|   32|          32|          32|
    |xor_ln410_fu_7660_p2        |    xor   |      0|  0|   32|          32|           9|
    |xor_ln414_fu_7710_p2        |    xor   |      0|  0|   32|          32|           9|
    |xor_ln417_1_fu_7730_p2      |    xor   |      0|  0|   32|          32|          32|
    |xor_ln417_3_fu_7736_p2      |    xor   |      0|  0|   32|          32|          32|
    |xor_ln417_fu_7724_p2        |    xor   |      0|  0|   32|          32|          32|
    |xor_ln422_fu_7773_p2        |    xor   |      0|  0|   32|          32|           9|
    |xor_ln426_fu_7817_p2        |    xor   |      0|  0|   32|          32|           9|
    |xor_ln429_1_fu_7837_p2      |    xor   |      0|  0|   32|          32|          32|
    |xor_ln429_3_fu_7843_p2      |    xor   |      0|  0|   32|          32|          32|
    |xor_ln429_fu_7831_p2        |    xor   |      0|  0|   32|          32|          32|
    |xor_ln570_1_fu_2347_p2      |    xor   |      0|  0|   32|          32|          32|
    |xor_ln570_2_fu_2359_p2      |    xor   |      0|  0|   32|          32|          32|
    |xor_ln570_3_fu_2401_p2      |    xor   |      0|  0|   32|          32|          32|
    |xor_ln570_4_fu_7994_p2      |    xor   |      0|  0|   32|          32|          32|
    |xor_ln570_5_fu_8062_p2      |    xor   |      0|  0|   32|          32|          32|
    |xor_ln570_6_fu_8171_p2      |    xor   |      0|  0|   32|          32|          32|
    |xor_ln570_7_fu_8280_p2      |    xor   |      0|  0|   32|          32|          32|
    |xor_ln571_1_fu_2353_p2      |    xor   |      0|  0|   32|          32|          32|
    |xor_ln571_2_fu_2364_p2      |    xor   |      0|  0|   32|          32|          32|
    |xor_ln571_3_fu_2406_p2      |    xor   |      0|  0|   32|          32|          32|
    |xor_ln571_4_fu_8001_p2      |    xor   |      0|  0|   32|          32|          32|
    |xor_ln571_5_fu_8069_p2      |    xor   |      0|  0|   32|          32|          32|
    |xor_ln571_6_fu_8178_p2      |    xor   |      0|  0|   32|          32|          32|
    |xor_ln571_7_fu_8287_p2      |    xor   |      0|  0|   32|          32|          32|
    |xor_ln572_1_fu_2381_p2      |    xor   |      0|  0|   32|          32|          32|
    |xor_ln572_2_fu_2391_p2      |    xor   |      0|  0|   32|          32|          32|
    |xor_ln572_3_fu_2851_p2      |    xor   |      0|  0|   32|          32|          32|
    |xor_ln572_4_fu_8008_p2      |    xor   |      0|  0|   32|          32|          32|
    |xor_ln572_5_fu_8076_p2      |    xor   |      0|  0|   32|          32|          32|
    |xor_ln572_6_fu_8185_p2      |    xor   |      0|  0|   32|          32|          32|
    |xor_ln572_7_fu_8294_p2      |    xor   |      0|  0|   32|          32|          32|
    |xor_ln573_1_fu_2386_p2      |    xor   |      0|  0|   32|          32|          32|
    |xor_ln573_2_fu_2396_p2      |    xor   |      0|  0|   32|          32|          32|
    |xor_ln573_3_fu_2857_p2      |    xor   |      0|  0|   32|          32|          32|
    |xor_ln573_4_fu_8015_p2      |    xor   |      0|  0|   32|          32|          32|
    |xor_ln573_5_fu_8083_p2      |    xor   |      0|  0|   32|          32|          32|
    |xor_ln573_6_fu_8192_p2      |    xor   |      0|  0|   32|          32|          32|
    |xor_ln573_7_fu_8301_p2      |    xor   |      0|  0|   32|          32|          32|
    +----------------------------+----------+-------+---+-----+------------+------------+
    |Total                       |          |      0|  0|12378|        8757|       10378|
    +----------------------------+----------+-------+---+-----+------------+------------+

    * Multiplexer: 
    +--------------------+-----+-----------+-----+-----------+
    |        Name        | LUT | Input Size| Bits| Total Bits|
    +--------------------+-----+-----------+-----+-----------+
    |Sbox_address0       |   97|         20|    8|        160|
    |Sbox_address1       |   97|         20|    8|        160|
    |Sbox_address2       |   89|         18|    8|        144|
    |Sbox_address3       |   89|         18|    8|        144|
    |ap_NS_fsm           |  297|         66|    1|         66|
    |j_0_i14_reg_1812    |    9|          2|    3|          6|
    |j_1_i19_reg_1823    |    9|          2|    3|          6|
    |key_0_address0      |   44|          9|    4|         36|
    |key_0_address1      |   44|          9|    4|         36|
    |main_result_o       |    9|          2|   32|         64|
    |n_assign_reg_1800   |    9|          2|    4|          8|
    |reg_1906            |    9|          2|    8|         16|
    |reg_1911            |    9|          2|    8|         16|
    |reg_1916            |    9|          2|   32|         64|
    |reg_1921            |    9|          2|   32|         64|
    |reg_1926            |    9|          2|    8|         16|
    |reg_1931            |   15|          3|    8|         24|
    |reg_1937            |   15|          3|    8|         24|
    |ret_0_address0      |   15|          3|    4|         12|
    |ret_0_address1      |   15|          3|    4|         12|
    |ret_1_address0      |   15|          3|    4|         12|
    |ret_1_address1      |   15|          3|    4|         12|
    |statemt_0_address0  |   62|         15|    4|         60|
    |statemt_0_address1  |   59|         14|    4|         56|
    |statemt_0_d0        |   56|         13|   32|        416|
    |statemt_0_d1        |   62|         15|   32|        480|
    |statemt_1_address0  |   62|         15|    4|         60|
    |statemt_1_address1  |   59|         14|    4|         56|
    |statemt_1_d0        |   56|         13|   32|        416|
    |statemt_1_d1        |   62|         15|   32|        480|
    |word_0_address0     |  205|         47|    8|        376|
    |word_0_address1     |  197|         45|    8|        360|
    |word_0_d0           |  193|         44|   32|       1408|
    |word_0_d1           |  177|         40|   32|       1280|
    |word_1_address0     |  205|         47|    8|        376|
    |word_1_address1     |  197|         45|    8|        360|
    |word_1_d0           |  193|         44|   32|       1408|
    |word_1_d1           |  177|         40|   32|       1280|
    +--------------------+-----+-----------+-----+-----------+
    |Total               | 2950|        662|  507|       9974|
    +--------------------+-----+-----------+-----+-----------+

    * Register: 
    +---------------------------+----+----+-----+-----------+
    |            Name           | FF | LUT| Bits| Const Bits|
    +---------------------------+----+----+-----+-----------+
    |add_ln139_5_reg_9950       |   3|   0|    3|          0|
    |add_ln139_9_reg_9960       |   3|   0|    3|          0|
    |ap_CS_fsm                  |  65|   0|   65|          0|
    |icmp_ln139_11_reg_9955     |   1|   0|    1|          0|
    |icmp_ln139_1_reg_9930      |   1|   0|    1|          0|
    |icmp_ln139_2_reg_9935      |   1|   0|    1|          0|
    |icmp_ln139_3_reg_9940      |   1|   0|    1|          0|
    |icmp_ln139_7_reg_9945      |   1|   0|    1|          0|
    |icmp_ln139_reg_9925        |   1|   0|    1|          0|
    |j_0_i14_reg_1812           |   3|   0|    3|          0|
    |j_1_i19_reg_1823           |   3|   0|    3|          0|
    |j_1_reg_9743               |   3|   0|    3|          0|
    |j_reg_9803                 |   3|   0|    3|          0|
    |key_0_load_12_reg_8466     |  32|   0|   32|          0|
    |key_0_load_13_reg_8474     |  32|   0|   32|          0|
    |key_0_load_14_reg_8518     |  32|   0|   32|          0|
    |key_0_load_15_reg_8526     |  32|   0|   32|          0|
    |key_0_load_4_reg_8661      |  32|   0|   32|          0|
    |key_0_load_5_reg_8667      |  32|   0|   32|          0|
    |key_0_load_6_reg_8736      |  32|   0|   32|          0|
    |key_0_load_7_reg_8742      |  32|   0|   32|          0|
    |n_assign_reg_1800          |   4|   0|    4|          0|
    |reg_1906                   |   8|   0|    8|          0|
    |reg_1911                   |   8|   0|    8|          0|
    |reg_1916                   |  32|   0|   32|          0|
    |reg_1921                   |  32|   0|   32|          0|
    |reg_1926                   |   8|   0|    8|          0|
    |reg_1931                   |   8|   0|    8|          0|
    |reg_1937                   |   8|   0|    8|          0|
    |reg_1943                   |   8|   0|    8|          0|
    |reg_1947                   |   8|   0|    8|          0|
    |reg_1951                   |   8|   0|    8|          0|
    |statemt_0_load_2_reg_8693  |  32|   0|   32|          0|
    |statemt_0_load_3_reg_8703  |  32|   0|   32|          0|
    |statemt_0_load_4_reg_8768  |  32|   0|   32|          0|
    |statemt_0_load_5_reg_8778  |  32|   0|   32|          0|
    |statemt_1_load_3_reg_8698  |  32|   0|   32|          0|
    |statemt_1_load_4_reg_8708  |  32|   0|   32|          0|
    |statemt_1_load_5_reg_8773  |  32|   0|   32|          0|
    |statemt_1_load_6_reg_8783  |  32|   0|   32|          0|
    |xor_ln173_104_reg_9359     |  32|   0|   32|          0|
    |xor_ln173_105_reg_9367     |  32|   0|   32|          0|
    |xor_ln173_106_reg_9374     |  32|   0|   32|          0|
    |xor_ln173_107_reg_9381     |  32|   0|   32|          0|
    |xor_ln173_10_reg_8834      |  32|   0|   32|          0|
    |xor_ln173_112_reg_9408     |  32|   0|   32|          0|
    |xor_ln173_113_reg_9413     |  32|   0|   32|          0|
    |xor_ln173_114_reg_9418     |  32|   0|   32|          0|
    |xor_ln173_115_reg_9423     |  32|   0|   32|          0|
    |xor_ln173_116_reg_9428     |  32|   0|   32|          0|
    |xor_ln173_117_reg_9436     |  32|   0|   32|          0|
    |xor_ln173_118_reg_9444     |  32|   0|   32|          0|
    |xor_ln173_119_reg_9452     |  32|   0|   32|          0|
    |xor_ln173_11_reg_8841      |  32|   0|   32|          0|
    |xor_ln173_124_reg_9460     |  32|   0|   32|          0|
    |xor_ln173_125_reg_9467     |  32|   0|   32|          0|
    |xor_ln173_126_reg_9474     |  32|   0|   32|          0|
    |xor_ln173_127_reg_9481     |  32|   0|   32|          0|
    |xor_ln173_128_reg_9508     |  32|   0|   32|          0|
    |xor_ln173_129_reg_9516     |  32|   0|   32|          0|
    |xor_ln173_130_reg_9524     |  32|   0|   32|          0|
    |xor_ln173_131_reg_9532     |  32|   0|   32|          0|
    |xor_ln173_136_reg_9540     |  32|   0|   32|          0|
    |xor_ln173_137_reg_9546     |  32|   0|   32|          0|
    |xor_ln173_138_reg_9552     |  32|   0|   32|          0|
    |xor_ln173_139_reg_9558     |  32|   0|   32|          0|
    |xor_ln173_148_reg_9584     |  32|   0|   32|          0|
    |xor_ln173_149_reg_9591     |  32|   0|   32|          0|
    |xor_ln173_150_reg_9598     |  32|   0|   32|          0|
    |xor_ln173_151_reg_9605     |  32|   0|   32|          0|
    |xor_ln173_152_reg_9612     |  32|   0|   32|          0|
    |xor_ln173_153_reg_9617     |  32|   0|   32|          0|
    |xor_ln173_154_reg_9622     |  32|   0|   32|          0|
    |xor_ln173_155_reg_9627     |  32|   0|   32|          0|
    |xor_ln173_156_reg_9632     |  32|   0|   32|          0|
    |xor_ln173_157_reg_9637     |  32|   0|   32|          0|
    |xor_ln173_158_reg_9642     |  32|   0|   32|          0|
    |xor_ln173_159_reg_9647     |  32|   0|   32|          0|
    |xor_ln173_16_reg_8878      |  32|   0|   32|          0|
    |xor_ln173_17_reg_8883      |  32|   0|   32|          0|
    |xor_ln173_18_reg_8888      |  32|   0|   32|          0|
    |xor_ln173_19_reg_8893      |  32|   0|   32|          0|
    |xor_ln173_1_reg_8566       |  32|   0|   32|          0|
    |xor_ln173_20_reg_8898      |  32|   0|   32|          0|
    |xor_ln173_21_reg_8907      |  32|   0|   32|          0|
    |xor_ln173_22_reg_8916      |  32|   0|   32|          0|
    |xor_ln173_23_reg_8925      |  32|   0|   32|          0|
    |xor_ln173_28_reg_8934      |  32|   0|   32|          0|
    |xor_ln173_29_reg_8939      |  32|   0|   32|          0|
    |xor_ln173_2_reg_8616       |  32|   0|   32|          0|
    |xor_ln173_30_reg_8944      |  32|   0|   32|          0|
    |xor_ln173_31_reg_8949      |  32|   0|   32|          0|
    |xor_ln173_32_reg_8974      |  32|   0|   32|          0|
    |xor_ln173_33_reg_8981      |  32|   0|   32|          0|
    |xor_ln173_34_reg_8988      |  32|   0|   32|          0|
    |xor_ln173_35_reg_8994      |  32|   0|   32|          0|
    |xor_ln173_3_reg_8622       |  32|   0|   32|          0|
    |xor_ln173_40_reg_9009      |  32|   0|   32|          0|
    |xor_ln173_41_reg_9016      |  32|   0|   32|          0|
    |xor_ln173_42_reg_9001      |  32|   0|   32|          0|
    |xor_ln173_43_reg_9023      |  32|   0|   32|          0|
    |xor_ln173_48_reg_9050      |  32|   0|   32|          0|
    |xor_ln173_49_reg_9055      |  32|   0|   32|          0|
    |xor_ln173_4_reg_8683       |  32|   0|   32|          0|
    |xor_ln173_50_reg_9060      |  32|   0|   32|          0|
    |xor_ln173_51_reg_9065      |  32|   0|   32|          0|
    |xor_ln173_52_reg_9070      |  32|   0|   32|          0|
    |xor_ln173_53_reg_9078      |  32|   0|   32|          0|
    |xor_ln173_54_reg_9086      |  32|   0|   32|          0|
    |xor_ln173_55_reg_9094      |  32|   0|   32|          0|
    |xor_ln173_5_reg_8688       |  32|   0|   32|          0|
    |xor_ln173_60_reg_9102      |  32|   0|   32|          0|
    |xor_ln173_61_reg_9110      |  32|   0|   32|          0|
    |xor_ln173_62_reg_9118      |  32|   0|   32|          0|
    |xor_ln173_63_reg_9126      |  32|   0|   32|          0|
    |xor_ln173_64_reg_9154      |  32|   0|   32|          0|
    |xor_ln173_65_reg_9162      |  32|   0|   32|          0|
    |xor_ln173_66_reg_9170      |  32|   0|   32|          0|
    |xor_ln173_67_reg_9178      |  32|   0|   32|          0|
    |xor_ln173_6_reg_8758       |  32|   0|   32|          0|
    |xor_ln173_72_reg_9186      |  32|   0|   32|          0|
    |xor_ln173_73_reg_9202      |  32|   0|   32|          0|
    |xor_ln173_74_reg_9209      |  32|   0|   32|          0|
    |xor_ln173_75_reg_9194      |  32|   0|   32|          0|
    |xor_ln173_7_reg_8763       |  32|   0|   32|          0|
    |xor_ln173_80_reg_9236      |  32|   0|   32|          0|
    |xor_ln173_81_reg_9241      |  32|   0|   32|          0|
    |xor_ln173_82_reg_9246      |  32|   0|   32|          0|
    |xor_ln173_83_reg_9251      |  32|   0|   32|          0|
    |xor_ln173_84_reg_9256      |  32|   0|   32|          0|
    |xor_ln173_85_reg_9265      |  32|   0|   32|          0|
    |xor_ln173_86_reg_9274      |  32|   0|   32|          0|
    |xor_ln173_87_reg_9283      |  32|   0|   32|          0|
    |xor_ln173_8_reg_8810       |  32|   0|   32|          0|
    |xor_ln173_92_reg_9292      |  32|   0|   32|          0|
    |xor_ln173_93_reg_9297      |  32|   0|   32|          0|
    |xor_ln173_94_reg_9302      |  32|   0|   32|          0|
    |xor_ln173_95_reg_9307      |  32|   0|   32|          0|
    |xor_ln173_96_reg_9332      |  32|   0|   32|          0|
    |xor_ln173_97_reg_9338      |  32|   0|   32|          0|
    |xor_ln173_98_reg_9345      |  32|   0|   32|          0|
    |xor_ln173_99_reg_9352      |  32|   0|   32|          0|
    |xor_ln173_9_reg_8817       |  32|   0|   32|          0|
    |xor_ln173_reg_8560         |  32|   0|   32|          0|
    |xor_ln570_2_reg_8824       |  32|   0|   32|          0|
    |xor_ln570_reg_8572         |  32|   0|   32|          0|
    |xor_ln571_2_reg_8829       |  32|   0|   32|          0|
    |xor_ln571_reg_8577         |  32|   0|   32|          0|
    |xor_ln572_2_reg_8848       |  32|   0|   32|          0|
    |xor_ln572_reg_8628         |  32|   0|   32|          0|
    |xor_ln573_2_reg_8853       |  32|   0|   32|          0|
    |xor_ln573_reg_8633         |  32|   0|   32|          0|
    |zext_ln384_reg_9748        |   2|   0|   64|         62|
    |zext_ln393_2_reg_9735      |   4|   0|   32|         28|
    |zext_ln393_reg_9764        |   2|   0|   64|         62|
    |zext_ln437_reg_9808        |   2|   0|   64|         62|
    |zext_ln439_reg_9824        |   2|   0|   64|         62|
    +---------------------------+----+----+-----+-----------+
    |Total                      |4329|   0| 4605|        276|
    +---------------------------+----+----+-----+-----------+



================================================================
== Interface
================================================================
* Summary: 
+----------------------+-----+-----+------------+--------------+--------------+
|       RTL Ports      | Dir | Bits|  Protocol  | Source Object|    C Type    |
+----------------------+-----+-----+------------+--------------+--------------+
|ap_clk                |  in |    1| ap_ctrl_hs |    encrypt   | return value |
|ap_rst                |  in |    1| ap_ctrl_hs |    encrypt   | return value |
|ap_start              |  in |    1| ap_ctrl_hs |    encrypt   | return value |
|ap_done               | out |    1| ap_ctrl_hs |    encrypt   | return value |
|ap_idle               | out |    1| ap_ctrl_hs |    encrypt   | return value |
|ap_ready              | out |    1| ap_ctrl_hs |    encrypt   | return value |
|statemt_0_address0    | out |    4|  ap_memory |   statemt_0  |     array    |
|statemt_0_ce0         | out |    1|  ap_memory |   statemt_0  |     array    |
|statemt_0_we0         | out |    1|  ap_memory |   statemt_0  |     array    |
|statemt_0_d0          | out |   32|  ap_memory |   statemt_0  |     array    |
|statemt_0_q0          |  in |   32|  ap_memory |   statemt_0  |     array    |
|statemt_0_address1    | out |    4|  ap_memory |   statemt_0  |     array    |
|statemt_0_ce1         | out |    1|  ap_memory |   statemt_0  |     array    |
|statemt_0_we1         | out |    1|  ap_memory |   statemt_0  |     array    |
|statemt_0_d1          | out |   32|  ap_memory |   statemt_0  |     array    |
|statemt_0_q1          |  in |   32|  ap_memory |   statemt_0  |     array    |
|statemt_1_address0    | out |    4|  ap_memory |   statemt_1  |     array    |
|statemt_1_ce0         | out |    1|  ap_memory |   statemt_1  |     array    |
|statemt_1_we0         | out |    1|  ap_memory |   statemt_1  |     array    |
|statemt_1_d0          | out |   32|  ap_memory |   statemt_1  |     array    |
|statemt_1_q0          |  in |   32|  ap_memory |   statemt_1  |     array    |
|statemt_1_address1    | out |    4|  ap_memory |   statemt_1  |     array    |
|statemt_1_ce1         | out |    1|  ap_memory |   statemt_1  |     array    |
|statemt_1_we1         | out |    1|  ap_memory |   statemt_1  |     array    |
|statemt_1_d1          | out |   32|  ap_memory |   statemt_1  |     array    |
|statemt_1_q1          |  in |   32|  ap_memory |   statemt_1  |     array    |
|key_0_address0        | out |    4|  ap_memory |     key_0    |     array    |
|key_0_ce0             | out |    1|  ap_memory |     key_0    |     array    |
|key_0_q0              |  in |   32|  ap_memory |     key_0    |     array    |
|key_0_address1        | out |    4|  ap_memory |     key_0    |     array    |
|key_0_ce1             | out |    1|  ap_memory |     key_0    |     array    |
|key_0_q1              |  in |   32|  ap_memory |     key_0    |     array    |
|round_val             | out |    5|   ap_vld   |   round_val  |    pointer   |
|round_val_ap_vld      | out |    1|   ap_vld   |   round_val  |    pointer   |
|word_0_address0       | out |    8|  ap_memory |    word_0    |     array    |
|word_0_ce0            | out |    1|  ap_memory |    word_0    |     array    |
|word_0_we0            | out |    1|  ap_memory |    word_0    |     array    |
|word_0_d0             | out |   32|  ap_memory |    word_0    |     array    |
|word_0_q0             |  in |   32|  ap_memory |    word_0    |     array    |
|word_0_address1       | out |    8|  ap_memory |    word_0    |     array    |
|word_0_ce1            | out |    1|  ap_memory |    word_0    |     array    |
|word_0_we1            | out |    1|  ap_memory |    word_0    |     array    |
|word_0_d1             | out |   32|  ap_memory |    word_0    |     array    |
|word_0_q1             |  in |   32|  ap_memory |    word_0    |     array    |
|word_1_address0       | out |    8|  ap_memory |    word_1    |     array    |
|word_1_ce0            | out |    1|  ap_memory |    word_1    |     array    |
|word_1_we0            | out |    1|  ap_memory |    word_1    |     array    |
|word_1_d0             | out |   32|  ap_memory |    word_1    |     array    |
|word_1_q0             |  in |   32|  ap_memory |    word_1    |     array    |
|word_1_address1       | out |    8|  ap_memory |    word_1    |     array    |
|word_1_ce1            | out |    1|  ap_memory |    word_1    |     array    |
|word_1_we1            | out |    1|  ap_memory |    word_1    |     array    |
|word_1_d1             | out |   32|  ap_memory |    word_1    |     array    |
|word_1_q1             |  in |   32|  ap_memory |    word_1    |     array    |
|main_result_i         |  in |   32|   ap_ovld  |  main_result |    pointer   |
|main_result_o         | out |   32|   ap_ovld  |  main_result |    pointer   |
|main_result_o_ap_vld  | out |    1|   ap_ovld  |  main_result |    pointer   |
+----------------------+-----+-----+------------+--------------+--------------+

